Build started 17/02/2018 11:56:48.
     1>Project "D:\alyxStory\src\vgui2\vgui_controls\vgui_controls.vcxproj" on node 5 (Build target(s)).
     1>PreBuildEvent:
         if EXIST ..\..\lib\public\.\vgui_controls.lib ( for /f "delims=" %%A in ('attrib "..\..\lib\public\.\vgui_controls.lib"') do set valveTmpIsReadOnly="%%A"
         ) else ( if not EXIST ..\..\lib\public\. mkdir ..\..\lib\public\. )
         set valveTmpIsReadOnlyLetter=%valveTmpIsReadOnly:~6,1%
         if "%valveTmpIsReadOnlyLetter%"=="R" (
             attrib -r ..\..\lib\public\.\vgui_controls.lib
             ..\..\devtools\bin\gnu\touch.exe -d "1999-01-01" ..\..\lib\public\.\vgui_controls.lib
             attrib +r ..\..\lib\public\.\vgui_controls.lib
         )
         if exist "..\..\devtools\bin\vpc.exe" "..\..\devtools\bin\vpc.exe" -crc2 "vgui_controls.vcxproj"
         if ERRORLEVEL 1 exit /b 1
         
         :VCEnd
       Lib:
         D:\Program Files (x86)\Microsoft Visual Studio 12.0\VC\bin\Lib.exe /OUT:"..\..\lib\public\.\vgui_controls.lib" /NOLOGO  /ignore:4221 .\Release\.\/AnalogBar.obj
         .\Release\.\/AnimatingImagePanel.obj
         .\Release\.\/AnimationController.obj
         .\Release\.\/BitmapImagePanel.obj
         .\Release\.\/BuildFactoryHelper.obj
         .\Release\.\/BuildGroup.obj
         .\Release\.\/BuildModeDialog.obj
         .\Release\.\/Button.obj
         .\Release\.\/CheckButton.obj
         .\Release\.\/CheckButtonList.obj
         .\Release\.\/CircularProgressBar.obj
         .\Release\.\/ComboBox.obj
         .\Release\.\/consoledialog.obj
         .\Release\.\/ControllerMap.obj
         .\Release\.\/controls.obj
         .\Release\.\/CvarToggleCheckButton.obj
         .\Release\.\/DirectorySelectDialog.obj
         .\Release\.\/Divider.obj
         .\Release\.\/EditablePanel.obj
         .\Release\.\/ExpandButton.obj
         .\Release\.\/FileOpenDialog.obj
         .\Release\.\/FileOpenStateMachine.obj
         .\Release\.\/filesystem_helpers.obj
         .\Release\.\/FocusNavGroup.obj
         .\Release\.\/Frame.obj
         .\Release\.\/GraphPanel.obj
         .\Release\.\/HTML.obj
         .\Release\.\/Image.obj
         .\Release\.\/ImageList.obj
         .\Release\.\/ImagePanel.obj
         .\Release\.\/InputDialog.obj
         .\Release\.\/KeyBindingHelpDialog.obj
         .\Release\.\/KeyBoardEditorDialog.obj
         .\Release\.\/KeyRepeat.obj
         .\Release\.\/Label.obj
         .\Release\.\/ListPanel.obj
         .\Release\.\/ListViewPanel.obj
         .\Release\.\/Menu.obj
         .\Release\.\/MenuBar.obj
         .\Release\.\/MenuButton.obj
         .\Release\.\/MenuItem.obj
         .\Release\.\/MessageBox.obj
         .\Release\.\/MessageDialog.obj
         .\Release\.\/Panel.obj
         .\Release\.\/PanelListPanel.obj
         .\Release\.\/PerforceFileExplorer.obj
         .\Release\.\/PerforceFileList.obj
         .\Release\.\/perforcefilelistframe.obj
         .\Release\.\/ProgressBar.obj
         .\Release\.\/ProgressBox.obj
         .\Release\.\/PropertyDialog.obj
         .\Release\.\/PropertyPage.obj
         .\Release\.\/PropertySheet.obj
         .\Release\.\/QueryBox.obj
         .\Release\.\/RadioButton.obj
         .\Release\.\/RichText.obj
         .\Release\.\/RotatingProgressBar.obj
         .\Release\.\/savedocumentquery.obj
         .\Release\.\/ScalableImagePanel.obj
         .\Release\.\/ScrollableEditablePanel.obj
         .\Release\.\/ScrollBar.obj
         .\Release\.\/ScrollBarSlider.obj
         .\Release\.\/SectionedListPanel.obj
         .\Release\.\/Slider.obj
         .\Release\.\/Splitter.obj
         .\Release\.\/subrectimage.obj
         .\Release\.\/TextEntry.obj
         .\Release\.\/TextImage.obj
         .\Release\.\/ToggleButton.obj
         .\Release\.\/Tooltip.obj
         .\Release\.\/ToolWindow.obj
         .\Release\.\/TreeView.obj
         .\Release\.\/TreeViewListControl.obj
         .\Release\.\/URLLabel.obj
         .\Release\.\/vgui_key_translation.obj
         .\Release\.\/WizardPanel.obj
         .\Release\.\/WizardSubPanel.obj
         vgui_controls.vcxproj -> D:\alyxStory\src\vgui2\vgui_controls\..\..\lib\public\.\vgui_controls.lib
     1>Done Building Project "D:\alyxStory\src\vgui2\vgui_controls\vgui_controls.vcxproj" (Build target(s)).

Build succeeded.

Time Elapsed 00:00:01.28
