d:\alyxstory\src\vgui2\vgui_controls\vgui_controls.vpc.sentinel
d:\alyxstory\src\lib\public\vgui_controls.lib
d:\alyxstory\src\vgui2\vgui_controls\release\analogbar.obj
d:\alyxstory\src\vgui2\vgui_controls\release\animatingimagepanel.obj
d:\alyxstory\src\vgui2\vgui_controls\release\animationcontroller.obj
d:\alyxstory\src\vgui2\vgui_controls\release\bitmapimagepanel.obj
d:\alyxstory\src\vgui2\vgui_controls\release\buildfactoryhelper.obj
d:\alyxstory\src\vgui2\vgui_controls\release\buildgroup.obj
d:\alyxstory\src\vgui2\vgui_controls\release\buildmodedialog.obj
d:\alyxstory\src\vgui2\vgui_controls\release\button.obj
d:\alyxstory\src\vgui2\vgui_controls\release\checkbutton.obj
d:\alyxstory\src\vgui2\vgui_controls\release\checkbuttonlist.obj
d:\alyxstory\src\vgui2\vgui_controls\release\circularprogressbar.obj
d:\alyxstory\src\vgui2\vgui_controls\release\combobox.obj
d:\alyxstory\src\vgui2\vgui_controls\release\consoledialog.obj
d:\alyxstory\src\vgui2\vgui_controls\release\controllermap.obj
d:\alyxstory\src\vgui2\vgui_controls\release\controls.obj
d:\alyxstory\src\vgui2\vgui_controls\release\cvartogglecheckbutton.obj
d:\alyxstory\src\vgui2\vgui_controls\release\directoryselectdialog.obj
d:\alyxstory\src\vgui2\vgui_controls\release\divider.obj
d:\alyxstory\src\vgui2\vgui_controls\release\editablepanel.obj
d:\alyxstory\src\vgui2\vgui_controls\release\expandbutton.obj
d:\alyxstory\src\vgui2\vgui_controls\release\fileopendialog.obj
d:\alyxstory\src\vgui2\vgui_controls\release\fileopenstatemachine.obj
d:\alyxstory\src\vgui2\vgui_controls\release\filesystem_helpers.obj
d:\alyxstory\src\vgui2\vgui_controls\release\focusnavgroup.obj
d:\alyxstory\src\vgui2\vgui_controls\release\frame.obj
d:\alyxstory\src\vgui2\vgui_controls\release\graphpanel.obj
d:\alyxstory\src\vgui2\vgui_controls\release\html.obj
d:\alyxstory\src\vgui2\vgui_controls\release\image.obj
d:\alyxstory\src\vgui2\vgui_controls\release\imagelist.obj
d:\alyxstory\src\vgui2\vgui_controls\release\imagepanel.obj
d:\alyxstory\src\vgui2\vgui_controls\release\inputdialog.obj
d:\alyxstory\src\vgui2\vgui_controls\release\keybindinghelpdialog.obj
d:\alyxstory\src\vgui2\vgui_controls\release\keyboardeditordialog.obj
d:\alyxstory\src\vgui2\vgui_controls\release\keyrepeat.obj
d:\alyxstory\src\vgui2\vgui_controls\release\label.obj
d:\alyxstory\src\vgui2\vgui_controls\release\listpanel.obj
d:\alyxstory\src\vgui2\vgui_controls\release\listviewpanel.obj
d:\alyxstory\src\vgui2\vgui_controls\release\menu.obj
d:\alyxstory\src\vgui2\vgui_controls\release\menubar.obj
d:\alyxstory\src\vgui2\vgui_controls\release\menubutton.obj
d:\alyxstory\src\vgui2\vgui_controls\release\menuitem.obj
d:\alyxstory\src\vgui2\vgui_controls\release\messagebox.obj
d:\alyxstory\src\vgui2\vgui_controls\release\messagedialog.obj
d:\alyxstory\src\vgui2\vgui_controls\release\panel.obj
d:\alyxstory\src\vgui2\vgui_controls\release\panellistpanel.obj
d:\alyxstory\src\vgui2\vgui_controls\release\perforcefileexplorer.obj
d:\alyxstory\src\vgui2\vgui_controls\release\perforcefilelist.obj
d:\alyxstory\src\vgui2\vgui_controls\release\perforcefilelistframe.obj
d:\alyxstory\src\vgui2\vgui_controls\release\progressbar.obj
d:\alyxstory\src\vgui2\vgui_controls\release\progressbox.obj
d:\alyxstory\src\vgui2\vgui_controls\release\propertydialog.obj
d:\alyxstory\src\vgui2\vgui_controls\release\propertypage.obj
d:\alyxstory\src\vgui2\vgui_controls\release\propertysheet.obj
d:\alyxstory\src\vgui2\vgui_controls\release\querybox.obj
d:\alyxstory\src\vgui2\vgui_controls\release\radiobutton.obj
d:\alyxstory\src\vgui2\vgui_controls\release\richtext.obj
d:\alyxstory\src\vgui2\vgui_controls\release\rotatingprogressbar.obj
d:\alyxstory\src\vgui2\vgui_controls\release\savedocumentquery.obj
d:\alyxstory\src\vgui2\vgui_controls\release\scalableimagepanel.obj
d:\alyxstory\src\vgui2\vgui_controls\release\scrollableeditablepanel.obj
d:\alyxstory\src\vgui2\vgui_controls\release\scrollbar.obj
d:\alyxstory\src\vgui2\vgui_controls\release\scrollbarslider.obj
d:\alyxstory\src\vgui2\vgui_controls\release\sectionedlistpanel.obj
d:\alyxstory\src\vgui2\vgui_controls\release\slider.obj
d:\alyxstory\src\vgui2\vgui_controls\release\splitter.obj
d:\alyxstory\src\vgui2\vgui_controls\release\subrectimage.obj
d:\alyxstory\src\vgui2\vgui_controls\release\textentry.obj
d:\alyxstory\src\vgui2\vgui_controls\release\textimage.obj
d:\alyxstory\src\vgui2\vgui_controls\release\togglebutton.obj
d:\alyxstory\src\vgui2\vgui_controls\release\tooltip.obj
d:\alyxstory\src\vgui2\vgui_controls\release\toolwindow.obj
d:\alyxstory\src\vgui2\vgui_controls\release\treeview.obj
d:\alyxstory\src\vgui2\vgui_controls\release\treeviewlistcontrol.obj
d:\alyxstory\src\vgui2\vgui_controls\release\urllabel.obj
d:\alyxstory\src\vgui2\vgui_controls\release\vgui_key_translation.obj
d:\alyxstory\src\vgui2\vgui_controls\release\wizardpanel.obj
d:\alyxstory\src\vgui2\vgui_controls\release\wizardsubpanel.obj
d:\alyxstory\src\vgui2\vgui_controls\..\..\lib\public\.\vgui_controls.lib
d:\alyxstory\src\vgui2\vgui_controls\release\vgui_controls.tlog\cl.command.1.tlog
d:\alyxstory\src\vgui2\vgui_controls\release\vgui_controls.tlog\cl.read.1.tlog
d:\alyxstory\src\vgui2\vgui_controls\release\vgui_controls.tlog\custombuild.command.1.tlog
d:\alyxstory\src\vgui2\vgui_controls\release\vgui_controls.tlog\custombuild.read.1.tlog
d:\alyxstory\src\vgui2\vgui_controls\release\vgui_controls.tlog\custombuild.write.1.tlog
d:\alyxstory\src\vgui2\vgui_controls\release\vgui_controls.tlog\lib-link.read.1.tlog
d:\alyxstory\src\vgui2\vgui_controls\release\vgui_controls.tlog\lib-link.write.1.tlog
d:\alyxstory\src\vgui2\vgui_controls\release\vgui_controls.tlog\lib.command.1.tlog
