d:\alyxstory\src\utils\captioncompiler\release\captioncompiler.lib
d:\alyxstory\src\utils\captioncompiler\release\captioncompiler.exp
d:\alyxstory\src\utils\captioncompiler\release\captioncompiler.obj
d:\alyxstory\src\utils\captioncompiler\release\stringregistry.obj
d:\alyxstory\src\utils\captioncompiler\release\memoverride.obj
d:\alyxstory\src\utils\captioncompiler\release\compiledcaptionswap.obj
d:\alyxstory\src\utils\captioncompiler\release\cmdlib.obj
d:\alyxstory\src\utils\captioncompiler\release\pacifier.obj
d:\alyxstory\src\utils\captioncompiler\release\filesystem_tools.obj
d:\alyxstory\src\utils\captioncompiler\release\filesystem_init.obj
d:\alyxstory\src\utils\captioncompiler\release\scriplib.obj
d:\alyxstory\src\utils\captioncompiler\release\filesystem_helpers.obj
d:\alyxstory\src\utils\captioncompiler\release\vc120.pdb
d:\alyxstory\src\utils\captioncompiler\release\pointeroverride.obj
d:\alyxstory\src\utils\captioncompiler\captioncompiler.vpc.sentinel
d:\alyxstory\src\utils\captioncompiler\release\captioncompiler.exe
d:\alyxstory\src\utils\captioncompiler\release\captioncompiler.pdb
d:\alyxstory\src\utils\captioncompiler\.\release\.\captioncompiler.exe
d:\alyxstory\src\utils\captioncompiler\release\captioncompiler.tlog\captioncompiler.write.1u.tlog
d:\alyxstory\src\utils\captioncompiler\release\captioncompiler.tlog\cl.command.1.tlog
d:\alyxstory\src\utils\captioncompiler\release\captioncompiler.tlog\cl.read.1.tlog
d:\alyxstory\src\utils\captioncompiler\release\captioncompiler.tlog\cl.write.1.tlog
d:\alyxstory\src\utils\captioncompiler\release\captioncompiler.tlog\custombuild.command.1.tlog
d:\alyxstory\src\utils\captioncompiler\release\captioncompiler.tlog\custombuild.read.1.tlog
d:\alyxstory\src\utils\captioncompiler\release\captioncompiler.tlog\custombuild.write.1.tlog
d:\alyxstory\src\utils\captioncompiler\release\captioncompiler.tlog\link.command.1.tlog
d:\alyxstory\src\utils\captioncompiler\release\captioncompiler.tlog\link.read.1.tlog
d:\alyxstory\src\utils\captioncompiler\release\captioncompiler.tlog\link.write.1.tlog
