d:\alyxstory\src\game\server\debug_mod_episodic\server.pch
d:\alyxstory\src\game\server\debug_mod_episodic\vc120.pdb
d:\alyxstory\src\game\server\debug_mod_episodic\vc120.idb
d:\alyxstory\src\game\server\debug_mod_episodic\stdafx.obj
d:\alyxstory\src\game\server\debug_mod_episodic\activitylist.obj
d:\alyxstory\src\game\server\debug_mod_episodic\ai_basenpc_flyer.obj
d:\alyxstory\src\game\server\debug_mod_episodic\ai_behavior.obj
d:\alyxstory\src\game\server\debug_mod_episodic\ai_behavior_rappel.obj
d:\alyxstory\src\game\server\debug_mod_episodic\ai_default.obj
d:\alyxstory\src\game\server\debug_mod_episodic\ai_motor.obj
d:\alyxstory\src\game\server\debug_mod_episodic\ai_pathfinder.obj
d:\alyxstory\src\game\server\debug_mod_episodic\ai_scriptconditions.obj
d:\alyxstory\src\game\server\debug_mod_episodic\ai_squadslot.obj
d:\alyxstory\src\game\server\debug_mod_episodic\ai_waypoint.obj
d:\alyxstory\src\game\server\debug_mod_episodic\ammodef.obj
d:\alyxstory\src\game\server\debug_mod_episodic\animation.obj
d:\alyxstory\src\game\server\debug_mod_episodic\baseachievement.obj
d:\alyxstory\src\game\server\debug_mod_episodic\baseentity.obj
d:\alyxstory\src\game\server\debug_mod_episodic\entityflame.obj
d:\alyxstory\src\game\server\debug_mod_episodic\env_screenoverlay.obj
d:\alyxstory\src\game\server\debug_mod_episodic\envfade.obj
d:\alyxstory\src\game\server\debug_mod_episodic\envshake.obj
d:\alyxstory\src\game\server\debug_mod_episodic\fire.obj
d:\alyxstory\src\game\server\debug_mod_episodic\func_areaportalwindow.obj
d:\alyxstory\src\game\server\debug_mod_episodic\func_ladder.obj
d:\alyxstory\src\game\server\debug_mod_episodic\func_movelinear.obj
d:\alyxstory\src\game\server\debug_mod_episodic\gameinterface.obj
d:\alyxstory\src\game\server\debug_mod_episodic\particlesystemquery.obj
d:\alyxstory\src\game\server\debug_mod_episodic\physics_prop_ragdoll.obj
d:\alyxstory\src\game\server\debug_mod_episodic\predictableid.obj
d:\alyxstory\src\game\server\debug_mod_episodic\ragdoll_manager.obj
d:\alyxstory\src\game\server\debug_mod_episodic\sendproxy.obj
d:\alyxstory\src\game\server\debug_mod_episodic\sequence_transitioner.obj
d:\alyxstory\src\game\server\debug_mod_episodic\serverbenchmark_base.obj
d:\alyxstory\src\game\server\debug_mod_episodic\soundemittersystem.obj
d:\alyxstory\src\game\server\debug_mod_episodic\soundscape_system.obj
d:\alyxstory\src\game\server\debug_mod_episodic\tanktrain.obj
d:\alyxstory\src\game\server\debug_mod_episodic\tesla.obj
d:\alyxstory\src\game\server\debug_mod_episodic\testtraceline.obj
d:\alyxstory\src\game\server\debug_mod_episodic\usercmd.obj
d:\alyxstory\src\game\server\debug_mod_episodic\variant_t.obj
d:\alyxstory\src\game\server\debug_mod_episodic\vehicle_base.obj
d:\alyxstory\src\game\server\debug_mod_episodic\world.obj
d:\alyxstory\src\game\server\debug_mod_episodic\ai_behavior_alyx_injured.obj
d:\alyxstory\src\game\server\debug_mod_episodic\ar2_explosion.obj
d:\alyxstory\src\game\server\debug_mod_episodic\basebludgeonweapon.obj
d:\alyxstory\src\game\server\debug_mod_episodic\basehlcombatweapon_shared.obj
d:\alyxstory\src\game\server\debug_mod_episodic\citadel_effects.obj
d:\alyxstory\src\game\server\debug_mod_episodic\env_headcrabcanister.obj
d:\alyxstory\src\game\server\debug_mod_episodic\hl2_triggers.obj
d:\alyxstory\src\game\server\debug_mod_episodic\info_teleporter_countdown.obj
d:\alyxstory\src\game\server\debug_mod_episodic\item_battery.obj
d:\alyxstory\src\game\server\debug_mod_episodic\monster_dummy.obj
d:\alyxstory\src\game\server\debug_mod_episodic\npc_attackchopper.obj
d:\alyxstory\src\game\server\debug_mod_episodic\npc_bullseye.obj
d:\alyxstory\src\game\server\debug_mod_episodic\npc_combinecamera.obj
d:\alyxstory\src\game\server\debug_mod_episodic\npc_crow.obj
d:\alyxstory\src\game\server\debug_mod_episodic\npc_enemyfinder.obj
d:\alyxstory\src\game\server\debug_mod_episodic\npc_ichthyosaur.obj
d:\alyxstory\src\game\server\debug_mod_episodic\npc_launcher.obj
d:\alyxstory\src\game\server\debug_mod_episodic\npc_playercompanion.obj
d:\alyxstory\src\game\server\debug_mod_episodic\point_apc_controller.obj
d:\alyxstory\src\game\server\debug_mod_episodic\prop_combine_ball.obj
d:\alyxstory\src\game\server\debug_mod_episodic\weapon_357.obj
d:\alyxstory\src\game\server\debug_mod_episodic\weapon_citizenpackage.obj
d:\alyxstory\src\game\server\debug_mod_episodic\weapon_cubemap.obj
d:\alyxstory\src\game\server\debug_mod_episodic\weapon_frag.obj
d:\alyxstory\src\game\server\debug_mod_episodic\weapon_rpg.obj
d:\alyxstory\src\game\server\debug_mod_episodic\weapon_flaregun.obj
d:\alyxstory\src\game\server\debug_mod_episodic\smokestack.obj
d:\alyxstory\src\game\server\debug_mod_episodic\te_beamring.obj
d:\alyxstory\src\game\server\debug_mod_episodic\te_bspdecal.obj
d:\alyxstory\src\game\server\debug_mod_episodic\te_effect_dispatch.obj
d:\alyxstory\src\game\server\debug_mod_episodic\te_glowsprite.obj
d:\alyxstory\src\game\server\debug_mod_episodic\te_projecteddecal.obj
d:\alyxstory\src\game\server\debug_mod_episodic\te_worlddecal.obj
d:\alyxstory\src\game\server\debug_mod_episodic\achievementmgr.obj
d:\alyxstory\src\game\server\debug_mod_episodic\ai_basenpc_schedule.obj
d:\alyxstory\src\game\server\debug_mod_episodic\ai_blended_movement.obj
d:\alyxstory\src\game\server\debug_mod_episodic\ai_dynamiclink.obj
d:\alyxstory\src\game\server\debug_mod_episodic\ai_hull.obj
d:\alyxstory\src\game\server\debug_mod_episodic\ai_initutils.obj
d:\alyxstory\src\game\server\debug_mod_episodic\ai_network.obj
d:\alyxstory\src\game\server\debug_mod_episodic\ai_responsesystem.obj
d:\alyxstory\src\game\server\debug_mod_episodic\ai_squad.obj
d:\alyxstory\src\game\server\debug_mod_episodic\base_gameinterface.obj
d:\alyxstory\src\game\server\debug_mod_episodic\base_transmit_proxy.obj
d:\alyxstory\src\game\server\debug_mod_episodic\baseanimating.obj
d:\alyxstory\src\game\server\debug_mod_episodic\baseviewmodel.obj
d:\alyxstory\src\game\server\debug_mod_episodic\bmodels.obj
d:\alyxstory\src\game\server\debug_mod_episodic\collisionproperty.obj
d:\alyxstory\src\game\server\debug_mod_episodic\cplane.obj
d:\alyxstory\src\game\server\debug_mod_episodic\damagemodifier.obj
d:\alyxstory\src\game\server\debug_mod_episodic\debugoverlay_shared.obj
d:\alyxstory\src\game\server\debug_mod_episodic\dynamiclight.obj
d:\alyxstory\src\game\server\debug_mod_episodic\ehandle.obj
d:\alyxstory\src\game\server\debug_mod_episodic\entityblocker.obj
d:\alyxstory\src\game\server\debug_mod_episodic\entityparticletrail.obj
d:\alyxstory\src\game\server\debug_mod_episodic\env_detail_controller.obj
d:\alyxstory\src\game\server\debug_mod_episodic\env_particlescript.obj
d:\alyxstory\src\game\server\debug_mod_episodic\env_player_surface_trigger.obj
d:\alyxstory\src\game\server\debug_mod_episodic\envbeam.obj
d:\alyxstory\src\game\server\debug_mod_episodic\eventlog.obj
d:\alyxstory\src\game\server\debug_mod_episodic\fogcontroller.obj
d:\alyxstory\src\game\server\debug_mod_episodic\func_areaportalbase.obj
d:\alyxstory\src\game\server\debug_mod_episodic\func_dust.obj
d:\alyxstory\src\game\server\debug_mod_episodic\func_lod.obj
d:\alyxstory\src\game\server\debug_mod_episodic\func_reflective_glass.obj
d:\alyxstory\src\game\server\debug_mod_episodic\gamerules.obj
d:\alyxstory\src\game\server\debug_mod_episodic\igamesystem.obj
d:\alyxstory\src\game\server\debug_mod_episodic\item_world.obj
d:\alyxstory\src\game\server\debug_mod_episodic\modelentities.obj
d:\alyxstory\src\game\server\debug_mod_episodic\modelsoundscache.obj
d:\alyxstory\src\game\server\debug_mod_episodic\particle_parse.obj
d:\alyxstory\src\game\server\debug_mod_episodic\physics_npc_solver.obj
d:\alyxstory\src\game\server\debug_mod_episodic\player_pickup.obj
d:\alyxstory\src\game\server\debug_mod_episodic\player_resource.obj
d:\alyxstory\src\game\server\debug_mod_episodic\point_devshot_camera.obj
d:\alyxstory\src\game\server\debug_mod_episodic\pointhurt.obj
d:\alyxstory\src\game\server\debug_mod_episodic\ragdoll_shared.obj
d:\alyxstory\src\game\server\debug_mod_episodic\scenecache.obj
d:\alyxstory\src\game\server\debug_mod_episodic\servernetworkproperty.obj
d:\alyxstory\src\game\server\debug_mod_episodic\simtimer.obj
d:\alyxstory\src\game\server\debug_mod_episodic\singleplay_gamerules.obj
d:\alyxstory\src\game\server\debug_mod_episodic\slideshow_display.obj
d:\alyxstory\src\game\server\debug_mod_episodic\spotlightend.obj
d:\alyxstory\src\game\server\debug_mod_episodic\sprite_perfmonitor.obj
d:\alyxstory\src\game\server\debug_mod_episodic\sun.obj
d:\alyxstory\src\game\server\debug_mod_episodic\team.obj
d:\alyxstory\src\game\server\debug_mod_episodic\test_ehandle.obj
d:\alyxstory\src\game\server\debug_mod_episodic\textstatsmgr.obj
d:\alyxstory\src\game\server\debug_mod_episodic\vehicle_baseserver.obj
d:\alyxstory\src\game\server\debug_mod_episodic\ai_allymanager.obj
d:\alyxstory\src\game\server\debug_mod_episodic\cbasehelicopter.obj
d:\alyxstory\src\game\server\debug_mod_episodic\hl2_client.obj
d:\alyxstory\src\game\server\debug_mod_episodic\hl2_usermessages.obj
d:\alyxstory\src\game\server\debug_mod_episodic\hl_playermove.obj
d:\alyxstory\src\game\server\debug_mod_episodic\npc_alyx_episodic.obj
d:\alyxstory\src\game\server\debug_mod_episodic\npc_combinedropship.obj
d:\alyxstory\src\game\server\debug_mod_episodic\npc_fastzombie.obj
d:\alyxstory\src\game\server\debug_mod_episodic\npc_metropolice.obj
d:\alyxstory\src\game\server\debug_mod_episodic\npc_turret_floor.obj
d:\alyxstory\src\game\server\debug_mod_episodic\npc_zombie.obj
d:\alyxstory\src\game\server\debug_mod_episodic\script_intro_shared.obj
d:\alyxstory\src\game\server\debug_mod_episodic\vehicle_airboat.obj
d:\alyxstory\src\game\server\debug_mod_episodic\vehicle_viewcontroller.obj
d:\alyxstory\src\game\server\debug_mod_episodic\weapon_ar2.obj
d:\alyxstory\src\game\server\debug_mod_episodic\grenade_homer.obj
d:\alyxstory\src\game\server\debug_mod_episodic\event_tempentity_tester.obj
d:\alyxstory\src\game\server\debug_mod_episodic\particle_smokegrenade.obj
d:\alyxstory\src\game\server\debug_mod_episodic\steamjet.obj
d:\alyxstory\src\game\server\debug_mod_episodic\te_beamentpoint.obj
d:\alyxstory\src\game\server\debug_mod_episodic\te_beamringpoint.obj
d:\alyxstory\src\game\server\debug_mod_episodic\te_bubbletrail.obj
d:\alyxstory\src\game\server\debug_mod_episodic\te_fizz.obj
d:\alyxstory\src\game\server\debug_mod_episodic\te_largefunnel.obj
d:\alyxstory\src\game\server\debug_mod_episodic\te_showline.obj
d:\alyxstory\src\game\server\debug_mod_episodic\te_spritespray.obj
d:\alyxstory\src\game\server\debug_mod_episodic\achievements_hlx.obj
d:\alyxstory\src\game\server\debug_mod_episodic\ai_basenpc_physicsflyer.obj
d:\alyxstory\src\game\server\debug_mod_episodic\ai_behavior_lead.obj
d:\alyxstory\src\game\server\debug_mod_episodic\ai_looktarget.obj
d:\alyxstory\src\game\server\debug_mod_episodic\ai_moveprobe.obj
d:\alyxstory\src\game\server\debug_mod_episodic\ai_relationship.obj
d:\alyxstory\src\game\server\debug_mod_episodic\ai_schedule.obj
d:\alyxstory\src\game\server\debug_mod_episodic\ai_speechfilter.obj
d:\alyxstory\src\game\server\debug_mod_episodic\baseentity_shared.obj
d:\alyxstory\src\game\server\debug_mod_episodic\baseparticleentity.obj
d:\alyxstory\src\game\server\debug_mod_episodic\baseprojectile.obj
d:\alyxstory\src\game\server\debug_mod_episodic\baseviewmodel_shared.obj
d:\alyxstory\src\game\server\debug_mod_episodic\buttons.obj
d:\alyxstory\src\game\server\debug_mod_episodic\colorcorrection.obj
d:\alyxstory\src\game\server\debug_mod_episodic\controlentities.obj
d:\alyxstory\src\game\server\debug_mod_episodic\death_pose.obj
d:\alyxstory\src\game\server\debug_mod_episodic\decals.obj
d:\alyxstory\src\game\server\debug_mod_episodic\entitylist_base.obj
d:\alyxstory\src\game\server\debug_mod_episodic\entityparticletrail_shared.obj
d:\alyxstory\src\game\server\debug_mod_episodic\env_debughistory.obj
d:\alyxstory\src\game\server\debug_mod_episodic\env_entity_maker.obj
d:\alyxstory\src\game\server\debug_mod_episodic\env_projectedtexture.obj
d:\alyxstory\src\game\server\debug_mod_episodic\envhudhint.obj
d:\alyxstory\src\game\server\debug_mod_episodic\envspark.obj
d:\alyxstory\src\game\server\debug_mod_episodic\filters.obj
d:\alyxstory\src\game\server\debug_mod_episodic\game.obj
d:\alyxstory\src\game\server\debug_mod_episodic\game_ui.obj
d:\alyxstory\src\game\server\debug_mod_episodic\gametrace_dll.obj
d:\alyxstory\src\game\server\debug_mod_episodic\gamevars_shared.obj
d:\alyxstory\src\game\server\debug_mod_episodic\genericactor.obj
d:\alyxstory\src\game\server\debug_mod_episodic\intermission.obj
d:\alyxstory\src\game\server\debug_mod_episodic\logic_measure_movement.obj
d:\alyxstory\src\game\server\debug_mod_episodic\logicrelay.obj
d:\alyxstory\src\game\server\debug_mod_episodic\message_entity.obj
d:\alyxstory\src\game\server\debug_mod_episodic\movement.obj
d:\alyxstory\src\game\server\debug_mod_episodic\npc_vehicledriver.obj
d:\alyxstory\src\game\server\debug_mod_episodic\physobj.obj
d:\alyxstory\src\game\server\debug_mod_episodic\point_posecontroller.obj
d:\alyxstory\src\game\server\debug_mod_episodic\props.obj
d:\alyxstory\src\game\server\debug_mod_episodic\teamplay_gamerules.obj
d:\alyxstory\src\game\server\debug_mod_episodic\trains.obj
d:\alyxstory\src\game\server\debug_mod_episodic\voice_gamemgr.obj
d:\alyxstory\src\game\server\debug_mod_episodic\vote_controller.obj
d:\alyxstory\src\game\server\debug_mod_episodic\achievements_ep1.obj
d:\alyxstory\src\game\server\debug_mod_episodic\ai_behavior_functank.obj
d:\alyxstory\src\game\server\debug_mod_episodic\ai_behavior_passenger_zombie.obj
d:\alyxstory\src\game\server\debug_mod_episodic\grenade_spit.obj
d:\alyxstory\src\game\server\debug_mod_episodic\hl2_playerlocaldata.obj
d:\alyxstory\src\game\server\debug_mod_episodic\hl_gamemovement.obj
d:\alyxstory\src\game\server\debug_mod_episodic\item_ammo.obj
d:\alyxstory\src\game\server\debug_mod_episodic\look_door.obj
d:\alyxstory\src\game\server\debug_mod_episodic\npc_antlionguard.obj
d:\alyxstory\src\game\server\debug_mod_episodic\npc_basescanner.obj
d:\alyxstory\src\game\server\debug_mod_episodic\npc_combine_cannon.obj
d:\alyxstory\src\game\server\debug_mod_episodic\npc_cranedriver.obj
d:\alyxstory\src\game\server\debug_mod_episodic\npc_gman.obj
d:\alyxstory\src\game\server\debug_mod_episodic\npc_mossman.obj
d:\alyxstory\src\game\server\debug_mod_episodic\npc_turret_ceiling.obj
d:\alyxstory\src\game\server\debug_mod_episodic\npc_vortigaunt_episodic.obj
d:\alyxstory\src\game\server\debug_mod_episodic\weapon_annabelle.obj
d:\alyxstory\src\game\server\debug_mod_episodic\weapon_physcannon.obj
d:\alyxstory\src\game\server\debug_mod_episodic\vehicle_apc.obj
d:\alyxstory\src\game\server\debug_mod_episodic\ai_activity.obj
d:\alyxstory\src\game\server\debug_mod_episodic\ai_basenpc_movement.obj
d:\alyxstory\src\game\server\debug_mod_episodic\ai_behavior_assault.obj
d:\alyxstory\src\game\server\debug_mod_episodic\ai_condition.obj
d:\alyxstory\src\game\server\debug_mod_episodic\ai_eventresponse.obj
d:\alyxstory\src\game\server\debug_mod_episodic\ai_memory.obj
d:\alyxstory\src\game\server\debug_mod_episodic\ai_planesolver.obj
d:\alyxstory\src\game\server\debug_mod_episodic\ai_saverestore.obj
d:\alyxstory\src\game\server\debug_mod_episodic\basegrenade_timed.obj
d:\alyxstory\src\game\server\debug_mod_episodic\baseplayer_shared.obj
d:\alyxstory\src\game\server\debug_mod_episodic\effectsserver.obj
d:\alyxstory\src\game\server\debug_mod_episodic\entitydissolve.obj
d:\alyxstory\src\game\server\debug_mod_episodic\env_tonemap_controller.obj
d:\alyxstory\src\game\server\debug_mod_episodic\envlaser.obj
d:\alyxstory\src\game\server\debug_mod_episodic\fish.obj
d:\alyxstory\src\game\server\debug_mod_episodic\func_break.obj
d:\alyxstory\src\game\server\debug_mod_episodic\func_occluder.obj
d:\alyxstory\src\game\server\debug_mod_episodic\gamemovement.obj
d:\alyxstory\src\game\server\debug_mod_episodic\gib.obj
d:\alyxstory\src\game\server\debug_mod_episodic\grenadethrown.obj
d:\alyxstory\src\game\server\debug_mod_episodic\h_ai.obj
d:\alyxstory\src\game\server\debug_mod_episodic\h_cycler.obj
d:\alyxstory\src\game\server\debug_mod_episodic\movehelper_server.obj
d:\alyxstory\src\game\server\debug_mod_episodic\ndebugoverlay.obj
d:\alyxstory\src\game\server\debug_mod_episodic\obstacle_pushaway.obj
d:\alyxstory\src\game\server\debug_mod_episodic\pathcorner.obj
d:\alyxstory\src\game\server\debug_mod_episodic\phys_controller.obj
d:\alyxstory\src\game\server\debug_mod_episodic\physics_bone_follower.obj
d:\alyxstory\src\game\server\debug_mod_episodic\physics_fx.obj
d:\alyxstory\src\game\server\debug_mod_episodic\physics_main.obj
d:\alyxstory\src\game\server\debug_mod_episodic\playerinfomanager.obj
d:\alyxstory\src\game\server\debug_mod_episodic\plugin_check.obj
d:\alyxstory\src\game\server\debug_mod_episodic\point_camera.obj
d:\alyxstory\src\game\server\debug_mod_episodic\pointanglesensor.obj
d:\alyxstory\src\game\server\debug_mod_episodic\pointteleport.obj
d:\alyxstory\src\game\server\debug_mod_episodic\recipientfilter.obj
d:\alyxstory\src\game\server\debug_mod_episodic\rope.obj
d:\alyxstory\src\game\server\debug_mod_episodic\sceneentity_shared.obj
d:\alyxstory\src\game\server\debug_mod_episodic\scratchpad_gamedll_helpers.obj
d:\alyxstory\src\game\server\debug_mod_episodic\scriptedtarget.obj
d:\alyxstory\src\game\server\debug_mod_episodic\soundent.obj
d:\alyxstory\src\game\server\debug_mod_episodic\soundparametersinternal.obj
d:\alyxstory\src\game\server\debug_mod_episodic\soundscape.obj
d:\alyxstory\src\game\server\debug_mod_episodic\tactical_mission.obj
d:\alyxstory\src\game\server\debug_mod_episodic\test_stressentities.obj
d:\alyxstory\src\game\server\debug_mod_episodic\timedeventmgr.obj
d:\alyxstory\src\game\server\debug_mod_episodic\util_shared.obj
d:\alyxstory\src\game\server\debug_mod_episodic\vehicle_choreo_generic.obj
d:\alyxstory\src\game\server\debug_mod_episodic\wcedit.obj
d:\alyxstory\src\game\server\debug_mod_episodic\ai_behavior_passenger.obj
d:\alyxstory\src\game\server\debug_mod_episodic\combine_mine.obj
d:\alyxstory\src\game\server\debug_mod_episodic\grenade_frag.obj
d:\alyxstory\src\game\server\debug_mod_episodic\hl2_eventlog.obj
d:\alyxstory\src\game\server\debug_mod_episodic\hl2_gamerules.obj
d:\alyxstory\src\game\server\debug_mod_episodic\item_healthkit.obj
d:\alyxstory\src\game\server\debug_mod_episodic\npc_advisor.obj
d:\alyxstory\src\game\server\debug_mod_episodic\npc_barnacle.obj
d:\alyxstory\src\game\server\debug_mod_episodic\npc_citizen17.obj
d:\alyxstory\src\game\server\debug_mod_episodic\npc_kleiner.obj
d:\alyxstory\src\game\server\debug_mod_episodic\npc_monk.obj
d:\alyxstory\src\game\server\debug_mod_episodic\npc_strider.obj
d:\alyxstory\src\game\server\debug_mod_episodic\rotorwash.obj
d:\alyxstory\src\game\server\debug_mod_episodic\script_intro.obj
d:\alyxstory\src\game\server\debug_mod_episodic\vehicle_cannon.obj
d:\alyxstory\src\game\server\debug_mod_episodic\weapon_alyxgun.obj
d:\alyxstory\src\game\server\debug_mod_episodic\weapon_crowbar.obj
d:\alyxstory\src\game\server\debug_mod_episodic\weapon_shotgun.obj
d:\alyxstory\src\game\server\debug_mod_episodic\grenade_beam.obj
d:\alyxstory\src\game\server\debug_mod_episodic\grenade_pathfollower.obj
d:\alyxstory\src\game\server\debug_mod_episodic\weapon_cguard.obj
d:\alyxstory\src\game\server\debug_mod_episodic\spritetrail.obj
d:\alyxstory\src\game\server\debug_mod_episodic\te_beamfollow.obj
d:\alyxstory\src\game\server\debug_mod_episodic\te_beamspline.obj
d:\alyxstory\src\game\server\debug_mod_episodic\te_bloodstream.obj
d:\alyxstory\src\game\server\debug_mod_episodic\te_dynamiclight.obj
d:\alyxstory\src\game\server\debug_mod_episodic\te_glassshatter.obj
d:\alyxstory\src\game\server\debug_mod_episodic\te_smoke.obj
d:\alyxstory\src\game\server\debug_mod_episodic\entity_tools_server.obj
d:\alyxstory\src\game\server\debug_mod_episodic\achievement_saverestore.obj
d:\alyxstory\src\game\server\debug_mod_episodic\ai_basenpc_flyer_new.obj
d:\alyxstory\src\game\server\debug_mod_episodic\ai_behavior_fear.obj
d:\alyxstory\src\game\server\debug_mod_episodic\ai_concommands.obj
d:\alyxstory\src\game\server\debug_mod_episodic\ai_goalentity.obj
d:\alyxstory\src\game\server\debug_mod_episodic\ai_moveshoot.obj
d:\alyxstory\src\game\server\debug_mod_episodic\ai_playerally.obj
d:\alyxstory\src\game\server\debug_mod_episodic\ai_trackpather.obj
d:\alyxstory\src\game\server\debug_mod_episodic\basecombatcharacter.obj
d:\alyxstory\src\game\server\debug_mod_episodic\commentarysystem.obj
d:\alyxstory\src\game\server\debug_mod_episodic\env_wind_shared.obj
d:\alyxstory\src\game\server\debug_mod_episodic\envmicrophone.obj
d:\alyxstory\src\game\server\debug_mod_episodic\fire_smoke.obj
d:\alyxstory\src\game\server\debug_mod_episodic\fourwheelvehiclephysics.obj
d:\alyxstory\src\game\server\debug_mod_episodic\gamestats.obj
d:\alyxstory\src\game\server\debug_mod_episodic\haptic_utils.obj
d:\alyxstory\src\game\server\debug_mod_episodic\hintsystem.obj
d:\alyxstory\src\game\server\debug_mod_episodic\info_overlay_accessor.obj
d:\alyxstory\src\game\server\debug_mod_episodic\lights.obj
d:\alyxstory\src\game\server\debug_mod_episodic\mapentities.obj
d:\alyxstory\src\game\server\debug_mod_episodic\pathtrack.obj
d:\alyxstory\src\game\server\debug_mod_episodic\physconstraint.obj
d:\alyxstory\src\game\server\debug_mod_episodic\physics_impact_damage.obj
d:\alyxstory\src\game\server\debug_mod_episodic\physics_saverestore.obj
d:\alyxstory\src\game\server\debug_mod_episodic\player_command.obj
d:\alyxstory\src\game\server\debug_mod_episodic\playerlocaldata.obj
d:\alyxstory\src\game\server\debug_mod_episodic\point_template.obj
d:\alyxstory\src\game\server\debug_mod_episodic\ragdollboogie.obj
d:\alyxstory\src\game\server\debug_mod_episodic\rope_helpers.obj
d:\alyxstory\src\game\server\debug_mod_episodic\saverestore_gamedll.obj
d:\alyxstory\src\game\server\debug_mod_episodic\scripted.obj
d:\alyxstory\src\game\server\debug_mod_episodic\soundenvelope.obj
d:\alyxstory\src\game\server\debug_mod_episodic\studio_shared.obj
d:\alyxstory\src\game\server\debug_mod_episodic\subs.obj
d:\alyxstory\src\game\server\debug_mod_episodic\takedamageinfo.obj
d:\alyxstory\src\game\server\debug_mod_episodic\team_spawnpoint.obj
d:\alyxstory\src\game\server\debug_mod_episodic\tempmonster.obj
d:\alyxstory\src\game\server\debug_mod_episodic\test_proxytoggle.obj
d:\alyxstory\src\game\server\debug_mod_episodic\testfunctions.obj
d:\alyxstory\src\game\server\debug_mod_episodic\triggers.obj
d:\alyxstory\src\game\server\debug_mod_episodic\ai_behavior_holster.obj
d:\alyxstory\src\game\server\debug_mod_episodic\ai_behavior_passenger_companion.obj
d:\alyxstory\src\game\server\debug_mod_episodic\hl2_ai_network.obj
d:\alyxstory\src\game\server\debug_mod_episodic\info_darknessmode_lightsource.obj
d:\alyxstory\src\game\server\debug_mod_episodic\item_dynamic_resupply.obj
d:\alyxstory\src\game\server\debug_mod_episodic\npc_antlion.obj
d:\alyxstory\src\game\server\debug_mod_episodic\npc_basezombie.obj
d:\alyxstory\src\game\server\debug_mod_episodic\npc_combines.obj
d:\alyxstory\src\game\server\debug_mod_episodic\npc_hunter.obj
d:\alyxstory\src\game\server\debug_mod_episodic\npc_talker.obj
d:\alyxstory\src\game\server\debug_mod_episodic\npc_zombine.obj
d:\alyxstory\src\game\server\debug_mod_episodic\vehicle_jeep.obj
d:\alyxstory\src\game\server\debug_mod_episodic\weapon_pistol.obj
d:\alyxstory\src\game\server\debug_mod_episodic\weapon_striderbuster.obj
d:\alyxstory\src\game\server\debug_mod_episodic\movie_explosion.obj
d:\alyxstory\src\game\server\debug_mod_episodic\plasma.obj
d:\alyxstory\src\game\server\debug_mod_episodic\te_armorricochet.obj
d:\alyxstory\src\game\server\debug_mod_episodic\te_beaments.obj
d:\alyxstory\src\game\server\debug_mod_episodic\te_beampoints.obj
d:\alyxstory\src\game\server\debug_mod_episodic\te_bubbles.obj
d:\alyxstory\src\game\server\debug_mod_episodic\te_energysplash.obj
d:\alyxstory\src\game\server\debug_mod_episodic\te_impact.obj
d:\alyxstory\src\game\server\debug_mod_episodic\te_playerdecal.obj
d:\alyxstory\src\game\server\debug_mod_episodic\usermessages.obj
d:\alyxstory\src\game\server\debug_mod_episodic\ai_baseactor.obj
d:\alyxstory\src\game\server\debug_mod_episodic\ai_behavior_follow.obj
d:\alyxstory\src\game\server\debug_mod_episodic\ai_criteria.obj
d:\alyxstory\src\game\server\debug_mod_episodic\ai_event.obj
d:\alyxstory\src\game\server\debug_mod_episodic\ai_interest_target.obj
d:\alyxstory\src\game\server\debug_mod_episodic\ai_link.obj
d:\alyxstory\src\game\server\debug_mod_episodic\ai_localnavigator.obj
d:\alyxstory\src\game\server\debug_mod_episodic\ai_networkmanager.obj
d:\alyxstory\src\game\server\debug_mod_episodic\ai_sentence.obj
d:\alyxstory\src\game\server\debug_mod_episodic\ai_task.obj
d:\alyxstory\src\game\server\debug_mod_episodic\base_playeranimstate.obj
d:\alyxstory\src\game\server\debug_mod_episodic\basecombatcharacter_shared.obj
d:\alyxstory\src\game\server\debug_mod_episodic\basecombatweapon_shared.obj
d:\alyxstory\src\game\server\debug_mod_episodic\baseflex.obj
d:\alyxstory\src\game\server\debug_mod_episodic\effect_dispatch_data.obj
d:\alyxstory\src\game\server\debug_mod_episodic\effects.obj
d:\alyxstory\src\game\server\debug_mod_episodic\envmessage.obj
d:\alyxstory\src\game\server\debug_mod_episodic\func_areaportal.obj
d:\alyxstory\src\game\server\debug_mod_episodic\func_breakablesurf.obj
d:\alyxstory\src\game\server\debug_mod_episodic\gameweaponmanager.obj
d:\alyxstory\src\game\server\debug_mod_episodic\globals.obj
d:\alyxstory\src\game\server\debug_mod_episodic\globalstate.obj
d:\alyxstory\src\game\server\debug_mod_episodic\guntarget.obj
d:\alyxstory\src\game\server\debug_mod_episodic\haptic_msgs.obj
d:\alyxstory\src\game\server\debug_mod_episodic\hierarchy.obj
d:\alyxstory\src\game\server\debug_mod_episodic\hltvdirector.obj
d:\alyxstory\src\game\server\debug_mod_episodic\lightglow.obj
d:\alyxstory\src\game\server\debug_mod_episodic\logicauto.obj
d:\alyxstory\src\game\server\debug_mod_episodic\materialmodifycontrol.obj
d:\alyxstory\src\game\server\debug_mod_episodic\monstermaker.obj
d:\alyxstory\src\game\server\debug_mod_episodic\physics.obj
d:\alyxstory\src\game\server\debug_mod_episodic\player_lagcompensation.obj
d:\alyxstory\src\game\server\debug_mod_episodic\point_playermoveconstraint.obj
d:\alyxstory\src\game\server\debug_mod_episodic\pointangularvelocitysensor.obj
d:\alyxstory\src\game\server\debug_mod_episodic\props_shared.obj
d:\alyxstory\src\game\server\debug_mod_episodic\sceneentity.obj
d:\alyxstory\src\game\server\debug_mod_episodic\ai_behavior_actbusy.obj
d:\alyxstory\src\game\server\debug_mod_episodic\basehlcombatweapon.obj
d:\alyxstory\src\game\server\debug_mod_episodic\env_speaker.obj
d:\alyxstory\src\game\server\debug_mod_episodic\func_tank.obj
d:\alyxstory\src\game\server\debug_mod_episodic\item_itemcrate.obj
d:\alyxstory\src\game\server\debug_mod_episodic\npc_apcdriver.obj
d:\alyxstory\src\game\server\debug_mod_episodic\npc_barney.obj
d:\alyxstory\src\game\server\debug_mod_episodic\npc_dog.obj
d:\alyxstory\src\game\server\debug_mod_episodic\npc_headcrab.obj
d:\alyxstory\src\game\server\debug_mod_episodic\npc_magnusson.obj
d:\alyxstory\src\game\server\debug_mod_episodic\npc_poisonzombie.obj
d:\alyxstory\src\game\server\debug_mod_episodic\npc_scanner.obj
d:\alyxstory\src\game\server\debug_mod_episodic\vehicle_jeep_episodic.obj
d:\alyxstory\src\game\server\debug_mod_episodic\basetempentity.obj
d:\alyxstory\src\game\server\debug_mod_episodic\particle_fire.obj
d:\alyxstory\src\game\server\debug_mod_episodic\smoke_trail.obj
d:\alyxstory\src\game\server\debug_mod_episodic\te_bloodsprite.obj
d:\alyxstory\src\game\server\debug_mod_episodic\te_decal.obj
d:\alyxstory\src\game\server\debug_mod_episodic\te_gaussexplosion.obj
d:\alyxstory\src\game\server\debug_mod_episodic\te_particlesystem.obj
d:\alyxstory\src\game\server\debug_mod_episodic\te_sprite.obj
d:\alyxstory\src\game\server\debug_mod_episodic\gamedll_replay.obj
d:\alyxstory\src\game\server\debug_mod_episodic\ai_basenpc.obj
d:\alyxstory\src\game\server\debug_mod_episodic\ai_node.obj
d:\alyxstory\src\game\server\debug_mod_episodic\ai_route.obj
d:\alyxstory\src\game\server\debug_mod_episodic\ai_speech.obj
d:\alyxstory\src\game\server\debug_mod_episodic\ai_utils.obj
d:\alyxstory\src\game\server\debug_mod_episodic\basecombatweapon.obj
d:\alyxstory\src\game\server\debug_mod_episodic\basemultiplayerplayer.obj
d:\alyxstory\src\game\server\debug_mod_episodic\bitstring.obj
d:\alyxstory\src\game\server\debug_mod_episodic\cbase.obj
d:\alyxstory\src\game\server\debug_mod_episodic\colorcorrectionvolume.obj
d:\alyxstory\src\game\server\debug_mod_episodic\cragdollmagnet.obj
d:\alyxstory\src\game\server\debug_mod_episodic\doors.obj
d:\alyxstory\src\game\server\debug_mod_episodic\entitylist.obj
d:\alyxstory\src\game\server\debug_mod_episodic\hintmessage.obj
d:\alyxstory\src\game\server\debug_mod_episodic\info_camera_link.obj
d:\alyxstory\src\game\server\debug_mod_episodic\logic_navigation.obj
d:\alyxstory\src\game\server\debug_mod_episodic\mapentities_shared.obj
d:\alyxstory\src\game\server\debug_mod_episodic\maprules.obj
d:\alyxstory\src\game\server\debug_mod_episodic\movevars_shared.obj
d:\alyxstory\src\game\server\debug_mod_episodic\mp_shareddefs.obj
d:\alyxstory\src\game\server\debug_mod_episodic\multiplay_gamerules.obj
d:\alyxstory\src\game\server\debug_mod_episodic\physics_cannister.obj
d:\alyxstory\src\game\server\debug_mod_episodic\physics_shared.obj
d:\alyxstory\src\game\server\debug_mod_episodic\player.obj
d:\alyxstory\src\game\server\debug_mod_episodic\templateentities.obj
d:\alyxstory\src\game\server\debug_mod_episodic\util.obj
d:\alyxstory\src\game\server\debug_mod_episodic\vguiscreen.obj
d:\alyxstory\src\game\server\debug_mod_episodic\waterbullet.obj
d:\alyxstory\src\game\server\debug_mod_episodic\waterlodcontrol.obj
d:\alyxstory\src\game\server\debug_mod_episodic\weapon_parse_default.obj
d:\alyxstory\src\game\server\debug_mod_episodic\weapon_proficiency.obj
d:\alyxstory\src\game\server\debug_mod_episodic\weight_button.obj
d:\alyxstory\src\game\server\debug_mod_episodic\achievements_ep2.obj
d:\alyxstory\src\game\server\debug_mod_episodic\ai_goal_police.obj
d:\alyxstory\src\game\server\debug_mod_episodic\ai_spotlight.obj
d:\alyxstory\src\game\server\debug_mod_episodic\antlion_dust.obj
d:\alyxstory\src\game\server\debug_mod_episodic\antlion_maker.obj
d:\alyxstory\src\game\server\debug_mod_episodic\func_recharge.obj
d:\alyxstory\src\game\server\debug_mod_episodic\grenade_bugbait.obj
d:\alyxstory\src\game\server\debug_mod_episodic\item_suit.obj
d:\alyxstory\src\game\server\debug_mod_episodic\npc_antliongrub.obj
d:\alyxstory\src\game\server\debug_mod_episodic\npc_combine.obj
d:\alyxstory\src\game\server\debug_mod_episodic\npc_eli.obj
d:\alyxstory\src\game\server\debug_mod_episodic\npc_fisherman.obj
d:\alyxstory\src\game\server\debug_mod_episodic\npc_puppet.obj
d:\alyxstory\src\game\server\debug_mod_episodic\npc_stalker.obj
d:\alyxstory\src\game\server\debug_mod_episodic\prop_thumper.obj
d:\alyxstory\src\game\server\debug_mod_episodic\vehicle_crane.obj
d:\alyxstory\src\game\server\debug_mod_episodic\weapon_crossbow.obj
d:\alyxstory\src\game\server\debug_mod_episodic\weapon_smg1.obj
d:\alyxstory\src\game\server\debug_mod_episodic\npc_missiledefense.obj
d:\alyxstory\src\game\server\debug_mod_episodic\te_clientprojectile.obj
d:\alyxstory\src\game\server\debug_mod_episodic\te_footprintdecal.obj
d:\alyxstory\src\game\server\debug_mod_episodic\te_killplayerattachments.obj
d:\alyxstory\src\game\server\debug_mod_episodic\te_physicsprop.obj
d:\alyxstory\src\game\server\debug_mod_episodic\toolframework_server.obj
d:\alyxstory\src\game\server\debug_mod_episodic\ai_basehumanoid.obj
d:\alyxstory\src\game\server\debug_mod_episodic\ai_basenpc_squad.obj
d:\alyxstory\src\game\server\debug_mod_episodic\ai_behavior_standoff.obj
d:\alyxstory\src\game\server\debug_mod_episodic\ai_hint.obj
d:\alyxstory\src\game\server\debug_mod_episodic\ai_movesolver.obj
d:\alyxstory\src\game\server\debug_mod_episodic\ai_namespaces.obj
d:\alyxstory\src\game\server\debug_mod_episodic\ai_navigator.obj
d:\alyxstory\src\game\server\debug_mod_episodic\ai_senses.obj
d:\alyxstory\src\game\server\debug_mod_episodic\ai_tacticalservices.obj
d:\alyxstory\src\game\server\debug_mod_episodic\baseanimatingoverlay.obj
d:\alyxstory\src\game\server\debug_mod_episodic\basegrenade_concussion.obj
d:\alyxstory\src\game\server\debug_mod_episodic\basegrenade_contact.obj
d:\alyxstory\src\game\server\debug_mod_episodic\basegrenade_shared.obj
d:\alyxstory\src\game\server\debug_mod_episodic\beam_shared.obj
d:\alyxstory\src\game\server\debug_mod_episodic\client.obj
d:\alyxstory\src\game\server\debug_mod_episodic\env_effectsscript.obj
d:\alyxstory\src\game\server\debug_mod_episodic\env_texturetoggle.obj
d:\alyxstory\src\game\server\debug_mod_episodic\env_zoom.obj
d:\alyxstory\src\game\server\debug_mod_episodic\eventlist.obj
d:\alyxstory\src\game\server\debug_mod_episodic\explode.obj
d:\alyxstory\src\game\server\debug_mod_episodic\func_ladder_endpoint.obj
d:\alyxstory\src\game\server\debug_mod_episodic\func_smokevolume.obj
d:\alyxstory\src\game\server\debug_mod_episodic\gamerules_register.obj
d:\alyxstory\src\game\server\debug_mod_episodic\gamestringpool.obj
d:\alyxstory\src\game\server\debug_mod_episodic\genericmonster.obj
d:\alyxstory\src\game\server\debug_mod_episodic\logic_achievement.obj
d:\alyxstory\src\game\server\debug_mod_episodic\logicentities.obj
d:\alyxstory\src\game\server\debug_mod_episodic\particle_light.obj
d:\alyxstory\src\game\server\debug_mod_episodic\particle_system.obj
d:\alyxstory\src\game\server\debug_mod_episodic\physics_main_shared.obj
d:\alyxstory\src\game\server\debug_mod_episodic\point_bonusmaps_accessor.obj
d:\alyxstory\src\game\server\debug_mod_episodic\point_spotlight.obj
d:\alyxstory\src\game\server\debug_mod_episodic\precache_register.obj
d:\alyxstory\src\game\server\debug_mod_episodic\querycache.obj
d:\alyxstory\src\game\server\debug_mod_episodic\saverestore.obj
d:\alyxstory\src\game\server\debug_mod_episodic\shadowcontrol.obj
d:\alyxstory\src\game\server\debug_mod_episodic\skycamera.obj
d:\alyxstory\src\game\server\debug_mod_episodic\sound.obj
d:\alyxstory\src\game\server\debug_mod_episodic\sprite.obj
d:\alyxstory\src\game\server\debug_mod_episodic\survival_gamerules.obj
d:\alyxstory\src\game\server\debug_mod_episodic\vehicle_viewblend_shared.obj
d:\alyxstory\src\game\server\debug_mod_episodic\weapon_parse.obj
d:\alyxstory\src\game\server\debug_mod_episodic\achievements_epx.obj
d:\alyxstory\src\game\server\debug_mod_episodic\ai_behavior_operator.obj
d:\alyxstory\src\game\server\debug_mod_episodic\ai_behavior_police.obj
d:\alyxstory\src\game\server\debug_mod_episodic\cbasespriteprojectile.obj
d:\alyxstory\src\game\server\debug_mod_episodic\env_alyxemp.obj
d:\alyxstory\src\game\server\debug_mod_episodic\env_headcrabcanister_shared.obj
d:\alyxstory\src\game\server\debug_mod_episodic\env_starfield.obj
d:\alyxstory\src\game\server\debug_mod_episodic\func_bulletshield.obj
d:\alyxstory\src\game\server\debug_mod_episodic\func_monitor.obj
d:\alyxstory\src\game\server\debug_mod_episodic\grenade_ar2.obj
d:\alyxstory\src\game\server\debug_mod_episodic\hl2_player.obj
d:\alyxstory\src\game\server\debug_mod_episodic\npc_breen.obj
d:\alyxstory\src\game\server\debug_mod_episodic\npc_combinegunship.obj
d:\alyxstory\src\game\server\debug_mod_episodic\npc_manhack.obj
d:\alyxstory\src\game\server\debug_mod_episodic\npc_rollermine.obj
d:\alyxstory\src\game\server\debug_mod_episodic\npc_turret_ground.obj
d:\alyxstory\src\game\server\debug_mod_episodic\prop_scalable.obj
d:\alyxstory\src\game\server\debug_mod_episodic\proto_sniper.obj
d:\alyxstory\src\game\server\debug_mod_episodic\vehicle_prisoner_pod.obj
d:\alyxstory\src\game\server\debug_mod_episodic\weapon_bugbait.obj
d:\alyxstory\src\game\server\debug_mod_episodic\weapon_stunstick.obj
d:\alyxstory\src\game\server\debug_mod_episodic\te.obj
d:\alyxstory\src\game\server\debug_mod_episodic\te_basebeam.obj
d:\alyxstory\src\game\server\debug_mod_episodic\te_beamlaser.obj
d:\alyxstory\src\game\server\debug_mod_episodic\te_breakmodel.obj
d:\alyxstory\src\game\server\debug_mod_episodic\te_explosion.obj
d:\alyxstory\src\game\server\debug_mod_episodic\te_muzzleflash.obj
d:\alyxstory\src\game\server\debug_mod_episodic\te_sparks.obj
d:\alyxstory\src\game\server\debug_mod_episodic\dt_utlvector_common.obj
d:\alyxstory\src\game\server\debug_mod_episodic\interpolatortypes.obj
d:\alyxstory\src\game\server\debug_mod_episodic\networkvar.obj
d:\alyxstory\src\game\server\debug_mod_episodic\randoverride.obj
d:\alyxstory\src\game\server\debug_mod_episodic\server_class.obj
d:\alyxstory\src\game\server\debug_mod_episodic\studio.obj
d:\alyxstory\src\game\server\debug_mod_episodic\bone_setup.obj
d:\alyxstory\src\game\server\debug_mod_episodic\sheetsimulator.obj
d:\alyxstory\src\game\server\debug_mod_episodic\dt_utlvector_send.obj
d:\alyxstory\src\game\server\debug_mod_episodic\h_export.obj
d:\alyxstory\src\game\server\debug_mod_episodic\rope_physics.obj
d:\alyxstory\src\game\server\debug_mod_episodic\ep1_gamestats.obj
d:\alyxstory\src\game\server\debug_mod_episodic\editor_sendcommand.obj
d:\alyxstory\src\game\server\debug_mod_episodic\map_utils.obj
d:\alyxstory\src\game\server\debug_mod_episodic\scratchpadutils.obj
d:\alyxstory\src\game\server\debug_mod_episodic\ep2_gamestats.obj
d:\alyxstory\src\game\server\debug_mod_episodic\filesystem_helpers.obj
d:\alyxstory\src\game\server\debug_mod_episodic\keyframe.obj
d:\alyxstory\src\game\server\debug_mod_episodic\scratchpad3d.obj
d:\alyxstory\src\game\server\debug_mod_episodic\dt_send.obj
d:\alyxstory\src\game\server\debug_mod_episodic\init_factory.obj
d:\alyxstory\src\game\server\debug_mod_episodic\language.obj
d:\alyxstory\src\game\server\debug_mod_episodic\registry.obj
d:\alyxstory\src\game\server\debug_mod_episodic\stringregistry.obj
d:\alyxstory\src\game\server\debug_mod_episodic\gamehandle.obj
d:\alyxstory\src\game\server\debug_mod_episodic\gamestats_basicstatsfunctions.obj
d:\alyxstory\src\game\server\debug_mod_episodic\collisionutils.obj
d:\alyxstory\src\game\server\debug_mod_episodic\interval.obj
d:\alyxstory\src\game\server\debug_mod_episodic\memoverride.obj
d:\alyxstory\src\game\server\debug_mod_episodic\simple_physics.obj
d:\alyxstory\src\game\server\debug_mod_episodic\pointeroverride.obj
d:\alyxstory\src\game\server\server_episodic.vpc.sentinel
d:\alyxstory\src\game\server\debug_mod_episodic\server.exp
d:\alyxstory\src\game\server\debug_mod_episodic\server.pdb
d:\alyxstory\src\game\server\debug_mod_episodic\server (.7855b476.tlog\cl.command.1.tlog
d:\alyxstory\src\game\server\debug_mod_episodic\server (.7855b476.tlog\cl.read.1.tlog
d:\alyxstory\src\game\server\debug_mod_episodic\server (.7855b476.tlog\cl.write.1.tlog
d:\alyxstory\src\game\server\debug_mod_episodic\server (.7855b476.tlog\custombuild.command.1.tlog
d:\alyxstory\src\game\server\debug_mod_episodic\server (.7855b476.tlog\custombuild.read.1.tlog
d:\alyxstory\src\game\server\debug_mod_episodic\server (.7855b476.tlog\custombuild.write.1.tlog
d:\alyxstory\src\game\server\debug_mod_episodic\server (.7855b476.tlog\link.command.1.tlog
d:\alyxstory\src\game\server\debug_mod_episodic\server (.7855b476.tlog\link.read.1.tlog
d:\alyxstory\src\game\server\debug_mod_episodic\server (.7855b476.tlog\link.write.1.tlog
