d:\alyxstory\src\utils\glview\release\glview.obj
d:\alyxstory\src\utils\glview\release\filesystem_helpers.obj
d:\alyxstory\src\utils\glview\release\memoverride.obj
d:\alyxstory\src\utils\glview\release\physdll.obj
d:\alyxstory\src\utils\glview\release\filesystem_tools.obj
d:\alyxstory\src\utils\glview\release\filesystem_init.obj
d:\alyxstory\src\utils\glview\release\cmdlib.obj
d:\alyxstory\src\utils\glview\release\vc120.pdb
d:\alyxstory\src\utils\glview\release\pointeroverride.obj
d:\alyxstory\src\utils\glview\glview.vpc.sentinel
d:\alyxstory\src\utils\glview\release\glview.lib
d:\alyxstory\src\utils\glview\release\glview.exp
d:\alyxstory\src\utils\glview\release\glview.exe
d:\alyxstory\src\utils\glview\release\glview.pdb
d:\alyxstory\src\utils\glview\.\release\.\glview.exe
d:\alyxstory\src\utils\glview\release\glview.tlog\cl.command.1.tlog
d:\alyxstory\src\utils\glview\release\glview.tlog\cl.read.1.tlog
d:\alyxstory\src\utils\glview\release\glview.tlog\cl.write.1.tlog
d:\alyxstory\src\utils\glview\release\glview.tlog\custombuild.command.1.tlog
d:\alyxstory\src\utils\glview\release\glview.tlog\custombuild.read.1.tlog
d:\alyxstory\src\utils\glview\release\glview.tlog\custombuild.write.1.tlog
d:\alyxstory\src\utils\glview\release\glview.tlog\glview.write.1u.tlog
d:\alyxstory\src\utils\glview\release\glview.tlog\link.command.1.tlog
d:\alyxstory\src\utils\glview\release\glview.tlog\link.read.1.tlog
d:\alyxstory\src\utils\glview\release\glview.tlog\link.write.1.tlog
