d:\alyxstory\src\utils\vvis_launcher\debug\vvis_launcher.pch
d:\alyxstory\src\utils\vvis_launcher\release\vc120.pdb
d:\alyxstory\src\utils\vvis_launcher\release\stdafx.obj
d:\alyxstory\src\utils\vvis_launcher\release\memoverride.obj
d:\alyxstory\src\utils\vvis_launcher\release\vvis_launcher.obj
d:\alyxstory\src\utils\vvis_launcher\release\pointeroverride.obj
d:\alyxstory\src\utils\vvis_launcher\vvis_launcher.vpc.sentinel
d:\alyxstory\src\utils\vvis_launcher\release\vvis.exe
d:\alyxstory\src\utils\vvis_launcher\release\vvis.pdb
d:\alyxstory\src\utils\vvis_launcher\release\vvis.lib
d:\alyxstory\src\utils\vvis_launcher\release\vvis.exp
d:\alyxstory\src\utils\vvis_launcher\.\release\.\vvis.exe
d:\alyxstory\src\utils\vvis_launcher\release\vvis_launcher.tlog\cl.command.1.tlog
d:\alyxstory\src\utils\vvis_launcher\release\vvis_launcher.tlog\cl.read.1.tlog
d:\alyxstory\src\utils\vvis_launcher\release\vvis_launcher.tlog\cl.write.1.tlog
d:\alyxstory\src\utils\vvis_launcher\release\vvis_launcher.tlog\custombuild.command.1.tlog
d:\alyxstory\src\utils\vvis_launcher\release\vvis_launcher.tlog\custombuild.read.1.tlog
d:\alyxstory\src\utils\vvis_launcher\release\vvis_launcher.tlog\custombuild.write.1.tlog
d:\alyxstory\src\utils\vvis_launcher\release\vvis_launcher.tlog\link.command.1.tlog
d:\alyxstory\src\utils\vvis_launcher\release\vvis_launcher.tlog\link.read.1.tlog
d:\alyxstory\src\utils\vvis_launcher\release\vvis_launcher.tlog\link.write.1.tlog
d:\alyxstory\src\utils\vvis_launcher\release\vvis_launcher.tlog\vvis_launcher.write.1u.tlog
