Build started 10/11/2016 01:16:38.
     1>Project "D:\alyxStory\src\utils\serverplugin_sample\serverplugin_empty.vcxproj" on node 4 (Build target(s)).
     1>PreBuildEvent:
         if EXIST ..\..\..\game\bin\.\serverplugin_empty.dll for /f "delims=" %%A in ('attrib "..\..\..\game\bin\.\serverplugin_empty.dll"') do set valveTmpIsReadOnly="%%A"
         set valveTmpIsReadOnlyLetter=%valveTmpIsReadOnly:~6,1%
         if "%valveTmpIsReadOnlyLetter%"=="R" del /q "D:\alyxStory\src\utils\serverplugin_sample\Debug\"serverplugin_empty.dll
         if exist "..\..\devtools\bin\vpc.exe" "..\..\devtools\bin\vpc.exe" -crc2 "serverplugin_empty.vcxproj"
         if ERRORLEVEL 1 exit /b 1
         
         :VCEnd
       Link:
         D:\Program Files\Microsoft Visual Studio 12.0\VC\bin\link.exe /ERRORREPORT:PROMPT /OUT:".\Debug\.\\serverplugin_empty.dll" /INCREMENTAL /NOLOGO /LIBPATH:..\..\lib\common\. /LIBPATH:..\..\lib\public\. shell32.lib user32.lib advapi32.lib gdi32.lib comdlg32.lib ole32.lib odbc32.lib odbccp32.lib /NODEFAULTLIB:libc /NODEFAULTLIB:libcd /NODEFAULTLIB:libcmt /MANIFEST:NO /DEBUG /PDB:".\Debug\.\/serverplugin_empty.pdb" /SUBSYSTEM:WINDOWS,"5.01" /TLBID:1 /DYNAMICBASE:NO /NXCOMPAT /IMPLIB:".\Debug\.\serverplugin_empty.lib" /MACHINE:X86 /SAFESEH:NO  /ignore:4221 /DLL .\Debug\.\\pointeroverride.obj
         .\Debug\.\/memoverride.obj
         .\Debug\.\/serverplugin_bot.obj
         .\Debug\.\/serverplugin_empty.obj
         ..\..\lib\public\mathlib.lib
         ..\..\lib\public\tier0.lib
         ..\..\lib\public\tier1.lib
         ..\..\lib\public\tier2.lib
         ..\..\lib\public\vstdlib.lib
            Creating library .\Debug\.\serverplugin_empty.lib and object .\Debug\.\serverplugin_empty.exp
         serverplugin_empty.vcxproj -> D:\alyxStory\src\utils\serverplugin_sample\.\Debug\.\serverplugin_empty.dll
       PostBuildEvent:
         if not exist "..\..\..\game\bin\." mkdir "..\..\..\game\bin\."
         copy "D:\alyxStory\src\utils\serverplugin_sample\Debug\serverplugin_empty.dll" "..\..\..\game\bin\.\serverplugin_empty.dll"
         if ERRORLEVEL 1 goto BuildEventFailed
         if exist "D:\alyxStory\src\utils\serverplugin_sample\Debug\serverplugin_empty.map" copy "D:\alyxStory\src\utils\serverplugin_sample\Debug\serverplugin_empty.map" ..\..\..\game\bin\.\serverplugin_empty.map
         copy "D:\alyxStory\src\utils\serverplugin_sample\Debug\serverplugin_empty.pdb" ..\..\..\game\bin\.\serverplugin_empty.pdb
         if ERRORLEVEL 1 goto BuildEventFailed
         goto BuildEventOK
         :BuildEventFailed
         echo *** ERROR! PostBuildStep FAILED for Serverplugin_empty! EXE or DLL is probably running. ***
         del /q "D:\alyxStory\src\utils\serverplugin_sample\Debug\serverplugin_empty.dll"
         exit 1
         :BuildEventOK
         
         :VCEnd
                 1 file(s) copied.
                 1 file(s) copied.
     1>Done Building Project "D:\alyxStory\src\utils\serverplugin_sample\serverplugin_empty.vcxproj" (Build target(s)).

Build succeeded.

Time Elapsed 00:00:07.74
