d:\alyxstory\src\utils\serverplugin_sample\debug\memoverride.obj
d:\alyxstory\src\utils\serverplugin_sample\debug\serverplugin_bot.obj
d:\alyxstory\src\utils\serverplugin_sample\debug\serverplugin_empty.obj
d:\alyxstory\src\utils\serverplugin_sample\debug\vc120.pdb
d:\alyxstory\src\utils\serverplugin_sample\debug\pointeroverride.obj
d:\alyxstory\src\utils\serverplugin_sample\serverplugin_empty.vpc.sentinel
d:\alyxstory\src\utils\serverplugin_sample\debug\serverplugin_empty.ilk
d:\alyxstory\src\utils\serverplugin_sample\debug\serverplugin_empty.dll
d:\alyxstory\src\utils\serverplugin_sample\debug\serverplugin_empty.pdb
d:\alyxstory\src\utils\serverplugin_sample\debug\serverplugin_empty.lib
d:\alyxstory\src\utils\serverplugin_sample\debug\serverplugin_empty.exp
d:\alyxstory\src\utils\serverplugin_sample\debug\vc120.idb
d:\alyxstory\src\utils\serverplugin_sample\.\debug\.\serverplugin_empty.dll
d:\alyxstory\src\utils\serverplugin_sample\debug\serverpl.394b82b6.tlog\cl.command.1.tlog
d:\alyxstory\src\utils\serverplugin_sample\debug\serverpl.394b82b6.tlog\cl.read.1.tlog
d:\alyxstory\src\utils\serverplugin_sample\debug\serverpl.394b82b6.tlog\cl.write.1.tlog
d:\alyxstory\src\utils\serverplugin_sample\debug\serverpl.394b82b6.tlog\custombuild.command.1.tlog
d:\alyxstory\src\utils\serverplugin_sample\debug\serverpl.394b82b6.tlog\custombuild.read.1.tlog
d:\alyxstory\src\utils\serverplugin_sample\debug\serverpl.394b82b6.tlog\custombuild.write.1.tlog
d:\alyxstory\src\utils\serverplugin_sample\debug\serverpl.394b82b6.tlog\link.command.1.tlog
d:\alyxstory\src\utils\serverplugin_sample\debug\serverpl.394b82b6.tlog\link.read.1.tlog
d:\alyxstory\src\utils\serverplugin_sample\debug\serverpl.394b82b6.tlog\link.write.1.tlog
d:\alyxstory\src\utils\serverplugin_sample\debug\serverpl.394b82b6.tlog\serverplugin_empty.write.1u.tlog
