Build started 10/11/2016 01:16:46.
     1>Project "D:\alyxStory\src\utils\vtfdiff\vtfdiff.vcxproj" on node 3 (Build target(s)).
     1>PreBuildEvent:
         if EXIST ..\..\..\game\bin\.\vtfdiff.exe for /f "delims=" %%A in ('attrib "..\..\..\game\bin\.\vtfdiff.exe"') do set valveTmpIsReadOnly="%%A"
         set valveTmpIsReadOnlyLetter=%valveTmpIsReadOnly:~6,1%
         if "%valveTmpIsReadOnlyLetter%"=="R" del /q "D:\alyxStory\src\utils\vtfdiff\Debug\"vtfdiff.exe
         if exist "..\..\devtools\bin\vpc.exe" "..\..\devtools\bin\vpc.exe" -crc2 "vtfdiff.vcxproj"
         if ERRORLEVEL 1 exit /b 1
         
         :VCEnd
       Link:
         D:\Program Files\Microsoft Visual Studio 12.0\VC\bin\link.exe /ERRORREPORT:PROMPT /OUT:".\Debug\.\\vtfdiff.exe" /INCREMENTAL /NOLOGO shell32.lib user32.lib advapi32.lib gdi32.lib comdlg32.lib ole32.lib /NODEFAULTLIB:libc /NODEFAULTLIB:libcd /NODEFAULTLIB:libcmt /MANIFEST /MANIFESTUAC:"level='asInvoker' uiAccess='false'" /manifest:embed /DEBUG /PDB:".\Debug\.\/vtfdiff.pdb" /SUBSYSTEM:CONSOLE,"5.01" /TLBID:1 /DYNAMICBASE:NO /NXCOMPAT /IMPLIB:".\Debug\.\vtfdiff.lib" /MACHINE:X86 /SAFESEH:NO /NXCOMPAT /ignore:4221 .\Debug\.\\pointeroverride.obj
         .\Debug\.\/memoverride.obj
         .\Debug\.\/vtfdiff.obj
         ..\..\lib\public\bitmap.lib
         ..\..\lib\public\mathlib.lib
         ..\..\lib\public\tier0.lib
         ..\..\lib\public\tier1.lib
         ..\..\lib\public\tier2.lib
         ..\..\lib\public\vstdlib.lib
         ..\..\lib\public\vtf.lib
         vtfdiff.vcxproj -> D:\alyxStory\src\utils\vtfdiff\.\Debug\.\vtfdiff.exe
       PostBuildEvent:
         copy "D:\alyxStory\src\utils\vtfdiff\Debug\"vtfdiff.exe ..\..\..\game\bin\.\vtfdiff.exe >nul
         if ERRORLEVEL 1 goto BuildEventFailed
         if exist "D:\alyxStory\src\utils\vtfdiff\Debug\"vtfdiff.map copy "D:\alyxStory\src\utils\vtfdiff\Debug\"vtfdiff.map ..\..\..\game\bin\.\vtfdiff.map >nul
         copy "D:\alyxStory\src\utils\vtfdiff\Debug\"vtfdiff.pdb ..\..\..\game\bin\.\vtfdiff.pdb >nul
         if ERRORLEVEL 1 goto BuildEventFailed
         goto BuildEventOK
         :BuildEventFailed
         echo *** ERROR! PostBuildStep FAILED for Vtfdiff! EXE or DLL is probably running. ***
         del /q "D:\alyxStory\src\utils\vtfdiff\Debug\"vtfdiff.exe
         exit 1
         :BuildEventOK
         
         :VCEnd
     1>Done Building Project "D:\alyxStory\src\utils\vtfdiff\vtfdiff.vcxproj" (Build target(s)).

Build succeeded.

Time Elapsed 00:00:07.12
