


materialPath: D:\alyxStory\game\mod_hl2\materials
Loading D:\alyxStory\content\maps\background01.vmf
ConVarRef mat_reduceparticles doesn't point to an existing ConVar
Could not locate 'GameData' key in d:\alyxstory\game\mod_hl2\gameinfo.txt
fixing up env_cubemap materials on brush sides...
0...1...2...3...4...5...6...7...8...9...100...1...2...3...4...5...6...7...8...9...10Processing areas...done (0)
Building Faces...done (0)
FixTjuncs...
PruneNodes...
WriteBSP...
done (0)
writing D:\alyxStory\content\maps\background01.prt...Building visibility clusters...
done (0)
Creating default LDR cubemaps for env_cubemap using skybox materials:
   skybox/sky_day01_01*.vmt
 ! Run buildcubemaps in the engine to get the correct cube maps.
Creating default HDR cubemaps for env_cubemap using skybox materials:
   skybox/sky_day01_01*.vmt
 ! Run buildcubemaps in the engine to get the correct cube maps.
Finding displacement neighbors...
Finding lightmap sample positions...
Displacement Alpha : 0...1...2...3...4...5...6...7...8...9...10
Building Physics collision data...
done (0) (3428 bytes)
Placing detail props : 0...1...2...3...4...5...6...7...8...9...10
Compacting texture/material tables...
Reduced 22 texinfos to 13
Reduced 5 texdatas to 5 (93 bytes to 93)
Writing D:\alyxStory\content\maps\background01.bsp
0 seconds elapsed



8 threads
reading d:\alyxstory\content\maps\background01.bsp
reading d:\alyxstory\content\maps\background01.prt
   4 portalclusters
   4 numportals
0...1...2...3...4...5...6...7...8...9...100...1...2...3...4...5...6...7...8...9...10Optimized: 0 visible clusters (0.00%)
Total clusters visible: 16
Average clusters visible: 4
Building PAS...
Average clusters audible: 4
visdatasize:44  compressed from 64
writing d:\alyxstory\content\maps\background01.bsp
0 seconds elapsed



[Reading texlights from 'lights.rad']
[45 texlights parsed from 'lights.rad']

Loading d:\alyxstory\content\maps\background01.bsp
28 faces
730 square feet [105212.34 square inches]
0 Displacements
0 Square Feet [0.00 Square Inches]
28 patches before subdivision
38 patches after subdivision
3 direct lights
0...1...2...3...4...5...6...7...8...9...100...1...2...3...4...5...6...7...8...9...10transfers 407, max 19
transfer lists:   0.0 megs
0...1...2...3...4...5...6...7...8...9...10	Bounce #1 added RGB(1, 1, 1)
Build Patch/Sample Hash Table(s).....Done<0.0000 sec>
0...1...2...3...4...5...6...7...8...9...10FinalLightFace Done
0 of 0 (0% of) surface lights went in leaf ambient cubes.
0...1...2...3...4...5...6...7...8...9...10Writing leaf ambient...done
Ready to Finish

Object names       Objects/Maxobjs  Memory / Maxmem  Fullness 
------------       ---------------  ---------------  -------- 
models                   3/1024          144/49152    ( 0.3%) 
brushes                  8/8192           96/98304    ( 0.1%) 
brushsides              50/65536         400/524288   ( 0.1%) 
planes                  70/65536        1400/1310720  ( 0.1%) 
vertexes                47/65536         564/786432   ( 0.1%) 
nodes                   39/65536        1248/2097152  ( 0.1%) 
texinfos                13/12288         936/884736   ( 0.1%) 
texdata                  5/2048          160/65536    ( 0.2%) 
dispinfos                0/0               0/0        ( 0.0%) 
disp_verts               0/0               0/0        ( 0.0%) 
disp_tris                0/0               0/0        ( 0.0%) 
disp_lmsamples           0/0               0/0        ( 0.0%) 
faces                   28/65536        1568/3670016  ( 0.0%) 
hdr faces                0/65536           0/3670016  ( 0.0%) 
origfaces               18/65536        1008/3670016  ( 0.0%) 
leaves                  43/65536        1376/2097152  ( 0.1%) 
leaffaces               28/65536          56/131072   ( 0.0%) 
leafbrushes             18/65536          36/131072   ( 0.0%) 
areas                    2/256            16/2048     ( 0.8%) 
surfedges              184/512000        736/2048000  ( 0.0%) 
edges                  103/256000        412/1024000  ( 0.0%) 
LDR worldlights          3/8192          264/720896   ( 0.0%) 
HDR worldlights          0/8192            0/720896   ( 0.0%) 
leafwaterdata            0/32768           0/393216   ( 0.0%) 
waterstrips              0/32768           0/327680   ( 0.0%) 
waterverts               0/65536           0/786432   ( 0.0%) 
waterindices             0/65536           0/131072   ( 0.0%) 
cubemapsamples           1/1024           16/16384    ( 0.1%) 
overlays                 1/512           352/180224   ( 0.2%) 
LDR lightdata         [variable]         412/0        ( 0.0%) 
HDR lightdata         [variable]           0/0        ( 0.0%) 
visdata               [variable]          44/16777216 ( 0.0%) 
entdata               [variable]        6315/393216   ( 1.6%) 
LDR ambient table       43/65536         172/262144   ( 0.1%) 
HDR ambient table       43/65536         172/262144   ( 0.1%) 
LDR leaf ambient        32/65536         896/1835008  ( 0.0%) 
HDR leaf ambient        43/65536        1204/1835008  ( 0.1%) 
occluders                0/0               0/0        ( 0.0%) 
occluder polygons        0/0               0/0        ( 0.0%) 
occluder vert ind        0/0               0/0        ( 0.0%) 
detail props          [variable]           1/12       ( 8.3%) 
static props          [variable]           1/12       ( 8.3%) 
pakfile               [variable]      211288/0        ( 0.0%) 
physics               [variable]        3428/4194304  ( 0.1%) 
physics terrain       [variable]           2/1048576  ( 0.0%) 

Level flags = 0

Total triangle count: 56
Writing d:\alyxstory\content\maps\background01.bsp
0 seconds elapsed



[Reading texlights from 'lights.rad']
[45 texlights parsed from 'lights.rad']

Loading d:\alyxstory\content\maps\background01.bsp
28 faces
730 square feet [105212.34 square inches]
0 Displacements
0 Square Feet [0.00 Square Inches]
28 patches before subdivision
38 patches after subdivision
3 direct lights
0...1...2...3...4...5...6...7...8...9...100...1...2...3...4...5...6...7...8...9...10transfers 407, max 19
transfer lists:   0.0 megs
0...1...2...3...4...5...6...7...8...9...10	Bounce #1 added RGB(1, 1, 1)
Build Patch/Sample Hash Table(s).....Done<0.0000 sec>
0...1...2...3...4...5...6...7...8...9...10FinalLightFace Done
0 of 0 (0% of) surface lights went in leaf ambient cubes.
0...1...2...3...4...5...6...7...8...9...10Writing leaf ambient...done
Ready to Finish

Object names       Objects/Maxobjs  Memory / Maxmem  Fullness 
------------       ---------------  ---------------  -------- 
models                   3/1024          144/49152    ( 0.3%) 
brushes                  8/8192           96/98304    ( 0.1%) 
brushsides              50/65536         400/524288   ( 0.1%) 
planes                  70/65536        1400/1310720  ( 0.1%) 
vertexes                47/65536         564/786432   ( 0.1%) 
nodes                   39/65536        1248/2097152  ( 0.1%) 
texinfos                13/12288         936/884736   ( 0.1%) 
texdata                  5/2048          160/65536    ( 0.2%) 
dispinfos                0/0               0/0        ( 0.0%) 
disp_verts               0/0               0/0        ( 0.0%) 
disp_tris                0/0               0/0        ( 0.0%) 
disp_lmsamples           0/0               0/0        ( 0.0%) 
faces                   28/65536        1568/3670016  ( 0.0%) 
hdr faces               28/65536        1568/3670016  ( 0.0%) 
origfaces               18/65536        1008/3670016  ( 0.0%) 
leaves                  43/65536        1376/2097152  ( 0.1%) 
leaffaces               28/65536          56/131072   ( 0.0%) 
leafbrushes             18/65536          36/131072   ( 0.0%) 
areas                    2/256            16/2048     ( 0.8%) 
surfedges              184/512000        736/2048000  ( 0.0%) 
edges                  103/256000        412/1024000  ( 0.0%) 
LDR worldlights          3/8192          264/720896   ( 0.0%) 
HDR worldlights          3/8192          264/720896   ( 0.0%) 
leafwaterdata            0/32768           0/393216   ( 0.0%) 
waterstrips              0/32768           0/327680   ( 0.0%) 
waterverts               0/65536           0/786432   ( 0.0%) 
waterindices             0/65536           0/131072   ( 0.0%) 
cubemapsamples           1/1024           16/16384    ( 0.1%) 
overlays                 1/512           352/180224   ( 0.2%) 
LDR lightdata         [variable]         412/0        ( 0.0%) 
HDR lightdata         [variable]         412/0        ( 0.0%) 
visdata               [variable]          44/16777216 ( 0.0%) 
entdata               [variable]        6315/393216   ( 1.6%) 
LDR ambient table       43/65536         172/262144   ( 0.1%) 
HDR ambient table       43/65536         172/262144   ( 0.1%) 
LDR leaf ambient        32/65536         896/1835008  ( 0.0%) 
HDR leaf ambient        32/65536         896/1835008  ( 0.0%) 
occluders                0/0               0/0        ( 0.0%) 
occluder polygons        0/0               0/0        ( 0.0%) 
occluder vert ind        0/0               0/0        ( 0.0%) 
detail props          [variable]           1/12       ( 8.3%) 
static props          [variable]           1/12       ( 8.3%) 
pakfile               [variable]      211288/0        ( 0.0%) 
physics               [variable]        3428/4194304  ( 0.1%) 
physics terrain       [variable]           2/1048576  ( 0.0%) 

Level flags = 0

Total triangle count: 56
Writing d:\alyxstory\content\maps\background01.bsp
0 seconds elapsed



materialPath: D:\alyxStory\game\mod_hl2\materials
Loading D:\alyxStory\content\maps\background01.vmf
ConVarRef mat_reduceparticles doesn't point to an existing ConVar
Could not locate 'GameData' key in d:\alyxstory\game\mod_hl2\gameinfo.txt
fixing up env_cubemap materials on brush sides...
0...1...2...3...4...5...6...7...8...9...100...1...2...3...4...5...6...7...8...9...10Processing areas...done (0)
Building Faces...done (0)
FixTjuncs...
PruneNodes...
WriteBSP...
done (0)
writing D:\alyxStory\content\maps\background01.prt...Building visibility clusters...
done (0)
Creating default LDR cubemaps for env_cubemap using skybox materials:
   skybox/sky_day01_01*.vmt
 ! Run buildcubemaps in the engine to get the correct cube maps.
Creating default HDR cubemaps for env_cubemap using skybox materials:
   skybox/sky_day01_01*.vmt
 ! Run buildcubemaps in the engine to get the correct cube maps.
Finding displacement neighbors...
Finding lightmap sample positions...
Displacement Alpha : 0...1...2...3...4...5...6...7...8...9...10
Building Physics collision data...
done (0) (3428 bytes)
Placing detail props : 0...1...2...3...4...5...6...7...8...9...10
Compacting texture/material tables...
Reduced 22 texinfos to 13
Reduced 5 texdatas to 5 (93 bytes to 93)
Writing D:\alyxStory\content\maps\background01.bsp
0 seconds elapsed



8 threads
reading d:\alyxstory\content\maps\background01.bsp
reading d:\alyxstory\content\maps\background01.prt
   4 portalclusters
   4 numportals
0...1...2...3...4...5...6...7...8...9...100...1...2...3...4...5...6...7...8...9...10Optimized: 0 visible clusters (0.00%)
Total clusters visible: 16
Average clusters visible: 4
Building PAS...
Average clusters audible: 4
visdatasize:44  compressed from 64
writing d:\alyxstory\content\maps\background01.bsp
0 seconds elapsed



[Reading texlights from 'lights.rad']
[45 texlights parsed from 'lights.rad']

Loading d:\alyxstory\content\maps\background01.bsp
28 faces
730 square feet [105212.34 square inches]
0 Displacements
0 Square Feet [0.00 Square Inches]
28 patches before subdivision
38 patches after subdivision
3 direct lights
0...1...2...3...4...5...6...7...8...9...100...1...2...3...4...5...6...7...8...9...10transfers 407, max 19
transfer lists:   0.0 megs
0...1...2...3...4...5...6...7...8...9...10	Bounce #1 added RGB(1, 1, 1)
Build Patch/Sample Hash Table(s).....Done<0.0000 sec>
0...1...2...3...4...5...6...7...8...9...10FinalLightFace Done
0 of 0 (0% of) surface lights went in leaf ambient cubes.
0...1...2...3...4...5...6...7...8...9...10Writing leaf ambient...done
Ready to Finish

Object names       Objects/Maxobjs  Memory / Maxmem  Fullness 
------------       ---------------  ---------------  -------- 
models                   3/1024          144/49152    ( 0.3%) 
brushes                  8/8192           96/98304    ( 0.1%) 
brushsides              50/65536         400/524288   ( 0.1%) 
planes                  70/65536        1400/1310720  ( 0.1%) 
vertexes                47/65536         564/786432   ( 0.1%) 
nodes                   39/65536        1248/2097152  ( 0.1%) 
texinfos                13/12288         936/884736   ( 0.1%) 
texdata                  5/2048          160/65536    ( 0.2%) 
dispinfos                0/0               0/0        ( 0.0%) 
disp_verts               0/0               0/0        ( 0.0%) 
disp_tris                0/0               0/0        ( 0.0%) 
disp_lmsamples           0/0               0/0        ( 0.0%) 
faces                   28/65536        1568/3670016  ( 0.0%) 
hdr faces                0/65536           0/3670016  ( 0.0%) 
origfaces               18/65536        1008/3670016  ( 0.0%) 
leaves                  43/65536        1376/2097152  ( 0.1%) 
leaffaces               28/65536          56/131072   ( 0.0%) 
leafbrushes             18/65536          36/131072   ( 0.0%) 
areas                    2/256            16/2048     ( 0.8%) 
surfedges              184/512000        736/2048000  ( 0.0%) 
edges                  103/256000        412/1024000  ( 0.0%) 
LDR worldlights          3/8192          264/720896   ( 0.0%) 
HDR worldlights          0/8192            0/720896   ( 0.0%) 
leafwaterdata            0/32768           0/393216   ( 0.0%) 
waterstrips              0/32768           0/327680   ( 0.0%) 
waterverts               0/65536           0/786432   ( 0.0%) 
waterindices             0/65536           0/131072   ( 0.0%) 
cubemapsamples           1/1024           16/16384    ( 0.1%) 
overlays                 1/512           352/180224   ( 0.2%) 
LDR lightdata         [variable]         412/0        ( 0.0%) 
HDR lightdata         [variable]           0/0        ( 0.0%) 
visdata               [variable]          44/16777216 ( 0.0%) 
entdata               [variable]        6313/393216   ( 1.6%) 
LDR ambient table       43/65536         172/262144   ( 0.1%) 
HDR ambient table       43/65536         172/262144   ( 0.1%) 
LDR leaf ambient        32/65536         896/1835008  ( 0.0%) 
HDR leaf ambient        43/65536        1204/1835008  ( 0.1%) 
occluders                0/0               0/0        ( 0.0%) 
occluder polygons        0/0               0/0        ( 0.0%) 
occluder vert ind        0/0               0/0        ( 0.0%) 
detail props          [variable]           1/12       ( 8.3%) 
static props          [variable]           1/12       ( 8.3%) 
pakfile               [variable]      211288/0        ( 0.0%) 
physics               [variable]        3428/4194304  ( 0.1%) 
physics terrain       [variable]           2/1048576  ( 0.0%) 

Level flags = 0

Total triangle count: 56
Writing d:\alyxstory\content\maps\background01.bsp
0 seconds elapsed



[Reading texlights from 'lights.rad']
[45 texlights parsed from 'lights.rad']

Loading d:\alyxstory\content\maps\background01.bsp
28 faces
730 square feet [105212.34 square inches]
0 Displacements
0 Square Feet [0.00 Square Inches]
28 patches before subdivision
38 patches after subdivision
3 direct lights
0...1...2...3...4...5...6...7...8...9...100...1...2...3...4...5...6...7...8...9...10transfers 407, max 19
transfer lists:   0.0 megs
0...1...2...3...4...5...6...7...8...9...10	Bounce #1 added RGB(1, 1, 1)
Build Patch/Sample Hash Table(s).....Done<0.0000 sec>
0...1...2...3...4...5...6...7...8...9...10FinalLightFace Done
0 of 0 (0% of) surface lights went in leaf ambient cubes.
0...1...2...3...4...5...6...7...8...9...10Writing leaf ambient...done
Ready to Finish

Object names       Objects/Maxobjs  Memory / Maxmem  Fullness 
------------       ---------------  ---------------  -------- 
models                   3/1024          144/49152    ( 0.3%) 
brushes                  8/8192           96/98304    ( 0.1%) 
brushsides              50/65536         400/524288   ( 0.1%) 
planes                  70/65536        1400/1310720  ( 0.1%) 
vertexes                47/65536         564/786432   ( 0.1%) 
nodes                   39/65536        1248/2097152  ( 0.1%) 
texinfos                13/12288         936/884736   ( 0.1%) 
texdata                  5/2048          160/65536    ( 0.2%) 
dispinfos                0/0               0/0        ( 0.0%) 
disp_verts               0/0               0/0        ( 0.0%) 
disp_tris                0/0               0/0        ( 0.0%) 
disp_lmsamples           0/0               0/0        ( 0.0%) 
faces                   28/65536        1568/3670016  ( 0.0%) 
hdr faces               28/65536        1568/3670016  ( 0.0%) 
origfaces               18/65536        1008/3670016  ( 0.0%) 
leaves                  43/65536        1376/2097152  ( 0.1%) 
leaffaces               28/65536          56/131072   ( 0.0%) 
leafbrushes             18/65536          36/131072   ( 0.0%) 
areas                    2/256            16/2048     ( 0.8%) 
surfedges              184/512000        736/2048000  ( 0.0%) 
edges                  103/256000        412/1024000  ( 0.0%) 
LDR worldlights          3/8192          264/720896   ( 0.0%) 
HDR worldlights          3/8192          264/720896   ( 0.0%) 
leafwaterdata            0/32768           0/393216   ( 0.0%) 
waterstrips              0/32768           0/327680   ( 0.0%) 
waterverts               0/65536           0/786432   ( 0.0%) 
waterindices             0/65536           0/131072   ( 0.0%) 
cubemapsamples           1/1024           16/16384    ( 0.1%) 
overlays                 1/512           352/180224   ( 0.2%) 
LDR lightdata         [variable]         412/0        ( 0.0%) 
HDR lightdata         [variable]         412/0        ( 0.0%) 
visdata               [variable]          44/16777216 ( 0.0%) 
entdata               [variable]        6313/393216   ( 1.6%) 
LDR ambient table       43/65536         172/262144   ( 0.1%) 
HDR ambient table       43/65536         172/262144   ( 0.1%) 
LDR leaf ambient        32/65536         896/1835008  ( 0.0%) 
HDR leaf ambient        32/65536         896/1835008  ( 0.0%) 
occluders                0/0               0/0        ( 0.0%) 
occluder polygons        0/0               0/0        ( 0.0%) 
occluder vert ind        0/0               0/0        ( 0.0%) 
detail props          [variable]           1/12       ( 8.3%) 
static props          [variable]           1/12       ( 8.3%) 
pakfile               [variable]      211288/0        ( 0.0%) 
physics               [variable]        3428/4194304  ( 0.1%) 
physics terrain       [variable]           2/1048576  ( 0.0%) 

Level flags = 0

Total triangle count: 56
Writing d:\alyxstory\content\maps\background01.bsp
0 seconds elapsed
