PRT1
90
150
4 0 2 (1216 448 0 ) (1216 400 0 ) (1216 400 108 ) (1216 448 108 ) 
4 1 2 (1216 136 0 ) (1216 88 0 ) (1216 88 108 ) (1216 136 108 ) 
4 2 24 (1216 0 128 ) (1072 0 128 ) (1072 0 0 ) (1216 0 0 ) 
4 2 5 (1072 88 109.874008 ) (1072 88 38 ) (1072 48 38 ) (1072 48 109.874008 ) 
4 2 3 (1072 472 109.874008 ) (1072 472 38 ) (1072 432 38 ) (1072 432 109.874008 ) 
4 3 4 (1065 472 38 ) (1065 432 38 ) (1065 432 109.874008 ) (1065 472 109.874008 ) 
4 4 7 (1064 472 109.874008 ) (1064 472 38 ) (1064 432 38 ) (1064 432 109.874008 ) 
4 5 6 (1065 88 38 ) (1065 48 38 ) (1065 48 109.874008 ) (1065 88 109.874008 ) 
4 6 7 (1064 88 109.874008 ) (1064 88 38 ) (1064 48 38 ) (1064 48 109.874008 ) 
4 7 27 (1064 0 -7 ) (1064 0 128 ) (1024 0 128 ) (1024 0 -7 ) 
4 7 9 (1024 558 -7 ) (1024 0 -7 ) (1024 0 128 ) (1024 558 128 ) 
4 8 53 (0 128 136 ) (0 200 136 ) (0 200 128 ) (0 128 128 ) 
4 8 13 (0 128 128 ) (0 129 128 ) (26 129 128 ) (26 128 128 ) 
4 8 12 (26 129 128 ) (56 129 128 ) (56 128 128 ) (26 128 128 ) 
4 8 11 (0 129 128 ) (0 200 128 ) (56 200 128 ) (56 129 128 ) 
4 9 29 (1024 0 -7 ) (1024 0 128 ) (992 0 128 ) (992 0 -7 ) 
4 10 30 (312 0 0 ) (312 0 128 ) (128 0 128 ) (128 0 0 ) 
4 11 54 (0 200 110 ) (0 200 1 ) (0 129 1 ) (0 129 110 ) 
4 11 53 (0 129 128 ) (0 200 128 ) (0 200 110 ) (0 129 110 ) 
4 11 14 (26 129 86 ) (26 129 110 ) (0 129 110 ) (0 129 86 ) 
4 11 13 (26 129 110 ) (26 129 128 ) (0 129 128 ) (0 129 110 ) 
4 11 15 (0 129 1 ) (26 129 1 ) (26 129 86 ) (0 129 86 ) 
4 11 12 (26 129 1 ) (56 129 1 ) (56 129 128 ) (26 129 128 ) 
4 12 14 (26 129 110 ) (26 129 86 ) (26 128 86 ) (26 128 110 ) 
4 12 13 (26 129 128 ) (26 129 110 ) (26 128 110 ) (26 128 128 ) 
4 12 15 (26 129 86 ) (26 129 1 ) (26 128 1 ) (26 128 86 ) 
4 13 53 (0 128 110 ) (0 128 128 ) (0 129 128 ) (0 129 110 ) 
4 13 14 (0 129 110 ) (26 129 110 ) (26 128 110 ) (0 128 110 ) 
4 14 55 (0 128 86 ) (0 128 110 ) (0 129 110 ) (0 129 86 ) 
4 14 18 (0 128 110 ) (0 128 86 ) (26 128 86 ) (26 128 110 ) 
4 14 15 (0 129 86 ) (26 129 86 ) (26 128 86 ) (0 128 86 ) 
4 15 56 (0 128 1 ) (0 128 86 ) (0 129 86 ) (0 129 1 ) 
4 15 20 (0 128 86 ) (0 128 38 ) (26 128 38 ) (26 128 86 ) 
4 16 31 (72 0 0 ) (72 0 128 ) (26 0 128 ) (26 0 0 ) 
4 16 21 (26 120 0 ) (26 0 0 ) (26 0 86 ) (26 120 86 ) 
4 16 19 (26 0 86 ) (26 0 110 ) (26 120 110 ) (26 120 86 ) 
4 16 17 (26 0 110 ) (26 0 128 ) (26 120 128 ) (26 120 110 ) 
4 17 59 (0 0 110 ) (0 0 128 ) (0 120 128 ) (0 120 110 ) 
4 17 31 (0 0 128 ) (0 0 110 ) (26 0 110 ) (26 0 128 ) 
4 17 19 (26 120 110 ) (26 0 110 ) (0 0 110 ) (0 120 110 ) 
4 18 60 (0 127 110 ) (0 128 110 ) (0 128 86 ) (0 127 86 ) 
4 18 20 (0 128 86 ) (26 128 86 ) (26 127 86 ) (0 127 86 ) 
4 18 19 (0 127 86 ) (26 127 86 ) (26 127 110 ) (0 127 110 ) 
4 19 61 (0 0 86 ) (0 0 110 ) (0 127 110 ) (0 127 86 ) 
4 19 31 (0 0 110 ) (0 0 86 ) (26 0 86 ) (26 0 110 ) 
4 19 20 (26 127 86 ) (26 120 86 ) (0 120 86 ) (0 127 86 ) 
4 19 21 (26 120 86 ) (26 0 86 ) (0 0 86 ) (0 120 86 ) 
4 20 62 (0 120 86 ) (0 128 86 ) (0 128 38 ) (0 120 38 ) 
4 20 21 (26 120 38 ) (26 120 86 ) (0 120 86 ) (0 120 38 ) 
4 21 63 (0 0 0 ) (0 0 86 ) (0 120 86 ) (0 120 0 ) 
4 21 31 (0 0 86 ) (0 0 0 ) (26 0 0 ) (26 0 86 ) 
4 22 24 (1216 -176 108 ) (1216 -176 0 ) (1216 -224 0 ) (1216 -224 108 ) 
4 23 24 (1216 -488 108 ) (1216 -488 0 ) (1216 -536 0 ) (1216 -536 108 ) 
4 24 25 (1072 -296 109.874008 ) (1072 -296 38 ) (1072 -336 38 ) (1072 -336 109.874008 ) 
4 25 26 (1065 -296 38 ) (1065 -336 38 ) (1065 -336 109.874008 ) (1065 -296 109.874008 ) 
4 26 27 (1064 -336 38 ) (1064 -336 109.874008 ) (1064 -296 109.874008 ) (1064 -296 38 ) 
4 27 32 (1024 -136 -7 ) (1024 -350 -7 ) (1024 -350 128 ) (1024 -136 128 ) 
4 27 29 (1024 0 128 ) (1024 0 -7 ) (1024 -136 -7 ) (1024 -136 128 ) 
4 28 65 (0 -576 136 ) (0 -504 136 ) (0 -504 128 ) (0 -576 128 ) 
4 28 47 (0 -576 128 ) (0 -504 128 ) (182 -504 128 ) (182 -576 128 ) 
4 29 32 (1024 -136 -7 ) (1024 -136 128 ) (992 -136 128 ) (992 -136 -7 ) 
4 30 35 (191 -136 114 ) (191 -136 0 ) (255 -136 0 ) (255 -136 114 ) 
4 31 73 (0 -136 0 ) (0 -136 128 ) (0 -110 128 ) (0 -110 0 ) 
4 31 70 (0 0 88 ) (0 0 0 ) (0 -110 0 ) (0 -110 88 ) 
4 31 67 (0 -110 128 ) (0 0 128 ) (0 0 88 ) (0 -110 88 ) 
4 33 34 (344 -241 116 ) (344 -241 0 ) (344 -307 0 ) (344 -307 116 ) 
4 34 39 (336 -307 0 ) (336 -307 116 ) (336 -256 116 ) (336 -256 0 ) 
4 34 37 (336 -256 116 ) (336 -248 116 ) (336 -248 0 ) (336 -256 0 ) 
4 34 36 (336 -248 116 ) (336 -241 116 ) (336 -241 0 ) (336 -248 0 ) 
4 35 36 (255 -144 0 ) (255 -144 114 ) (191 -144 114 ) (191 -144 0 ) 
4 36 75 (0 -248 0 ) (0 -248 128 ) (0 -144 128 ) (0 -144 0 ) 
4 36 38 (73 -248 113 ) (73 -248 0 ) (193 -248 0 ) (193 -248 113 ) 
4 36 37 (336 -248 0 ) (336 -248 128 ) (200 -248 128 ) (200 -248 0 ) 
4 37 40 (232 -256 128 ) (200 -256 128 ) (200 -256 0 ) (232 -256 0 ) 
4 37 39 (336 -256 0 ) (336 -256 128 ) (232 -256 128 ) (232 -256 0 ) 
4 38 41 (73 -256 113 ) (73 -256 0 ) (192 -256 0 ) (192 -256 113 ) 
4 39 40 (232 -256 128 ) (232 -256 0 ) (232 -288 0 ) (232 -288 128 ) 
4 41 77 (0 -288 0 ) (0 -288 128 ) (0 -256 128 ) (0 -256 0 ) 
4 41 42 (192 -288 128 ) (0 -288 128 ) (0 -288 0 ) (192 -288 0 ) 
4 42 77 (0 -496 0 ) (0 -496 128 ) (0 -288 128 ) (0 -288 0 ) 
4 42 45 (0 -496 109.874008 ) (0 -496 38 ) (40 -496 38 ) (40 -496 109.874008 ) 
4 42 43 (120 -496 109.874008 ) (120 -496 38 ) (160 -496 38 ) (160 -496 109.874008 ) 
4 43 44 (120 -503 38 ) (160 -503 38 ) (160 -503 109.874008 ) (120 -503 109.874008 ) 
4 44 47 (160 -504 38 ) (160 -504 109.874008 ) (120 -504 109.874008 ) (120 -504 38 ) 
4 45 46 (0 -503 38 ) (40 -503 38 ) (40 -503 109.874008 ) (0 -503 109.874008 ) 
4 46 47 (40 -504 38 ) (40 -504 109.874008 ) (0 -504 109.874008 ) (0 -504 38 ) 
4 47 78 (0 -576 128 ) (0 -504 128 ) (0 -504 1 ) (0 -576 1 ) 
4 48 49 (2720 -1400 200 ) (2720 -1400 0 ) (2720 -1536 0 ) (2720 -1536 200 ) 
4 49 50 (2712 -1536 0 ) (2712 -1536 200 ) (2712 -1400 200 ) (2712 -1400 0 ) 
4 50 51 (2048 -1592 0 ) (2048 -1592 240 ) (2048 -1344 240 ) (2048 -1344 0 ) 
4 51 52 (1024 -1592 0 ) (1024 -1592 240 ) (1024 -1344 240 ) (1024 -1344 0 ) 
4 52 83 (0 -1592 0 ) (0 -1592 240 ) (0 -1344 240 ) (0 -1344 0 ) 
4 53 55 (0 128 110 ) (-14 128 110 ) (-14 129 110 ) (0 129 110 ) 
4 53 54 (-14 129 110 ) (-14 200 110 ) (0 200 110 ) (0 129 110 ) 
4 53 57 (-14 128 110 ) (-23 128 110 ) (-23 200 110 ) (-14 200 110 ) 
4 54 56 (-14 129 86 ) (-14 129 1 ) (0 129 1 ) (0 129 86 ) 
4 54 55 (-14 129 110 ) (-14 129 86 ) (0 129 86 ) (0 129 110 ) 
4 54 57 (-14 129 110 ) (-14 200 110 ) (-14 200 1 ) (-14 129 1 ) 
4 55 60 (0 128 86 ) (0 128 110 ) (-14 128 110 ) (-14 128 86 ) 
4 55 57 (-14 128 110 ) (-14 129 110 ) (-14 129 86 ) (-14 128 86 ) 
4 55 56 (0 128 86 ) (-14 128 86 ) (-14 129 86 ) (0 129 86 ) 
4 56 62 (0 128 38 ) (0 128 86 ) (-14 128 86 ) (-14 128 38 ) 
4 56 57 (-14 129 86 ) (-14 129 1 ) (-14 128 1 ) (-14 128 86 ) 
4 59 67 (0 0 110 ) (0 0 128 ) (-14 0 128 ) (-14 0 110 ) 
4 59 64 (-14 0 128 ) (-14 120 128 ) (-14 120 110 ) (-14 0 110 ) 
4 59 61 (0 0 110 ) (-14 0 110 ) (-14 120 110 ) (0 120 110 ) 
4 60 62 (-14 127 86 ) (-14 128 86 ) (0 128 86 ) (0 127 86 ) 
4 60 61 (-14 127 86 ) (0 127 86 ) (0 127 110 ) (-14 127 110 ) 
4 61 70 (0 0 86 ) (0 0 88 ) (-14 0 88 ) (-14 0 86 ) 
4 61 67 (0 0 88 ) (0 0 110 ) (-14 0 110 ) (-14 0 88 ) 
4 61 64 (-14 120 86 ) (-14 0 86 ) (-14 0 110 ) (-14 120 110 ) 
4 61 62 (-14 120 86 ) (-14 127 86 ) (0 127 86 ) (0 120 86 ) 
4 61 63 (0 0 86 ) (-14 0 86 ) (-14 120 86 ) (0 120 86 ) 
4 62 63 (0 120 38 ) (0 120 86 ) (-14 120 86 ) (-14 120 38 ) 
4 63 70 (0 0 0 ) (0 0 86 ) (-14 0 86 ) (-14 0 0 ) 
4 63 64 (-14 120 0 ) (-14 0 0 ) (-14 0 86 ) (-14 120 86 ) 
4 64 70 (-14 0 0 ) (-14 0 88 ) (-128 0 88 ) (-128 0 0 ) 
4 64 67 (-14 0 88 ) (-14 0 128 ) (-128 0 128 ) (-128 0 88 ) 
4 65 78 (0 -504 128 ) (0 -576 128 ) (-14 -576 128 ) (-14 -504 128 ) 
4 66 84 (-1024 -1024 240 ) (-1024 -1024 128 ) (-576 -1024 128 ) (-576 -1024 240 ) 
4 66 82 (-576 -1024 584 ) (-1024 -1024 584 ) (-1024 -1024 240 ) (-576 -1024 240 ) 
4 66 80 (-1024 -944 128 ) (-1024 -1024 128 ) (-1024 -1024 584 ) (-1024 -944 584 ) 
4 66 79 (-576 -1024 128 ) (-1024 -1024 128 ) (-1024 -944 128 ) (-576 -944 128 ) 
4 67 73 (0 -110 88 ) (0 -110 128 ) (-128 -110 128 ) (-128 -110 88 ) 
4 67 70 (0 -110 88 ) (-128 -110 88 ) (-128 0 88 ) (0 0 88 ) 
4 67 68 (-128 0 88 ) (-128 -110 88 ) (-128 -110 104 ) (-128 0 104 ) 
4 68 70 (-128 -110 88 ) (-133 -110 88 ) (-133 0 88 ) (-128 0 88 ) 
4 68 69 (-133 0 88 ) (-133 -110 88 ) (-133 -110 104 ) (-133 0 104 ) 
4 69 70 (-133 -110 88 ) (-217 -110 88 ) (-217 0 88 ) (-133 0 88 ) 
4 70 73 (0 -110 0 ) (0 -110 88 ) (-128 -110 88 ) (-128 -110 0 ) 
4 70 71 (-217 0 0 ) (-217 -46 0 ) (-217 -46 88 ) (-217 0 88 ) 
4 70 72 (-217 -64 0 ) (-217 -110 0 ) (-217 -110 88 ) (-217 -64 88 ) 
4 73 74 (-73 -136 115 ) (-73 -136 0 ) (-9 -136 0 ) (-9 -136 115 ) 
4 74 75 (-73 -144 115 ) (-73 -144 0 ) (-9 -144 0 ) (-9 -144 115 ) 
4 75 76 (-196 -165 0 ) (-196 -229 0 ) (-196 -229 112 ) (-196 -165 112 ) 
4 79 84 (-576 -1024 0 ) (-576 -1024 128 ) (-1024 -1024 128 ) (-1024 -1024 0 ) 
4 79 80 (-1024 -1024 0 ) (-1024 -1024 128 ) (-1024 -944 128 ) (-1024 -944 0 ) 
4 80 85 (-1024 -1024 0 ) (-1024 -1024 584 ) (-2048 -1024 584 ) (-2048 -1024 0 ) 
4 80 81 (-2048 -1024 0 ) (-2048 -1024 584 ) (-2048 -944 584 ) (-2048 -944 0 ) 
4 81 88 (-2048 -1024 0 ) (-2048 -1024 584 ) (-2560 -1024 584 ) (-2560 -1024 0 ) 
4 82 86 (-576 -2048 584 ) (-1024 -2048 584 ) (-1024 -2048 240 ) (-576 -2048 240 ) 
4 82 85 (-1024 -1024 584 ) (-1024 -1024 240 ) (-1024 -2048 240 ) (-1024 -2048 584 ) 
4 82 84 (-576 -2048 240 ) (-1024 -2048 240 ) (-1024 -1024 240 ) (-576 -1024 240 ) 
4 84 86 (-576 -2048 0 ) (-576 -2048 240 ) (-1024 -2048 240 ) (-1024 -2048 0 ) 
4 84 85 (-1024 -1024 240 ) (-1024 -1024 0 ) (-1024 -2048 0 ) (-1024 -2048 240 ) 
4 85 88 (-2048 -1024 584 ) (-2048 -1024 0 ) (-2048 -2048 0 ) (-2048 -2048 584 ) 
4 85 87 (-1024 -2048 0 ) (-1024 -2048 584 ) (-2048 -2048 584 ) (-2048 -2048 0 ) 
4 86 87 (-1024 -2640 0 ) (-1024 -2640 584 ) (-1024 -2048 584 ) (-1024 -2048 0 ) 
4 87 89 (-2048 -2640 0 ) (-2048 -2640 584 ) (-2048 -2048 584 ) (-2048 -2048 0 ) 
4 88 89 (-2048 -2048 0 ) (-2048 -2048 584 ) (-2560 -2048 584 ) (-2560 -2048 0 ) 
