PRT1
128
189
4 0 13 (1528 1024 128 ) (1384 1024 128 ) (1384 1024 0 ) (1528 1024 0 ) 
4 1 4 (1536 472 253 ) (1536 472 149 ) (1536 432 149 ) (1536 432 253 ) 
4 1 5 (1536 48 264 ) (1536 432 264 ) (1536 432 149 ) (1536 48 149 ) 
4 2 55 (1536 0 128 ) (1536 0 -7 ) (1608 0 -7 ) (1608 0 128 ) 
4 2 12 (1536 0 0 ) (1536 0 128 ) (1536 472 128 ) (1536 472 0 ) 
4 3 10 (1528 472 149 ) (1384 472 149 ) (1384 552 149 ) (1528 552 149 ) 
4 3 7 (1384 680 149 ) (1384 618 149 ) (1384 618 261 ) (1384 680 261 ) 
4 3 6 (1384 472 272 ) (1384 472 149 ) (1528 472 149 ) (1528 472 272 ) 
4 4 10 (1529 432 149 ) (1528 432 149 ) (1528 472 149 ) (1529 472 149 ) 
4 4 5 (1528 432 253 ) (1528 432 149 ) (1536 432 149 ) (1536 432 253 ) 
4 4 6 (1528 472 253 ) (1528 472 149 ) (1528 432 149 ) (1528 432 253 ) 
4 5 10 (1528 112 149 ) (1528 432 149 ) (1529 432 149 ) (1529 112 149 ) 
4 5 6 (1528 432 149 ) (1528 48 149 ) (1528 48 272 ) (1528 432 272 ) 
4 6 48 (1392 0 272 ) (1384 0 272 ) (1384 0 149 ) (1392 0 149 ) 
4 6 47 (1520 0 272 ) (1392 0 272 ) (1392 0 149 ) (1520 0 149 ) 
4 6 45 (1528 0 272 ) (1520 0 272 ) (1520 0 149 ) (1528 0 149 ) 
4 6 11 (1528 0 149 ) (1384 0 149 ) (1384 112 149 ) (1528 112 149 ) 
4 6 10 (1384 112 149 ) (1384 472 149 ) (1528 472 149 ) (1528 112 149 ) 
4 6 9 (1384 65 149 ) (1384 1 149 ) (1384 1 261 ) (1384 65 261 ) 
4 6 8 (1384 370 149 ) (1384 306 149 ) (1384 306 261 ) (1384 370 261 ) 
4 7 20 (1376 680 261 ) (1376 680 149 ) (1376 618 149 ) (1376 618 261 ) 
4 8 21 (1376 370 261 ) (1376 370 149 ) (1376 306 149 ) (1376 306 261 ) 
4 8 10 (1383 370 149 ) (1384 370 149 ) (1384 306 149 ) (1383 306 149 ) 
4 9 22 (1376 65 261 ) (1376 65 149 ) (1376 1 149 ) (1376 1 261 ) 
4 10 15 (1384 368 128 ) (1384 304 128 ) (1383 304 128 ) (1383 368 128 ) 
4 10 12 (1529 472 128 ) (1529 112 128 ) (1528 112 128 ) (1528 472 128 ) 
4 10 13 (1384 552 128 ) (1528 552 128 ) (1528 112 128 ) (1384 112 128 ) 
4 10 11 (1384 112 128 ) (1528 112 128 ) (1528 112 149 ) (1384 112 149 ) 
4 11 13 (1528 0 128 ) (1384 0 128 ) (1384 112 128 ) (1528 112 128 ) 
4 12 57 (1529 0 128 ) (1528 0 128 ) (1528 0 0 ) (1529 0 0 ) 
4 12 56 (1536 0 0 ) (1536 0 128 ) (1529 0 128 ) (1529 0 0 ) 
4 12 18 (1528 88 0 ) (1528 304 0 ) (1529 304 0 ) (1529 88 0 ) 
4 12 17 (1528 304 0 ) (1528 312 0 ) (1529 312 0 ) (1529 304 0 ) 
4 12 13 (1528 472 0 ) (1528 0 0 ) (1528 0 128 ) (1528 472 128 ) 
4 13 57 (1528 0 128 ) (1384 0 128 ) (1384 0 0 ) (1528 0 0 ) 
4 13 18 (1528 304 0 ) (1528 88 0 ) (1384 88 0 ) (1384 304 0 ) 
4 13 17 (1528 312 0 ) (1528 304 0 ) (1384 304 0 ) (1384 312 0 ) 
4 13 16 (1384 56 0 ) (1384 0 0 ) (1384 0 128 ) (1384 56 128 ) 
4 13 14 (1384 680 0 ) (1384 616 0 ) (1384 616 128 ) (1384 680 128 ) 
4 13 15 (1384 368 0 ) (1384 304 0 ) (1384 304 128 ) (1384 368 128 ) 
4 14 23 (1376 616 128 ) (1376 680 128 ) (1376 680 0 ) (1376 616 0 ) 
4 15 24 (1376 304 128 ) (1376 368 128 ) (1376 368 0 ) (1376 304 0 ) 
4 15 17 (1376 304 0 ) (1376 312 0 ) (1384 312 0 ) (1384 304 0 ) 
4 16 59 (1384 0 128 ) (1376 0 128 ) (1376 0 0 ) (1384 0 0 ) 
4 16 25 (1376 0 0 ) (1376 0 128 ) (1376 56 128 ) (1376 56 0 ) 
4 17 19 (1377 312 -32 ) (1529 312 -32 ) (1529 304 -32 ) (1377 304 -32 ) 
4 17 18 (1384 304 -32 ) (1529 304 -32 ) (1529 304 0 ) (1384 304 0 ) 
4 18 19 (1384 304 -32 ) (1529 304 -32 ) (1529 88 -32 ) (1384 88 -32 ) 
4 22 51 (1376 0 136 ) (1376 0 149 ) (1288 0 149 ) (1288 0 136 ) 
4 22 49 (1376 0 149 ) (1376 0 272 ) (1288 0 272 ) (1288 0 149 ) 
4 25 61 (1376 0 0 ) (1376 0 128 ) (1288 0 128 ) (1288 0 0 ) 
4 26 32 (1008 128 -184 ) (1008 128 128 ) (644 128 128 ) (644 128 -184 ) 
4 26 31 (1008 128 128 ) (1008 128 284 ) (644 128 284 ) (644 128 128 ) 
4 26 28 (644 128 208 ) (644 128 284 ) (644 275 284 ) (644 275 208 ) 
4 26 29 (644 275 -184 ) (644 128 -184 ) (644 128 0 ) (644 275 0 ) 
4 26 27 (644 424 284 ) (644 424 -184 ) (644 275 -184 ) (644 275 284 ) 
4 27 28 (644 275 208 ) (644 275 284 ) (640 275 284 ) (640 275 208 ) 
4 27 29 (640 275 -184 ) (644 275 -184 ) (644 275 0 ) (640 275 0 ) 
4 28 31 (644 128 284 ) (640 128 284 ) (640 128 208 ) (644 128 208 ) 
4 29 32 (640 128 0 ) (640 128 -184 ) (644 128 -184 ) (644 128 0 ) 
4 30 38 (0 128 1 ) (0 128 96 ) (0 200 96 ) (0 200 1 ) 
4 30 37 (0 128 96 ) (0 128 136 ) (0 200 136 ) (0 200 96 ) 
4 30 35 (0 128 110 ) (0 128 38 ) (26 128 38 ) (26 128 110 ) 
4 31 89 (640 0 149 ) (640 0 128 ) (896 0 128 ) (896 0 149 ) 
4 31 87 (896 0 128 ) (1008 0 128 ) (1008 0 149 ) (896 0 149 ) 
4 31 82 (640 0 280 ) (640 0 149 ) (1008 0 149 ) (1008 0 280 ) 
4 31 81 (1008 0 284 ) (640 0 284 ) (640 0 280 ) (1008 0 280 ) 
4 31 32 (640 128 128 ) (1008 128 128 ) (1008 0 128 ) (640 0 128 ) 
4 32 100 (648 0 128 ) (640 0 128 ) (640 0 -184 ) (648 0 -184 ) 
4 32 98 (816 0 128 ) (648 0 128 ) (648 0 -184 ) (816 0 -184 ) 
4 32 95 (928 0 128 ) (816 0 128 ) (816 0 -184 ) (928 0 -184 ) 
4 32 93 (1008 0 -184 ) (1008 0 128 ) (928 0 128 ) (928 0 -184 ) 
4 33 103 (312 0 0 ) (312 0 128 ) (128 0 128 ) (128 0 0 ) 
4 34 104 (72 0 0 ) (72 0 128 ) (26 0 128 ) (26 0 0 ) 
4 34 36 (26 0 128 ) (26 120 128 ) (26 120 0 ) (26 0 0 ) 
4 35 40 (0 128 110 ) (0 128 38 ) (0 120 38 ) (0 120 110 ) 
4 35 36 (26 120 38 ) (26 120 110 ) (0 120 110 ) (0 120 38 ) 
4 36 104 (26 0 0 ) (26 0 128 ) (0 0 128 ) (0 0 0 ) 
4 36 42 (0 0 0 ) (0 0 38 ) (0 120 38 ) (0 120 0 ) 
4 36 41 (0 0 38 ) (0 0 128 ) (0 120 128 ) (0 120 38 ) 
4 37 40 (0 128 96 ) (0 128 110 ) (-14 128 110 ) (-14 128 96 ) 
4 37 38 (0 128 96 ) (-23 128 96 ) (-23 200 96 ) (0 200 96 ) 
4 38 40 (0 128 38 ) (0 128 96 ) (-14 128 96 ) (-14 128 38 ) 
4 40 41 (-14 120 110 ) (-14 120 38 ) (0 120 38 ) (0 120 110 ) 
4 41 116 (0 0 38 ) (0 0 128 ) (-14 0 128 ) (-14 0 38 ) 
4 41 43 (-14 0 128 ) (-14 120 128 ) (-14 120 38 ) (-14 0 38 ) 
4 41 42 (-14 0 38 ) (-14 120 38 ) (0 120 38 ) (0 0 38 ) 
4 42 116 (0 0 0 ) (0 0 38 ) (-14 0 38 ) (-14 0 0 ) 
4 42 43 (-14 120 0 ) (-14 0 0 ) (-14 0 38 ) (-14 120 38 ) 
4 43 116 (-14 0 0 ) (-14 0 128 ) (-128 0 128 ) (-128 0 0 ) 
4 44 50 (1240 -264 272 ) (1240 -160 272 ) (1352 -160 272 ) (1352 -264 272 ) 
4 45 47 (1520 0 149 ) (1520 -16 149 ) (1520 -16 272 ) (1520 0 272 ) 
4 46 47 (1520 -48 149 ) (1520 -112 149 ) (1520 -112 272 ) (1520 -48 272 ) 
4 47 48 (1392 0 149 ) (1392 -88 149 ) (1392 -88 272 ) (1392 0 272 ) 
4 49 51 (1288 0 149 ) (1376 0 149 ) (1376 -40 149 ) (1288 -40 149 ) 
4 50 52 (1240 -181 262 ) (1240 -181 149 ) (1240 -245 149 ) (1240 -245 262 ) 
4 52 53 (1232 -245 149 ) (1232 -245 262 ) (1232 -181 262 ) (1232 -181 149 ) 
4 53 83 (1024 -160 149 ) (1024 -264 149 ) (1024 -264 280 ) (1024 -160 280 ) 
4 53 54 (1223 -264 149 ) (1024 -264 149 ) (1024 -160 149 ) (1223 -160 149 ) 
4 54 91 (1024 -264 128 ) (1024 -265 128 ) (1024 -265 149 ) (1024 -264 149 ) 
4 54 90 (1024 -160 128 ) (1024 -264 128 ) (1024 -264 149 ) (1024 -160 149 ) 
4 54 86 (1024 -159 128 ) (1024 -160 128 ) (1024 -160 149 ) (1024 -159 149 ) 
4 54 67 (1024 -264 128 ) (1024 -160 128 ) (1223 -160 128 ) (1223 -264 128 ) 
4 55 56 (1536 -416 128 ) (1536 0 128 ) (1536 0 0 ) (1536 -416 0 ) 
4 56 57 (1529 -416 0 ) (1529 -416 128 ) (1529 0 128 ) (1529 0 0 ) 
4 57 60 (1384 -256 113 ) (1384 -256 0 ) (1384 -320 0 ) (1384 -320 113 ) 
4 57 59 (1384 -8 128 ) (1384 0 128 ) (1384 0 0 ) (1384 -8 0 ) 
4 57 58 (1384 -416 128 ) (1384 -416 0 ) (1528 -416 0 ) (1528 -416 128 ) 
4 59 61 (1376 -8 128 ) (1376 0 128 ) (1376 0 0 ) (1376 -8 0 ) 
4 60 70 (1376 -272 0 ) (1376 -320 0 ) (1376 -320 113 ) (1376 -272 113 ) 
4 60 66 (1376 -256 113 ) (1376 -256 0 ) (1376 -272 0 ) (1376 -272 113 ) 
4 62 63 (1288 -152 0 ) (1288 -152 128 ) (1288 -56 128 ) (1288 -56 0 ) 
4 63 65 (1223 -152 114 ) (1223 -152 0 ) (1287 -152 0 ) (1287 -152 114 ) 
4 64 94 (1024 -152 0 ) (1024 -152 128 ) (1024 -56 128 ) (1024 -56 0 ) 
4 65 67 (1287 -160 0 ) (1287 -160 114 ) (1223 -160 114 ) (1223 -160 0 ) 
4 66 70 (1376 -272 0 ) (1376 -272 113 ) (1368 -272 113 ) (1368 -272 0 ) 
4 66 68 (1368 -272 0 ) (1368 -272 113 ) (1368 -264 113 ) (1368 -264 0 ) 
4 66 67 (1368 -264 113 ) (1368 -256 113 ) (1368 -256 0 ) (1368 -264 0 ) 
4 67 97 (1024 -264 0 ) (1024 -264 128 ) (1024 -160 128 ) (1024 -160 0 ) 
4 67 69 (1105 -264 113 ) (1105 -264 0 ) (1225 -264 0 ) (1225 -264 113 ) 
4 67 68 (1368 -264 0 ) (1368 -264 128 ) (1232 -264 128 ) (1232 -264 0 ) 
4 68 74 (1264 -272 128 ) (1232 -272 128 ) (1232 -272 0 ) (1264 -272 0 ) 
4 68 71 (1368 -272 0 ) (1368 -272 128 ) (1264 -272 128 ) (1264 -272 0 ) 
4 69 76 (1105 -272 113 ) (1105 -272 0 ) (1224 -272 0 ) (1224 -272 113 ) 
4 70 71 (1368 -272 113 ) (1368 -272 0 ) (1368 -320 0 ) (1368 -320 113 ) 
4 71 74 (1264 -272 128 ) (1264 -272 0 ) (1264 -304 0 ) (1264 -304 128 ) 
4 71 72 (1284 -424 0 ) (1348 -424 0 ) (1348 -424 116 ) (1284 -424 116 ) 
4 72 73 (1284 -432 0 ) (1348 -432 0 ) (1348 -432 116 ) (1284 -432 116 ) 
4 75 76 (1224 -344 0 ) (1224 -344 128 ) (1224 -304 128 ) (1224 -304 0 ) 
4 77 78 (2720 -1400 200 ) (2720 -1400 0 ) (2720 -1536 0 ) (2720 -1536 200 ) 
4 78 79 (2712 -1536 0 ) (2712 -1536 200 ) (2712 -1400 200 ) (2712 -1400 0 ) 
4 79 80 (2048 -1592 0 ) (2048 -1592 240 ) (2048 -1344 240 ) (2048 -1344 0 ) 
4 80 126 (1024 -1592 0 ) (1024 -1592 240 ) (1024 -1344 240 ) (1024 -1344 0 ) 
4 81 82 (640 -32 280 ) (640 0 280 ) (1008 0 280 ) (1008 -32 280 ) 
4 82 89 (640 0 149 ) (896 0 149 ) (896 -32 149 ) (640 -32 149 ) 
4 82 87 (896 0 149 ) (1008 0 149 ) (1008 -32 149 ) (896 -32 149 ) 
4 83 90 (1024 -160 149 ) (1024 -264 149 ) (840 -264 149 ) (840 -160 149 ) 
4 83 84 (870 -264 149 ) (934 -264 149 ) (934 -264 264 ) (870 -264 264 ) 
4 84 85 (870 -272 149 ) (934 -272 149 ) (934 -272 264 ) (870 -272 264 ) 
4 86 90 (1008 -160 128 ) (1024 -160 128 ) (1024 -160 149 ) (1008 -160 149 ) 
4 86 88 (1008 -159 128 ) (1008 -160 128 ) (1008 -160 149 ) (1008 -159 149 ) 
4 87 95 (896 0 128 ) (928 0 128 ) (928 -32 128 ) (896 -32 128 ) 
4 87 93 (928 0 128 ) (1008 0 128 ) (1008 -32 128 ) (928 -32 128 ) 
4 87 89 (896 0 128 ) (896 -32 128 ) (896 -32 149 ) (896 0 149 ) 
4 88 90 (896 -160 128 ) (1008 -160 128 ) (1008 -160 149 ) (896 -160 149 ) 
4 89 100 (640 -32 128 ) (640 0 128 ) (648 0 128 ) (648 -32 128 ) 
4 89 98 (648 0 128 ) (816 0 128 ) (816 -32 128 ) (648 -32 128 ) 
4 89 95 (816 0 128 ) (896 0 128 ) (896 -32 128 ) (816 -32 128 ) 
4 90 97 (840 -160 128 ) (1024 -160 128 ) (1024 -264 128 ) (840 -264 128 ) 
4 90 91 (952 -264 128 ) (1024 -264 128 ) (1024 -264 149 ) (952 -264 149 ) 
4 92 115 (0 -504 128 ) (0 -576 128 ) (0 -576 136 ) (0 -504 136 ) 
4 92 114 (0 -576 128 ) (0 -504 128 ) (182 -504 128 ) (182 -576 128 ) 
4 93 95 (928 -32 -184 ) (928 -32 128 ) (928 0 128 ) (928 0 -184 ) 
4 94 96 (959 -152 115 ) (959 -152 0 ) (1023 -152 0 ) (1023 -152 115 ) 
4 95 98 (816 -32 -184 ) (816 -32 128 ) (816 0 128 ) (816 0 -184 ) 
4 96 97 (1023 -160 0 ) (1023 -160 115 ) (959 -160 115 ) (959 -160 0 ) 
4 97 99 (816 -264 0 ) (816 -264 128 ) (816 -160 128 ) (816 -160 0 ) 
4 98 100 (648 -32 128 ) (648 0 128 ) (648 0 -184 ) (648 -32 -184 ) 
4 101 102 (344 -241 116 ) (344 -241 0 ) (344 -307 0 ) (344 -307 116 ) 
4 102 109 (336 -256 0 ) (336 -307 0 ) (336 -307 116 ) (336 -256 116 ) 
4 102 107 (336 -248 0 ) (336 -256 0 ) (336 -256 116 ) (336 -248 116 ) 
4 102 106 (336 -241 116 ) (336 -241 0 ) (336 -248 0 ) (336 -248 116 ) 
4 103 105 (191 -136 115 ) (191 -136 0 ) (255 -136 0 ) (255 -136 115 ) 
4 104 120 (0 -110 0 ) (0 -136 0 ) (0 -136 128 ) (0 -110 128 ) 
4 104 116 (0 0 128 ) (0 0 0 ) (0 -110 0 ) (0 -110 128 ) 
4 105 106 (255 -144 0 ) (255 -144 115 ) (191 -144 115 ) (191 -144 0 ) 
4 106 122 (0 -248 0 ) (0 -248 128 ) (0 -144 128 ) (0 -144 0 ) 
4 106 107 (336 -248 0 ) (336 -248 128 ) (200 -248 128 ) (200 -248 0 ) 
4 106 108 (192 -248 128 ) (73 -248 128 ) (73 -248 0 ) (192 -248 0 ) 
4 107 110 (232 -256 128 ) (200 -256 128 ) (200 -256 0 ) (232 -256 0 ) 
4 107 109 (336 -256 0 ) (336 -256 128 ) (232 -256 128 ) (232 -256 0 ) 
4 108 111 (192 -256 128 ) (73 -256 128 ) (73 -256 0 ) (192 -256 0 ) 
4 109 110 (232 -256 128 ) (232 -256 0 ) (232 -288 0 ) (232 -288 128 ) 
4 111 124 (0 -288 0 ) (0 -288 128 ) (0 -256 128 ) (0 -256 0 ) 
4 111 112 (192 -288 128 ) (0 -288 128 ) (0 -288 0 ) (192 -288 0 ) 
4 112 124 (0 -496 0 ) (0 -496 128 ) (0 -288 128 ) (0 -288 0 ) 
4 112 113 (160 -496 128 ) (0 -496 128 ) (0 -496 0 ) (160 -496 0 ) 
4 113 114 (160 -504 1 ) (160 -504 128 ) (0 -504 128 ) (0 -504 1 ) 
4 114 125 (0 -576 128 ) (0 -504 128 ) (0 -504 1 ) (0 -576 1 ) 
4 115 125 (-14 -576 128 ) (-14 -504 128 ) (0 -504 128 ) (0 -576 128 ) 
4 116 120 (0 -110 0 ) (0 -110 128 ) (-128 -110 128 ) (-128 -110 0 ) 
4 116 117 (-128 0 0 ) (-128 -110 0 ) (-128 -110 104 ) (-128 0 104 ) 
4 117 119 (-133 0 0 ) (-133 -110 0 ) (-133 -110 88 ) (-133 0 88 ) 
4 117 118 (-133 -110 88 ) (-133 -110 104 ) (-133 0 104 ) (-133 0 88 ) 
4 118 119 (-217 0 88 ) (-133 0 88 ) (-133 -110 88 ) (-217 -110 88 ) 
4 120 121 (-73 -136 115 ) (-73 -136 0 ) (-9 -136 0 ) (-9 -136 115 ) 
4 121 122 (-73 -144 115 ) (-73 -144 0 ) (-9 -144 0 ) (-9 -144 115 ) 
4 122 123 (-196 -165 0 ) (-196 -229 0 ) (-196 -229 112 ) (-196 -165 112 ) 
4 126 127 (0 -1592 0 ) (0 -1592 240 ) (0 -1344 240 ) (0 -1344 0 ) 
