


materialPath: D:\Program Files\Steam\steamapps\sourcemods\mod_hl2\materials
Loading D:\alyxStory\content\maps\chp1_app_filmmaker.vmf
ConVarRef mat_reduceparticles doesn't point to an existing ConVar
Could not locate 'GameData' key in d:\program files\steam\steamapps\sourcemods\mod_hl2\gameinfo.txt
fixing up env_cubemap materials on brush sides...
0...1...2...3...4...5...6...7...8...9...10**** leaked ****
Entity player_speedmod (567.00 162.01 250.97) leaked!
Processing areas...done (0)
Building Faces...done (0)
Chop Details...done (0)
Find Visible Detail Sides...
Merged 84 detail faces...done (0)
Merging details...done (0)
FixTjuncs...
PruneNodes...
WriteBSP...
done (0)
Creating default LDR cubemaps for env_cubemap using skybox materials:
   skybox/sky_day01_09*.vmt
 ! Run buildcubemaps in the engine to get the correct cube maps.
Creating default HDR cubemaps for env_cubemap using skybox materials:
   skybox/sky_day01_09*.vmt
 ! Run buildcubemaps in the engine to get the correct cube maps.
Finding displacement neighbors...
Finding lightmap sample positions...
Displacement Alpha : 0...1...2...3...4...5...6...7...8...9...10
Building Physics collision data...
done (0) (44766 bytes)
Placing detail props : 0...1...2...3...4...5...6...7...8...9...10
Compacting texture/material tables...
Reduced 166 texinfos to 62
Reduced 28 texdatas to 22 (803 bytes to 677)
Writing D:\alyxStory\content\maps\chp1_app_filmmaker.bsp
0 seconds elapsed



8 threads
reading d:\alyxstory\content\maps\chp1_app_filmmaker.bsp
reading d:\alyxstory\content\maps\chp1_app_filmmaker.prt
LoadPortals: couldn't read d:\alyxstory\content\maps\chp1_app_filmmaker.prt



[Reading texlights from 'lights.rad']
[45 texlights parsed from 'lights.rad']

Loading d:\alyxstory\content\maps\chp1_app_filmmaker.bsp
No vis information, direct lighting only.
285 faces
9500 square feet [1368111.75 square inches]
0 Displacements
0 Square Feet [0.00 Square Inches]
8 direct lights
0...1...2...3...4...5...6...7...8...9...10Build Patch/Sample Hash Table(s).....Done<0.0003 sec>
0...1...2...3...4...5...6...7...8...9...10FinalLightFace Done
0 of 0 (0% of) surface lights went in leaf ambient cubes.
0...1...2...3...4...5...6...7...8...9...10Writing leaf ambient...done
Ready to Finish

Object names       Objects/Maxobjs  Memory / Maxmem  Fullness 
------------       ---------------  ---------------  -------- 
models                   7/1024          336/49152    ( 0.7%) 
brushes                125/8192         1500/98304    ( 1.5%) 
brushsides             762/65536        6096/524288   ( 1.2%) 
planes                 358/65536        7160/1310720  ( 0.5%) 
vertexes               837/65536       10044/786432   ( 1.3%) 
nodes                  318/65536       10176/2097152  ( 0.5%) 
texinfos                62/12288        4464/884736   ( 0.5%) 
texdata                 22/2048          704/65536    ( 1.1%) 
dispinfos                0/0               0/0        ( 0.0%) 
disp_verts               0/0               0/0        ( 0.0%) 
disp_tris                0/0               0/0        ( 0.0%) 
disp_lmsamples           0/0               0/0        ( 0.0%) 
faces                  285/65536       15960/3670016  ( 0.4%) 
hdr faces                0/65536           0/3670016  ( 0.0%) 
origfaces              220/65536       12320/3670016  ( 0.3%) 
leaves                 326/65536       10432/2097152  ( 0.5%) 
leaffaces              330/65536         660/131072   ( 0.5%) 
leafbrushes            187/65536         374/131072   ( 0.3%) 
areas                    3/256            24/2048     ( 1.2%) 
surfedges             2283/512000       9132/2048000  ( 0.4%) 
edges                 1547/256000       6188/1024000  ( 0.6%) 
LDR worldlights          8/8192          704/720896   ( 0.1%) 
HDR worldlights          0/8192            0/720896   ( 0.0%) 
leafwaterdata            0/32768           0/393216   ( 0.0%) 
waterstrips             51/32768         510/327680   ( 0.2%) 
waterverts               0/65536           0/786432   ( 0.0%) 
waterindices           921/65536        1842/131072   ( 1.4%) 
cubemapsamples           3/1024           48/16384    ( 0.3%) 
overlays                 3/512          1056/180224   ( 0.6%) 
LDR lightdata         [variable]       74720/0        ( 0.0%) 
HDR lightdata         [variable]           0/0        ( 0.0%) 
visdata               [variable]           0/16777216 ( 0.0%) 
entdata               [variable]       44340/393216   (11.3%) 
LDR ambient table      326/65536        1304/262144   ( 0.5%) 
HDR ambient table      326/65536        1304/262144   ( 0.5%) 
LDR leaf ambient      1066/65536       29848/1835008  ( 1.6%) 
HDR leaf ambient       326/65536        9128/1835008  ( 0.5%) 
occluders                0/0               0/0        ( 0.0%) 
occluder polygons        0/0               0/0        ( 0.0%) 
occluder vert ind        0/0               0/0        ( 0.0%) 
detail props          [variable]           1/12       ( 8.3%) 
static props          [variable]           1/370      ( 0.3%) 
pakfile               [variable]      425732/0        ( 0.0%) 
physics               [variable]       44766/4194304  ( 1.1%) 
physics terrain       [variable]           2/1048576  ( 0.0%) 

Level flags = 0

Total triangle count: 834
Writing d:\alyxstory\content\maps\chp1_app_filmmaker.bsp
0 seconds elapsed



[Reading texlights from 'lights.rad']
[45 texlights parsed from 'lights.rad']

Loading d:\alyxstory\content\maps\chp1_app_filmmaker.bsp
No vis information, direct lighting only.
285 faces
9500 square feet [1368111.75 square inches]
0 Displacements
0 Square Feet [0.00 Square Inches]
8 direct lights
0...1...2...3...4...5...6...7...8...9...10Build Patch/Sample Hash Table(s).....Done<0.0002 sec>
0...1...2...3...4...5...6...7...8...9...10FinalLightFace Done
0 of 0 (0% of) surface lights went in leaf ambient cubes.
0...1...2...3...4...5...6...7...8...9...10Writing leaf ambient...done
Ready to Finish

Object names       Objects/Maxobjs  Memory / Maxmem  Fullness 
------------       ---------------  ---------------  -------- 
models                   7/1024          336/49152    ( 0.7%) 
brushes                125/8192         1500/98304    ( 1.5%) 
brushsides             762/65536        6096/524288   ( 1.2%) 
planes                 358/65536        7160/1310720  ( 0.5%) 
vertexes               837/65536       10044/786432   ( 1.3%) 
nodes                  318/65536       10176/2097152  ( 0.5%) 
texinfos                62/12288        4464/884736   ( 0.5%) 
texdata                 22/2048          704/65536    ( 1.1%) 
dispinfos                0/0               0/0        ( 0.0%) 
disp_verts               0/0               0/0        ( 0.0%) 
disp_tris                0/0               0/0        ( 0.0%) 
disp_lmsamples           0/0               0/0        ( 0.0%) 
faces                  285/65536       15960/3670016  ( 0.4%) 
hdr faces              285/65536       15960/3670016  ( 0.4%) 
origfaces              220/65536       12320/3670016  ( 0.3%) 
leaves                 326/65536       10432/2097152  ( 0.5%) 
leaffaces              330/65536         660/131072   ( 0.5%) 
leafbrushes            187/65536         374/131072   ( 0.3%) 
areas                    3/256            24/2048     ( 1.2%) 
surfedges             2283/512000       9132/2048000  ( 0.4%) 
edges                 1547/256000       6188/1024000  ( 0.6%) 
LDR worldlights          8/8192          704/720896   ( 0.1%) 
HDR worldlights          8/8192          704/720896   ( 0.1%) 
leafwaterdata            0/32768           0/393216   ( 0.0%) 
waterstrips             51/32768         510/327680   ( 0.2%) 
waterverts               0/65536           0/786432   ( 0.0%) 
waterindices           921/65536        1842/131072   ( 1.4%) 
cubemapsamples           3/1024           48/16384    ( 0.3%) 
overlays                 3/512          1056/180224   ( 0.6%) 
LDR lightdata         [variable]       74720/0        ( 0.0%) 
HDR lightdata         [variable]       74720/0        ( 0.0%) 
visdata               [variable]           0/16777216 ( 0.0%) 
entdata               [variable]       44340/393216   (11.3%) 
LDR ambient table      326/65536        1304/262144   ( 0.5%) 
HDR ambient table      326/65536        1304/262144   ( 0.5%) 
LDR leaf ambient      1066/65536       29848/1835008  ( 1.6%) 
HDR leaf ambient      1044/65536       29232/1835008  ( 1.6%) 
occluders                0/0               0/0        ( 0.0%) 
occluder polygons        0/0               0/0        ( 0.0%) 
occluder vert ind        0/0               0/0        ( 0.0%) 
detail props          [variable]           1/12       ( 8.3%) 
static props          [variable]           1/370      ( 0.3%) 
pakfile               [variable]      425732/0        ( 0.0%) 
physics               [variable]       44766/4194304  ( 1.1%) 
physics terrain       [variable]           2/1048576  ( 0.0%) 

Level flags = 0

Total triangle count: 834
Writing d:\alyxstory\content\maps\chp1_app_filmmaker.bsp
0 seconds elapsed



materialPath: D:\Program Files\Steam\steamapps\sourcemods\mod_hl2\materials
Loading D:\alyxStory\content\maps\chp1_app_filmmaker.vmf
ConVarRef mat_reduceparticles doesn't point to an existing ConVar
Could not locate 'GameData' key in d:\program files\steam\steamapps\sourcemods\mod_hl2\gameinfo.txt
fixing up env_cubemap materials on brush sides...
0...1...2...3...4...5...6...7...8...9...10**** leaked ****
Entity player_speedmod (567.00 162.01 250.97) leaked!
Processing areas...done (0)
Building Faces...done (0)
Chop Details...done (0)
Find Visible Detail Sides...
Merged 84 detail faces...done (0)
Merging details...done (0)
FixTjuncs...
PruneNodes...
WriteBSP...
done (0)
Creating default LDR cubemaps for env_cubemap using skybox materials:
   skybox/sky_day01_09*.vmt
 ! Run buildcubemaps in the engine to get the correct cube maps.
Creating default HDR cubemaps for env_cubemap using skybox materials:
   skybox/sky_day01_09*.vmt
 ! Run buildcubemaps in the engine to get the correct cube maps.
Finding displacement neighbors...
Finding lightmap sample positions...
Displacement Alpha : 0...1...2...3...4...5...6...7...8...9...10
Building Physics collision data...
done (0) (44766 bytes)
Placing detail props : 0...1...2...3...4...5...6...7...8...9...10
Compacting texture/material tables...
Reduced 166 texinfos to 62
Reduced 28 texdatas to 22 (803 bytes to 677)
Writing D:\alyxStory\content\maps\chp1_app_filmmaker.bsp
0 seconds elapsed



8 threads
reading d:\alyxstory\content\maps\chp1_app_filmmaker.bsp
reading d:\alyxstory\content\maps\chp1_app_filmmaker.prt
LoadPortals: couldn't read d:\alyxstory\content\maps\chp1_app_filmmaker.prt



[Reading texlights from 'lights.rad']
[45 texlights parsed from 'lights.rad']

Loading d:\alyxstory\content\maps\chp1_app_filmmaker.bsp
No vis information, direct lighting only.
285 faces
9500 square feet [1368111.75 square inches]
0 Displacements
0 Square Feet [0.00 Square Inches]
8 direct lights
0...1...2...3...4...5...6...7...8...9...10Build Patch/Sample Hash Table(s).....Done<0.0003 sec>
0...1...2...3...4...5...6...7...8...9...10FinalLightFace Done
0 of 0 (0% of) surface lights went in leaf ambient cubes.
0...1...2...3...4...5...6...7...8...9...10Writing leaf ambient...done
Ready to Finish

Object names       Objects/Maxobjs  Memory / Maxmem  Fullness 
------------       ---------------  ---------------  -------- 
models                   7/1024          336/49152    ( 0.7%) 
brushes                125/8192         1500/98304    ( 1.5%) 
brushsides             762/65536        6096/524288   ( 1.2%) 
planes                 358/65536        7160/1310720  ( 0.5%) 
vertexes               837/65536       10044/786432   ( 1.3%) 
nodes                  318/65536       10176/2097152  ( 0.5%) 
texinfos                62/12288        4464/884736   ( 0.5%) 
texdata                 22/2048          704/65536    ( 1.1%) 
dispinfos                0/0               0/0        ( 0.0%) 
disp_verts               0/0               0/0        ( 0.0%) 
disp_tris                0/0               0/0        ( 0.0%) 
disp_lmsamples           0/0               0/0        ( 0.0%) 
faces                  285/65536       15960/3670016  ( 0.4%) 
hdr faces                0/65536           0/3670016  ( 0.0%) 
origfaces              220/65536       12320/3670016  ( 0.3%) 
leaves                 326/65536       10432/2097152  ( 0.5%) 
leaffaces              330/65536         660/131072   ( 0.5%) 
leafbrushes            187/65536         374/131072   ( 0.3%) 
areas                    3/256            24/2048     ( 1.2%) 
surfedges             2283/512000       9132/2048000  ( 0.4%) 
edges                 1547/256000       6188/1024000  ( 0.6%) 
LDR worldlights          8/8192          704/720896   ( 0.1%) 
HDR worldlights          0/8192            0/720896   ( 0.0%) 
leafwaterdata            0/32768           0/393216   ( 0.0%) 
waterstrips             51/32768         510/327680   ( 0.2%) 
waterverts               0/65536           0/786432   ( 0.0%) 
waterindices           921/65536        1842/131072   ( 1.4%) 
cubemapsamples           3/1024           48/16384    ( 0.3%) 
overlays                 3/512          1056/180224   ( 0.6%) 
LDR lightdata         [variable]       74720/0        ( 0.0%) 
HDR lightdata         [variable]           0/0        ( 0.0%) 
visdata               [variable]           0/16777216 ( 0.0%) 
entdata               [variable]       44989/393216   (11.4%) 
LDR ambient table      326/65536        1304/262144   ( 0.5%) 
HDR ambient table      326/65536        1304/262144   ( 0.5%) 
LDR leaf ambient      1066/65536       29848/1835008  ( 1.6%) 
HDR leaf ambient       326/65536        9128/1835008  ( 0.5%) 
occluders                0/0               0/0        ( 0.0%) 
occluder polygons        0/0               0/0        ( 0.0%) 
occluder vert ind        0/0               0/0        ( 0.0%) 
detail props          [variable]           1/12       ( 8.3%) 
static props          [variable]           1/370      ( 0.3%) 
pakfile               [variable]      425732/0        ( 0.0%) 
physics               [variable]       44766/4194304  ( 1.1%) 
physics terrain       [variable]           2/1048576  ( 0.0%) 

Level flags = 0

Total triangle count: 834
Writing d:\alyxstory\content\maps\chp1_app_filmmaker.bsp
0 seconds elapsed



[Reading texlights from 'lights.rad']
[45 texlights parsed from 'lights.rad']

Loading d:\alyxstory\content\maps\chp1_app_filmmaker.bsp
No vis information, direct lighting only.
285 faces
9500 square feet [1368111.75 square inches]
0 Displacements
0 Square Feet [0.00 Square Inches]
8 direct lights
0...1...2...3...4...5...6...7...8...9...10Build Patch/Sample Hash Table(s).....Done<0.0003 sec>
0...1...2...3...4...5...6...7...8...9...10FinalLightFace Done
0 of 0 (0% of) surface lights went in leaf ambient cubes.
0...1...2...3...4...5...6...7...8...9...10Writing leaf ambient...done
Ready to Finish

Object names       Objects/Maxobjs  Memory / Maxmem  Fullness 
------------       ---------------  ---------------  -------- 
models                   7/1024          336/49152    ( 0.7%) 
brushes                125/8192         1500/98304    ( 1.5%) 
brushsides             762/65536        6096/524288   ( 1.2%) 
planes                 358/65536        7160/1310720  ( 0.5%) 
vertexes               837/65536       10044/786432   ( 1.3%) 
nodes                  318/65536       10176/2097152  ( 0.5%) 
texinfos                62/12288        4464/884736   ( 0.5%) 
texdata                 22/2048          704/65536    ( 1.1%) 
dispinfos                0/0               0/0        ( 0.0%) 
disp_verts               0/0               0/0        ( 0.0%) 
disp_tris                0/0               0/0        ( 0.0%) 
disp_lmsamples           0/0               0/0        ( 0.0%) 
faces                  285/65536       15960/3670016  ( 0.4%) 
hdr faces              285/65536       15960/3670016  ( 0.4%) 
origfaces              220/65536       12320/3670016  ( 0.3%) 
leaves                 326/65536       10432/2097152  ( 0.5%) 
leaffaces              330/65536         660/131072   ( 0.5%) 
leafbrushes            187/65536         374/131072   ( 0.3%) 
areas                    3/256            24/2048     ( 1.2%) 
surfedges             2283/512000       9132/2048000  ( 0.4%) 
edges                 1547/256000       6188/1024000  ( 0.6%) 
LDR worldlights          8/8192          704/720896   ( 0.1%) 
HDR worldlights          8/8192          704/720896   ( 0.1%) 
leafwaterdata            0/32768           0/393216   ( 0.0%) 
waterstrips             51/32768         510/327680   ( 0.2%) 
waterverts               0/65536           0/786432   ( 0.0%) 
waterindices           921/65536        1842/131072   ( 1.4%) 
cubemapsamples           3/1024           48/16384    ( 0.3%) 
overlays                 3/512          1056/180224   ( 0.6%) 
LDR lightdata         [variable]       74720/0        ( 0.0%) 
HDR lightdata         [variable]       74720/0        ( 0.0%) 
visdata               [variable]           0/16777216 ( 0.0%) 
entdata               [variable]       44989/393216   (11.4%) 
LDR ambient table      326/65536        1304/262144   ( 0.5%) 
HDR ambient table      326/65536        1304/262144   ( 0.5%) 
LDR leaf ambient      1066/65536       29848/1835008  ( 1.6%) 
HDR leaf ambient      1044/65536       29232/1835008  ( 1.6%) 
occluders                0/0               0/0        ( 0.0%) 
occluder polygons        0/0               0/0        ( 0.0%) 
occluder vert ind        0/0               0/0        ( 0.0%) 
detail props          [variable]           1/12       ( 8.3%) 
static props          [variable]           1/370      ( 0.3%) 
pakfile               [variable]      425732/0        ( 0.0%) 
physics               [variable]       44766/4194304  ( 1.1%) 
physics terrain       [variable]           2/1048576  ( 0.0%) 

Level flags = 0

Total triangle count: 834
Writing d:\alyxstory\content\maps\chp1_app_filmmaker.bsp
0 seconds elapsed
