PRT1
308
747
4 0 65 (1024 0 1120 ) (1024 0 -40 ) (1328 0 -40 ) (1328 0 1120 ) 
4 0 62 (1024 0 -40 ) (1024 0 -16 ) (1024 248 -16 ) (1024 248 -40 ) 
4 0 51 (1024 0 -16 ) (1024 0 40 ) (1024 136 40 ) (1024 136 -16 ) 
4 0 50 (1024 136 40 ) (1024 248 40 ) (1024 248 -16 ) (1024 136 -16 ) 
4 0 43 (1024 0 40 ) (1024 0 64 ) (1024 24 64 ) (1024 24 40 ) 
4 0 42 (1024 24 64 ) (1024 46 64 ) (1024 46 40 ) (1024 24 40 ) 
4 0 40 (1024 46 64 ) (1024 248 64 ) (1024 248 40 ) (1024 46 40 ) 
4 0 31 (1024 0 64 ) (1024 0 136 ) (1024 24 136 ) (1024 24 64 ) 
4 0 30 (1024 24 136 ) (1024 48 136 ) (1024 48 64 ) (1024 24 64 ) 
4 0 28 (1024 48 136 ) (1024 136 136 ) (1024 136 64 ) (1024 48 64 ) 
4 0 27 (1024 136 136 ) (1024 248 136 ) (1024 248 64 ) (1024 136 64 ) 
4 0 16 (1024 0 136 ) (1024 0 184 ) (1024 24 184 ) (1024 24 136 ) 
4 0 14 (1024 24 184 ) (1024 248 184 ) (1024 248 136 ) (1024 24 136 ) 
4 0 11 (1024 0 184 ) (1024 0 384 ) (1024 125 384 ) (1024 125 184 ) 
4 0 9 (1024 195 288 ) (1024 195 184 ) (1024 125 184 ) (1024 125 288 ) 
4 0 8 (1024 125 384 ) (1024 195 384 ) (1024 195 288 ) (1024 125 288 ) 
4 0 7 (1024 195 384 ) (1024 248 384 ) (1024 248 184 ) (1024 195 184 ) 
4 0 6 (1024 0 384 ) (1024 0 494 ) (1024 125 494 ) (1024 125 384 ) 
4 0 5 (1024 125 494 ) (1024 195 494 ) (1024 195 384 ) (1024 125 384 ) 
4 0 4 (1024 0 494 ) (1024 0 1120 ) (1024 195 1120 ) (1024 195 494 ) 
4 0 3 (1024 195 1120 ) (1024 248 1120 ) (1024 248 384 ) (1024 195 384 ) 
4 0 1 (1328 0 -40 ) (1024 0 -40 ) (1024 248 -40 ) (1328 248 -40 ) 
4 1 66 (1328 0 -152 ) (1328 0 -40 ) (1024 0 -40 ) (1024 0 -152 ) 
4 1 63 (1024 0 -152 ) (1024 0 -40 ) (1024 248 -40 ) (1024 248 -152 ) 
4 1 2 (1024 248 -152 ) (1328 248 -152 ) (1328 0 -152 ) (1024 0 -152 ) 
4 2 67 (1328 0 -156 ) (1328 0 -152 ) (1024 0 -152 ) (1024 0 -156 ) 
4 2 64 (1024 0 -156 ) (1024 0 -152 ) (1024 248 -152 ) (1024 248 -156 ) 
4 3 7 (1024 248 384 ) (1024 195 384 ) (632 195 384 ) (632 248 384 ) 
4 3 5 (625 195 384 ) (1024 195 384 ) (1024 195 494 ) (625 195 494 ) 
4 3 4 (1024 195 494 ) (1024 195 1120 ) (625 195 1120 ) (625 195 494 ) 
4 4 68 (1024 0 494 ) (1024 0 1120 ) (625 0 1120 ) (625 0 494 ) 
4 4 6 (1024 125 494 ) (1024 0 494 ) (625 0 494 ) (625 125 494 ) 
4 4 5 (625 195 494 ) (1024 195 494 ) (1024 125 494 ) (625 125 494 ) 
4 5 8 (632 195 384 ) (1024 195 384 ) (1024 125 384 ) (632 125 384 ) 
4 5 6 (625 125 384 ) (1024 125 384 ) (1024 125 494 ) (625 125 494 ) 
4 6 68 (1024 0 384 ) (1024 0 494 ) (625 0 494 ) (625 0 384 ) 
4 6 11 (1024 0 384 ) (632 0 384 ) (632 125 384 ) (1024 125 384 ) 
4 7 14 (632 248 184 ) (1024 248 184 ) (1024 195 184 ) (632 195 184 ) 
4 7 9 (632 195 288 ) (632 195 184 ) (1024 195 184 ) (1024 195 288 ) 
4 7 8 (1024 195 384 ) (632 195 384 ) (632 195 288 ) (1024 195 288 ) 
4 8 11 (1024 125 384 ) (632 125 384 ) (632 125 288 ) (1024 125 288 ) 
4 8 9 (1024 125 288 ) (632 125 288 ) (632 195 288 ) (1024 195 288 ) 
4 9 14 (632 195 184 ) (1024 195 184 ) (1024 125 184 ) (632 125 184 ) 
4 9 11 (632 125 184 ) (1024 125 184 ) (1024 125 288 ) (632 125 288 ) 
4 10 12 (522 195 184 ) (522 125 184 ) (522 125 288 ) (522 195 288 ) 
4 11 69 (1024 0 184 ) (1024 0 384 ) (632 0 384 ) (632 0 184 ) 
4 11 20 (640 0 184 ) (632 0 184 ) (632 2 184 ) (640 2 184 ) 
4 11 17 (632 2 184 ) (632 24 184 ) (640 24 184 ) (640 2 184 ) 
4 11 16 (1024 0 184 ) (640 0 184 ) (640 24 184 ) (1024 24 184 ) 
4 11 14 (632 24 184 ) (632 125 184 ) (1024 125 184 ) (1024 24 184 ) 
4 12 84 (332 0 184 ) (408 0 184 ) (408 0 292 ) (332 0 292 ) 
4 12 18 (296 2 184 ) (296 24 184 ) (516 24 184 ) (516 2 184 ) 
4 12 15 (296 24 184 ) (296 248 184 ) (516 248 184 ) (516 24 184 ) 
4 12 13 (296 248 184 ) (296 280 184 ) (516 280 184 ) (516 248 184 ) 
4 13 32 (516 248 136 ) (218 248 136 ) (218 296 136 ) (516 296 136 ) 
4 13 15 (218 248 184 ) (218 248 136 ) (516 248 136 ) (516 248 184 ) 
4 14 30 (1024 48 136 ) (1024 24 136 ) (632 24 136 ) (632 48 136 ) 
4 14 28 (1024 136 136 ) (1024 48 136 ) (632 48 136 ) (632 136 136 ) 
4 14 27 (1024 248 136 ) (1024 136 136 ) (632 136 136 ) (632 248 136 ) 
4 14 17 (640 24 169 ) (640 24 184 ) (632 24 184 ) (632 24 169 ) 
4 14 16 (640 24 136 ) (1024 24 136 ) (1024 24 184 ) (640 24 184 ) 
4 15 32 (516 24 136 ) (218 24 136 ) (218 248 136 ) (516 248 136 ) 
4 15 19 (218 24 169 ) (218 24 136 ) (516 24 136 ) (516 24 169 ) 
4 15 18 (218 24 184 ) (218 24 169 ) (516 24 169 ) (516 24 184 ) 
4 16 72 (1024 0 136 ) (1024 0 169 ) (640 0 169 ) (640 0 136 ) 
4 16 69 (1024 0 169 ) (1024 0 184 ) (640 0 184 ) (640 0 169 ) 
4 16 31 (1024 24 136 ) (1024 0 136 ) (640 0 136 ) (640 24 136 ) 
4 16 20 (640 0 169 ) (640 0 184 ) (640 2 184 ) (640 2 169 ) 
4 16 17 (640 24 184 ) (640 24 169 ) (640 2 169 ) (640 2 184 ) 
4 17 20 (632 2 169 ) (640 2 169 ) (640 2 184 ) (632 2 184 ) 
4 18 19 (516 2 169 ) (218 2 169 ) (218 24 169 ) (516 24 169 ) 
4 19 32 (218 2 136 ) (218 24 136 ) (516 24 136 ) (516 2 136 ) 
4 20 69 (640 0 184 ) (632 0 184 ) (632 0 169 ) (640 0 169 ) 
4 21 163 (0 0 155 ) (0 0 183 ) (0 98 183 ) (0 98 155 ) 
4 21 85 (0 0 183 ) (0 0 155 ) (71 0 155 ) (71 0 183 ) 
4 21 22 (71 87 155 ) (71 0 155 ) (0 0 155 ) (0 87 155 ) 
4 22 164 (0 0 150 ) (0 0 155 ) (0 87 155 ) (0 87 150 ) 
4 22 85 (0 0 155 ) (0 0 150 ) (71 0 150 ) (71 0 155 ) 
4 22 26 (0 0 150 ) (0 87 150 ) (10 87 150 ) (10 0 150 ) 
4 22 25 (10 87 150 ) (50 87 150 ) (50 0 150 ) (10 0 150 ) 
4 22 23 (50 87 150 ) (71 87 150 ) (71 0 150 ) (50 0 150 ) 
4 23 85 (50 0 136 ) (71 0 136 ) (71 0 150 ) (50 0 150 ) 
4 23 39 (71 87 136 ) (71 0 136 ) (50 0 136 ) (50 87 136 ) 
4 23 25 (50 87 136 ) (50 0 136 ) (50 0 150 ) (50 87 150 ) 
4 24 37 (50 382 136 ) (50 342 136 ) (10 342 136 ) (10 382 136 ) 
4 25 85 (10 0 136 ) (50 0 136 ) (50 0 150 ) (10 0 150 ) 
4 25 39 (50 87 136 ) (50 0 136 ) (10 0 136 ) (10 87 136 ) 
4 25 26 (10 87 136 ) (10 0 136 ) (10 0 150 ) (10 87 150 ) 
4 26 164 (0 0 136 ) (0 0 150 ) (0 87 150 ) (0 87 136 ) 
4 26 85 (0 0 150 ) (0 0 136 ) (10 0 136 ) (10 0 150 ) 
4 26 39 (10 87 136 ) (10 0 136 ) (0 0 136 ) (0 87 136 ) 
4 27 40 (632 248 64 ) (1024 248 64 ) (1024 136 64 ) (632 136 64 ) 
4 27 28 (632 136 64 ) (1024 136 64 ) (1024 136 136 ) (632 136 136 ) 
4 28 40 (632 136 64 ) (1024 136 64 ) (1024 48 64 ) (632 48 64 ) 
4 28 30 (632 48 64 ) (1024 48 64 ) (1024 48 136 ) (632 48 136 ) 
4 29 44 (542 48 64 ) (542 136 64 ) (544 136 64 ) (544 48 64 ) 
4 29 41 (544 136 64 ) (623 136 64 ) (623 48 64 ) (544 48 64 ) 
4 29 32 (542 136 64 ) (542 48 64 ) (542 48 136 ) (542 136 136 ) 
4 30 42 (1024 46 64 ) (1024 24 64 ) (632 24 64 ) (632 46 64 ) 
4 30 40 (632 48 64 ) (1024 48 64 ) (1024 46 64 ) (632 46 64 ) 
4 30 31 (640 24 64 ) (1024 24 64 ) (1024 24 136 ) (640 24 136 ) 
4 31 75 (1024 0 64 ) (1024 0 136 ) (640 0 136 ) (640 0 64 ) 
4 31 43 (1024 0 64 ) (640 0 64 ) (640 24 64 ) (1024 24 64 ) 
4 32 44 (218 2 64 ) (218 296 64 ) (542 296 64 ) (542 2 64 ) 
4 32 34 (218 2 136 ) (218 2 64 ) (256 2 64 ) (256 2 136 ) 
4 32 33 (336 2 64 ) (432 2 64 ) (432 2 116 ) (336 2 116 ) 
4 33 96 (336 0 116 ) (336 0 64 ) (432 0 64 ) (432 0 116 ) 
4 33 44 (432 0 64 ) (336 0 64 ) (336 2 64 ) (432 2 64 ) 
4 34 98 (256 0 136 ) (218 0 136 ) (218 0 64 ) (256 0 64 ) 
4 34 44 (256 0 64 ) (218 0 64 ) (218 2 64 ) (256 2 64 ) 
4 35 36 (50 478 64 ) (50 392 64 ) (50 392 136 ) (50 478 136 ) 
4 36 38 (10 478 64 ) (10 392 64 ) (10 392 136 ) (10 478 136 ) 
4 37 46 (50 382 64 ) (50 342 64 ) (10 342 64 ) (10 382 64 ) 
4 38 168 (0 392 136 ) (0 478 136 ) (0 478 64 ) (0 392 64 ) 
4 39 170 (0 0 64 ) (0 0 136 ) (0 96 136 ) (0 96 64 ) 
4 39 99 (80 0 136 ) (0 0 136 ) (0 0 64 ) (80 0 64 ) 
4 39 48 (10 0 64 ) (0 0 64 ) (0 96 64 ) (10 96 64 ) 
4 39 47 (50 0 64 ) (10 0 64 ) (10 96 64 ) (50 96 64 ) 
4 39 45 (80 0 64 ) (50 0 64 ) (50 96 64 ) (80 96 64 ) 
4 40 51 (1024 136 40 ) (1024 46 40 ) (632 46 40 ) (632 136 40 ) 
4 40 50 (1024 248 40 ) (1024 136 40 ) (632 136 40 ) (632 248 40 ) 
4 40 42 (632 46 40 ) (1024 46 40 ) (1024 46 64 ) (632 46 64 ) 
4 41 52 (544 48 40 ) (544 136 40 ) (623 136 40 ) (623 48 40 ) 
4 41 44 (544 138 40 ) (544 46 40 ) (544 46 64 ) (544 138 64 ) 
4 42 51 (1024 46 40 ) (1024 24 40 ) (632 24 40 ) (632 46 40 ) 
4 42 43 (640 24 40 ) (1024 24 40 ) (1024 24 64 ) (640 24 64 ) 
4 43 75 (1024 0 40 ) (1024 0 64 ) (640 0 64 ) (640 0 40 ) 
4 43 51 (1024 24 40 ) (1024 0 40 ) (640 0 40 ) (640 24 40 ) 
4 44 96 (432 0 64 ) (336 0 64 ) (336 0 40 ) (432 0 40 ) 
4 44 60 (368 0 40 ) (336 0 40 ) (336 2 40 ) (368 2 40 ) 
4 44 59 (218 96 40 ) (368 96 40 ) (368 2 40 ) (218 2 40 ) 
4 44 58 (368 296 40 ) (368 96 40 ) (218 96 40 ) (218 296 40 ) 
4 44 57 (432 0 40 ) (368 0 40 ) (368 2 40 ) (432 2 40 ) 
4 44 55 (368 112 40 ) (368 296 40 ) (512 296 40 ) (512 112 40 ) 
4 44 56 (368 2 40 ) (368 112 40 ) (512 112 40 ) (512 2 40 ) 
4 44 53 (542 296 40 ) (542 136 40 ) (512 136 40 ) (512 296 40 ) 
4 44 54 (542 136 40 ) (542 2 40 ) (512 2 40 ) (512 136 40 ) 
4 44 52 (544 136 40 ) (544 48 40 ) (542 48 40 ) (542 136 40 ) 
4 45 100 (82 0 64 ) (50 0 64 ) (50 0 40 ) (82 0 40 ) 
4 45 61 (80 0 40 ) (50 0 40 ) (50 96 40 ) (80 96 40 ) 
4 45 49 (50 98 40 ) (50 0 40 ) (50 0 54 ) (50 98 54 ) 
4 45 47 (50 0 54 ) (50 0 64 ) (50 98 64 ) (50 98 54 ) 
4 47 100 (50 0 64 ) (10 0 64 ) (10 0 54 ) (50 0 54 ) 
4 47 49 (50 98 54 ) (50 0 54 ) (10 0 54 ) (10 98 54 ) 
4 47 48 (10 98 54 ) (10 0 54 ) (10 0 64 ) (10 98 64 ) 
4 48 173 (0 0 54 ) (0 0 64 ) (0 98 64 ) (0 98 54 ) 
4 48 100 (10 0 64 ) (0 0 64 ) (0 0 54 ) (10 0 54 ) 
4 48 49 (0 0 54 ) (0 98 54 ) (10 98 54 ) (10 0 54 ) 
4 49 173 (0 0 40 ) (0 0 54 ) (0 98 54 ) (0 98 40 ) 
4 49 100 (0 0 54 ) (0 0 40 ) (50 0 40 ) (50 0 54 ) 
4 49 61 (50 96 40 ) (50 0 40 ) (0 0 40 ) (0 96 40 ) 
4 50 62 (632 248 -16 ) (1024 248 -16 ) (1024 136 -16 ) (632 136 -16 ) 
4 50 51 (632 136 -16 ) (1024 136 -16 ) (1024 136 40 ) (632 136 40 ) 
4 51 80 (640 0 40 ) (632 0 40 ) (632 0 -16 ) (640 0 -16 ) 
4 51 79 (1024 0 -16 ) (1024 0 40 ) (640 0 40 ) (640 0 -16 ) 
4 51 62 (1024 0 -16 ) (632 0 -16 ) (632 136 -16 ) (1024 136 -16 ) 
4 52 54 (542 48 -12 ) (542 48 40 ) (542 136 40 ) (542 136 -12 ) 
4 53 55 (512 136 9 ) (512 136 40 ) (512 296 40 ) (512 296 9 ) 
4 53 54 (512 136 40 ) (512 136 9 ) (542 136 9 ) (542 136 40 ) 
4 54 55 (512 112 9 ) (512 112 40 ) (512 136 40 ) (512 136 9 ) 
4 54 56 (512 112 -16 ) (512 2 -16 ) (512 2 40 ) (512 112 40 ) 
4 55 58 (368 112 9 ) (368 112 40 ) (368 296 40 ) (368 296 9 ) 
4 55 56 (368 112 40 ) (368 112 9 ) (512 112 9 ) (512 112 40 ) 
4 56 59 (368 2 9 ) (368 2 40 ) (368 96 40 ) (368 96 9 ) 
4 56 58 (368 96 9 ) (368 96 40 ) (368 112 40 ) (368 112 9 ) 
4 56 57 (368 2 40 ) (368 2 9 ) (432 2 9 ) (432 2 40 ) 
4 57 96 (432 0 40 ) (368 0 40 ) (368 0 9 ) (432 0 9 ) 
4 57 60 (368 0 9 ) (368 0 40 ) (368 2 40 ) (368 2 9 ) 
4 58 59 (368 96 9 ) (368 96 40 ) (218 96 40 ) (218 96 9 ) 
4 59 60 (336 2 9 ) (368 2 9 ) (368 2 40 ) (336 2 40 ) 
4 60 96 (368 0 40 ) (336 0 40 ) (336 0 9 ) (368 0 9 ) 
4 61 174 (0 0 9 ) (0 0 40 ) (0 96 40 ) (0 96 9 ) 
4 61 102 (80 0 40 ) (0 0 40 ) (0 0 9 ) (80 0 9 ) 
4 62 83 (1024 0 -40 ) (1024 0 -16 ) (632 0 -16 ) (632 0 -40 ) 
4 62 63 (1024 248 -40 ) (1024 0 -40 ) (632 0 -40 ) (632 248 -40 ) 
4 63 121 (1024 0 -152 ) (1024 0 -40 ) (632 0 -40 ) (632 0 -152 ) 
4 63 64 (632 0 -152 ) (632 248 -152 ) (1024 248 -152 ) (1024 0 -152 ) 
4 64 122 (1024 0 -156 ) (1024 0 -152 ) (632 0 -152 ) (632 0 -156 ) 
4 65 126 (1024 -1024 8 ) (1024 -1024 -40 ) (1328 -1024 -40 ) (1328 -1024 8 ) 
4 65 124 (1024 -1024 136 ) (1024 -1024 8 ) (1328 -1024 8 ) (1328 -1024 136 ) 
4 65 123 (1024 -1024 1120 ) (1024 -1024 136 ) (1328 -1024 136 ) (1328 -1024 1120 ) 
4 65 83 (1024 0 -16 ) (1024 0 -40 ) (1024 -1024 -40 ) (1024 -1024 -16 ) 
4 65 79 (1024 0 40 ) (1024 0 -16 ) (1024 -1024 -16 ) (1024 -1024 40 ) 
4 65 75 (1024 0 136 ) (1024 0 40 ) (1024 -1024 40 ) (1024 -1024 136 ) 
4 65 72 (1024 0 169 ) (1024 0 136 ) (1024 -1024 136 ) (1024 -1024 169 ) 
4 65 69 (1024 0 384 ) (1024 0 169 ) (1024 -1024 169 ) (1024 -1024 384 ) 
4 65 68 (1024 0 1120 ) (1024 0 384 ) (1024 -1024 384 ) (1024 -1024 1120 ) 
4 65 66 (1328 -1024 -40 ) (1024 -1024 -40 ) (1024 0 -40 ) (1328 0 -40 ) 
4 66 127 (1328 -1024 -152 ) (1328 -1024 -40 ) (1024 -1024 -40 ) (1024 -1024 -152 ) 
4 66 121 (1024 0 -40 ) (1024 0 -152 ) (1024 -1024 -152 ) (1024 -1024 -40 ) 
4 66 67 (1024 0 -152 ) (1328 0 -152 ) (1328 -1024 -152 ) (1024 -1024 -152 ) 
4 67 128 (1328 -1024 -156 ) (1328 -1024 -152 ) (1024 -1024 -152 ) (1024 -1024 -156 ) 
4 67 122 (1024 0 -152 ) (1024 0 -156 ) (1024 -1024 -156 ) (1024 -1024 -152 ) 
4 68 129 (1024 -1024 384 ) (1024 -1024 1120 ) (625 -1024 1120 ) (625 -1024 384 ) 
4 68 70 (632 -1024 384 ) (625 -1024 384 ) (625 -856 384 ) (632 -856 384 ) 
4 68 69 (1024 -1024 384 ) (632 -1024 384 ) (632 0 384 ) (1024 0 384 ) 
4 69 130 (1024 -1024 169 ) (1024 -1024 384 ) (632 -1024 384 ) (632 -1024 169 ) 
4 69 72 (1024 -1024 169 ) (640 -1024 169 ) (640 0 169 ) (1024 0 169 ) 
4 69 70 (632 -856 169 ) (632 -1024 169 ) (632 -1024 384 ) (632 -856 384 ) 
4 70 130 (632 -1024 384 ) (624 -1024 384 ) (624 -1024 169 ) (632 -1024 169 ) 
4 71 91 (432 -466 169 ) (432 -1000 169 ) (432 -1000 184 ) (432 -466 184 ) 
4 71 89 (432 -1000 184 ) (432 -1000 264 ) (432 -466 264 ) (432 -466 184 ) 
4 72 131 (1024 -1024 136 ) (1024 -1024 169 ) (640 -1024 169 ) (640 -1024 136 ) 
4 72 75 (640 0 136 ) (1024 0 136 ) (1024 -1024 136 ) (640 -1024 136 ) 
4 72 74 (640 -720 136 ) (640 -808 136 ) (640 -808 154 ) (640 -720 154 ) 
4 72 73 (640 -280 136 ) (640 -368 136 ) (640 -368 154 ) (640 -280 154 ) 
4 73 76 (432 -368 136 ) (432 -280 136 ) (640 -280 136 ) (640 -368 136 ) 
4 74 92 (432 -720 136 ) (432 -808 136 ) (432 -808 137 ) (432 -720 137 ) 
4 74 91 (432 -808 137 ) (432 -808 154 ) (432 -720 154 ) (432 -720 137 ) 
4 74 78 (432 -808 136 ) (432 -720 136 ) (640 -720 136 ) (640 -808 136 ) 
4 75 131 (1024 -1024 40 ) (1024 -1024 136 ) (640 -1024 136 ) (640 -1024 40 ) 
4 75 79 (640 0 40 ) (1024 0 40 ) (1024 -1024 40 ) (640 -1024 40 ) 
4 75 78 (640 -720 40 ) (640 -808 40 ) (640 -808 136 ) (640 -720 136 ) 
4 75 77 (640 -280 40 ) (640 -368 40 ) (640 -368 64 ) (640 -280 64 ) 
4 75 76 (640 -368 64 ) (640 -368 136 ) (640 -280 136 ) (640 -280 64 ) 
4 76 110 (432 -280 64 ) (432 -368 64 ) (432 -368 136 ) (432 -280 136 ) 
4 76 77 (640 -368 64 ) (432 -368 64 ) (432 -280 64 ) (640 -280 64 ) 
4 77 115 (432 -280 40 ) (432 -368 40 ) (432 -368 64 ) (432 -280 64 ) 
4 77 81 (432 -368 40 ) (432 -280 40 ) (632 -280 40 ) (632 -368 40 ) 
4 77 80 (632 -280 40 ) (640 -280 40 ) (640 -368 40 ) (632 -368 40 ) 
4 78 115 (432 -720 40 ) (432 -808 40 ) (432 -808 64 ) (432 -720 64 ) 
4 78 110 (432 -808 64 ) (432 -808 136 ) (432 -720 136 ) (432 -720 64 ) 
4 78 82 (432 -808 40 ) (432 -720 40 ) (632 -720 40 ) (632 -808 40 ) 
4 78 80 (632 -720 40 ) (640 -720 40 ) (640 -808 40 ) (632 -808 40 ) 
4 79 131 (1024 -1024 -16 ) (1024 -1024 40 ) (640 -1024 40 ) (640 -1024 -16 ) 
4 79 83 (1024 -1024 -16 ) (640 -1024 -16 ) (640 0 -16 ) (1024 0 -16 ) 
4 79 80 (640 0 -16 ) (640 -808 -16 ) (640 -808 40 ) (640 0 40 ) 
4 80 83 (632 -808 -16 ) (632 0 -16 ) (640 0 -16 ) (640 -808 -16 ) 
4 80 82 (632 -808 8 ) (632 -808 40 ) (632 -720 40 ) (632 -720 8 ) 
4 80 81 (632 -368 8 ) (632 -368 40 ) (632 -280 40 ) (632 -280 8 ) 
4 81 120 (432 -368 8 ) (432 -368 40 ) (432 -280 40 ) (432 -280 8 ) 
4 82 120 (432 -808 8 ) (432 -808 40 ) (432 -720 40 ) (432 -720 8 ) 
4 83 154 (1024 -1024 -40 ) (1024 -1024 -16 ) (632 -1024 -16 ) (632 -1024 -40 ) 
4 83 121 (1024 0 -40 ) (1024 -1024 -40 ) (632 -1024 -40 ) (632 0 -40 ) 
4 84 88 (332 -6 184 ) (408 -6 184 ) (408 -6 240 ) (332 -6 240 ) 
4 84 87 (408 -6 240 ) (408 -6 264 ) (332 -6 264 ) (332 -6 240 ) 
4 84 86 (408 -6 264 ) (408 -6 292 ) (332 -6 292 ) (332 -6 264 ) 
4 85 181 (0 0 183 ) (0 0 136 ) (0 -6 136 ) (0 -6 183 ) 
4 85 99 (71 -6 136 ) (0 -6 136 ) (0 0 136 ) (71 0 136 ) 
4 85 93 (0 -6 137 ) (0 -6 136 ) (71 -6 136 ) (71 -6 137 ) 
4 85 90 (0 -6 183 ) (0 -6 137 ) (71 -6 137 ) (71 -6 183 ) 
4 86 87 (316 -264 264 ) (316 -6 264 ) (412 -6 264 ) (412 -264 264 ) 
4 87 88 (316 -6 240 ) (412 -6 240 ) (412 -264 240 ) (316 -264 240 ) 
4 89 91 (432 -466 184 ) (432 -1000 184 ) (290 -1000 184 ) (290 -466 184 ) 
4 90 181 (0 -6 183 ) (0 -6 137 ) (0 -127 137 ) (0 -127 183 ) 
4 90 94 (0 -127 137 ) (0 -64 137 ) (71 -64 137 ) (71 -127 137 ) 
4 90 93 (0 -64 137 ) (0 -6 137 ) (71 -6 137 ) (71 -64 137 ) 
4 91 92 (432 -528 137 ) (432 -816 137 ) (336 -816 137 ) (336 -528 137 ) 
4 92 110 (432 -528 136 ) (432 -816 136 ) (336 -816 136 ) (336 -528 136 ) 
4 93 181 (0 -64 137 ) (0 -6 137 ) (0 -6 136 ) (0 -64 136 ) 
4 93 99 (0 -64 136 ) (0 -6 136 ) (71 -6 136 ) (71 -64 136 ) 
4 93 94 (0 -64 136 ) (71 -64 136 ) (71 -64 137 ) (0 -64 137 ) 
4 94 181 (0 -127 137 ) (0 -64 137 ) (0 -64 136 ) (0 -127 136 ) 
4 94 104 (0 -127 136 ) (0 -64 136 ) (71 -64 136 ) (71 -127 136 ) 
4 95 97 (336 -32 136 ) (336 -32 116 ) (432 -32 116 ) (432 -32 136 ) 
4 95 96 (432 -32 116 ) (336 -32 116 ) (336 -6 116 ) (432 -6 116 ) 
4 96 97 (336 -32 116 ) (336 -32 9 ) (432 -32 9 ) (432 -32 116 ) 
4 97 116 (432 -64 8 ) (432 -64 40 ) (336 -64 40 ) (336 -64 8 ) 
4 97 111 (432 -64 40 ) (432 -64 64 ) (336 -64 64 ) (336 -64 40 ) 
4 97 105 (432 -64 64 ) (432 -64 117 ) (336 -64 117 ) (336 -64 64 ) 
4 97 103 (432 -64 117 ) (432 -64 136 ) (336 -64 136 ) (336 -64 117 ) 
4 99 184 (0 -64 136 ) (0 0 136 ) (0 0 64 ) (0 -64 64 ) 
4 99 107 (0 -64 117 ) (0 -64 64 ) (80 -64 64 ) (80 -64 117 ) 
4 99 104 (80 -64 136 ) (0 -64 136 ) (0 -64 117 ) (80 -64 117 ) 
4 99 101 (80 -6 64 ) (80 -64 64 ) (0 -64 64 ) (0 -6 64 ) 
4 99 100 (0 0 64 ) (80 0 64 ) (80 -6 64 ) (0 -6 64 ) 
4 100 184 (0 0 64 ) (0 0 40 ) (0 -6 40 ) (0 -6 64 ) 
4 100 102 (80 -6 40 ) (0 -6 40 ) (0 0 40 ) (80 0 40 ) 
4 100 101 (0 -6 40 ) (82 -6 40 ) (82 -6 64 ) (0 -6 64 ) 
4 101 184 (0 -6 40 ) (0 -64 40 ) (0 -64 64 ) (0 -6 64 ) 
4 101 113 (82 -64 64 ) (0 -64 64 ) (0 -64 40 ) (82 -64 40 ) 
4 101 102 (80 -64 40 ) (0 -64 40 ) (0 -6 40 ) (80 -6 40 ) 
4 102 184 (0 0 40 ) (0 0 9 ) (0 -64 9 ) (0 -64 40 ) 
4 102 119 (80 -64 9 ) (80 -64 40 ) (0 -64 40 ) (0 -64 9 ) 
4 103 108 (432 -162 117 ) (432 -162 136 ) (130 -162 136 ) (130 -162 117 ) 
4 103 105 (432 -162 117 ) (130 -162 117 ) (130 -64 117 ) (432 -64 117 ) 
4 104 184 (0 -156 136 ) (0 -64 136 ) (0 -64 117 ) (0 -156 117 ) 
4 104 107 (0 -156 117 ) (0 -64 117 ) (80 -64 117 ) (80 -156 117 ) 
4 105 114 (432 -158 64 ) (432 -162 64 ) (130 -162 64 ) (130 -158 64 ) 
4 105 111 (130 -64 64 ) (432 -64 64 ) (432 -158 64 ) (130 -158 64 ) 
4 105 108 (130 -162 64 ) (432 -162 64 ) (432 -162 117 ) (130 -162 117 ) 
4 105 106 (130 -84 64 ) (130 -156 64 ) (130 -156 117 ) (130 -84 117 ) 
4 106 112 (128 -156 64 ) (82 -156 64 ) (82 -84 64 ) (128 -84 64 ) 
4 106 111 (130 -84 64 ) (130 -156 64 ) (128 -156 64 ) (128 -84 64 ) 
4 106 113 (82 -156 64 ) (80 -156 64 ) (80 -84 64 ) (82 -84 64 ) 
4 106 107 (80 -84 64 ) (80 -156 64 ) (80 -156 117 ) (80 -84 117 ) 
4 107 184 (0 -64 117 ) (0 -64 64 ) (0 -156 64 ) (0 -156 117 ) 
4 107 113 (0 -64 64 ) (80 -64 64 ) (80 -156 64 ) (0 -156 64 ) 
4 108 114 (432 -162 64 ) (432 -208 64 ) (130 -208 64 ) (130 -162 64 ) 
4 108 110 (336 -208 64 ) (432 -208 64 ) (432 -208 136 ) (336 -208 136 ) 
4 108 109 (130 -162 123 ) (130 -162 107 ) (130 -186 107 ) (130 -186 123 ) 
4 110 134 (368 -1024 64 ) (432 -1024 64 ) (432 -1024 136 ) (368 -1024 136 ) 
4 110 136 (336 -1024 64 ) (368 -1024 64 ) (368 -1024 136 ) (336 -1024 136 ) 
4 110 115 (432 -208 64 ) (432 -1024 64 ) (336 -1024 64 ) (336 -208 64 ) 
4 111 118 (130 -84 40 ) (130 -156 40 ) (128 -156 40 ) (128 -84 40 ) 
4 111 117 (130 -64 40 ) (144 -64 40 ) (144 -158 40 ) (130 -158 40 ) 
4 111 116 (144 -64 40 ) (432 -64 40 ) (432 -158 40 ) (144 -158 40 ) 
4 111 114 (128 -158 40 ) (432 -158 40 ) (432 -158 64 ) (128 -158 64 ) 
4 111 112 (128 -82 40 ) (128 -158 40 ) (128 -158 64 ) (128 -82 64 ) 
4 112 118 (128 -84 40 ) (128 -156 40 ) (82 -156 40 ) (82 -84 40 ) 
4 112 113 (82 -82 40 ) (82 -158 40 ) (82 -158 64 ) (82 -82 64 ) 
4 113 185 (0 -158 64 ) (0 -156 64 ) (0 -156 40 ) (0 -158 40 ) 
4 113 184 (0 -156 64 ) (0 -64 64 ) (0 -64 40 ) (0 -156 40 ) 
4 113 119 (0 -156 40 ) (0 -64 40 ) (80 -64 40 ) (80 -156 40 ) 
4 113 118 (82 -84 40 ) (82 -156 40 ) (80 -156 40 ) (80 -84 40 ) 
4 114 117 (130 -158 40 ) (144 -158 40 ) (144 -208 40 ) (130 -208 40 ) 
4 114 116 (144 -158 40 ) (432 -158 40 ) (432 -208 40 ) (144 -208 40 ) 
4 114 115 (336 -208 40 ) (432 -208 40 ) (432 -208 64 ) (336 -208 64 ) 
4 115 134 (368 -1024 40 ) (432 -1024 40 ) (432 -1024 64 ) (368 -1024 64 ) 
4 115 136 (336 -1024 40 ) (368 -1024 40 ) (368 -1024 64 ) (336 -1024 64 ) 
4 115 120 (336 -208 40 ) (432 -208 40 ) (432 -1024 40 ) (336 -1024 40 ) 
4 116 120 (432 -208 8 ) (432 -208 40 ) (336 -208 40 ) (336 -208 8 ) 
4 116 117 (144 -208 9 ) (144 -208 40 ) (144 -64 40 ) (144 -64 9 ) 
4 117 118 (130 -156 40 ) (130 -84 40 ) (130 -84 9 ) (130 -156 9 ) 
4 118 119 (80 -156 9 ) (80 -156 40 ) (80 -84 40 ) (80 -84 9 ) 
4 119 184 (0 -156 40 ) (0 -64 40 ) (0 -64 9 ) (0 -156 9 ) 
4 120 134 (432 -1024 8 ) (432 -1024 40 ) (368 -1024 40 ) (368 -1024 8 ) 
4 120 136 (368 -1024 40 ) (336 -1024 40 ) (336 -1024 8 ) (368 -1024 8 ) 
4 121 157 (1024 -1024 -152 ) (1024 -1024 -40 ) (632 -1024 -40 ) (632 -1024 -152 ) 
4 121 122 (1024 -1024 -152 ) (632 -1024 -152 ) (632 0 -152 ) (1024 0 -152 ) 
4 122 158 (1024 -1024 -156 ) (1024 -1024 -152 ) (632 -1024 -152 ) (632 -1024 -156 ) 
4 123 131 (1024 -1024 169 ) (1024 -1024 136 ) (1024 -1040 136 ) (1024 -1040 169 ) 
4 123 130 (1024 -1024 384 ) (1024 -1024 169 ) (1024 -1040 169 ) (1024 -1040 384 ) 
4 123 129 (1024 -1024 1120 ) (1024 -1024 384 ) (1024 -1040 384 ) (1024 -1040 1120 ) 
4 123 124 (1024 -1024 136 ) (1328 -1024 136 ) (1328 -1040 136 ) (1024 -1040 136 ) 
4 124 131 (1024 -1024 136 ) (1024 -1024 8 ) (1024 -1040 8 ) (1024 -1040 136 ) 
4 124 126 (1024 -1040 8 ) (1024 -1024 8 ) (1328 -1024 8 ) (1328 -1040 8 ) 
4 125 151 (1024 -1512 8 ) (1024 -1648 8 ) (1024 -1648 136 ) (1024 -1512 136 ) 
4 126 154 (1024 -1024 -16 ) (1024 -1024 -40 ) (1024 -1040 -40 ) (1024 -1040 -16 ) 
4 126 131 (1024 -1024 8 ) (1024 -1024 -16 ) (1024 -1040 -16 ) (1024 -1040 8 ) 
4 126 127 (1024 -1040 -40 ) (1024 -1024 -40 ) (1328 -1024 -40 ) (1328 -1040 -40 ) 
4 127 157 (1024 -1024 -40 ) (1024 -1024 -152 ) (1024 -1040 -152 ) (1024 -1040 -40 ) 
4 127 128 (1328 -1040 -152 ) (1024 -1040 -152 ) (1024 -1024 -152 ) (1328 -1024 -152 ) 
4 128 158 (1024 -1024 -152 ) (1024 -1024 -156 ) (1024 -1040 -156 ) (1024 -1040 -152 ) 
4 129 130 (625 -1024 384 ) (1024 -1024 384 ) (1024 -1040 384 ) (625 -1040 384 ) 
4 130 131 (640 -1024 169 ) (1024 -1024 169 ) (1024 -1040 169 ) (640 -1040 169 ) 
4 131 154 (640 -1024 -16 ) (1024 -1024 -16 ) (1024 -1040 -16 ) (640 -1040 -16 ) 
4 132 140 (592 -1320 136 ) (432 -1320 136 ) (432 -1320 8 ) (592 -1320 8 ) 
4 132 135 (432 -1320 9 ) (432 -1320 136 ) (432 -1319 136 ) (432 -1319 9 ) 
4 132 133 (582 -1320 8 ) (432 -1320 8 ) (432 -1319 8 ) (582 -1319 8 ) 
4 133 155 (582 -1320 -16 ) (432 -1320 -16 ) (432 -1319 -16 ) (582 -1319 -16 ) 
4 133 141 (432 -1320 -16 ) (582 -1320 -16 ) (582 -1320 8 ) (432 -1320 8 ) 
4 134 135 (368 -1280 136 ) (368 -1280 9 ) (432 -1280 9 ) (432 -1280 136 ) 
4 134 136 (368 -1024 8 ) (368 -1280 8 ) (368 -1280 136 ) (368 -1024 136 ) 
4 135 142 (384 -1320 136 ) (368 -1320 136 ) (368 -1320 9 ) (384 -1320 9 ) 
4 135 140 (432 -1320 9 ) (432 -1320 136 ) (384 -1320 136 ) (384 -1320 9 ) 
4 135 136 (368 -1320 9 ) (368 -1320 136 ) (368 -1280 136 ) (368 -1280 9 ) 
4 136 142 (368 -1320 136 ) (336 -1320 136 ) (336 -1320 8 ) (368 -1320 8 ) 
4 136 137 (336 -1284 8 ) (336 -1320 8 ) (336 -1320 136 ) (336 -1284 136 ) 
4 137 145 (288 -1320 136 ) (136 -1320 136 ) (136 -1320 8 ) (288 -1320 8 ) 
4 137 143 (298 -1320 136 ) (288 -1320 136 ) (288 -1320 8 ) (298 -1320 8 ) 
4 137 142 (336 -1320 8 ) (336 -1320 136 ) (298 -1320 136 ) (298 -1320 8 ) 
4 137 138 (136 -1320 8 ) (136 -1320 136 ) (136 -1284 136 ) (136 -1284 8 ) 
4 138 145 (136 -1320 8 ) (136 -1320 136 ) (88 -1320 136 ) (88 -1320 8 ) 
4 138 139 (88 -1200 154 ) (88 -1200 9 ) (88 -1320 9 ) (88 -1320 154 ) 
4 139 204 (0 -1288 9 ) (0 -1320 9 ) (0 -1320 136 ) (0 -1288 136 ) 
4 139 200 (0 -1320 136 ) (0 -1320 154 ) (0 -1288 154 ) (0 -1288 136 ) 
4 139 195 (0 -1200 154 ) (0 -1200 9 ) (0 -1288 9 ) (0 -1288 154 ) 
4 139 146 (88 -1320 9 ) (88 -1320 136 ) (0 -1320 136 ) (0 -1320 9 ) 
4 140 152 (554 -1504 136 ) (392 -1504 136 ) (392 -1504 8 ) (554 -1504 8 ) 
4 140 142 (384 -1320 136 ) (384 -1320 8 ) (384 -1504 8 ) (384 -1504 136 ) 
4 140 141 (384 -1504 8 ) (384 -1320 8 ) (582 -1320 8 ) (582 -1504 8 ) 
4 141 155 (384 -1320 -16 ) (582 -1320 -16 ) (582 -1504 -16 ) (384 -1504 -16 ) 
4 141 142 (384 -1320 8 ) (384 -1320 -16 ) (384 -1504 -16 ) (384 -1504 8 ) 
4 142 155 (298 -1320 -16 ) (384 -1320 -16 ) (384 -1504 -16 ) (298 -1504 -16 ) 
4 142 153 (355 -1504 123 ) (355 -1504 107 ) (379 -1504 107 ) (379 -1504 123 ) 
4 142 143 (298 -1422 136 ) (298 -1320 136 ) (298 -1320 8 ) (298 -1422 8 ) 
4 142 144 (298 -1504 -16 ) (298 -1504 136 ) (298 -1422 136 ) (298 -1422 -16 ) 
4 143 145 (288 -1320 136 ) (288 -1320 8 ) (288 -1422 8 ) (288 -1422 136 ) 
4 143 144 (298 -1422 8 ) (298 -1422 136 ) (288 -1422 136 ) (288 -1422 8 ) 
4 144 155 (298 -1422 -16 ) (298 -1504 -16 ) (288 -1504 -16 ) (288 -1422 -16 ) 
4 144 150 (288 -1424 8 ) (288 -1424 9 ) (288 -1422 9 ) (288 -1422 8 ) 
4 144 148 (288 -1424 9 ) (288 -1424 136 ) (288 -1422 136 ) (288 -1422 9 ) 
4 145 150 (288 -1422 8 ) (288 -1422 9 ) (132.355911 -1422 9 ) (132.355774 -1422 8 ) 
4 145 149 (124.750061 -1422 9 ) (88 -1422 9 ) (88 -1422 8 ) (124.751076 -1422 8 ) 
4 145 148 (288 -1422 9 ) (288 -1422 136 ) (88 -1422 136 ) (88 -1422 9 ) 
4 145 147 (88 -1320 9 ) (88 -1320 8 ) (88 -1408 8 ) (88 -1408 9 ) 
4 145 146 (88 -1320 136 ) (88 -1320 9 ) (88 -1422 9 ) (88 -1422 136 ) 
4 146 204 (0 -1320 136 ) (0 -1320 9 ) (0 -1422 9 ) (0 -1422 136 ) 
4 146 148 (0 -1422 136 ) (0 -1422 9 ) (88 -1422 9 ) (88 -1422 136 ) 
4 146 147 (0 -1320 9 ) (88 -1320 9 ) (88 -1408 9 ) (0 -1410.697388 9 ) 
4 147 205 (0 -1320 9 ) (0 -1320 -16 ) (0 -1410.697388 -16 ) (0 -1410.697388 9 ) 
4 147 156 (0 -1410.697388 -16 ) (0 -1320 -16 ) (88 -1320 -16 ) (88 -1408 -16 ) 
4 148 204 (0 -1422 136 ) (0 -1422 9 ) (0 -1424 9 ) (0 -1424 136 ) 
5 148 150 (288 -1424 9 ) (124.249985 -1424 9 ) (124.314957 -1423.740112 9 ) (132.355911 -1422 9 ) (288 -1422 9 ) 
4 148 149 (124.249985 -1424 9 ) (0 -1424 9 ) (0 -1422 9 ) (124.750061 -1422 9 ) 
4 149 206 (0 -1422 9 ) (0 -1422 8 ) (0 -1424 8 ) (0 -1424 9 ) 
4 149 150 (124.249023 -1424 8 ) (124.313919 -1423.740479 8 ) (124.313858 -1423.740479 9 ) (124.248955 -1424 9 ) 
4 151 152 (554 -1512 8 ) (554 -1648 8 ) (554 -1648 136 ) (554 -1512 136 ) 
4 154 157 (1024 -1024 -40 ) (1024 -1040 -40 ) (632 -1040 -40 ) (632 -1024 -40 ) 
4 155 159 (187 -1509 -40 ) (187 -1316 -40 ) (864 -1316 -40 ) (864 -1509 -40 ) 
4 156 214 (0 -1424 -16 ) (0 -1256 -16 ) (0 -1256 -40 ) (0 -1424 -40 ) 
4 156 162 (0 -1424 -40 ) (0 -1256 -40 ) (88 -1256 -40 ) (88 -1424 -40 ) 
4 157 158 (1024 -1040 -152 ) (632 -1040 -152 ) (632 -1024 -152 ) (1024 -1024 -152 ) 
4 159 160 (864 -1509 -88 ) (187 -1509 -88 ) (187 -1316 -88 ) (864 -1316 -88 ) 
4 160 161 (864 -1509 -136 ) (187 -1509 -136 ) (187 -1316 -136 ) (864 -1316 -136 ) 
4 162 214 (0 -1424 -40 ) (0 -1256 -40 ) (0 -1256 -136 ) (0 -1424 -136 ) 
4 163 181 (0 0 155 ) (0 0 183 ) (-151 0 183 ) (-151 0 155 ) 
4 163 164 (-151 0 155 ) (-151 87 155 ) (0 87 155 ) (0 0 155 ) 
4 164 181 (0 0 136 ) (0 0 155 ) (-151 0 155 ) (-151 0 136 ) 
4 164 170 (0 0 136 ) (-151 0 136 ) (-151 87 136 ) (0 87 136 ) 
4 165 179 (-1024 87 1016 ) (-1024 320 1016 ) (-1024 320 136 ) (-1024 87 136 ) 
4 165 171 (-843.619080 96 136 ) (-822 96 136 ) (-822 87 136 ) (-839.565491 87 136 ) 
4 165 172 (-1024 87 136 ) (-1024 96 136 ) (-843.619080 96 136 ) (-839.565491 87 136 ) 
4 165 169 (-1024 96 136 ) (-1024 320 136 ) (-822 320 136 ) (-822 96 136 ) 
4 165 166 (-839.565552 87 136 ) (-822 87 136 ) (-822 87 1016 ) (-839.565491 87 1016 ) 
4 165 167 (-1024 87 136 ) (-839.565552 87 136 ) (-839.565491 87 1016 ) (-1024 87 1016 ) 
3 166 171 (-822 48 136 ) (-839.565552 87 136 ) (-822 87 136 ) 
4 166 167 (-839.568359 87 1016 ) (-839.568359 87 136 ) (-822 47.993584 136 ) (-822 47.993584 1016 ) 
4 167 182 (-800.380981 0 1016 ) (-1024 0 1016 ) (-1024 0 136 ) (-800.380981 0 136 ) 
4 167 180 (-1024 0 136 ) (-1024 0 1016 ) (-1024 48 1016 ) (-1024 48 136 ) 
4 167 179 (-1024 48 1016 ) (-1024 87 1016 ) (-1024 87 136 ) (-1024 48 136 ) 
4 167 172 (-800.380981 0 136 ) (-1024 0 136 ) (-1024 87 136 ) (-839.565552 87 136 ) 
4 169 179 (-1024 96 136 ) (-1024 320 136 ) (-1024 320 64 ) (-1024 96 64 ) 
4 169 177 (-1024 96 64 ) (-1024 320 64 ) (-944.507935 320 64 ) (-843.619080 96 64 ) 
4 169 176 (-944.507935 320 64 ) (-822 320 64 ) (-822 96 64 ) (-843.619080 96 64 ) 
4 169 171 (-843.619080 96 64 ) (-822 96 64 ) (-822 96 136 ) (-843.619080 96 136 ) 
4 169 172 (-1024 96 64 ) (-843.619080 96 64 ) (-843.619080 96 136 ) (-1024 96 136 ) 
4 170 184 (0 0 64 ) (0 0 136 ) (-160 0 136 ) (-160 0 64 ) 
4 170 173 (-160 96 64 ) (0 96 64 ) (0 0 64 ) (-160 0 64 ) 
3 171 176 (-843.619080 96 64 ) (-822 96 64 ) (-822 48 64 ) 
4 171 172 (-843.621277 96 136 ) (-843.621277 96 64 ) (-822 47.995056 64 ) (-822 47.995052 136 ) 
4 172 186 (-800.381042 0 136 ) (-1024 0 136 ) (-1024 0 64 ) (-800.380981 0 64 ) 
4 172 180 (-1024 0 64 ) (-1024 0 136 ) (-1024 48 136 ) (-1024 48 64 ) 
4 172 179 (-1024 48 136 ) (-1024 96 136 ) (-1024 96 64 ) (-1024 48 64 ) 
4 172 177 (-1024 0 64 ) (-1024 96 64 ) (-843.619080 96 64 ) (-800.381042 0 64 ) 
4 173 184 (0 0 40 ) (0 0 64 ) (-160 0 64 ) (-160 0 40 ) 
4 173 175 (-160 0 40 ) (-160 0 64 ) (-160 98 64 ) (-160 98 40 ) 
4 173 174 (-160 0 40 ) (-160 96 40 ) (0 96 40 ) (0 0 40 ) 
4 174 184 (0 0 9 ) (0 0 40 ) (-160 0 40 ) (-160 0 9 ) 
4 175 188 (-160 0 40 ) (-160 0 64 ) (-162 0 64 ) (-162 0 40 ) 
4 176 177 (-944.507813 320 64 ) (-944.507813 320 56 ) (-822 48 56 ) (-822 48 64 ) 
4 177 189 (-800.380981 0 64 ) (-1024 0 64 ) (-1024 0 56 ) (-800.380981 0 56 ) 
4 177 180 (-1024 0 56 ) (-1024 0 64 ) (-1024 48 64 ) (-1024 48 56 ) 
4 177 179 (-1024 48 64 ) (-1024 320 64 ) (-1024 320 56 ) (-1024 48 56 ) 
4 177 178 (-1024 0 56 ) (-1024 48 56 ) (-822.001831 48 56 ) (-800.382813 0 56 ) 
4 178 189 (-1024 0 56 ) (-1024 0 50.666668 ) (-800.380981 0 50.666668 ) (-800.380981 0 56 ) 
3 178 180 (-1024 0 50.666668 ) (-1024 0 56 ) (-1024 48 56 ) 
4 179 180 (-1024 48 1016 ) (-1356 48 1016 ) (-1356 48 56 ) (-1024 48 56 ) 
4 180 221 (-1024 0 50.666687 ) (-1024 0 1016 ) (-1338.523804 0 1016 ) (-1338.523926 0 50.666687 ) 
4 181 184 (-151 -127 136 ) (-151 0 136 ) (0 0 136 ) (0 -127 136 ) 
4 182 221 (-1024 0 1016 ) (-1024 0 136 ) (-1024 -127 136 ) (-1024 -127 1016 ) 
4 182 186 (-1024 -127 136 ) (-1024 0 136 ) (-800.380981 0 136 ) (-743.180603 -127 136 ) 
4 182 183 (-1024 -127 136 ) (-743.180542 -127 136 ) (-743.180603 -127 1016 ) (-1024 -127 1016 ) 
4 183 221 (-1024 -127 136 ) (-1024 -162 136 ) (-1024 -162 1016 ) (-1024 -127 1016 ) 
4 183 193 (-1024 -162 1016 ) (-1024 -162 136 ) (-989 -162 136 ) (-989 -162 1016 ) 
4 183 192 (-989 -162 136 ) (-727.416748 -162 136 ) (-727.416687 -162 1016 ) (-989 -162 1016 ) 
4 183 187 (-727.416687 -162 136 ) (-1024 -162 136 ) (-1024 -156 136 ) (-730.119080 -156 136 ) 
4 183 186 (-1024 -156 136 ) (-1024 -127 136 ) (-743.180542 -127 136 ) (-730.119080 -156 136 ) 
4 184 188 (-160 0 64 ) (-160 0 40 ) (-160 -156 40 ) (-160 -156 64 ) 
4 184 185 (-160 -156 64 ) (-160 -156 40 ) (0 -156 40 ) (0 -156 64 ) 
4 185 188 (-160 -158 64 ) (-160 -156 64 ) (-160 -156 40 ) (-160 -158 40 ) 
4 186 221 (-1024 0 136 ) (-1024 0 64 ) (-1024 -156 64 ) (-1024 -156 136 ) 
4 186 189 (-1024 0 64 ) (-800.380981 0 64 ) (-730.119080 -156 64 ) (-1024 -156 64 ) 
4 186 187 (-1024 -156 64 ) (-730.119080 -156 64 ) (-730.119080 -156 136 ) (-1024 -156 136 ) 
4 187 221 (-1024 -156 64 ) (-1024 -162 64 ) (-1024 -162 136 ) (-1024 -156 136 ) 
4 187 193 (-1024 -162 136 ) (-1024 -162 64 ) (-989 -162 64 ) (-989 -162 136 ) 
4 187 192 (-989 -162 64 ) (-727.416687 -162 64 ) (-727.416748 -162 136 ) (-989 -162 136 ) 
4 187 190 (-727.416748 -162 64 ) (-1024 -162 64 ) (-1024 -158 64 ) (-729.218323 -158 64 ) 
4 187 189 (-1024 -158 64 ) (-1024 -156 64 ) (-730.119080 -156 64 ) (-729.218323 -158 64 ) 
5 189 221 (-1024 0 64 ) (-1024 0 50.666668 ) (-1024 -96 40 ) (-1024 -158 40 ) (-1024 -158 64 ) 
4 189 191 (-729.218323 -158 40 ) (-1024 -158 40 ) (-1024 -96 40 ) (-757.142883 -96 40 ) 
4 189 190 (-1024 -158 40 ) (-729.218323 -158 40 ) (-729.218323 -158 64 ) (-1024 -158 64 ) 
4 190 221 (-1024 -158 40 ) (-1024 -162 40 ) (-1024 -162 64 ) (-1024 -158 64 ) 
4 190 193 (-1024 -162 64 ) (-1024 -162 40 ) (-989 -162 40 ) (-989 -162 64 ) 
4 190 192 (-989 -162 40 ) (-727.416687 -162 40 ) (-727.416748 -162 64 ) (-989 -162 64 ) 
4 190 191 (-727.416748 -162 40 ) (-1024 -162 40 ) (-1024 -158 40 ) (-729.218323 -158 40 ) 
3 191 221 (-1024 -162 32.666687 ) (-1024 -162 40 ) (-1024 -96 40 ) 
4 191 193 (-1024 -162 40 ) (-1024 -162 32.666668 ) (-989 -162 32.666672 ) (-989 -162 40 ) 
4 191 192 (-989 -162 32.666672 ) (-727.416748 -162 32.666687 ) (-727.416748 -162 40 ) (-989 -162 40 ) 
4 192 216 (-448 -1024 -16 ) (-989 -1024 -16 ) (-989 -1024 -56 ) (-448 -1024 -56 ) 
4 192 215 (-368 -1024 -56 ) (-368 -1024 -16 ) (-448 -1024 -16 ) (-448 -1024 -56 ) 
4 192 194 (-368 -1024 -16 ) (-368 -1024 1016 ) (-989 -1024 1016 ) (-989 -1024 -16 ) 
4 192 193 (-989 -960 1016 ) (-989 -162 1016 ) (-989 -162 32.666626 ) (-989 -960 -56 ) 
4 193 221 (-1024 -863.869446 -45.318787 ) (-1024 -863.869385 1016 ) (-1024 -162 1016 ) (-1024 -162 32.666687 ) 
4 194 216 (-989 -1024 -16 ) (-448 -1024 -16 ) (-448 -1200 -16 ) (-989 -1200 -16 ) 
4 194 215 (-448 -1024 -16 ) (-368 -1024 -16 ) (-368 -1200 -16 ) (-448 -1200 -16 ) 
4 194 199 (-989 -1200 -16 ) (-479 -1200 -16 ) (-479 -1200 1016 ) (-989 -1200 1016 ) 
4 194 197 (-479 -1200 -16 ) (-448 -1200 -16 ) (-448 -1200 1016 ) (-479 -1200 1016 ) 
4 194 196 (-368 -1200 136 ) (-368 -1200 1016 ) (-448 -1200 1016 ) (-448 -1200 136 ) 
4 195 204 (0 -1288 9 ) (0 -1288 136 ) (-248 -1288 136 ) (-248 -1288 9 ) 
4 195 200 (0 -1288 136 ) (0 -1288 154 ) (-248 -1288 154 ) (-248 -1288 136 ) 
4 196 201 (-368 -1288 1016 ) (-448 -1288 1016 ) (-448 -1288 224 ) (-368 -1288 224 ) 
4 196 198 (-448 -1288 136 ) (-448 -1288 1016 ) (-448 -1269 1016 ) (-448 -1269 136 ) 
4 196 197 (-448 -1269 1016 ) (-448 -1200 1016 ) (-448 -1200 136 ) (-448 -1269 136 ) 
4 197 216 (-479 -1200 -16 ) (-448 -1200 -16 ) (-448 -1269 -16 ) (-479 -1269 -16 ) 
4 197 199 (-479 -1269 1016 ) (-479 -1200 1016 ) (-479 -1200 -16 ) (-479 -1269 -16 ) 
4 197 198 (-479 -1269 1016 ) (-479 -1269 8 ) (-448 -1269 8 ) (-448 -1269 1016 ) 
4 198 211 (-448 -1288 8 ) (-448 -1288 1016 ) (-479 -1288 1016 ) (-479 -1288 8 ) 
4 198 199 (-479 -1288 8 ) (-479 -1288 1016 ) (-479 -1269 1016 ) (-479 -1269 8 ) 
4 199 216 (-989 -1200 -16 ) (-479 -1200 -16 ) (-479 -1288 -16 ) (-989 -1288 -16 ) 
4 199 213 (-989 -1288 -16 ) (-479 -1288 -16 ) (-479 -1288 1016 ) (-989 -1288 1016 ) 
4 200 204 (-248 -1288 136 ) (0 -1288 136 ) (0 -1320 136 ) (-248 -1320 136 ) 
4 201 211 (-448 -1288 1016 ) (-448 -1288 224 ) (-448 -1320 224 ) (-448 -1320 1016 ) 
4 201 202 (-270 -1320 224 ) (-270 -1320 1016 ) (-448 -1320 1016 ) (-448 -1320 224 ) 
4 202 211 (-448 -1440 1016 ) (-448 -1320 1016 ) (-448 -1320 220 ) (-448 -1440 220 ) 
4 202 212 (-448 -1504 220 ) (-448 -1504 1016 ) (-448 -1440 1016 ) (-448 -1440 220 ) 
4 202 203 (-270 -1504 1016 ) (-448 -1504 1016 ) (-448 -1504 220 ) (-270 -1504 220 ) 
4 203 220 (-400 -1808 1016 ) (-448 -1808 1016 ) (-448 -1808 136 ) (-400 -1808 136 ) 
4 203 212 (-448 -1504 136 ) (-448 -1808 136 ) (-448 -1808 1016 ) (-448 -1504 1016 ) 
4 203 210 (-376 -1808 136 ) (-448 -1808 136 ) (-448 -1504 136 ) (-376 -1504 136 ) 
4 203 209 (-270 -1808 136 ) (-376 -1808 136 ) (-376 -1504 136 ) (-270 -1504 136 ) 
4 204 207 (-320 -1424 9 ) (-320 -1424 136 ) (-320 -1288 136 ) (-320 -1288 9 ) 
4 204 206 (0 -1424 9 ) (-173 -1424 9 ) (-173 -1422 9 ) (0 -1422 9 ) 
4 204 205 (-173 -1416 9 ) (-173 -1320 9 ) (0 -1320 9 ) (0 -1410.697388 9 ) 
4 205 214 (0 -1320 -16 ) (0 -1410.697388 -16 ) (-173 -1416 -16 ) (-173 -1320 -16 ) 
4 207 208 (-434 -1312 8 ) (-434 -1408 8 ) (-434 -1408 116 ) (-434 -1312 116 ) 
4 208 211 (-448 -1312 8 ) (-448 -1408 8 ) (-448 -1408 116 ) (-448 -1312 116 ) 
4 209 210 (-376 -1808 0 ) (-376 -1808 136 ) (-376 -1504 136 ) (-376 -1504 0 ) 
4 210 220 (-448 -1808 -16 ) (-400 -1808 -16 ) (-400 -1808 136 ) (-448 -1808 136 ) 
4 210 218 (-376 -1808 -16 ) (-448 -1808 -16 ) (-448 -1504 -16 ) (-376 -1504 -16 ) 
4 210 212 (-448 -1504 -16 ) (-448 -1808 -16 ) (-448 -1808 136 ) (-448 -1504 136 ) 
4 211 213 (-479 -1440 1016 ) (-479 -1288 1016 ) (-479 -1288 8 ) (-479 -1440 8 ) 
4 211 212 (-479 -1440 1016 ) (-479 -1440 8 ) (-448 -1440 8 ) (-448 -1440 1016 ) 
4 212 220 (-479 -1808 -16 ) (-448 -1808 -16 ) (-448 -1808 1016 ) (-479 -1808 1016 ) 
4 212 218 (-448 -1808 -16 ) (-479 -1808 -16 ) (-479 -1504 -16 ) (-448 -1504 -16 ) 
4 212 217 (-479 -1504 -16 ) (-479 -1440 -16 ) (-448 -1440 -16 ) (-448 -1504 -16 ) 
4 212 213 (-479 -1808 1016 ) (-479 -1440 1016 ) (-479 -1440 -16 ) (-479 -1808 -16 ) 
4 213 220 (-989 -1808 -16 ) (-479 -1808 -16 ) (-479 -1808 1016 ) (-989 -1808 1016 ) 
4 213 218 (-479 -1808 -16 ) (-989 -1808 -16 ) (-989 -1504 -16 ) (-479 -1504 -16 ) 
4 213 217 (-989 -1504 -16 ) (-989 -1288 -16 ) (-479 -1288 -16 ) (-479 -1504 -16 ) 
4 215 216 (-448 -1200 -16 ) (-448 -1024 -16 ) (-448 -1024 -56 ) (-448 -1200 -56 ) 
4 216 217 (-989 -1288 -16 ) (-989 -1288 -56 ) (-448 -1288 -56 ) (-448 -1288 -16 ) 
4 217 218 (-989 -1504 -16 ) (-989 -1504 -56 ) (-448 -1504 -56 ) (-448 -1504 -16 ) 
4 218 220 (-400 -1808 -16 ) (-989 -1808 -16 ) (-989 -1808 -56 ) (-400 -1808 -56 ) 
4 219 277 (-400 -2048 888 ) (-400 -2048 -73.187378 ) (-339.642120 -2048 -73.194061 ) (-339.642120 -2048 888 ) 
4 219 275 (-339.642120 -2048 985.463257 ) (-400 -2048 985.463257 ) (-400 -2048 888 ) (-339.642120 -2048 888 ) 
4 219 220 (-400 -2048 -73.187317 ) (-400 -2048 985.464478 ) (-400 -1816 1014.983337 ) (-400 -1816 -56.572937 ) 
4 220 277 (-400 -2048 -73.187317 ) (-400 -2048 888 ) (-942.240601 -2048 888 ) (-942.240601 -2048 -73.127197 ) 
4 220 275 (-400 -2048 888 ) (-400 -2048 985.463257 ) (-942.240601 -2048 985.463257 ) (-942.240601 -2048 888 ) 
4 222 228 (635 -3072 0 ) (485 -3072 0 ) (485 -3072 -126 ) (635 -3072 -126 ) 
4 222 227 (528 -3072 -126 ) (485 -3072 -126 ) (485 -2760 -126 ) (528 -2760 -126 ) 
4 222 225 (592 -3072 -126 ) (528 -3072 -126 ) (528 -2872 -126 ) (592 -2872 -126 ) 
4 222 224 (528 -2872 -126 ) (528 -2760 -126 ) (592 -2760 -126 ) (592 -2872 -126 ) 
4 222 223 (635 -3072 -126 ) (592 -3072 -126 ) (592 -2760 -126 ) (635 -2760 -126 ) 
4 223 232 (635 -3072 -126 ) (592 -3072 -126 ) (592 -3072 -128 ) (635 -3072 -128 ) 
4 223 226 (592 -2872 -128 ) (592 -3072 -128 ) (592 -3072 -127 ) (592 -2872 -127 ) 
4 223 225 (592 -3072 -127 ) (592 -3072 -126 ) (592 -2872 -126 ) (592 -2872 -127 ) 
4 223 224 (592 -2760 -126 ) (592 -2760 -128 ) (592 -2872 -128 ) (592 -2872 -126 ) 
4 224 227 (528 -2760 -126 ) (528 -2760 -128 ) (528 -2872 -128 ) (528 -2872 -126 ) 
4 224 226 (528 -2872 -127 ) (528 -2872 -128 ) (592 -2872 -128 ) (592 -2872 -127 ) 
4 224 225 (528 -2872 -126 ) (528 -2872 -127 ) (592 -2872 -127 ) (592 -2872 -126 ) 
4 225 233 (592 -3072 -126 ) (528 -3072 -126 ) (528 -3072 -127 ) (592 -3072 -127 ) 
4 225 227 (528 -3072 -127 ) (528 -3072 -126 ) (528 -2872 -126 ) (528 -2872 -127 ) 
4 225 226 (528 -3072 -127 ) (528 -2872 -127 ) (592 -2872 -127 ) (592 -3072 -127 ) 
4 226 234 (528 -3072 -127 ) (528 -3072 -128 ) (592 -3072 -128 ) (592 -3072 -127 ) 
4 226 227 (528 -2872 -128 ) (528 -3072 -128 ) (528 -3072 -127 ) (528 -2872 -127 ) 
4 227 235 (528 -3072 -126 ) (485 -3072 -126 ) (485 -3072 -128 ) (528 -3072 -128 ) 
4 228 253 (610 -4096 -126 ) (635 -4096 -126 ) (635 -4096 -84 ) (610 -4096 -84 ) 
4 228 254 (485 -4096 -84 ) (485 -4096 -126 ) (610 -4096 -126 ) (610 -4096 -84 ) 
4 228 252 (635 -4096 -72.187508 ) (485 -4096 -72.187500 ) (485 -4096 -84 ) (635 -4096 -84 ) 
4 228 242 (485 -3656 -126 ) (485 -3336 -126 ) (528 -3336 -126 ) (528 -3656 -126 ) 
4 228 240 (485 -3336 -126 ) (485 -3288 -126 ) (528 -3288 -126 ) (528 -3336 -126 ) 
4 228 238 (485 -3288 -126 ) (485 -3224 -126 ) (528 -3224 -126 ) (528 -3288 -126 ) 
4 228 237 (485 -3224 -126 ) (485 -3181 -126 ) (528 -3181 -126 ) (528 -3224 -126 ) 
4 228 236 (485 -3181 -126 ) (485 -3176 -126 ) (528 -3176 -126 ) (528 -3181 -126 ) 
4 228 235 (485 -3176 -126 ) (485 -3072 -126 ) (528 -3072 -126 ) (528 -3176 -126 ) 
4 228 233 (528 -3072 -126 ) (592 -3072 -126 ) (592 -3656 -126 ) (528 -3656 -126 ) 
4 228 232 (592 -3072 -126 ) (635 -3072 -126 ) (635 -3656 -126 ) (592 -3656 -126 ) 
4 228 231 (635 -4096 -126 ) (485 -4096 -126 ) (485 -3656 -126 ) (635 -3656 -126 ) 
4 228 229 (485 -3176 -126 ) (485 -3336 -126 ) (485 -3336 0 ) (485 -3176 0 ) 
4 229 240 (480 -3336 -126 ) (480 -3288 -126 ) (485 -3288 -126 ) (485 -3336 -126 ) 
4 229 238 (480 -3288 -126 ) (480 -3224 -126 ) (485 -3224 -126 ) (485 -3288 -126 ) 
4 229 237 (480 -3224 -126 ) (480 -3181 -126 ) (485 -3181 -126 ) (485 -3224 -126 ) 
4 229 236 (480 -3181 -126 ) (480 -3176 -126 ) (485 -3176 -126 ) (485 -3181 -126 ) 
4 229 230 (480 -3181 -126 ) (480 -3332 -126 ) (480 -3332 0 ) (480 -3181 0 ) 
4 230 278 (0 -3332 0 ) (0 -3181 0 ) (0 -3181 -126 ) (0 -3332 -126 ) 
4 230 241 (0 -3332 -126 ) (0 -3288 -126 ) (480 -3288 -126 ) (480 -3332 -126 ) 
4 230 238 (0 -3288 -126 ) (0 -3224 -126 ) (480 -3224 -126 ) (480 -3288 -126 ) 
4 230 237 (0 -3224 -126 ) (0 -3181 -126 ) (480 -3181 -126 ) (480 -3224 -126 ) 
4 231 253 (635 -4096 -126 ) (610 -4096 -126 ) (610 -4096 -198.187454 ) (635 -4096 -198.187454 ) 
4 231 254 (610 -4096 -126 ) (485 -4096 -126 ) (485 -4096 -198.187454 ) (610 -4096 -198.187454 ) 
4 231 245 (485 -3656.005859 -126 ) (528 -3656.005859 -126 ) (528 -4096 -198.186508 ) (485 -4096 -198.186508 ) 
4 231 244 (528 -3656.005859 -126 ) (592 -3656.005859 -126 ) (592 -4096 -198.186523 ) (528 -4096 -198.186508 ) 
4 231 243 (592 -3656.005859 -126 ) (635 -3656.005859 -126 ) (635 -4096 -198.186523 ) (592 -4096 -198.186523 ) 
4 232 243 (635 -3656 -126 ) (592 -3656 -126 ) (592 -3656 -128 ) (635 -3656 -128 ) 
4 232 234 (592 -3072 -128 ) (592 -3656 -128 ) (592 -3656 -127 ) (592 -3072 -127 ) 
4 232 233 (592 -3656 -127 ) (592 -3656 -126 ) (592 -3072 -126 ) (592 -3072 -127 ) 
4 233 244 (592 -3656 -126 ) (528 -3656 -126 ) (528 -3656 -127 ) (592 -3656 -127 ) 
4 233 242 (528 -3656 -127 ) (528 -3656 -126 ) (528 -3336 -126 ) (528 -3336 -127 ) 
4 233 240 (528 -3336 -126 ) (528 -3288 -126 ) (528 -3288 -127 ) (528 -3336 -127 ) 
4 233 238 (528 -3288 -126 ) (528 -3224 -126 ) (528 -3224 -127 ) (528 -3288 -127 ) 
4 233 237 (528 -3224 -126 ) (528 -3181 -126 ) (528 -3181 -127 ) (528 -3224 -127 ) 
4 233 236 (528 -3181 -126 ) (528 -3176 -126 ) (528 -3176 -127 ) (528 -3181 -127 ) 
4 233 235 (528 -3176 -126 ) (528 -3072 -126 ) (528 -3072 -127 ) (528 -3176 -127 ) 
4 233 234 (528 -3656 -127 ) (528 -3072 -127 ) (592 -3072 -127 ) (592 -3656 -127 ) 
4 234 244 (528 -3656 -127 ) (528 -3656 -128 ) (592 -3656 -128 ) (592 -3656 -127 ) 
4 234 242 (528 -3336 -128 ) (528 -3656 -128 ) (528 -3656 -127 ) (528 -3336 -127 ) 
4 234 240 (528 -3288 -128 ) (528 -3336 -128 ) (528 -3336 -127 ) (528 -3288 -127 ) 
4 234 239 (528 -3224 -128 ) (528 -3288 -128 ) (528 -3288 -127 ) (528 -3224 -127 ) 
4 234 237 (528 -3181 -128 ) (528 -3224 -128 ) (528 -3224 -127 ) (528 -3181 -127 ) 
4 234 236 (528 -3176 -128 ) (528 -3181 -128 ) (528 -3181 -127 ) (528 -3176 -127 ) 
4 234 235 (528 -3072 -128 ) (528 -3176 -128 ) (528 -3176 -127 ) (528 -3072 -127 ) 
4 235 236 (485 -3176 -128 ) (528 -3176 -128 ) (528 -3176 -126 ) (485 -3176 -126 ) 
4 236 237 (480 -3181 -128 ) (528 -3181 -128 ) (528 -3181 -126 ) (480 -3181 -126 ) 
4 237 295 (0 -3224 -126 ) (0 -3208 -126 ) (0 -3208 -128 ) (0 -3224 -128 ) 
4 237 292 (0 -3208 -126 ) (0 -3181 -126 ) (0 -3181 -128 ) (0 -3208 -128 ) 
4 237 239 (0 -3224 -128 ) (528 -3224 -128 ) (528 -3224 -127 ) (0 -3224 -127 ) 
4 237 238 (528 -3224 -127 ) (528 -3224 -126 ) (0 -3224 -126 ) (0 -3224 -127 ) 
4 238 296 (0 -3288 -126 ) (0 -3224 -126 ) (0 -3224 -127 ) (0 -3288 -127 ) 
4 238 241 (480 -3288 -126 ) (0 -3288 -126 ) (0 -3288 -127 ) (480 -3288 -127 ) 
4 238 240 (528 -3288 -127 ) (528 -3288 -126 ) (480 -3288 -126 ) (480 -3288 -127 ) 
4 238 239 (528 -3288 -127 ) (0 -3288 -127 ) (0 -3224 -127 ) (528 -3224 -127 ) 
4 239 297 (0 -3224 -127 ) (0 -3224 -128 ) (0 -3288 -128 ) (0 -3288 -127 ) 
4 239 241 (0 -3288 -128 ) (480 -3288 -128 ) (480 -3288 -127 ) (0 -3288 -127 ) 
4 239 240 (480 -3288 -128 ) (528 -3288 -128 ) (528 -3288 -127 ) (480 -3288 -127 ) 
4 240 242 (485 -3336 -128 ) (528 -3336 -128 ) (528 -3336 -126 ) (485 -3336 -126 ) 
4 240 241 (480 -3288 -126 ) (480 -3288 -128 ) (480 -3332 -128 ) (480 -3332 -126 ) 
4 241 300 (0 -3332 -126 ) (0 -3304 -126 ) (0 -3304 -128 ) (0 -3332 -128 ) 
4 241 298 (0 -3304 -126 ) (0 -3288 -126 ) (0 -3288 -128 ) (0 -3304 -128 ) 
4 242 245 (528 -3656 -126 ) (485 -3656 -126 ) (485 -3656 -128 ) (528 -3656 -128 ) 
4 243 258 (635 -4096 -198.187454 ) (592 -4096 -198.187454 ) (592 -4096 -200.187500 ) (635 -4096 -200.187500 ) 
4 243 244 (592 -3656 -126.003906 ) (592 -3656 -128.001953 ) (592 -4096 -200.189453 ) (592 -4096 -198.191406 ) 
4 244 259 (592 -4096 -198.187454 ) (528 -4096 -198.187454 ) (528 -4096 -200.187500 ) (592 -4096 -200.187500 ) 
4 244 245 (528 -3656 -126.003906 ) (528 -3656 -128.001953 ) (528 -4096 -200.189453 ) (528 -4096 -198.191406 ) 
4 245 260 (528 -4096 -198.187454 ) (485 -4096 -198.187454 ) (485 -4096 -200.187500 ) (528 -4096 -200.187500 ) 
4 246 247 (1050 -4311 -208 ) (1050 -4455 -208 ) (1050 -4455 -84 ) (1050 -4311 -84 ) 
4 247 248 (1024 -4311 -208 ) (1024 -4455 -208 ) (1024 -4455 -81 ) (1024 -4311 -81 ) 
4 248 250 (816 -4311 -208 ) (968 -4311 -208 ) (968 -4455 -208 ) (816 -4455 -208 ) 
4 248 249 (676 -4335 -208 ) (676 -4431 -208 ) (676 -4431 -91 ) (676 -4335 -91 ) 
4 249 251 (640 -4335 -208 ) (640 -4431 -208 ) (640 -4431 -121 ) (640 -4335 -121 ) 
4 250 261 (816 -4455 -210 ) (816 -4304 -210 ) (968 -4304 -210 ) (968 -4455 -210 ) 
4 251 262 (635 -4431 -210 ) (635 -4335 -210 ) (640 -4335 -210 ) (640 -4431 -210 ) 
4 251 253 (635 -4335 -210 ) (635 -4431 -210 ) (635 -4431 -121 ) (635 -4335 -121 ) 
4 252 253 (610 -4096 -84 ) (635 -4096 -84 ) (635 -4168 -84 ) (610 -4168 -84 ) 
4 252 254 (485 -4168 -84 ) (485 -4096 -84 ) (610 -4096 -84 ) (610 -4168 -84 ) 
4 253 263 (610 -4431 -210 ) (610 -4168 -210 ) (635 -4168 -210 ) (635 -4431 -210 ) 
4 253 258 (635 -4168.003906 -210 ) (610 -4168.003906 -210 ) (610 -4096 -198.186508 ) (635 -4096 -198.186508 ) 
5 253 254 (610 -4431 -84 ) (610 -4096 -84 ) (610 -4096 -198.187500 ) (610 -4168 -210 ) (610 -4431 -210 ) 
4 254 266 (592 -4543 -210 ) (528 -4543 -210 ) (528 -4168 -210 ) (592 -4168 -210 ) 
4 254 267 (528 -4543 -210 ) (485 -4543 -210 ) (485 -4168 -210 ) (528 -4168 -210 ) 
4 254 264 (610 -4543 -210 ) (592 -4543 -210 ) (592 -4431 -210 ) (610 -4431 -210 ) 
4 254 263 (592 -4431 -210 ) (592 -4168 -210 ) (610 -4168 -210 ) (610 -4431 -210 ) 
4 254 260 (528 -4168.003906 -210 ) (485 -4168.003906 -210 ) (485 -4096 -198.186508 ) (528 -4096 -198.186508 ) 
4 254 259 (592 -4168.003906 -210 ) (528 -4168.003906 -210 ) (528 -4096 -198.186508 ) (592 -4096 -198.186508 ) 
4 254 258 (610 -4168.003906 -210 ) (592 -4168.003906 -210 ) (592 -4096 -198.186508 ) (610 -4096 -198.186508 ) 
4 254 256 (485 -4543 -210 ) (610 -4543 -210 ) (610 -4543 -84 ) (485 -4543 -84 ) 
4 255 256 (640 -4703 -208 ) (640 -4703 -84 ) (640 -4543 -84 ) (640 -4543 -208 ) 
4 256 274 (528 -4703 -210 ) (485 -4703 -210 ) (485 -4655 -210 ) (528 -4655 -210 ) 
4 256 273 (485 -4655 -210 ) (485 -4591 -210 ) (528 -4591 -210 ) (528 -4655 -210 ) 
4 256 271 (485 -4591 -210 ) (485 -4543 -210 ) (528 -4543 -210 ) (528 -4591 -210 ) 
4 256 270 (592 -4703 -210 ) (528 -4703 -210 ) (528 -4655 -210 ) (592 -4655 -210 ) 
4 256 269 (528 -4655 -210 ) (528 -4543 -210 ) (592 -4543 -210 ) (592 -4655 -210 ) 
4 256 268 (640 -4703 -210 ) (592 -4703 -210 ) (592 -4543 -210 ) (640 -4543 -210 ) 
4 256 257 (485 -4703 -210 ) (485 -4703 -84 ) (485 -4548 -84 ) (485 -4548 -210 ) 
4 257 274 (485 -4703 -210 ) (264 -4703 -210 ) (264 -4655 -210 ) (485 -4655 -210 ) 
4 257 273 (264 -4655 -210 ) (264 -4591 -210 ) (485 -4591 -210 ) (485 -4655 -210 ) 
4 257 272 (264 -4591 -210 ) (264 -4548 -210 ) (485 -4548 -210 ) (485 -4591 -210 ) 
4 258 263 (635 -4168 -210 ) (592 -4168 -210 ) (592 -4155.809570 -210 ) (635 -4155.809570 -210 ) 
4 258 259 (592 -4096 -200.189453 ) (592 -4155.792969 -210 ) (592 -4168 -210 ) (592 -4096 -198.187500 ) 
4 259 265 (592 -4168 -210 ) (528 -4168 -210 ) (528 -4155.809570 -210 ) (592 -4155.809570 -210 ) 
4 259 260 (528 -4096 -200.189453 ) (528 -4155.792969 -210 ) (528 -4168 -210 ) (528 -4096 -198.187500 ) 
4 260 267 (528 -4168 -210 ) (485 -4168 -210 ) (485 -4155.809570 -210 ) (528 -4155.809570 -210 ) 
4 262 263 (635 -4335 -212 ) (635 -4431 -212 ) (635 -4431 -210 ) (635 -4335 -210 ) 
4 263 266 (592 -4168 -212 ) (592 -4431 -212 ) (592 -4431 -210 ) (592 -4168 -210 ) 
4 263 265 (592 -4155.808594 -210 ) (592 -4167.996094 -212 ) (592 -4168 -212 ) (592 -4168 -210 ) 
4 263 264 (592 -4431 -210 ) (592 -4431 -212 ) (610 -4431 -212 ) (610 -4431 -210 ) 
4 264 268 (610 -4543 -210 ) (592 -4543 -210 ) (592 -4543 -212 ) (610 -4543 -212 ) 
4 264 266 (592 -4431 -212 ) (592 -4543 -212 ) (592 -4543 -210 ) (592 -4431 -210 ) 
4 265 267 (528 -4155.808594 -210 ) (528 -4167.996094 -212 ) (528 -4168 -212 ) (528 -4168 -210 ) 
4 265 266 (528 -4168 -210 ) (528 -4168 -212 ) (592 -4168 -212 ) (592 -4168 -210 ) 
4 266 269 (592 -4543 -210 ) (528 -4543 -210 ) (528 -4543 -212 ) (592 -4543 -212 ) 
4 266 267 (528 -4168 -212 ) (528 -4543 -212 ) (528 -4543 -210 ) (528 -4168 -210 ) 
4 267 271 (528 -4543 -210 ) (485 -4543 -210 ) (485 -4543 -212 ) (528 -4543 -212 ) 
4 268 270 (592 -4655 -212 ) (592 -4703 -212 ) (592 -4703 -210 ) (592 -4655 -210 ) 
4 268 269 (592 -4543 -210 ) (592 -4543 -212 ) (592 -4655 -212 ) (592 -4655 -210 ) 
4 269 273 (528 -4591 -212 ) (528 -4655 -212 ) (528 -4655 -210 ) (528 -4591 -210 ) 
4 269 271 (528 -4543 -210 ) (528 -4543 -212 ) (528 -4591 -212 ) (528 -4591 -210 ) 
4 269 270 (528 -4655 -210 ) (528 -4655 -212 ) (592 -4655 -212 ) (592 -4655 -210 ) 
4 270 274 (528 -4655 -212 ) (528 -4703 -212 ) (528 -4703 -210 ) (528 -4655 -210 ) 
4 271 273 (485 -4591 -212 ) (528 -4591 -212 ) (528 -4591 -210 ) (485 -4591 -210 ) 
4 271 272 (485 -4548 -212 ) (485 -4591 -212 ) (485 -4591 -210 ) (485 -4548 -210 ) 
4 272 273 (264 -4591 -210 ) (264 -4591 -212 ) (485 -4591 -212 ) (485 -4591 -210 ) 
4 273 274 (264 -4655 -210 ) (264 -4655 -212 ) (528 -4655 -212 ) (528 -4655 -210 ) 
4 275 277 (-942.240601 -2048 888 ) (-339.642151 -2048 888 ) (-147 -2814 888 ) (-793 -2814 888 ) 
4 276 303 (-742.733521 -3072 -128 ) (-742.733521 -3072 -126 ) (-817.339600 -3072 -126 ) (-817.339600 -3072 -128 ) 
4 276 282 (-742.733521 -3072 -126 ) (-742.733521 -3072 -124 ) (-817.339600 -3072 -124 ) (-817.339600 -3072 -126 ) 
4 276 281 (-742.733521 -3072 -124 ) (-742.733521 -3072 0 ) (-817.339600 -3072 0 ) (-817.339600 -3072 -124 ) 
4 276 280 (-742.733521 -3072 0 ) (-742.733582 -3072 888 ) (-817.339600 -3072 888 ) (-817.339600 -3072 0 ) 
4 276 277 (-793 -2814 888 ) (-742.733398 -3072 888 ) (-742.733398 -3072 -128 ) (-793 -2814 -128 ) 
4 277 303 (-299 -3072 -126 ) (-742.733521 -3072 -126 ) (-742.733521 -3072 -128 ) (-299 -3072 -128 ) 
4 277 293 (-186.054581 -3072 -128 ) (-186.054581 -3072 -126 ) (-299 -3072 -126 ) (-299 -3072 -128 ) 
4 277 282 (-186.054581 -3072 -126 ) (-186.054581 -3072 -124 ) (-742.733521 -3072 -124 ) (-742.733521 -3072 -126 ) 
4 277 281 (-186.054581 -3072 -124 ) (-186.054581 -3072 0 ) (-742.733521 -3072 0 ) (-742.733521 -3072 -124 ) 
4 277 280 (-186.054581 -3072 0 ) (-186.054596 -3072 888 ) (-742.733582 -3072 888 ) (-742.733521 -3072 0 ) 
4 278 300 (0 -3304 -126 ) (0 -3332 -126 ) (-144 -3332 -126 ) (-144 -3304 -126 ) 
4 278 296 (0 -3224 -126 ) (0 -3288 -126 ) (-144 -3288 -126 ) (-144 -3224 -126 ) 
4 278 295 (0 -3208 -126 ) (0 -3224 -126 ) (-144 -3224 -126 ) (-144 -3208 -126 ) 
4 278 298 (0 -3288 -126 ) (0 -3304 -126 ) (-144 -3304 -126 ) (-144 -3288 -126 ) 
4 278 292 (0 -3181 -126 ) (0 -3208 -126 ) (-144 -3208 -126 ) (-144 -3181 -126 ) 
4 278 279 (-144 -3181 0 ) (-144 -3181 -124 ) (-144 -3332 -124 ) (-144 -3332 0 ) 
4 279 285 (-176 -3208 -20 ) (-176 -3208 -124 ) (-176 -3304 -124 ) (-176 -3304 -20 ) 
4 280 283 (-206.562012 -3208 888 ) (-830.169800 -3208 888 ) (-830.169800 -3208 0 ) (-206.561951 -3208 0 ) 
4 280 281 (-206.562012 -3208 0 ) (-830.169800 -3208 0 ) (-817.339600 -3072 0 ) (-186.054626 -3072 0 ) 
4 281 285 (-830.169800 -3208 -20 ) (-830.169800 -3208 -124 ) (-206.561951 -3208 -124 ) (-206.561996 -3208 -20 ) 
4 281 284 (-206.562012 -3208 0 ) (-830.169800 -3208 0 ) (-830.169800 -3208 -20 ) (-206.561996 -3208 -20 ) 
4 281 282 (-206.562012 -3208 -124 ) (-830.169800 -3208 -124 ) (-817.339600 -3072 -124 ) (-186.054626 -3072 -124 ) 
4 282 303 (-817.339600 -3072 -126 ) (-299 -3072 -126 ) (-299 -3208 -126 ) (-830.169739 -3208 -126 ) 
4 282 294 (-202.490692 -3181 -126 ) (-206.562012 -3208 -126 ) (-299 -3208 -126 ) (-299 -3181 -126 ) 
4 282 293 (-299 -3072 -126 ) (-186.054626 -3072 -126 ) (-202.490692 -3181 -126 ) (-299 -3181 -126 ) 
4 282 286 (-830.169800 -3208 -126 ) (-215 -3208 -126 ) (-215 -3208 -124 ) (-830.169739 -3208 -124 ) 
4 283 290 (-299 -3304 888 ) (-839.226379 -3304 888 ) (-839.226318 -3304 0 ) (-299 -3304 0 ) 
4 283 287 (-221.040955 -3304 888 ) (-299 -3304 888 ) (-299 -3304 0 ) (-221.043884 -3304 0 ) 
4 283 284 (-221.043900 -3304 0 ) (-839.226379 -3304 0 ) (-830.169800 -3208 0 ) (-206.565918 -3208 0 ) 
4 284 290 (-299 -3304 0 ) (-839.226379 -3304 0 ) (-839.226379 -3304 -20 ) (-299 -3304 -20 ) 
4 284 288 (-221.043900 -3304 0 ) (-299 -3304 0 ) (-299 -3304 -20 ) (-221.043945 -3304 -20 ) 
4 284 285 (-221.043945 -3304 -20 ) (-839.226318 -3304 -20 ) (-830.169800 -3208 -20 ) (-206.565979 -3208 -20 ) 
4 285 290 (-299 -3304 -20 ) (-839.226379 -3304 -20 ) (-839.226318 -3304 -124 ) (-299 -3304 -124 ) 
4 285 288 (-221 -3304 -20 ) (-299 -3304 -20 ) (-299 -3304 -124 ) (-221 -3304 -124 ) 
4 285 286 (-221 -3304 -124 ) (-839.226379 -3304 -124 ) (-830.169800 -3208 -124 ) (-215 -3208 -124 ) 
4 286 303 (-830.169800 -3208 -126 ) (-299 -3208 -126 ) (-299 -3304 -126 ) (-839.226379 -3304 -126 ) 
4 286 299 (-299 -3208 -126 ) (-215 -3208 -126 ) (-221 -3304 -126 ) (-299 -3304 -126 ) 
4 286 290 (-839.226379 -3304 -126 ) (-299 -3304 -126 ) (-299 -3304 -124 ) (-839.226379 -3304 -124 ) 
4 286 289 (-299 -3304 -126 ) (-221 -3304 -126 ) (-221 -3304 -124 ) (-299 -3304 -124 ) 
4 287 290 (-299 -3304 888 ) (-299 -3304 0 ) (-299 -3821 0 ) (-299 -3821 888 ) 
3 287 288 (-299 -3821 0 ) (-299 -3304 0 ) (-221 -3304 0 ) 
4 288 290 (-299 -3304 0 ) (-299 -3304 -124 ) (-299 -3821 -124 ) (-299 -3821 0 ) 
3 288 289 (-299 -3821 -124 ) (-299 -3304 -124 ) (-221 -3304 -124 ) 
3 289 302 (-225.224365 -3332 -126 ) (-299 -3821 -126 ) (-299 -3332 -126 ) 
4 289 301 (-299 -3304 -126 ) (-221 -3304 -126 ) (-225.224365 -3332 -126 ) (-299 -3332 -126 ) 
4 289 290 (-299 -3304 -124 ) (-299 -3304 -126 ) (-299 -3821 -126 ) (-299 -3821 -124 ) 
5 290 303 (-839.226318 -3304 -126 ) (-299 -3304 -126 ) (-299 -4024 -126 ) (-888 -4024 -126 ) (-888 -3821 -126 ) 
4 290 291 (-888 -4024 -126 ) (-299 -4024 -126 ) (-299 -4024 888 ) (-888 -4024 888 ) 
4 291 306 (-299 -4096 888 ) (-1024 -4096 888 ) (-1024 -4096 -126 ) (-299 -4096 -126 ) 
4 291 305 (-1024 -4096 -126 ) (-1024 -4096 888 ) (-1024 -4024 888 ) (-1024 -4024 -126 ) 
4 291 304 (-1024 -4096 -126 ) (-1024 -4024 -126 ) (-299 -4024 -126 ) (-299 -4096 -126 ) 
4 292 295 (-144 -3208 -128 ) (0 -3208 -128 ) (0 -3208 -126 ) (-144 -3208 -126 ) 
4 293 303 (-299 -3181 -126 ) (-299 -3072 -126 ) (-299 -3072 -128 ) (-299 -3181 -128 ) 
4 293 294 (-299 -3181 -126 ) (-299 -3181 -128 ) (-202.490692 -3181 -128 ) (-202.490692 -3181 -126 ) 
4 294 303 (-299 -3208 -126 ) (-299 -3181 -126 ) (-299 -3181 -128 ) (-299 -3208 -128 ) 
4 294 299 (-299 -3208 -126 ) (-299 -3208 -128 ) (-215 -3208 -128 ) (-215 -3208 -126 ) 
4 295 297 (-144 -3224 -127 ) (-144 -3224 -128 ) (0 -3224 -128 ) (0 -3224 -127 ) 
4 295 296 (-144 -3224 -126 ) (-144 -3224 -127 ) (0 -3224 -127 ) (0 -3224 -126 ) 
4 296 298 (-144 -3288 -126 ) (-144 -3288 -127 ) (0 -3288 -127 ) (0 -3288 -126 ) 
4 296 297 (0 -3288 -127 ) (-144 -3288 -127 ) (-144 -3224 -127 ) (0 -3224 -127 ) 
4 297 298 (-144 -3288 -127 ) (-144 -3288 -128 ) (0 -3288 -128 ) (0 -3288 -127 ) 
4 298 300 (-144 -3304 -128 ) (0 -3304 -128 ) (0 -3304 -126 ) (-144 -3304 -126 ) 
4 299 303 (-299 -3304 -128 ) (-299 -3304 -126 ) (-299 -3208 -126 ) (-299 -3208 -128 ) 
4 299 301 (-299 -3304 -126 ) (-299 -3304 -128 ) (-221 -3304 -128 ) (-221 -3304 -126 ) 
4 301 303 (-299 -3332 -126 ) (-299 -3304 -126 ) (-299 -3304 -128 ) (-299 -3332 -128 ) 
4 301 302 (-299 -3332 -126 ) (-299 -3332 -128 ) (-225.224365 -3332 -128 ) (-225.224365 -3332 -126 ) 
4 302 303 (-299 -3821 -126 ) (-299 -3332 -126 ) (-299 -3332 -128 ) (-299 -3821 -128 ) 
4 303 304 (-299 -4024 -128 ) (-299 -4024 -126 ) (-888 -4024 -126 ) (-888 -4024 -128 ) 
4 304 306 (-299 -4096 -128 ) (-299 -4096 -126 ) (-1024 -4096 -126 ) (-1024 -4096 -128 ) 
4 304 305 (-1024 -4096 -128 ) (-1024 -4096 -126 ) (-1024 -4024 -126 ) (-1024 -4024 -128 ) 
4 305 307 (-1024 -4096 -128 ) (-1024 -4096 888 ) (-1376 -4096 888 ) (-1376 -4096 -128 ) 
4 306 307 (-1024 -4096 888 ) (-1024 -4096 -128 ) (-1024 -4440 -128 ) (-1024 -4440 888 ) 
