PRT1
351
919
4 0 9 (5568 -320 -1394 ) (5620 -320 -1394 ) (5620 -320 -1292 ) (5568 -320 -1292 ) 
4 1 19 (5120 0 -2192 ) (5120 0 352 ) (5120 296 352 ) (5120 296 -2192 ) 
4 1 4 (5120 0 200 ) (5120 0 -2192 ) (5152 0 -2192 ) (5152 0 200 ) 
4 1 3 (5152 0 352 ) (5120 0 352 ) (5120 0 200 ) (5152 0 200 ) 
4 2 17 (6200 -1024 352 ) (6144 -1024 352 ) (6144 -1024 -2192 ) (6200 -1024 -2192 ) 
4 2 12 (6144 -328 -2192 ) (6144 -1024 -2192 ) (6144 -1024 -1394 ) (6144 -328 -1394 ) 
4 2 5 (6144 -1024 -1394 ) (6144 -1024 352 ) (6144 -328 352 ) (6144 -328 -1394 ) 
4 3 20 (5120 -320 200 ) (5120 -320 352 ) (5120 0 352 ) (5120 0 200 ) 
4 3 16 (5152 -320 352 ) (5120 -320 352 ) (5120 -320 200 ) (5152 -320 200 ) 
4 3 4 (5152 -320 200 ) (5120 -320 200 ) (5120 0 200 ) (5152 0 200 ) 
4 4 20 (5120 -320 -2192 ) (5120 -320 200 ) (5120 0 200 ) (5120 0 -2192 ) 
4 4 16 (5152 -320 200 ) (5120 -320 200 ) (5120 -320 -2192 ) (5152 -320 -2192 ) 
4 5 18 (6144 -1024 -1394 ) (6144 -1024 352 ) (5672 -1024 352 ) (5672 -1024 -1394 ) 
4 5 12 (6144 -328 -1394 ) (6144 -1024 -1394 ) (5672 -1024 -1394 ) (5672 -328 -1394 ) 
4 5 8 (5672 -364 -1394 ) (5672 -1024 -1394 ) (5672 -1024 -1235 ) (5672 -364 -1235 ) 
4 5 7 (5672 -1024 -1235 ) (5672 -1024 -1234 ) (5672 -364 -1234 ) (5672 -364 -1235 ) 
4 5 6 (5672 -1024 -1234 ) (5672 -1024 352 ) (5672 -328 352 ) (5672 -328 -1234 ) 
4 6 18 (5520 -1024 352 ) (5520 -1024 -1234 ) (5672 -1024 -1234 ) (5672 -1024 352 ) 
4 6 15 (5520 -328 -1234 ) (5520 -1024 -1234 ) (5520 -1024 352 ) (5520 -328 352 ) 
4 6 7 (5520 -1024 -1234 ) (5520 -364 -1234 ) (5672 -364 -1234 ) (5672 -1024 -1234 ) 
4 7 18 (5520 -1024 -1234 ) (5520 -1024 -1235 ) (5672 -1024 -1235 ) (5672 -1024 -1234 ) 
4 7 15 (5520 -364 -1235 ) (5520 -1024 -1235 ) (5520 -1024 -1234 ) (5520 -364 -1234 ) 
4 7 11 (5520 -1024 -1235 ) (5520 -364 -1235 ) (5528 -364 -1235 ) (5528 -1024 -1235 ) 
4 7 10 (5528 -364 -1235 ) (5664 -364 -1235 ) (5664 -1024 -1235 ) (5528 -1024 -1235 ) 
4 7 8 (5664 -364 -1235 ) (5672 -364 -1235 ) (5672 -1024 -1235 ) (5664 -1024 -1235 ) 
4 8 18 (5664 -1024 -1394 ) (5672 -1024 -1394 ) (5672 -1024 -1235 ) (5664 -1024 -1235 ) 
4 8 13 (5672 -364 -1394 ) (5672 -1024 -1394 ) (5664 -1024 -1394 ) (5664 -364 -1394 ) 
4 8 10 (5664 -364 -1394 ) (5664 -1024 -1394 ) (5664 -1024 -1235 ) (5664 -364 -1235 ) 
4 9 10 (5568 -328 -1394 ) (5620 -328 -1394 ) (5620 -328 -1292 ) (5568 -328 -1292 ) 
4 10 18 (5528 -1024 -1394 ) (5664 -1024 -1394 ) (5664 -1024 -1235 ) (5528 -1024 -1235 ) 
4 10 13 (5664 -364 -1394 ) (5664 -1024 -1394 ) (5528 -1024 -1394 ) (5528 -364 -1394 ) 
4 10 11 (5528 -364 -1394 ) (5528 -1024 -1394 ) (5528 -1024 -1235 ) (5528 -364 -1235 ) 
4 11 18 (5520 -1024 -1235 ) (5520 -1024 -1394 ) (5528 -1024 -1394 ) (5528 -1024 -1235 ) 
4 11 15 (5520 -364 -1394 ) (5520 -1024 -1394 ) (5520 -1024 -1235 ) (5520 -364 -1235 ) 
4 11 13 (5520 -1024 -1394 ) (5520 -364 -1394 ) (5528 -364 -1394 ) (5528 -1024 -1394 ) 
4 12 18 (6144 -1024 -2192 ) (6144 -1024 -1394 ) (5672 -1024 -1394 ) (5672 -1024 -2192 ) 
4 12 14 (5672 -328 -2192 ) (5672 -1024 -2192 ) (5672 -1024 -1402 ) (5672 -328 -1402 ) 
4 12 13 (5672 -1024 -1402 ) (5672 -1024 -1394 ) (5672 -364 -1394 ) (5672 -364 -1402 ) 
4 13 18 (5672 -1024 -1394 ) (5520 -1024 -1394 ) (5520 -1024 -1402 ) (5672 -1024 -1402 ) 
4 13 15 (5520 -364 -1402 ) (5520 -1024 -1402 ) (5520 -1024 -1394 ) (5520 -364 -1394 ) 
4 13 14 (5520 -1024 -1402 ) (5520 -364 -1402 ) (5672 -364 -1402 ) (5672 -1024 -1402 ) 
4 14 18 (5520 -1024 -1402 ) (5520 -1024 -2192 ) (5672 -1024 -2192 ) (5672 -1024 -1402 ) 
4 14 15 (5520 -328 -2192 ) (5520 -1024 -2192 ) (5520 -1024 -1402 ) (5520 -328 -1402 ) 
4 15 18 (5520 -1024 -2192 ) (5520 -1024 352 ) (5152 -1024 352 ) (5152 -1024 -2192 ) 
4 15 16 (5152 -328 -2192 ) (5152 -1024 -2192 ) (5152 -1024 352 ) (5152 -328 352 ) 
4 16 20 (5120 -1024 -2192 ) (5120 -1024 352 ) (5120 -320 352 ) (5120 -320 -2192 ) 
4 16 18 (5152 -1024 352 ) (5120 -1024 352 ) (5120 -1024 -2192 ) (5152 -1024 -2192 ) 
4 17 60 (6144 -2048 352 ) (6144 -2048 -2192 ) (6200 -2048 -2192 ) (6200 -2048 352 ) 
4 17 18 (6144 -1024 352 ) (6144 -1024 -2192 ) (6144 -2048 -2192 ) (6144 -2048 352 ) 
4 18 85 (2048 -2048 -925 ) (2048 -2048 352 ) (2048 -1208 352 ) (2048 -1208 -925 ) 
4 18 35 (2216 -1208 -925 ) (2232 -1208 -925 ) (2232 -1616 -925 ) (2216 -1616 -925 ) 
4 18 34 (2232 -1648 -925 ) (2232 -1208 -925 ) (2472 -1208 -925 ) (2472 -1648 -925 ) 
4 18 34 (2472 -1648 -925 ) (2472 -1208 -925 ) (2472 -1208 -926 ) (2472 -1648 -926 ) 
4 18 98 (2048 -2048 -926 ) (2048 -2048 -925 ) (2048 -1792 -925 ) (2048 -1792 -926 ) 
4 18 51 (2216 -1208 -1104 ) (2216 -1208 -2192 ) (2216 -1376 -2192 ) (2216 -1376 -1104 ) 
4 18 37 (2216 -1376 -1093 ) (2216 -1376 -2192 ) (2224 -1376 -2192 ) (2224 -1376 -1093 ) 
4 18 36 (2216 -1376 -926 ) (2216 -1376 -966 ) (2224 -1376 -966 ) (2224 -1376 -926 ) 
4 18 36 (2224 -1376 -926 ) (2224 -1376 -966 ) (2224 -1400 -966 ) (2224 -1400 -926 ) 
4 18 37 (2224 -1440 -2192 ) (2224 -1440 -1093 ) (2224 -1376 -1093 ) (2224 -1376 -2192 ) 
4 18 53 (2216 -1616 -966 ) (2216 -1616 -2192 ) (2456 -1616 -2192 ) (2456 -1616 -966 ) 
4 18 52 (2456 -1616 -926 ) (2232 -1616 -926 ) (2232 -1616 -966 ) (2456 -1616 -966 ) 
4 18 51 (2216 -1616 -2192 ) (2216 -1616 -1104 ) (2216 -1440 -1104 ) (2216 -1440 -2192 ) 
4 18 52 (2456 -1616 -926 ) (2456 -1616 -966 ) (2456 -1648 -966 ) (2456 -1648 -926 ) 
4 18 54 (2456 -1648 -2192 ) (2456 -1656 -2192 ) (2456 -1656 -1092 ) (2456 -1648 -1092 ) 
4 18 53 (2456 -1616 -2192 ) (2456 -1648 -2192 ) (2456 -1648 -966 ) (2456 -1616 -966 ) 
4 18 239 (2048 -1784 -2192 ) (2048 -1784 -1104 ) (2048 -1656 -1104 ) (2048 -1656 -2192 ) 
4 18 232 (2048 -1784 -1104 ) (2048 -1784 -1100 ) (2048 -1656 -1100 ) (2048 -1656 -1104 ) 
4 18 192 (2048 -1784 -1100 ) (2048 -1784 -1092 ) (2048 -1656 -1092 ) (2048 -1656 -1100 ) 
4 18 59 (2048 -1784 -1093 ) (2048 -1784 -2192 ) (2090 -1784 -2192 ) (2090 -1784 -1093 ) 
4 18 57 (2090 -1784 -1093 ) (2090 -1784 -2192 ) (2280 -1784 -2192 ) (2280 -1784 -1093 ) 
4 18 57 (2280 -1784 -2192 ) (2280 -1792 -2192 ) (2280 -1792 -1093 ) (2280 -1784 -1093 ) 
4 18 239 (2048 -2048 -2192 ) (2048 -2048 -1104 ) (2048 -1792 -1104 ) (2048 -1792 -2192 ) 
4 18 232 (2048 -2048 -1104 ) (2048 -2048 -1100 ) (2048 -1792 -1100 ) (2048 -1792 -1104 ) 
4 18 197 (2048 -2048 -1100 ) (2048 -2048 -966 ) (2048 -1792 -966 ) (2048 -1792 -1100 ) 
4 18 133 (2048 -2048 -966 ) (2048 -2048 -926 ) (2048 -1792 -926 ) (2048 -1792 -966 ) 
4 18 336 (2048 -2344 352 ) (2048 -2048 352 ) (2048 -2048 -2192 ) (2048 -2344 -2192 ) 
4 18 342 (1024 -2344 -2192 ) (1024 -2392 -2192 ) (1024 -2392 -1080 ) (1024 -2344 -1080 ) 
4 18 340 (1024 -2392 -320 ) (1024 -2344 -320 ) (1024 -2344 -1080 ) (1024 -2392 -1080 ) 
4 18 337 (1024 -2392 352 ) (1024 -2344 352 ) (1024 -2344 -320 ) (1024 -2392 -320 ) 
4 18 339 (1024 -3072 -320 ) (1024 -3072 352 ) (1024 -2392 352 ) (1024 -2392 -320 ) 
4 19 20 (5120 0 -2192 ) (5120 0 352 ) (4312 0 352 ) (4312 0 -2192 ) 
4 20 18 (5120 -1024 -2192 ) (5120 -1024 352 ) (4312 -1024 352 ) (4312 -1024 -2192 ) 
4 20 21 (4312 -320 -2192 ) (4312 -1024 -2192 ) (4312 -1024 352 ) (4312 -320 352 ) 
4 21 22 (4096 -320 -2192 ) (4096 -1024 -2192 ) (4096 -1024 352 ) (4096 -320 352 ) 
4 21 18 (4312 -1024 352 ) (4096 -1024 352 ) (4096 -1024 -2192 ) (4312 -1024 -2192 ) 
4 22 18 (4096 -1024 -2192 ) (4096 -1024 352 ) (3072 -1024 352 ) (3072 -1024 -2192 ) 
4 22 23 (3072 -320 -2192 ) (3072 -1024 -2192 ) (3072 -1024 352 ) (3072 -320 352 ) 
4 23 18 (3072 -1024 -2192 ) (3072 -1024 -926 ) (2720 -1024 -926 ) (2720 -1024 -2192 ) 
4 23 18 (3072 -1024 -926 ) (3072 -1024 352 ) (2720 -1024 352 ) (2720 -1024 -926 ) 
4 24 38 (2208 -1024 -926 ) (2077 -1024 -926 ) (2077 -1024 -944 ) (2208 -1024 -944 ) 
4 24 27 (2077 -840 -944 ) (2208 -840 -944 ) (2208 -1024 -944 ) (2077 -1024 -944 ) 
4 24 26 (2077 -1024 -943 ) (2077 -1024 -926 ) (2077 -994 -926 ) (2077 -994 -943 ) 
4 24 25 (2077 -840 -944 ) (2077 -994 -944 ) (2077 -994 -926 ) (2077 -840 -926 ) 
4 25 65 (2048 -994 -926 ) (2048 -840 -926 ) (2048 -840 -944 ) (2048 -994 -944 ) 
4 25 30 (2048 -994 -944 ) (2048 -840 -944 ) (2076 -840 -944 ) (2076 -994 -944 ) 
4 25 28 (2076 -840 -944 ) (2077 -840 -944 ) (2077 -994 -944 ) (2076 -994 -944 ) 
4 25 26 (2077 -994 -943 ) (2077 -994 -926 ) (2048 -994 -926 ) (2048 -994 -943 ) 
4 26 67 (2048 -1024 -943 ) (2048 -1024 -926 ) (2048 -996 -926 ) (2048 -996 -943 ) 
4 26 66 (2048 -996 -926 ) (2048 -994 -926 ) (2048 -994 -943 ) (2048 -996 -943 ) 
4 26 42 (2076 -1024 -926 ) (2048 -1024 -926 ) (2048 -1024 -943 ) (2076 -1024 -943 ) 
4 26 39 (2077 -1024 -926 ) (2076 -1024 -926 ) (2076 -1024 -943 ) (2077 -1024 -943 ) 
4 27 49 (2077 -1024 -985 ) (2077 -1024 -1100 ) (2208 -1024 -1100 ) (2208 -1024 -985 ) 
4 27 38 (2208 -1024 -944 ) (2077 -1024 -944 ) (2077 -1024 -985 ) (2208 -1024 -985 ) 
4 27 29 (2077 -994 -985 ) (2077 -994 -1100 ) (2077 -1024 -1100 ) (2077 -1024 -985 ) 
4 27 28 (2077 -994 -944 ) (2077 -840 -944 ) (2077 -840 -1100 ) (2077 -994 -1100 ) 
4 28 30 (2076 -994 -944 ) (2076 -840 -944 ) (2076 -840 -1100 ) (2076 -994 -1100 ) 
4 28 29 (2076 -994 -985 ) (2076 -994 -1100 ) (2077 -994 -1100 ) (2077 -994 -985 ) 
4 29 49 (2076 -1024 -985 ) (2076 -1024 -1100 ) (2077 -1024 -1100 ) (2077 -1024 -985 ) 
4 29 33 (2076 -996 -1100 ) (2076 -1024 -1100 ) (2076 -1024 -985 ) (2076 -996 -985 ) 
4 29 31 (2076 -994 -985 ) (2076 -994 -1100 ) (2076 -996 -1100 ) (2076 -996 -985 ) 
4 30 81 (2048 -840 -985 ) (2048 -840 -1100 ) (2048 -994 -1100 ) (2048 -994 -985 ) 
4 30 76 (2048 -994 -944 ) (2048 -840 -944 ) (2048 -840 -985 ) (2048 -994 -985 ) 
4 30 31 (2048 -994 -1100 ) (2076 -994 -1100 ) (2076 -994 -985 ) (2048 -994 -985 ) 
4 31 81 (2048 -994 -985 ) (2048 -994 -1100 ) (2048 -996 -1100 ) (2048 -996 -985 ) 
4 31 33 (2048 -996 -1100 ) (2076 -996 -1100 ) (2076 -996 -985 ) (2048 -996 -985 ) 
4 32 78 (2048 -1024 -984 ) (2048 -1024 -944 ) (2048 -996 -944 ) (2048 -996 -984 ) 
4 32 44 (2076 -1024 -944 ) (2048 -1024 -944 ) (2048 -1024 -984 ) (2076 -1024 -984 ) 
4 33 81 (2048 -1024 -1100 ) (2048 -1024 -985 ) (2048 -996 -985 ) (2048 -996 -1100 ) 
4 33 49 (2048 -1024 -985 ) (2048 -1024 -1100 ) (2076 -1024 -1100 ) (2076 -1024 -985 ) 
4 34 52 (2232 -1648 -926 ) (2232 -1616 -926 ) (2456 -1616 -926 ) (2456 -1648 -926 ) 
4 34 18 (2456 -1616 -926 ) (2472 -1616 -926 ) (2472 -1648 -926 ) (2456 -1648 -926 ) 
4 34 18 (2232 -1440 -926 ) (2232 -1376 -926 ) (2472 -1376 -926 ) (2472 -1440 -926 ) 
4 34 18 (2232 -1376 -926 ) (2232 -1208 -926 ) (2472 -1208 -926 ) (2472 -1376 -926 ) 
4 34 18 (2232 -1616 -926 ) (2232 -1440 -926 ) (2472 -1440 -926 ) (2472 -1616 -926 ) 
4 34 35 (2232 -1616 -925 ) (2232 -1208 -925 ) (2232 -1208 -926 ) (2232 -1616 -926 ) 
4 35 36 (2216 -1400 -926 ) (2216 -1376 -926 ) (2224 -1376 -926 ) (2224 -1400 -926 ) 
4 35 18 (2232 -1376 -926 ) (2232 -1440 -926 ) (2224 -1440 -926 ) (2224 -1376 -926 ) 
4 35 18 (2216 -1208 -926 ) (2232 -1208 -926 ) (2232 -1376 -926 ) (2216 -1376 -926 ) 
4 35 18 (2232 -1440 -926 ) (2232 -1616 -926 ) (2216 -1616 -926 ) (2216 -1440 -926 ) 
4 37 51 (2216 -1376 -1104 ) (2216 -1376 -2192 ) (2216 -1440 -2192 ) (2216 -1440 -1104 ) 
4 37 18 (2216 -1440 -1093 ) (2216 -1440 -2192 ) (2224 -1440 -2192 ) (2224 -1440 -1093 ) 
4 38 49 (2077 -1024 -985 ) (2208 -1024 -985 ) (2208 -1608 -985 ) (2077 -1608 -985 ) 
4 38 41 (2077 -1193 -985 ) (2077 -1608 -985 ) (2077 -1608 -944 ) (2077 -1193 -944 ) 
4 38 40 (2077 -1608 -944 ) (2077 -1608 -943 ) (2077 -1193 -943 ) (2077 -1193 -944 ) 
4 38 39 (2077 -1608 -943 ) (2077 -1608 -926 ) (2077 -1024 -926 ) (2077 -1024 -943 ) 
4 39 42 (2076 -1608 -943 ) (2076 -1608 -926 ) (2076 -1024 -926 ) (2076 -1024 -943 ) 
4 39 40 (2077 -1193 -943 ) (2077 -1608 -943 ) (2076 -1608 -943 ) (2076 -1193 -943 ) 
4 40 43 (2076 -1608 -944 ) (2076 -1608 -943 ) (2076 -1193 -943 ) (2076 -1193 -944 ) 
4 40 41 (2077 -1193 -944 ) (2077 -1608 -944 ) (2076 -1608 -944 ) (2076 -1193 -944 ) 
4 41 49 (2077 -1193 -985 ) (2077 -1608 -985 ) (2076 -1608 -985 ) (2076 -1193 -985 ) 
4 41 48 (2076 -1193 -985 ) (2076 -1608 -985 ) (2076 -1608 -984 ) (2076 -1193 -984 ) 
4 41 46 (2076 -1608 -984 ) (2076 -1608 -944 ) (2076 -1193 -944 ) (2076 -1193 -984 ) 
4 42 129 (2048 -1608 -926 ) (2048 -1200 -926 ) (2048 -1200 -943 ) (2048 -1608 -943 ) 
4 42 109 (2048 -1193 -926 ) (2048 -1040 -926 ) (2048 -1040 -943 ) (2048 -1193 -943 ) 
4 42 110 (2048 -1200 -926 ) (2048 -1193 -926 ) (2048 -1193 -943 ) (2048 -1200 -943 ) 
4 42 101 (2048 -1040 -926 ) (2048 -1024 -926 ) (2048 -1024 -943 ) (2048 -1040 -943 ) 
4 42 43 (2076 -1608 -943 ) (2048 -1608 -943 ) (2048 -1193 -943 ) (2076 -1193 -943 ) 
4 43 129 (2048 -1200 -944 ) (2048 -1608 -944 ) (2048 -1608 -943 ) (2048 -1200 -943 ) 
4 43 110 (2048 -1193 -944 ) (2048 -1200 -944 ) (2048 -1200 -943 ) (2048 -1193 -943 ) 
4 43 46 (2076 -1193 -944 ) (2076 -1608 -944 ) (2048 -1608 -944 ) (2048 -1193 -944 ) 
4 44 168 (2048 -1040 -984 ) (2048 -1191 -984 ) (2048 -1191 -966 ) (2048 -1040 -966 ) 
4 44 163 (2048 -1024 -966 ) (2048 -1024 -984 ) (2048 -1040 -984 ) (2048 -1040 -966 ) 
4 44 111 (2048 -1191 -944 ) (2048 -1040 -944 ) (2048 -1040 -966 ) (2048 -1191 -966 ) 
4 44 102 (2048 -1040 -944 ) (2048 -1024 -944 ) (2048 -1024 -966 ) (2048 -1040 -966 ) 
4 44 47 (2074 -1100 -984 ) (2048 -1100 -984 ) (2048 -1060 -984 ) (2074 -1060 -984 ) 
4 44 45 (2048 -1191 -984 ) (2076 -1191 -984 ) (2076 -1191 -944 ) (2048 -1191 -944 ) 
4 45 169 (2048 -1191 -966 ) (2048 -1191 -984 ) (2048 -1193 -984 ) (2048 -1193 -966 ) 
4 45 112 (2048 -1193 -944 ) (2048 -1191 -944 ) (2048 -1191 -966 ) (2048 -1193 -966 ) 
4 45 46 (2048 -1193 -984 ) (2076 -1193 -984 ) (2076 -1193 -944 ) (2048 -1193 -944 ) 
4 46 187 (2048 -1200 -984 ) (2048 -1608 -984 ) (2048 -1608 -966 ) (2048 -1200 -966 ) 
4 46 170 (2048 -1193 -966 ) (2048 -1193 -984 ) (2048 -1200 -984 ) (2048 -1200 -966 ) 
4 46 129 (2048 -1608 -944 ) (2048 -1200 -944 ) (2048 -1200 -966 ) (2048 -1608 -966 ) 
4 46 113 (2048 -1200 -944 ) (2048 -1193 -944 ) (2048 -1193 -966 ) (2048 -1200 -966 ) 
4 46 48 (2076 -1193 -984 ) (2076 -1608 -984 ) (2048 -1608 -984 ) (2048 -1193 -984 ) 
4 47 171 (2048 -1100 -984 ) (2048 -1060 -984 ) (2048 -1060 -985 ) (2048 -1100 -985 ) 
4 47 49 (2074 -1100 -985 ) (2048 -1100 -985 ) (2048 -1060 -985 ) (2074 -1060 -985 ) 
4 48 187 (2048 -1608 -984 ) (2048 -1200 -984 ) (2048 -1200 -985 ) (2048 -1608 -985 ) 
4 48 172 (2048 -1200 -984 ) (2048 -1193 -984 ) (2048 -1193 -985 ) (2048 -1200 -985 ) 
4 48 49 (2076 -1193 -985 ) (2076 -1608 -985 ) (2048 -1608 -985 ) (2048 -1193 -985 ) 
4 49 187 (2048 -1608 -985 ) (2048 -1200 -985 ) (2048 -1200 -1100 ) (2048 -1608 -1100 ) 
4 49 183 (2048 -1200 -985 ) (2048 -1024 -985 ) (2048 -1024 -1100 ) (2048 -1200 -1100 ) 
4 50 229 (2048 -1616 -1104 ) (2048 -1616 -1100 ) (2048 -1608 -1100 ) (2048 -1608 -1104 ) 
4 50 55 (2048 -1616 -1100 ) (2048 -1616 -1104 ) (2136 -1616 -1104 ) (2136 -1616 -1100 ) 
4 50 53 (2136 -1616 -1104 ) (2208 -1616 -1104 ) (2208 -1616 -1100 ) (2136 -1616 -1100 ) 
4 50 51 (2208 -1616 -1104 ) (2048 -1616 -1104 ) (2048 -1608 -1104 ) (2208 -1608 -1104 ) 
4 51 239 (2048 -1616 -2192 ) (2048 -1616 -1104 ) (2048 -1208 -1104 ) (2048 -1208 -2192 ) 
4 51 55 (2048 -1616 -1104 ) (2048 -1616 -2192 ) (2136 -1616 -2192 ) (2136 -1616 -1104 ) 
4 51 53 (2136 -1616 -2192 ) (2216 -1616 -2192 ) (2216 -1616 -1104 ) (2136 -1616 -1104 ) 
4 52 53 (2232 -1648 -966 ) (2232 -1616 -966 ) (2456 -1616 -966 ) (2456 -1648 -966 ) 
4 53 55 (2136 -1616 -1100 ) (2136 -1616 -2192 ) (2136 -1648 -2192 ) (2136 -1648 -1100 ) 
4 53 54 (2136 -1648 -1092 ) (2136 -1648 -2192 ) (2456 -1648 -2192 ) (2456 -1648 -1092 ) 
4 54 18 (2136 -1656 -1092 ) (2136 -1656 -2192 ) (2456 -1656 -2192 ) (2456 -1656 -1092 ) 
4 54 55 (2136 -1656 -2192 ) (2136 -1656 -1100 ) (2136 -1648 -1100 ) (2136 -1648 -2192 ) 
4 55 239 (2048 -1656 -2192 ) (2048 -1656 -1104 ) (2048 -1616 -1104 ) (2048 -1616 -2192 ) 
4 55 230 (2048 -1656 -1104 ) (2048 -1656 -1100 ) (2048 -1616 -1100 ) (2048 -1616 -1104 ) 
4 55 18 (2048 -1656 -1100 ) (2048 -1656 -2192 ) (2136 -1656 -2192 ) (2136 -1656 -1100 ) 
4 56 191 (2048 -1784 -1085 ) (2048 -1784 -966 ) (2048 -1656 -966 ) (2048 -1656 -1085 ) 
4 56 132 (2048 -1784 -966 ) (2048 -1784 -926 ) (2048 -1656 -926 ) (2048 -1656 -966 ) 
4 56 58 (2048 -1784 -983 ) (2048 -1784 -1055 ) (2090 -1784 -1055 ) (2090 -1784 -983 ) 
4 57 18 (2090 -1792 -1093 ) (2090 -1792 -2192 ) (2280 -1792 -2192 ) (2280 -1792 -1093 ) 
4 57 59 (2090 -1792 -2192 ) (2090 -1792 -1093 ) (2090 -1784 -1093 ) (2090 -1784 -2192 ) 
4 58 195 (2048 -1792 -1055 ) (2048 -1792 -983 ) (2048 -1784 -983 ) (2048 -1784 -1055 ) 
4 58 18 (2048 -1792 -983 ) (2048 -1792 -1055 ) (2090 -1792 -1055 ) (2090 -1792 -983 ) 
4 59 239 (2048 -1792 -2192 ) (2048 -1792 -1104 ) (2048 -1784 -1104 ) (2048 -1784 -2192 ) 
4 59 232 (2048 -1792 -1104 ) (2048 -1792 -1100 ) (2048 -1784 -1100 ) (2048 -1784 -1104 ) 
4 59 196 (2048 -1792 -1100 ) (2048 -1792 -1093 ) (2048 -1784 -1093 ) (2048 -1784 -1100 ) 
4 59 18 (2048 -1792 -1093 ) (2048 -1792 -2192 ) (2090 -1792 -2192 ) (2090 -1792 -1093 ) 
4 60 61 (6144 -3072 352 ) (6144 -3072 -2192 ) (6200 -3072 -2192 ) (6200 -3072 352 ) 
4 60 18 (6144 -2048 352 ) (6144 -2048 -2192 ) (6144 -3072 -2192 ) (6144 -3072 352 ) 
4 61 62 (6200 -4096 352 ) (6144 -4096 352 ) (6144 -4096 -2192 ) (6200 -4096 -2192 ) 
4 61 18 (6144 -3072 352 ) (6144 -3072 -2192 ) (6144 -4096 -2192 ) (6144 -4096 352 ) 
4 62 18 (6144 -4096 352 ) (6144 -4096 -2192 ) (6144 -4408 -2192 ) (6144 -4408 352 ) 
4 63 324 (-1024 0 -1080 ) (-1024 0 -320 ) (-1024 560 -320 ) (-1024 560 -1080 ) 
4 63 250 (-366.114624 0 -320 ) (-1024 0 -320 ) (-1024 0 -1080 ) (-366.114624 0 -1080 ) 
4 63 64 (-366.114624 0 -1080 ) (-1024 0 -1080 ) (-1024 560 -1080 ) (-960 560 -1080 ) 
4 64 325 (-1024 0 -1242 ) (-1024 0 -1080 ) (-1024 560 -1080 ) (-1024 560 -1242 ) 
4 64 251 (-366.114624 0 -1080 ) (-1024 0 -1080 ) (-1024 0 -1242 ) (-366.114624 0 -1242 ) 
4 65 76 (2048 -840 -944 ) (2048 -994 -944 ) (1464 -994 -944 ) (1464 -840 -944 ) 
4 65 70 (1652 -994 -926 ) (1464 -994 -926 ) (1464 -994 -943 ) (1652 -994 -943 ) 
4 65 66 (2048 -994 -943 ) (2048 -994 -926 ) (1696 -994 -926 ) (1696 -994 -943 ) 
4 66 67 (2048 -996 -943 ) (2048 -996 -926 ) (1696 -996 -926 ) (1696 -996 -943 ) 
4 67 101 (2048 -1024 -943 ) (2048 -1024 -926 ) (1696 -1024 -926 ) (1696 -1024 -943 ) 
4 68 104 (1654 -1024 -936 ) (1654 -1024 -943 ) (1694 -1024 -943 ) (1694 -1024 -936 ) 
4 68 69 (1654 -1024 -943 ) (1654 -996 -943 ) (1694 -996 -943 ) (1694 -1024 -943 ) 
4 69 105 (1654 -1024 -943 ) (1654 -1024 -944 ) (1694 -1024 -944 ) (1694 -1024 -943 ) 
4 69 78 (1694 -1024 -944 ) (1654 -1024 -944 ) (1654 -996 -944 ) (1694 -996 -944 ) 
4 70 107 (1652 -1024 -926 ) (1464 -1024 -926 ) (1464 -1024 -943 ) (1652 -1024 -943 ) 
4 71 72 (1364 -882 -943 ) (1364 -842 -943 ) (1408 -842 -943 ) (1408 -882 -943 ) 
4 72 77 (1408 -882 -944 ) (1364 -882 -944 ) (1364 -842 -944 ) (1408 -842 -944 ) 
4 73 82 (1250 -924 -944 ) (1290 -924 -944 ) (1290 -968 -944 ) (1250 -968 -944 ) 
4 74 75 (1136 -968 -943 ) (1136 -924 -943 ) (1176 -924 -943 ) (1176 -968 -943 ) 
4 75 82 (1136 -924 -944 ) (1176 -924 -944 ) (1176 -968 -944 ) (1136 -968 -944 ) 
4 76 81 (2048 -840 -985 ) (2048 -994 -985 ) (1464 -994 -985 ) (1464 -840 -985 ) 
4 77 82 (1364 -968 -944 ) (1364 -924 -944 ) (1364 -924 -984 ) (1364 -968 -984 ) 
4 77 78 (1364 -996 -944 ) (1364 -996 -984 ) (1408 -996 -984 ) (1408 -996 -944 ) 
4 78 163 (2048 -1024 -984 ) (2048 -1024 -966 ) (1364 -1024 -966 ) (1364 -1024 -984 ) 
4 78 124 (1408 -1024 -944 ) (1364 -1024 -944 ) (1364 -1024 -966 ) (1408 -1024 -966 ) 
4 78 122 (1410 -1024 -944 ) (1408 -1024 -944 ) (1408 -1024 -966 ) (1410 -1024 -966 ) 
4 78 108 (1654 -1024 -944 ) (1410 -1024 -944 ) (1410 -1024 -966 ) (1654 -1024 -966 ) 
4 78 106 (1694 -1024 -944 ) (1654 -1024 -944 ) (1654 -1024 -966 ) (1694 -1024 -966 ) 
4 78 103 (1696 -1024 -944 ) (1694 -1024 -944 ) (1694 -1024 -966 ) (1696 -1024 -966 ) 
4 78 102 (2048 -1024 -966 ) (2048 -1024 -944 ) (1696 -1024 -944 ) (1696 -1024 -966 ) 
4 78 80 (1544 -998 -984 ) (1544 -1024 -984 ) (1504 -1024 -984 ) (1504 -998 -984 ) 
4 78 79 (1816 -998 -984 ) (1816 -1024 -984 ) (1776 -1024 -984 ) (1776 -998 -984 ) 
4 79 165 (1816 -1024 -984 ) (1776 -1024 -984 ) (1776 -1024 -985 ) (1816 -1024 -985 ) 
4 79 81 (1816 -998 -985 ) (1816 -1024 -985 ) (1776 -1024 -985 ) (1776 -998 -985 ) 
4 80 166 (1544 -1024 -984 ) (1504 -1024 -984 ) (1504 -1024 -985 ) (1544 -1024 -985 ) 
4 80 81 (1544 -998 -985 ) (1544 -1024 -985 ) (1504 -1024 -985 ) (1504 -998 -985 ) 
4 81 183 (2048 -1024 -1100 ) (2048 -1024 -985 ) (1464 -1024 -985 ) (1464 -1024 -1100 ) 
4 82 244 (1024 -924 -984 ) (1024 -968 -984 ) (1024 -968 -944 ) (1024 -924 -944 ) 
4 82 83 (1024 -968 -984 ) (1025 -968 -984 ) (1025 -968 -944 ) (1024 -968 -944 ) 
4 83 245 (1024 -968 -984 ) (1024 -1024 -984 ) (1024 -1024 -944 ) (1024 -968 -944 ) 
4 83 216 (1024 -1024 -966 ) (1024 -1024 -984 ) (1025 -1024 -984 ) (1025 -1024 -966 ) 
4 83 155 (1025 -1024 -944 ) (1024 -1024 -944 ) (1024 -1024 -966 ) (1025 -1024 -966 ) 
4 84 253 (1024 -1129 -720 ) (1024 -1129 -926 ) (1024 -1191 -926 ) (1024 -1191 -720 ) 
4 84 149 (1024 -1191 -926 ) (1024 -1129 -926 ) (1037 -1129 -926 ) (1037 -1191 -926 ) 
4 85 336 (2048 -2048 -925 ) (2048 -2048 352 ) (1872 -2048 352 ) (1872 -2048 -925 ) 
4 85 98 (2048 -1792 -925 ) (2048 -2048 -925 ) (1872 -2048 -925 ) (1872 -1792 -925 ) 
4 85 86 (1872 -1624 -925 ) (1872 -2048 -925 ) (1872 -2048 352 ) (1872 -1624 352 ) 
4 86 336 (1872 -2048 352 ) (1744 -2048 352 ) (1744 -2048 -925 ) (1872 -2048 -925 ) 
4 86 99 (1744 -1984 -925 ) (1744 -1800 -925 ) (1800 -1800 -925 ) (1800 -1984 -925 ) 
4 86 100 (1800 -2048 -925 ) (1744 -2048 -925 ) (1744 -1984 -925 ) (1800 -1984 -925 ) 
4 86 98 (1872 -1792 -925 ) (1872 -2048 -925 ) (1800 -2048 -925 ) (1800 -1792 -925 ) 
4 86 97 (1744 -1984 -925 ) (1744 -2048 -925 ) (1744 -2048 61.388901 ) (1744 -1984 61.388901 ) 
4 86 88 (1744 -2048 61.388901 ) (1744 -2048 157.389008 ) (1744 -1984 157.389008 ) (1744 -1984 61.388901 ) 
4 86 87 (1744 -2048 157.389008 ) (1744 -2048 352 ) (1744 -1984 352 ) (1744 -1984 157.389008 ) 
4 87 336 (1744 -2048 352 ) (1056 -2048 352 ) (1056 -2048 157.389008 ) (1744 -2048 157.389008 ) 
4 87 91 (1056 -2048 157.389008 ) (1056 -1984 157.389008 ) (1634 -1984 157.389008 ) (1634 -2048 157.389008 ) 
4 87 90 (1634 -1984 157.389008 ) (1674 -1984 157.389008 ) (1674 -2048 157.389008 ) (1634 -2048 157.389008 ) 
4 87 88 (1674 -1984 157.389008 ) (1744 -1984 157.389008 ) (1744 -2048 157.389008 ) (1674 -2048 157.389008 ) 
4 88 336 (1674 -2048 61.388901 ) (1744 -2048 61.388901 ) (1744 -2048 157.389008 ) (1674 -2048 157.389008 ) 
4 88 97 (1744 -1984 61.388901 ) (1744 -2048 61.388901 ) (1674 -2048 61.388901 ) (1674 -1984 61.388901 ) 
4 88 90 (1674 -1984 61.388901 ) (1674 -2048 61.388901 ) (1674 -2048 157.389008 ) (1674 -1984 157.389008 ) 
4 90 336 (1634 -2048 61.388901 ) (1674 -2048 61.388901 ) (1674 -2048 157.389008 ) (1634 -2048 157.389008 ) 
4 90 97 (1674 -1984 61.388901 ) (1674 -2048 61.388901 ) (1634 -2048 61.388901 ) (1634 -1984 61.388901 ) 
4 90 96 (1634 -1984 61.388901 ) (1634 -2048 61.388901 ) (1634 -2048 64 ) (1634 -1984 64 ) 
4 90 92 (1634 -2048 64 ) (1634 -2048 136 ) (1634 -1984 136 ) (1634 -1984 64 ) 
4 90 91 (1634 -2048 136 ) (1634 -2048 157.389008 ) (1634 -1984 157.389008 ) (1634 -1984 136 ) 
4 91 336 (1056 -2048 157.389008 ) (1056 -2048 136 ) (1634 -2048 136 ) (1634 -2048 157.389008 ) 
4 91 95 (1056 -2048 136 ) (1056 -1984 136 ) (1536 -1984 136 ) (1536 -2048 136 ) 
4 91 94 (1536 -1984 136 ) (1616 -1984 136 ) (1616 -2048 136 ) (1536 -2048 136 ) 
4 91 92 (1616 -1984 136 ) (1634 -1984 136 ) (1634 -2048 136 ) (1616 -2048 136 ) 
4 92 336 (1616 -2048 64 ) (1634 -2048 64 ) (1634 -2048 136 ) (1616 -2048 136 ) 
4 92 96 (1634 -1984 64 ) (1634 -2048 64 ) (1616 -2048 64 ) (1616 -1984 64 ) 
4 92 94 (1616 -1984 64 ) (1616 -2048 64 ) (1616 -2048 136 ) (1616 -1984 136 ) 
4 94 336 (1536 -2048 64 ) (1616 -2048 64 ) (1616 -2048 136 ) (1536 -2048 136 ) 
4 94 96 (1616 -1984 64 ) (1616 -2048 64 ) (1536 -2048 64 ) (1536 -1984 64 ) 
4 94 95 (1536 -1984 64 ) (1536 -2048 64 ) (1536 -2048 136 ) (1536 -1984 136 ) 
4 95 336 (1056 -2048 136 ) (1056 -2048 64 ) (1536 -2048 64 ) (1536 -2048 136 ) 
4 95 96 (1056 -2048 64 ) (1056 -1984 64 ) (1536 -1984 64 ) (1536 -2048 64 ) 
4 96 336 (1056 -2048 64 ) (1056 -2048 61.388901 ) (1634 -2048 61.388901 ) (1634 -2048 64 ) 
4 96 97 (1056 -2048 61.388901 ) (1056 -1984 61.388901 ) (1634 -1984 61.388901 ) (1634 -2048 61.388901 ) 
4 97 336 (1056 -2048 61.388901 ) (1056 -2048 -925 ) (1744 -2048 -925 ) (1744 -2048 61.388901 ) 
4 97 100 (1744 -1984 -925 ) (1744 -2048 -925 ) (1056 -2048 -925 ) (1056 -1984 -925 ) 
4 98 336 (2048 -2048 -926 ) (2048 -2048 -925 ) (1800 -2048 -925 ) (1800 -2048 -926 ) 
4 98 133 (2048 -2048 -926 ) (1800 -2048 -926 ) (1800 -1792 -926 ) (2048 -1792 -926 ) 
4 98 99 (1800 -1984 -925 ) (1800 -1800 -925 ) (1800 -1800 -926 ) (1800 -1984 -926 ) 
4 98 100 (1800 -2048 -925 ) (1800 -1984 -925 ) (1800 -1984 -926 ) (1800 -2048 -926 ) 
4 99 145 (1744 -1800 -926 ) (1800 -1800 -926 ) (1800 -1984 -926 ) (1744 -1984 -926 ) 
4 99 100 (1744 -1984 -926 ) (1800 -1984 -926 ) (1800 -1984 -925 ) (1744 -1984 -925 ) 
4 100 336 (1800 -2048 -925 ) (1056 -2048 -925 ) (1056 -2048 -926 ) (1800 -2048 -926 ) 
4 100 146 (1800 -2048 -926 ) (1056 -2048 -926 ) (1056 -1984 -926 ) (1800 -1984 -926 ) 
4 101 114 (2032 -1040 -926 ) (1696 -1040 -926 ) (1696 -1040 -943 ) (2032 -1040 -943 ) 
4 101 109 (2048 -1040 -943 ) (2048 -1040 -926 ) (2032 -1040 -926 ) (2032 -1040 -943 ) 
4 102 163 (1696 -1024 -966 ) (2048 -1024 -966 ) (2048 -1040 -966 ) (1696 -1040 -966 ) 
4 102 111 (2032 -1040 -966 ) (2048 -1040 -966 ) (2048 -1040 -944 ) (2032 -1040 -944 ) 
4 102 103 (1696 -1024 -966 ) (1696 -1040 -966 ) (1696 -1040 -944 ) (1696 -1024 -944 ) 
4 103 163 (1694 -1024 -966 ) (1696 -1024 -966 ) (1696 -1040 -966 ) (1694 -1040 -966 ) 
4 103 106 (1694 -1024 -966 ) (1694 -1040 -966 ) (1694 -1040 -944 ) (1694 -1024 -944 ) 
4 104 105 (1654 -1040 -943 ) (1654 -1024 -943 ) (1694 -1024 -943 ) (1694 -1040 -943 ) 
4 105 106 (1654 -1040 -944 ) (1654 -1024 -944 ) (1694 -1024 -944 ) (1694 -1040 -944 ) 
4 106 163 (1654 -1024 -966 ) (1694 -1024 -966 ) (1694 -1040 -966 ) (1654 -1040 -966 ) 
4 106 108 (1654 -1024 -966 ) (1654 -1040 -966 ) (1654 -1040 -944 ) (1654 -1024 -944 ) 
4 107 115 (1464 -1040 -943 ) (1652 -1040 -943 ) (1652 -1040 -926 ) (1464 -1040 -926 ) 
4 108 163 (1410 -1024 -966 ) (1654 -1024 -966 ) (1654 -1040 -966 ) (1410 -1040 -966 ) 
4 108 122 (1410 -1024 -966 ) (1410 -1040 -966 ) (1410 -1040 -944 ) (1410 -1024 -944 ) 
4 109 116 (2032 -1042 -943 ) (2032 -1193 -943 ) (2032 -1193 -926 ) (2032 -1042 -926 ) 
4 109 114 (2032 -1040 -926 ) (2032 -1040 -943 ) (2032 -1042 -943 ) (2032 -1042 -926 ) 
4 109 110 (2032 -1193 -926 ) (2032 -1193 -943 ) (2048 -1193 -943 ) (2048 -1193 -926 ) 
4 110 129 (2048 -1200 -944 ) (2048 -1200 -926 ) (2032 -1200 -926 ) (2032 -1200 -944 ) 
4 110 117 (2032 -1193 -944 ) (2032 -1200 -944 ) (2032 -1200 -926 ) (2032 -1193 -926 ) 
4 110 113 (2048 -1200 -944 ) (2032 -1200 -944 ) (2032 -1193 -944 ) (2048 -1193 -944 ) 
4 111 168 (2048 -1040 -966 ) (2048 -1191 -966 ) (2032 -1191 -966 ) (2032 -1040 -966 ) 
4 111 112 (2048 -1191 -944 ) (2032 -1191 -944 ) (2032 -1191 -966 ) (2048 -1191 -966 ) 
4 112 169 (2048 -1191 -966 ) (2048 -1193 -966 ) (2032 -1193 -966 ) (2032 -1191 -966 ) 
4 112 113 (2048 -1193 -944 ) (2032 -1193 -944 ) (2032 -1193 -966 ) (2048 -1193 -966 ) 
4 113 170 (2048 -1193 -966 ) (2048 -1200 -966 ) (2032 -1200 -966 ) (2032 -1193 -966 ) 
4 113 129 (2032 -1200 -966 ) (2048 -1200 -966 ) (2048 -1200 -944 ) (2032 -1200 -944 ) 
4 113 117 (2032 -1193 -966 ) (2032 -1200 -966 ) (2032 -1200 -944 ) (2032 -1193 -944 ) 
4 114 118 (1696 -1042 -943 ) (2031 -1042 -943 ) (2031 -1042 -926 ) (1696 -1042 -926 ) 
4 114 116 (2031 -1042 -943 ) (2032 -1042 -943 ) (2032 -1042 -926 ) (2031 -1042 -926 ) 
4 115 118 (1464 -1042 -943 ) (1652 -1042 -943 ) (1652 -1042 -926 ) (1464 -1042 -926 ) 
4 116 118 (2031 -1042 -926 ) (2031 -1042 -943 ) (2031 -1193 -943 ) (2031 -1193 -926 ) 
4 116 117 (2031 -1193 -926 ) (2031 -1193 -943 ) (2032 -1193 -943 ) (2032 -1193 -926 ) 
4 117 173 (2032 -1200 -966 ) (2031 -1200 -966 ) (2031 -1193 -966 ) (2032 -1193 -966 ) 
4 117 129 (2031 -1200 -966 ) (2032 -1200 -966 ) (2032 -1200 -926 ) (2031 -1200 -926 ) 
4 117 118 (2031 -1193 -966 ) (2031 -1200 -966 ) (2031 -1200 -926 ) (2031 -1193 -926 ) 
4 118 174 (2031 -1200 -966 ) (1464 -1200 -966 ) (1464 -1042 -966 ) (2031 -1042 -966 ) 
4 118 129 (1872 -1200 -966 ) (2031 -1200 -966 ) (2031 -1200 -926 ) (1872 -1200 -926 ) 
4 119 175 (1456 -1200 -966 ) (1410 -1200 -966 ) (1410 -1056 -966 ) (1456 -1056 -966 ) 
4 119 123 (1410 -1096 -966 ) (1410 -1200 -966 ) (1410 -1200 -944 ) (1410 -1096 -944 ) 
4 119 121 (1410 -1200 -944 ) (1410 -1200 -943 ) (1410 -1096 -943 ) (1410 -1096 -944 ) 
4 119 120 (1410 -1200 -943 ) (1410 -1200 -926 ) (1410 -1056 -926 ) (1410 -1056 -943 ) 
4 120 138 (1392 -1200 -926 ) (1362 -1200 -926 ) (1362 -1200 -943 ) (1392 -1200 -943 ) 
4 120 128 (1362 -1200 -943 ) (1362 -1200 -926 ) (1362 -1056 -926 ) (1362 -1056 -943 ) 
4 120 121 (1362 -1200 -943 ) (1362 -1096 -943 ) (1410 -1096 -943 ) (1410 -1200 -943 ) 
4 121 138 (1392 -1200 -943 ) (1362 -1200 -943 ) (1362 -1200 -944 ) (1392 -1200 -944 ) 
4 121 128 (1362 -1200 -944 ) (1362 -1200 -943 ) (1362 -1096 -943 ) (1362 -1096 -944 ) 
4 121 126 (1362 -1200 -944 ) (1362 -1096 -944 ) (1364 -1096 -944 ) (1364 -1200 -944 ) 
4 121 125 (1364 -1096 -944 ) (1408 -1096 -944 ) (1408 -1200 -944 ) (1364 -1200 -944 ) 
4 121 123 (1408 -1096 -944 ) (1410 -1096 -944 ) (1410 -1200 -944 ) (1408 -1200 -944 ) 
4 122 163 (1408 -1024 -966 ) (1410 -1024 -966 ) (1410 -1040 -966 ) (1408 -1040 -966 ) 
4 122 124 (1408 -1024 -966 ) (1408 -1040 -966 ) (1408 -1040 -944 ) (1408 -1024 -944 ) 
4 123 176 (1410 -1096 -966 ) (1410 -1200 -966 ) (1408 -1200 -966 ) (1408 -1096 -966 ) 
4 123 125 (1408 -1096 -966 ) (1408 -1200 -966 ) (1408 -1200 -944 ) (1408 -1096 -944 ) 
4 124 177 (1408 -1040 -966 ) (1408 -1093 -966 ) (1364 -1093 -966 ) (1364 -1040 -966 ) 
4 124 163 (1364 -1024 -966 ) (1408 -1024 -966 ) (1408 -1040 -966 ) (1364 -1040 -966 ) 
4 125 178 (1408 -1095 -966 ) (1408 -1200 -966 ) (1364 -1200 -966 ) (1364 -1095 -966 ) 
4 125 138 (1364 -1200 -966 ) (1392 -1200 -966 ) (1392 -1200 -944 ) (1364 -1200 -944 ) 
4 125 126 (1364 -1096 -966 ) (1364 -1200 -966 ) (1364 -1200 -944 ) (1364 -1096 -944 ) 
4 126 180 (1364 -1096 -966 ) (1364 -1200 -966 ) (1362 -1200 -966 ) (1362 -1096 -966 ) 
4 126 138 (1362 -1200 -966 ) (1364 -1200 -966 ) (1364 -1200 -944 ) (1362 -1200 -944 ) 
4 126 128 (1362 -1096 -966 ) (1362 -1200 -966 ) (1362 -1200 -944 ) (1362 -1096 -944 ) 
4 127 182 (1176 -1040 -966 ) (1176 -1056 -966 ) (1056 -1056 -966 ) (1056 -1040 -966 ) 
4 127 164 (1056 -1024 -966 ) (1176 -1024 -966 ) (1176 -1040 -966 ) (1056 -1040 -966 ) 
4 127 151 (1056 -1024 -966 ) (1056 -1056 -966 ) (1056 -1056 -944 ) (1056 -1024 -944 ) 
4 127 147 (1056 -1056 -944 ) (1056 -1056 -926 ) (1056 -1024 -926 ) (1056 -1024 -944 ) 
4 127 128 (1056 -1056 -926 ) (1056 -1056 -966 ) (1176 -1056 -966 ) (1176 -1056 -926 ) 
4 128 181 (1362 -1056 -966 ) (1362 -1200 -966 ) (1176 -1200 -966 ) (1176 -1056 -966 ) 
4 128 182 (1176 -1200 -966 ) (1056 -1200 -966 ) (1056 -1056 -966 ) (1176 -1056 -966 ) 
4 128 152 (1056 -1096 -966 ) (1056 -1200 -966 ) (1056 -1200 -944 ) (1056 -1096 -944 ) 
4 128 151 (1056 -1056 -966 ) (1056 -1096 -966 ) (1056 -1096 -944 ) (1056 -1056 -944 ) 
4 128 150 (1056 -1200 -944 ) (1056 -1200 -926 ) (1056 -1191 -926 ) (1056 -1191 -944 ) 
4 128 148 (1056 -1191 -926 ) (1056 -1129 -926 ) (1056 -1129 -944 ) (1056 -1191 -944 ) 
4 128 147 (1056 -1129 -926 ) (1056 -1056 -926 ) (1056 -1056 -944 ) (1056 -1129 -944 ) 
4 128 144 (1056 -1200 -926 ) (1056 -1200 -966 ) (1064 -1200 -966 ) (1064 -1200 -926 ) 
4 128 142 (1064 -1200 -966 ) (1088 -1200 -966 ) (1088 -1200 -926 ) (1064 -1200 -926 ) 
4 128 140 (1088 -1200 -966 ) (1176 -1200 -966 ) (1176 -1200 -926 ) (1088 -1200 -926 ) 
4 128 138 (1232 -1200 -966 ) (1362 -1200 -966 ) (1362 -1200 -926 ) (1232 -1200 -926 ) 
4 129 187 (2048 -1200 -966 ) (2048 -1608 -966 ) (1872 -1608 -966 ) (1872 -1200 -966 ) 
4 130 189 (1984 -1656 -966 ) (1902 -1656 -966 ) (1902 -1616 -966 ) (1984 -1616 -966 ) 
4 130 132 (1902 -1656 -966 ) (1984 -1656 -966 ) (1984 -1656 -926 ) (1902 -1656 -926 ) 
3 131 190 (1902 -1656 -966 ) (1800 -1656 -966 ) (1800 -1640 -966 ) 
4 131 132 (1800 -1656 -926 ) (1800 -1656 -966 ) (1902 -1656 -966 ) (1902 -1656 -926 ) 
4 132 191 (2048 -1656 -966 ) (2048 -1784 -966 ) (1800 -1784 -966 ) (1800 -1656 -966 ) 
4 133 336 (2048 -2048 -966 ) (2048 -2048 -926 ) (1800 -2048 -926 ) (1800 -2048 -966 ) 
4 133 199 (1994 -2048 -966 ) (1800 -2048 -966 ) (1800 -1792 -966 ) (1994 -1792 -966 ) 
4 133 197 (2048 -1792 -966 ) (2048 -2048 -966 ) (1994 -2048 -966 ) (1994 -1792 -966 ) 
4 133 145 (1800 -1800 -966 ) (1800 -1984 -966 ) (1800 -1984 -926 ) (1800 -1800 -926 ) 
4 133 146 (1800 -1984 -966 ) (1800 -2048 -966 ) (1800 -2048 -926 ) (1800 -1984 -926 ) 
4 134 204 (1792 -1792 -966 ) (1536 -1792 -966 ) (1536 -1472 -966 ) (1792 -1472 -966 ) 
4 134 135 (1536 -1472 -966 ) (1536 -1792 -966 ) (1536 -1792 -926 ) (1536 -1472 -926 ) 
4 135 204 (1536 -1472 -966 ) (1536 -1792 -966 ) (1464 -1792 -966 ) (1464 -1472 -966 ) 
4 135 202 (1536 -1312 -966 ) (1536 -1472 -966 ) (1464 -1472 -966 ) (1464 -1312 -966 ) 
4 135 136 (1464 -1312 -966 ) (1464 -1792 -966 ) (1464 -1792 -926 ) (1464 -1312 -926 ) 
4 136 204 (1464 -1472 -966 ) (1464 -1792 -966 ) (1456 -1792 -966 ) (1456 -1472 -966 ) 
4 136 202 (1464 -1312 -966 ) (1464 -1472 -966 ) (1456 -1472 -966 ) (1456 -1312 -966 ) 
4 136 137 (1456 -1312 -966 ) (1456 -1792 -966 ) (1456 -1792 -926 ) (1456 -1312 -926 ) 
4 137 204 (1456 -1472 -966 ) (1456 -1792 -966 ) (1392 -1792 -966 ) (1392 -1472 -966 ) 
4 137 202 (1456 -1312 -966 ) (1456 -1472 -966 ) (1392 -1472 -966 ) (1392 -1312 -966 ) 
4 137 138 (1392 -1312 -966 ) (1392 -1792 -966 ) (1392 -1792 -926 ) (1392 -1312 -926 ) 
4 138 204 (1392 -1472 -966 ) (1392 -1792 -966 ) (1232 -1792 -966 ) (1232 -1472 -966 ) 
4 138 202 (1392 -1312 -966 ) (1392 -1472 -966 ) (1232 -1472 -966 ) (1232 -1312 -966 ) 
4 138 200 (1232 -1200 -966 ) (1392 -1200 -966 ) (1392 -1312 -966 ) (1232 -1312 -966 ) 
4 138 139 (1232 -1312 -966 ) (1232 -1792 -966 ) (1232 -1792 -926 ) (1232 -1312 -926 ) 
4 139 205 (1202 -1792 -966 ) (1176 -1792 -966 ) (1176 -1472 -966 ) (1202 -1472 -966 ) 
4 139 204 (1232 -1472 -966 ) (1232 -1792 -966 ) (1202 -1792 -966 ) (1202 -1472 -966 ) 
4 139 202 (1232 -1312 -966 ) (1232 -1472 -966 ) (1176 -1472 -966 ) (1176 -1312 -966 ) 
4 139 141 (1176 -1312 -966 ) (1176 -1792 -966 ) (1176 -1792 -926 ) (1176 -1312 -926 ) 
4 140 201 (1088 -1200 -966 ) (1176 -1200 -966 ) (1176 -1232 -966 ) (1088 -1232 -966 ) 
4 140 142 (1088 -1200 -926 ) (1088 -1200 -966 ) (1088 -1232 -966 ) (1088 -1232 -926 ) 
4 141 205 (1176 -1472 -966 ) (1176 -1792 -966 ) (1088 -1792 -966 ) (1088 -1472 -966 ) 
4 141 202 (1176 -1312 -966 ) (1176 -1472 -966 ) (1088 -1472 -966 ) (1088 -1312 -966 ) 
4 141 143 (1088 -1613 -966 ) (1088 -1680 -966 ) (1088 -1680 -926 ) (1088 -1613 -926 ) 
4 142 206 (1064 -1200 -966 ) (1088 -1200 -966 ) (1088 -1232 -966 ) (1064 -1232 -966 ) 
4 142 144 (1064 -1200 -926 ) (1064 -1200 -966 ) (1064 -1232 -966 ) (1064 -1232 -926 ) 
4 143 207 (1088 -1613 -966 ) (1088 -1680 -966 ) (1064 -1680 -966 ) (1064 -1613 -966 ) 
4 144 208 (1056 -1232 -966 ) (1056 -1200 -966 ) (1064 -1200 -966 ) (1064 -1232 -966 ) 
4 144 154 (1056 -1227 -966 ) (1056 -1232 -966 ) (1056 -1232 -944 ) (1056 -1227 -944 ) 
4 144 152 (1056 -1200 -966 ) (1056 -1227 -966 ) (1056 -1227 -944 ) (1056 -1200 -944 ) 
4 144 150 (1056 -1232 -944 ) (1056 -1232 -926 ) (1056 -1200 -926 ) (1056 -1200 -944 ) 
4 145 210 (1744 -1800 -966 ) (1800 -1800 -966 ) (1800 -1984 -966 ) (1744 -1984 -966 ) 
4 145 146 (1744 -1984 -966 ) (1800 -1984 -966 ) (1800 -1984 -926 ) (1744 -1984 -926 ) 
4 146 336 (1800 -2048 -926 ) (1056 -2048 -926 ) (1056 -2048 -966 ) (1800 -2048 -966 ) 
4 146 211 (1800 -2048 -966 ) (1056 -2048 -966 ) (1056 -1984 -966 ) (1800 -1984 -966 ) 
4 147 152 (1056 -1096 -944 ) (1056 -1129 -944 ) (1048 -1129 -944 ) (1048 -1096 -944 ) 
4 147 151 (1048 -1024 -944 ) (1056 -1024 -944 ) (1056 -1096 -944 ) (1048 -1096 -944 ) 
4 147 148 (1048 -1129 -944 ) (1056 -1129 -944 ) (1056 -1129 -926 ) (1048 -1129 -926 ) 
4 148 152 (1048 -1129 -944 ) (1056 -1129 -944 ) (1056 -1191 -944 ) (1048 -1191 -944 ) 
4 148 150 (1048 -1191 -944 ) (1056 -1191 -944 ) (1056 -1191 -926 ) (1048 -1191 -926 ) 
4 149 270 (1024 -1129 -934 ) (1024 -1129 -944 ) (1024 -1191 -944 ) (1024 -1191 -934 ) 
4 149 253 (1024 -1191 -926 ) (1024 -1129 -926 ) (1024 -1129 -934 ) (1024 -1191 -934 ) 
4 149 156 (1024 -1191 -944 ) (1024 -1129 -944 ) (1027 -1129 -944 ) (1027 -1191 -944 ) 
4 149 153 (1027 -1129 -944 ) (1037 -1129 -944 ) (1037 -1191 -944 ) (1027 -1191 -944 ) 
4 150 154 (1056 -1227 -944 ) (1056 -1232 -944 ) (1048 -1232 -944 ) (1048 -1227 -944 ) 
4 150 152 (1048 -1191 -944 ) (1056 -1191 -944 ) (1056 -1227 -944 ) (1048 -1227 -944 ) 
4 151 212 (1048 -1024 -966 ) (1056 -1024 -966 ) (1056 -1096 -966 ) (1048 -1096 -966 ) 
4 151 152 (1048 -1096 -966 ) (1056 -1096 -966 ) (1056 -1096 -944 ) (1048 -1096 -944 ) 
4 152 213 (1056 -1096 -966 ) (1056 -1227 -966 ) (1048 -1227 -966 ) (1048 -1096 -966 ) 
4 152 154 (1048 -1227 -966 ) (1056 -1227 -966 ) (1056 -1227 -944 ) (1048 -1227 -944 ) 
4 153 214 (1037 -1227 -966 ) (1027 -1227 -966 ) (1027 -1096 -966 ) (1037 -1096 -966 ) 
4 153 156 (1027 -1096 -966 ) (1027 -1227 -966 ) (1027 -1227 -944 ) (1027 -1096 -944 ) 
4 154 215 (1056 -1227 -966 ) (1056 -1232 -966 ) (1048 -1232 -966 ) (1048 -1227 -966 ) 
4 155 272 (1024 -1024 -944 ) (1024 -1024 -966 ) (1024 -1096 -966 ) (1024 -1096 -944 ) 
4 155 216 (1024 -1096 -966 ) (1024 -1024 -966 ) (1025 -1024 -966 ) (1025 -1096 -966 ) 
4 155 156 (1024 -1096 -966 ) (1025 -1096 -966 ) (1025 -1096 -944 ) (1024 -1096 -944 ) 
4 156 272 (1024 -1096 -966 ) (1024 -1300 -966 ) (1024 -1300 -944 ) (1024 -1096 -944 ) 
4 156 217 (1024 -1300 -966 ) (1024 -1096 -966 ) (1027 -1096 -966 ) (1027 -1300 -966 ) 
4 156 157 (1024 -1300 -966 ) (1027 -1300 -966 ) (1027 -1300 -944 ) (1024 -1300 -944 ) 
4 157 273 (1024 -1300 -966 ) (1024 -1306 -966 ) (1024 -1306 -944 ) (1024 -1300 -944 ) 
4 157 218 (1024 -1306 -966 ) (1024 -1300 -966 ) (1027 -1300 -966 ) (1027 -1306 -966 ) 
4 157 161 (1024 -1306 -966 ) (1027 -1306 -966 ) (1027 -1306 -944 ) (1024 -1306 -944 ) 
4 158 222 (1029 -1306 -966 ) (1056 -1306 -966 ) (1056 -1419 -966 ) (1029 -1419 -966 ) 
4 158 162 (1029 -1419 -966 ) (1056 -1419 -966 ) (1056 -1419 -927 ) (1029 -1419 -927 ) 
3 158 160 (1029 -1419 -953 ) (1029 -1419 -936.081665 ) (1029 -1355 -940 ) 
4 158 159 (1029 -1419 -936.081665 ) (1029 -1419 -927 ) (1029 -1306 -927 ) (1029 -1306 -943 ) 
4 159 281 (1024 -1306 -934 ) (1024 -1306 -943 ) (1024 -1355 -940 ) (1024 -1325.461548 -934 ) 
4 159 280 (1024 -1355 -940 ) (1024 -1419 -936.081665 ) (1024 -1419 -934 ) (1024 -1325.461548 -934 ) 
4 159 262 (1024 -1306 -927 ) (1024 -1306 -934 ) (1024 -1419 -934 ) (1024 -1419 -927 ) 
4 159 162 (1029 -1419 -936.081665 ) (1029 -1419 -927 ) (1024 -1419 -927 ) (1024 -1419 -936.081665 ) 
4 159 160 (1029 -1355 -940 ) (1029 -1419 -936.081543 ) (1024 -1419 -936.081543 ) (1024 -1355 -940 ) 
3 160 280 (1024 -1419 -953 ) (1024 -1419 -936.081665 ) (1024 -1355 -940 ) 
4 160 162 (1029 -1419 -953 ) (1029 -1419 -936.081665 ) (1024 -1419 -936.081665 ) (1024 -1419 -953 ) 
5 161 282 (1024 -1306 -944 ) (1024 -1306 -966 ) (1024 -1419 -966 ) (1024 -1419 -954 ) (1024 -1355 -941 ) 
4 161 223 (1024 -1419 -966 ) (1024 -1306 -966 ) (1027 -1306 -966 ) (1027 -1419 -966 ) 
4 161 162 (1024 -1419 -966 ) (1027 -1419 -966 ) (1027 -1419 -954 ) (1024 -1419 -954 ) 
4 162 285 (1024 -1419 -966 ) (1024 -1714 -966 ) (1024 -1714 -934 ) (1024 -1419 -934 ) 
4 162 264 (1024 -1714 -934 ) (1024 -1714 -927 ) (1024 -1553 -927 ) (1024 -1553 -934 ) 
4 162 262 (1024 -1553 -927 ) (1024 -1419 -927 ) (1024 -1419 -934 ) (1024 -1553 -934 ) 
4 162 226 (1024 -1714 -966 ) (1024 -1419 -966 ) (1029 -1419 -966 ) (1029 -1714 -966 ) 
4 162 222 (1029 -1419 -966 ) (1056 -1419 -966 ) (1056 -1714 -966 ) (1029 -1714 -966 ) 
4 163 177 (1364 -1040 -984 ) (1408 -1040 -984 ) (1408 -1040 -966 ) (1364 -1040 -966 ) 
4 163 168 (2032 -1040 -984 ) (2048 -1040 -984 ) (2048 -1040 -966 ) (2032 -1040 -966 ) 
4 163 166 (1504 -1038 -984 ) (1504 -1024 -984 ) (1544 -1024 -984 ) (1544 -1038 -984 ) 
4 163 165 (1776 -1038 -984 ) (1776 -1024 -984 ) (1816 -1024 -984 ) (1816 -1038 -984 ) 
4 164 212 (1056 -1040 -966 ) (1056 -1024 -966 ) (1056 -1024 -984 ) (1056 -1040 -984 ) 
4 164 182 (1056 -1040 -966 ) (1056 -1040 -984 ) (1176 -1040 -984 ) (1176 -1040 -966 ) 
4 164 167 (1176 -1040 -984 ) (1056 -1040 -984 ) (1056 -1024 -984 ) (1176 -1024 -984 ) 
4 165 183 (1776 -1024 -985 ) (1816 -1024 -985 ) (1816 -1038 -985 ) (1776 -1038 -985 ) 
4 166 183 (1504 -1024 -985 ) (1544 -1024 -985 ) (1544 -1038 -985 ) (1504 -1038 -985 ) 
4 167 219 (1056 -1024 -984 ) (1056 -1024 -985 ) (1056 -1040 -985 ) (1056 -1040 -984 ) 
4 167 185 (1056 -1040 -985 ) (1056 -1024 -985 ) (1176 -1024 -985 ) (1176 -1040 -985 ) 
4 167 182 (1056 -1040 -984 ) (1056 -1040 -985 ) (1176 -1040 -985 ) (1176 -1040 -984 ) 
4 168 171 (2034 -1060 -984 ) (2048 -1060 -984 ) (2048 -1100 -984 ) (2034 -1100 -984 ) 
4 168 169 (2032 -1191 -966 ) (2032 -1191 -984 ) (2048 -1191 -984 ) (2048 -1191 -966 ) 
4 169 170 (2032 -1193 -966 ) (2032 -1193 -984 ) (2048 -1193 -984 ) (2048 -1193 -966 ) 
4 170 187 (2048 -1200 -984 ) (2048 -1200 -966 ) (2032 -1200 -966 ) (2032 -1200 -984 ) 
4 170 173 (2032 -1193 -984 ) (2032 -1200 -984 ) (2032 -1200 -966 ) (2032 -1193 -966 ) 
4 170 172 (2048 -1200 -984 ) (2032 -1200 -984 ) (2032 -1193 -984 ) (2048 -1193 -984 ) 
4 171 183 (2034 -1060 -985 ) (2048 -1060 -985 ) (2048 -1100 -985 ) (2034 -1100 -985 ) 
4 172 187 (2032 -1200 -985 ) (2048 -1200 -985 ) (2048 -1200 -984 ) (2032 -1200 -984 ) 
4 172 183 (2048 -1200 -985 ) (2032 -1200 -985 ) (2032 -1193 -985 ) (2048 -1193 -985 ) 
4 172 173 (2032 -1193 -985 ) (2032 -1200 -985 ) (2032 -1200 -984 ) (2032 -1193 -984 ) 
4 173 187 (2031 -1200 -985 ) (2032 -1200 -985 ) (2032 -1200 -966 ) (2031 -1200 -966 ) 
4 173 183 (2032 -1200 -985 ) (2031 -1200 -985 ) (2031 -1193 -985 ) (2032 -1193 -985 ) 
4 173 174 (2031 -1193 -985 ) (2031 -1200 -985 ) (2031 -1200 -966 ) (2031 -1193 -966 ) 
4 174 187 (1872 -1200 -985 ) (2031 -1200 -985 ) (2031 -1200 -966 ) (1872 -1200 -966 ) 
4 174 183 (2031 -1200 -985 ) (1464 -1200 -985 ) (1464 -1042 -985 ) (2031 -1042 -985 ) 
4 175 186 (1456 -1200 -985 ) (1410 -1200 -985 ) (1410 -1056 -985 ) (1456 -1056 -985 ) 
4 175 176 (1410 -1096 -985 ) (1410 -1200 -985 ) (1410 -1200 -966 ) (1410 -1096 -966 ) 
4 176 186 (1410 -1200 -985 ) (1408 -1200 -985 ) (1408 -1096 -985 ) (1410 -1096 -985 ) 
4 176 179 (1408 -1096 -985 ) (1408 -1200 -985 ) (1408 -1200 -984 ) (1408 -1096 -984 ) 
4 176 178 (1408 -1200 -984 ) (1408 -1200 -966 ) (1408 -1096 -966 ) (1408 -1096 -984 ) 
4 178 200 (1392 -1200 -966 ) (1364 -1200 -966 ) (1364 -1200 -984 ) (1392 -1200 -984 ) 
4 178 180 (1364 -1096 -984 ) (1364 -1200 -984 ) (1364 -1200 -966 ) (1364 -1096 -966 ) 
4 178 179 (1364 -1200 -984 ) (1364 -1096 -984 ) (1408 -1096 -984 ) (1408 -1200 -984 ) 
4 179 200 (1364 -1200 -985 ) (1392 -1200 -985 ) (1392 -1200 -984 ) (1364 -1200 -984 ) 
4 179 186 (1408 -1200 -985 ) (1364 -1200 -985 ) (1364 -1096 -985 ) (1408 -1096 -985 ) 
4 179 180 (1364 -1096 -985 ) (1364 -1200 -985 ) (1364 -1200 -984 ) (1364 -1096 -984 ) 
4 180 200 (1362 -1200 -985 ) (1364 -1200 -985 ) (1364 -1200 -966 ) (1362 -1200 -966 ) 
4 180 186 (1364 -1200 -985 ) (1362 -1200 -985 ) (1362 -1096 -985 ) (1364 -1096 -985 ) 
4 180 181 (1362 -1096 -985 ) (1362 -1200 -985 ) (1362 -1200 -966 ) (1362 -1096 -966 ) 
4 181 200 (1232 -1200 -985 ) (1362 -1200 -985 ) (1362 -1200 -966 ) (1232 -1200 -966 ) 
4 181 186 (1362 -1200 -985 ) (1176 -1200 -985 ) (1176 -1056 -985 ) (1362 -1056 -985 ) 
4 181 182 (1176 -1056 -985 ) (1176 -1200 -985 ) (1176 -1200 -966 ) (1176 -1056 -966 ) 
4 182 219 (1056 -1200 -985 ) (1056 -1200 -984 ) (1056 -1040 -984 ) (1056 -1040 -985 ) 
4 182 213 (1056 -1200 -984 ) (1056 -1200 -966 ) (1056 -1096 -966 ) (1056 -1096 -984 ) 
4 182 212 (1056 -1096 -966 ) (1056 -1040 -966 ) (1056 -1040 -984 ) (1056 -1096 -984 ) 
4 182 208 (1056 -1200 -966 ) (1056 -1200 -985 ) (1064 -1200 -985 ) (1064 -1200 -966 ) 
4 182 206 (1064 -1200 -985 ) (1088 -1200 -985 ) (1088 -1200 -966 ) (1064 -1200 -966 ) 
4 182 201 (1088 -1200 -985 ) (1176 -1200 -985 ) (1176 -1200 -966 ) (1088 -1200 -966 ) 
4 182 185 (1056 -1056 -985 ) (1056 -1040 -985 ) (1176 -1040 -985 ) (1176 -1056 -985 ) 
4 182 186 (1176 -1200 -985 ) (1056 -1200 -985 ) (1056 -1056 -985 ) (1176 -1056 -985 ) 
4 183 187 (1872 -1200 -1100 ) (2048 -1200 -1100 ) (2048 -1200 -985 ) (1872 -1200 -985 ) 
4 183 184 (1464 -1107 -1100 ) (1464 -1159 -1100 ) (1464 -1159 -990 ) (1464 -1107 -990 ) 
4 184 186 (1456 -1107 -1100 ) (1456 -1159 -1100 ) (1456 -1159 -990 ) (1456 -1107 -990 ) 
4 185 220 (1056 -1024 -1100 ) (1056 -1056 -1100 ) (1056 -1056 -1049 ) (1056 -1024 -1049 ) 
4 185 219 (1056 -1056 -1049 ) (1056 -1056 -985 ) (1056 -1024 -985 ) (1056 -1024 -1049 ) 
4 185 186 (1176 -1056 -985 ) (1056 -1056 -985 ) (1056 -1056 -1100 ) (1176 -1056 -1100 ) 
4 186 220 (1056 -1056 -1100 ) (1056 -1200 -1100 ) (1056 -1200 -1049 ) (1056 -1056 -1049 ) 
4 186 219 (1056 -1200 -1049 ) (1056 -1200 -985 ) (1056 -1056 -985 ) (1056 -1056 -1049 ) 
4 186 209 (1056 -1200 -1064 ) (1056 -1200 -1100 ) (1064 -1200 -1100 ) (1064 -1200 -1064 ) 
4 186 208 (1056 -1200 -985 ) (1056 -1200 -1064 ) (1064 -1200 -1064 ) (1064 -1200 -985 ) 
4 186 206 (1064 -1200 -1100 ) (1088 -1200 -1100 ) (1088 -1200 -985 ) (1064 -1200 -985 ) 
4 186 201 (1088 -1200 -1100 ) (1176 -1200 -1100 ) (1176 -1200 -985 ) (1088 -1200 -985 ) 
4 186 200 (1232 -1200 -1100 ) (1392 -1200 -1100 ) (1392 -1200 -985 ) (1232 -1200 -985 ) 
4 187 188 (1916 -1608 -1100 ) (1968 -1608 -1100 ) (1968 -1608 -990 ) (1916 -1608 -990 ) 
4 188 189 (1916 -1616 -1100 ) (1968 -1616 -1100 ) (1968 -1616 -990 ) (1916 -1616 -990 ) 
4 189 191 (1984 -1656 -1085 ) (1984 -1656 -966 ) (1902 -1656 -966 ) (1902 -1656 -1085 ) 
4 190 191 (1800 -1656 -966 ) (1800 -1656 -1085 ) (1902 -1656 -1085 ) (1902 -1656 -966 ) 
4 191 203 (1800 -1683 -979 ) (1800 -1683 -1078 ) (1800 -1741 -1078 ) (1800 -1741 -979 ) 
4 191 195 (2048 -1784 -1055 ) (2048 -1784 -983 ) (1994 -1784 -983 ) (1994 -1784 -1055 ) 
4 192 232 (1992 -1656 -1100 ) (2048 -1656 -1100 ) (2048 -1784 -1100 ) (1992 -1784 -1100 ) 
4 192 198 (1992 -1784 -1100 ) (1994 -1784 -1100 ) (1994 -1784 -1093 ) (1992 -1784 -1093 ) 
4 192 196 (1994 -1784 -1100 ) (2048 -1784 -1100 ) (2048 -1784 -1093 ) (1994 -1784 -1093 ) 
4 192 193 (1992 -1784 -1100 ) (1992 -1784 -1092 ) (1992 -1664 -1092 ) (1992 -1664 -1100 ) 
4 193 233 (1992 -1664 -1100 ) (1992 -1784 -1100 ) (1896 -1784 -1100 ) (1896 -1664 -1100 ) 
4 193 198 (1896 -1784 -1100 ) (1992 -1784 -1100 ) (1992 -1784 -1093 ) (1896 -1784 -1093 ) 
4 193 194 (1896 -1784 -1100 ) (1896 -1784 -1092 ) (1896 -1664 -1092 ) (1896 -1664 -1100 ) 
4 194 235 (1800 -1784 -1100 ) (1800 -1656 -1100 ) (1864 -1656 -1100 ) (1864 -1784 -1100 ) 
4 194 234 (1864 -1656 -1100 ) (1896 -1656 -1100 ) (1896 -1784 -1100 ) (1864 -1784 -1100 ) 
4 194 198 (1800 -1784 -1093 ) (1800 -1784 -1100 ) (1896 -1784 -1100 ) (1896 -1784 -1093 ) 
4 195 197 (1994 -1792 -983 ) (1994 -1792 -1055 ) (2048 -1792 -1055 ) (2048 -1792 -983 ) 
4 196 232 (1994 -1792 -1100 ) (1994 -1784 -1100 ) (2048 -1784 -1100 ) (2048 -1792 -1100 ) 
4 196 198 (1994 -1784 -1093 ) (1994 -1784 -1100 ) (1994 -1792 -1100 ) (1994 -1792 -1093 ) 
4 196 197 (1994 -1792 -1093 ) (1994 -1792 -1100 ) (2048 -1792 -1100 ) (2048 -1792 -1093 ) 
4 197 336 (2048 -2048 -1100 ) (2048 -2048 -966 ) (1994 -2048 -966 ) (1994 -2048 -1100 ) 
4 197 232 (2048 -2048 -1100 ) (1994 -2048 -1100 ) (1994 -1792 -1100 ) (2048 -1792 -1100 ) 
4 197 199 (1994 -1792 -1100 ) (1994 -2048 -1100 ) (1994 -2048 -966 ) (1994 -1792 -966 ) 
4 198 235 (1800 -1792 -1100 ) (1800 -1784 -1100 ) (1864 -1784 -1100 ) (1864 -1792 -1100 ) 
4 198 233 (1896 -1784 -1100 ) (1992 -1784 -1100 ) (1992 -1792 -1100 ) (1896 -1792 -1100 ) 
4 198 232 (1992 -1784 -1100 ) (1994 -1784 -1100 ) (1994 -1792 -1100 ) (1992 -1792 -1100 ) 
4 198 234 (1864 -1784 -1100 ) (1896 -1784 -1100 ) (1896 -1792 -1100 ) (1864 -1792 -1100 ) 
4 198 199 (1800 -1792 -1093 ) (1800 -1792 -1100 ) (1994 -1792 -1100 ) (1994 -1792 -1093 ) 
4 199 336 (1994 -2048 -966 ) (1800 -2048 -966 ) (1800 -2048 -1100 ) (1994 -2048 -1100 ) 
4 199 236 (1800 -1984 -1100 ) (1800 -1800 -1100 ) (1864 -1800 -1100 ) (1864 -1984 -1100 ) 
4 199 237 (1864 -2048 -1100 ) (1800 -2048 -1100 ) (1800 -1984 -1100 ) (1864 -1984 -1100 ) 
4 199 235 (1800 -1800 -1100 ) (1800 -1792 -1100 ) (1864 -1792 -1100 ) (1864 -1800 -1100 ) 
4 199 233 (1992 -2048 -1100 ) (1896 -2048 -1100 ) (1896 -1792 -1100 ) (1992 -1792 -1100 ) 
4 199 232 (1994 -2048 -1100 ) (1992 -2048 -1100 ) (1992 -1792 -1100 ) (1994 -1792 -1100 ) 
4 199 234 (1896 -2048 -1100 ) (1864 -2048 -1100 ) (1864 -1792 -1100 ) (1896 -1792 -1100 ) 
4 199 210 (1800 -1800 -1100 ) (1800 -1984 -1100 ) (1800 -1984 -966 ) (1800 -1800 -966 ) 
4 199 211 (1800 -1984 -1100 ) (1800 -2048 -1100 ) (1800 -2048 -966 ) (1800 -1984 -966 ) 
4 200 202 (1392 -1312 -1080 ) (1392 -1312 -966 ) (1232 -1312 -966 ) (1232 -1312 -1080 ) 
4 201 206 (1088 -1200 -966 ) (1088 -1200 -1100 ) (1088 -1232 -1100 ) (1088 -1232 -966 ) 
4 202 205 (1088 -1472 -966 ) (1088 -1472 -1080 ) (1202 -1472 -1080 ) (1202 -1472 -966 ) 
4 202 204 (1202 -1472 -1080 ) (1536 -1472 -1080 ) (1536 -1472 -966 ) (1202 -1472 -966 ) 
4 203 204 (1792 -1741 -1078 ) (1792 -1741 -979 ) (1792 -1683 -979 ) (1792 -1683 -1078 ) 
4 204 205 (1202 -1472 -966 ) (1202 -1472 -1080 ) (1202 -1792 -1080 ) (1202 -1792 -966 ) 
4 205 207 (1088 -1680 -966 ) (1088 -1613 -966 ) (1088 -1613 -1064 ) (1088 -1680 -1064 ) 
4 206 209 (1064 -1200 -1064 ) (1064 -1200 -1100 ) (1064 -1232 -1100 ) (1064 -1232 -1064 ) 
4 206 208 (1064 -1200 -966 ) (1064 -1200 -1064 ) (1064 -1232 -1064 ) (1064 -1232 -966 ) 
4 208 220 (1056 -1200 -1049 ) (1056 -1200 -1064 ) (1056 -1232 -1064 ) (1056 -1232 -1049 ) 
4 208 219 (1056 -1200 -984 ) (1056 -1200 -1049 ) (1056 -1232 -1049 ) (1056 -1232 -984 ) 
4 208 215 (1056 -1232 -966 ) (1056 -1227 -966 ) (1056 -1227 -984 ) (1056 -1232 -984 ) 
4 208 213 (1056 -1227 -966 ) (1056 -1200 -966 ) (1056 -1200 -984 ) (1056 -1227 -984 ) 
4 208 209 (1056 -1200 -1064 ) (1064 -1200 -1064 ) (1064 -1232 -1064 ) (1056 -1232 -1064 ) 
4 209 220 (1056 -1200 -1100 ) (1056 -1232 -1100 ) (1056 -1232 -1064 ) (1056 -1200 -1064 ) 
4 210 236 (1744 -1800 -1100 ) (1800 -1800 -1100 ) (1800 -1984 -1100 ) (1744 -1984 -1100 ) 
4 210 211 (1744 -1984 -1100 ) (1800 -1984 -1100 ) (1800 -1984 -966 ) (1744 -1984 -966 ) 
4 211 336 (1800 -2048 -966 ) (1056 -2048 -966 ) (1056 -2048 -1100 ) (1800 -2048 -1100 ) 
4 211 238 (1088 -2048 -1100 ) (1056 -2048 -1100 ) (1056 -1984 -1100 ) (1088 -1984 -1100 ) 
4 211 237 (1800 -2048 -1100 ) (1088 -2048 -1100 ) (1088 -1984 -1100 ) (1800 -1984 -1100 ) 
4 212 219 (1048 -1024 -984 ) (1056 -1024 -984 ) (1056 -1096 -984 ) (1048 -1096 -984 ) 
4 212 213 (1048 -1096 -984 ) (1056 -1096 -984 ) (1056 -1096 -966 ) (1048 -1096 -966 ) 
4 213 219 (1048 -1096 -984 ) (1056 -1096 -984 ) (1056 -1227 -984 ) (1048 -1227 -984 ) 
4 213 215 (1048 -1227 -984 ) (1056 -1227 -984 ) (1056 -1227 -966 ) (1048 -1227 -966 ) 
4 214 217 (1027 -1096 -984 ) (1027 -1227 -984 ) (1027 -1227 -966 ) (1027 -1096 -966 ) 
4 215 219 (1048 -1227 -984 ) (1056 -1227 -984 ) (1056 -1232 -984 ) (1048 -1232 -984 ) 
4 216 272 (1024 -1096 -966 ) (1024 -1024 -966 ) (1024 -1024 -984 ) (1024 -1096 -984 ) 
4 216 217 (1024 -1096 -984 ) (1025 -1096 -984 ) (1025 -1096 -966 ) (1024 -1096 -966 ) 
4 217 272 (1024 -1300 -966 ) (1024 -1096 -966 ) (1024 -1096 -984 ) (1024 -1300 -984 ) 
4 217 218 (1024 -1300 -984 ) (1027 -1300 -984 ) (1027 -1300 -966 ) (1024 -1300 -966 ) 
4 218 273 (1024 -1306 -966 ) (1024 -1300 -966 ) (1024 -1300 -984 ) (1024 -1306 -984 ) 
4 218 225 (1024 -1306 -968.921875 ) (1024 -1306 -984 ) (1027 -1306 -984 ) (1027 -1306 -968.921875 ) 
4 218 223 (1027 -1306 -966 ) (1024 -1306 -966 ) (1024 -1306 -968.921875 ) (1027 -1306 -968.921875 ) 
4 219 220 (1048 -1024 -1049 ) (1056 -1024 -1049 ) (1056 -1232 -1049 ) (1048 -1232 -1049 ) 
4 221 278 (1024 -1306 -1064 ) (1024 -1306 -1055 ) (1024 -1300 -1055 ) (1024 -1300 -1064 ) 
4 221 227 (1056 -1306 -1064 ) (1056 -1306 -1055 ) (1024 -1306 -1055 ) (1024 -1306 -1064 ) 
5 222 224 (1029 -1306 -985 ) (1029 -1306 -1049 ) (1029 -1419 -1049 ) (1029 -1419 -1007 ) (1029 -1355 -986 ) 
4 222 226 (1029 -1419 -1049 ) (1029 -1714 -1049 ) (1029 -1714 -966 ) (1029 -1419 -966 ) 
4 223 282 (1024 -1419 -966 ) (1024 -1306 -966 ) (1024 -1306 -968.921875 ) (1024 -1419 -1006 ) 
4 223 225 (1024 -1355.001221 -985 ) (1024 -1306 -968.921875 ) (1027 -1306 -968.921875 ) (1027 -1355.001221 -985 ) 
4 223 226 (1027 -1419 -966 ) (1024 -1419 -966 ) (1024 -1419 -1006 ) (1027 -1419 -1006 ) 
5 224 283 (1024 -1306 -985 ) (1024 -1306 -1049 ) (1024 -1419 -1049 ) (1024 -1419 -1007 ) (1024 -1355 -986 ) 
4 224 226 (1024 -1419 -1049 ) (1029 -1419 -1049 ) (1029 -1419 -1007 ) (1024 -1419 -1007 ) 
3 225 284 (1024 -1306 -968.921875 ) (1024 -1306 -984 ) (1024 -1355 -985 ) 
4 226 285 (1024 -1714 -966 ) (1024 -1419 -966 ) (1024 -1419 -1049 ) (1024 -1714 -1049 ) 
4 227 286 (1024 -1306 -1055 ) (1024 -1306 -1064 ) (1024 -1714 -1064 ) (1024 -1714 -1055 ) 
4 227 228 (1056 -1714 -1064 ) (1056 -1714 -1055 ) (1024 -1714 -1055 ) (1024 -1714 -1064 ) 
4 228 289 (1024 -1714 -1055 ) (1024 -1714 -1064 ) (1024 -1719 -1064 ) (1024 -1719 -1055 ) 
4 229 239 (2048 -1608 -1104 ) (2048 -1616 -1104 ) (1968 -1616 -1104 ) (1968 -1608 -1104 ) 
4 229 230 (1984 -1616 -1104 ) (2048 -1616 -1104 ) (2048 -1616 -1100 ) (1984 -1616 -1100 ) 
4 230 239 (2048 -1616 -1104 ) (2048 -1656 -1104 ) (1984 -1656 -1104 ) (1984 -1616 -1104 ) 
4 230 232 (1992 -1656 -1104 ) (2048 -1656 -1104 ) (2048 -1656 -1100 ) (1992 -1656 -1100 ) 
4 231 240 (1864 -1624 -1104 ) (1864 -1616 -1104 ) (1902 -1616 -1104 ) (1902 -1624 -1104 ) 
4 231 241 (1902 -1656 -1104 ) (1864 -1656 -1104 ) (1864 -1624 -1104 ) (1902 -1624 -1104 ) 
4 231 235 (1864 -1624 -1104 ) (1864 -1656 -1104 ) (1864 -1656 -1100 ) (1864 -1624 -1100 ) 
4 231 234 (1864 -1656 -1100 ) (1864 -1656 -1104 ) (1896 -1656 -1104 ) (1896 -1656 -1100 ) 
4 232 336 (2048 -2048 -1104 ) (2048 -2048 -1100 ) (1992 -2048 -1100 ) (1992 -2048 -1104 ) 
4 232 239 (2048 -1656 -1104 ) (2048 -2048 -1104 ) (1992 -2048 -1104 ) (1992 -1656 -1104 ) 
4 232 233 (1992 -1664 -1104 ) (1992 -2048 -1104 ) (1992 -2048 -1100 ) (1992 -1664 -1100 ) 
4 233 336 (1992 -2048 -1100 ) (1896 -2048 -1100 ) (1896 -2048 -1104 ) (1992 -2048 -1104 ) 
4 233 241 (1920 -2048 -1104 ) (1896 -2048 -1104 ) (1896 -1664 -1104 ) (1920 -1664 -1104 ) 
4 233 239 (1992 -2048 -1104 ) (1920 -2048 -1104 ) (1920 -1664 -1104 ) (1992 -1664 -1104 ) 
4 233 234 (1896 -1664 -1104 ) (1896 -2048 -1104 ) (1896 -2048 -1100 ) (1896 -1664 -1100 ) 
4 234 336 (1896 -2048 -1100 ) (1864 -2048 -1100 ) (1864 -2048 -1104 ) (1896 -2048 -1104 ) 
4 234 241 (1896 -2048 -1104 ) (1864 -2048 -1104 ) (1864 -1656 -1104 ) (1896 -1656 -1104 ) 
4 234 236 (1864 -1800 -1104 ) (1864 -1984 -1104 ) (1864 -1984 -1100 ) (1864 -1800 -1100 ) 
4 234 237 (1864 -1984 -1104 ) (1864 -2048 -1104 ) (1864 -2048 -1100 ) (1864 -1984 -1100 ) 
4 234 235 (1864 -1656 -1104 ) (1864 -1800 -1104 ) (1864 -1800 -1100 ) (1864 -1656 -1100 ) 
4 235 241 (1864 -1624 -1104 ) (1864 -1800 -1104 ) (1800 -1800 -1104 ) (1800 -1624 -1104 ) 
4 235 236 (1800 -1800 -1104 ) (1864 -1800 -1104 ) (1864 -1800 -1100 ) (1800 -1800 -1100 ) 
4 236 242 (1800 -1984 -1104 ) (1744 -1984 -1104 ) (1744 -1800 -1104 ) (1800 -1800 -1104 ) 
4 236 241 (1864 -1800 -1104 ) (1864 -1984 -1104 ) (1800 -1984 -1104 ) (1800 -1800 -1104 ) 
4 236 237 (1744 -1984 -1104 ) (1864 -1984 -1104 ) (1864 -1984 -1100 ) (1744 -1984 -1100 ) 
4 237 336 (1864 -2048 -1100 ) (1088 -2048 -1100 ) (1088 -2048 -1104 ) (1864 -2048 -1104 ) 
4 237 243 (1800 -2048 -1104 ) (1088 -2048 -1104 ) (1088 -1984 -1104 ) (1800 -1984 -1104 ) 
4 237 241 (1864 -1984 -1104 ) (1864 -2048 -1104 ) (1800 -2048 -1104 ) (1800 -1984 -1104 ) 
4 237 238 (1088 -1984 -1104 ) (1088 -2048 -1104 ) (1088 -2048 -1100 ) (1088 -1984 -1100 ) 
4 238 336 (1088 -2048 -1100 ) (1056 -2048 -1100 ) (1056 -2048 -1104 ) (1088 -2048 -1104 ) 
4 238 243 (1088 -1984 -1104 ) (1088 -2048 -1104 ) (1056 -2048 -1104 ) (1056 -1984 -1104 ) 
4 239 336 (2048 -2048 -2192 ) (2048 -2048 -1104 ) (1920 -2048 -1104 ) (1920 -2048 -2192 ) 
4 239 240 (1920 -1608 -2192 ) (1920 -1624 -2192 ) (1920 -1624 -1104 ) (1920 -1608 -1104 ) 
4 239 241 (1920 -1624 -2192 ) (1920 -2048 -2192 ) (1920 -2048 -1104 ) (1920 -1624 -1104 ) 
4 240 241 (1864 -1624 -2192 ) (1920 -1624 -2192 ) (1920 -1624 -1104 ) (1864 -1624 -1104 ) 
4 241 336 (1920 -2048 -1104 ) (1800 -2048 -1104 ) (1800 -2048 -2192 ) (1920 -2048 -2192 ) 
4 241 242 (1800 -1800 -2192 ) (1800 -1984 -2192 ) (1800 -1984 -1104 ) (1800 -1800 -1104 ) 
4 241 243 (1800 -1984 -2192 ) (1800 -2048 -2192 ) (1800 -2048 -1104 ) (1800 -1984 -1104 ) 
4 242 243 (1744 -1984 -2192 ) (1800 -1984 -2192 ) (1800 -1984 -1104 ) (1744 -1984 -1104 ) 
4 243 336 (1800 -2048 -1104 ) (1056 -2048 -1104 ) (1056 -2048 -2192 ) (1800 -2048 -2192 ) 
4 244 245 (985 -968 -984 ) (1024 -968 -984 ) (1024 -968 -944 ) (985 -968 -944 ) 
4 245 274 (987 -1024 -944 ) (985 -1024 -944 ) (985 -1024 -984 ) (987 -1024 -984 ) 
4 245 272 (1024 -1024 -984 ) (1024 -1024 -944 ) (987 -1024 -944 ) (987 -1024 -984 ) 
4 246 250 (0 -345.225220 -1080 ) (0 -696 -1080 ) (0 -696 -320 ) (0 -345.225189 -320 ) 
3 246 248 (0 -696 -1080 ) (0 -345.225189 -1080 ) (372 -696 -1080 ) 
4 246 247 (0 -696 -1080 ) (372 -696 -1080 ) (372 -696 -320 ) (0 -696 -320 ) 
4 247 311 (0 -1024 -1048 ) (0 -1024 -1080 ) (376 -1024 -1080 ) (376 -1024 -1048 ) 
4 247 304 (0 -1024 -934 ) (0 -1024 -1048 ) (376 -1024 -1048 ) (376 -1024 -934 ) 
4 247 252 (0 -1024 -320 ) (0 -1024 -934 ) (376 -1024 -934 ) (376 -1024 -320 ) 
4 247 250 (0 -696 -1080 ) (0 -1024 -1080 ) (0 -1024 -320 ) (0 -696 -320 ) 
4 247 249 (376 -1024 -1080 ) (0 -1024 -1080 ) (0 -696 -1080 ) (376 -696 -1080 ) 
4 248 251 (0 -345.225220 -1242 ) (0 -696 -1242 ) (0 -696 -1080 ) (0 -345.225189 -1080 ) 
4 248 249 (0 -696 -1242 ) (372 -696 -1242 ) (372 -696 -1080 ) (0 -696 -1080 ) 
4 249 321 (376 -1024 -1080 ) (0 -1024 -1080 ) (0 -1024 -1242 ) (376 -1024 -1242 ) 
4 249 251 (0 -696 -1242 ) (0 -1024 -1242 ) (0 -1024 -1080 ) (0 -696 -1080 ) 
4 250 328 (-1024 -1024 -1080 ) (-1024 -1024 -320 ) (-1024 0 -320 ) (-1024 0 -1080 ) 
4 250 322 (0 -1024 -1080 ) (0 -1024 -320 ) (-1024 -1024 -320 ) (-1024 -1024 -1080 ) 
5 250 251 (0 -345.225220 -1080 ) (0 -1024 -1080 ) (-1024 -1024 -1080 ) (-1024 0 -1080 ) (-366.114624 0 -1080 ) 
4 251 329 (-1024 -1024 -1242 ) (-1024 -1024 -1080 ) (-1024 0 -1080 ) (-1024 0 -1242 ) 
4 251 323 (0 -1024 -1242 ) (0 -1024 -1080 ) (-1024 -1024 -1080 ) (-1024 -1024 -1242 ) 
4 252 322 (0 -1024 -320 ) (0 -1024 -934 ) (0 -1129 -934 ) (0 -1129 -320 ) 
4 252 304 (0 -1129 -934 ) (0 -1024 -934 ) (376 -1024 -934 ) (376 -1129 -934 ) 
4 252 254 (0 -1129 -934 ) (376 -1129 -934 ) (376 -1129 -320 ) (0 -1129 -320 ) 
4 253 270 (975 -1129 -934 ) (1024 -1129 -934 ) (1024 -1191 -934 ) (975 -1191 -934 ) 
4 254 322 (0 -1129 -934 ) (0 -1191 -934 ) (0 -1191 -320 ) (0 -1129 -320 ) 
4 254 304 (0 -1191 -934 ) (0 -1129 -934 ) (376 -1129 -934 ) (376 -1191 -934 ) 
4 254 255 (0 -1191 -934 ) (376 -1191 -934 ) (376 -1191 -320 ) (0 -1191 -320 ) 
4 255 322 (0 -1191 -934 ) (0 -1296 -934 ) (0 -1296 -320 ) (0 -1191 -320 ) 
4 255 304 (0 -1296 -934 ) (0 -1191 -934 ) (376 -1191 -934 ) (376 -1296 -934 ) 
4 255 263 (0 -1296 -934 ) (376 -1296 -934 ) (376 -1296 -927 ) (0 -1296 -927 ) 
4 255 259 (376 -1296 -927 ) (376 -1296 -926 ) (0 -1296 -926 ) (0 -1296 -927 ) 
4 255 257 (376 -1296 -926 ) (376 -1296 -320 ) (0 -1296 -320 ) (0 -1296 -926 ) 
4 256 260 (952 -1792 -926 ) (376 -1792 -926 ) (376 -1719 -926 ) (952 -1719 -926 ) 
4 256 258 (737 -1559 -926 ) (737 -1719 -926 ) (465 -1719 -926 ) (465 -1559 -926 ) 
4 256 259 (376 -1719 -926 ) (376 -1296 -926 ) (465 -1296 -926 ) (465 -1719 -926 ) 
4 256 257 (376 -1296 -832 ) (376 -1296 -926 ) (376 -1792 -926 ) (376 -1792 -832 ) 
4 257 322 (0 -1792 -926 ) (0 -1792 -320 ) (0 -1296 -320 ) (0 -1296 -926 ) 
4 257 269 (376 -1792 -320 ) (0 -1792 -320 ) (0 -1792 -926 ) (376 -1792 -926 ) 
4 257 260 (376 -1792 -926 ) (0 -1792 -926 ) (0 -1719 -926 ) (376 -1719 -926 ) 
4 257 259 (0 -1719 -926 ) (0 -1296 -926 ) (376 -1296 -926 ) (376 -1719 -926 ) 
4 258 267 (736 -1719 -927 ) (465 -1719 -927 ) (465 -1560 -927 ) (736 -1560 -927 ) 
4 258 260 (465 -1719 -927 ) (737 -1719 -927 ) (737 -1719 -926 ) (465 -1719 -926 ) 
4 258 259 (465 -1559 -927 ) (465 -1719 -927 ) (465 -1719 -926 ) (465 -1559 -926 ) 
4 259 322 (0 -1719 -926 ) (0 -1296 -926 ) (0 -1296 -927 ) (0 -1719 -927 ) 
4 259 267 (465 -1560 -927 ) (465 -1719 -927 ) (464 -1719 -927 ) (464 -1560 -927 ) 
4 259 268 (0 -1719 -927 ) (0 -1553 -927 ) (464 -1553 -927 ) (464 -1719 -927 ) 
4 259 263 (0 -1553 -927 ) (0 -1296 -927 ) (464 -1296 -927 ) (464 -1553 -927 ) 
4 259 260 (0 -1719 -927 ) (465 -1719 -927 ) (465 -1719 -926 ) (0 -1719 -926 ) 
4 260 322 (0 -1792 -927 ) (0 -1792 -926 ) (0 -1719 -926 ) (0 -1719 -927 ) 
4 260 269 (376 -1792 -926 ) (0 -1792 -926 ) (0 -1792 -927 ) (376 -1792 -927 ) 
4 260 267 (736 -1792 -927 ) (464 -1792 -927 ) (464 -1719 -927 ) (736 -1719 -927 ) 
4 260 268 (464 -1792 -927 ) (0 -1792 -927 ) (0 -1719 -927 ) (464 -1719 -927 ) 
4 260 266 (745 -1792 -927 ) (736 -1792 -927 ) (736 -1720 -927 ) (745 -1720 -927 ) 
4 260 265 (952 -1792 -927 ) (745 -1792 -927 ) (745 -1720 -927 ) (952 -1720 -927 ) 
4 261 292 (473 -1296 -934 ) (744 -1296 -934 ) (744 -1306 -934 ) (473 -1306 -934 ) 
4 261 271 (744 -1296 -934 ) (960 -1296 -934 ) (960 -1306 -934 ) (744 -1306 -934 ) 
4 261 262 (473 -1306 -927 ) (473 -1306 -934 ) (960 -1306 -934 ) (960 -1306 -927 ) 
4 262 292 (744 -1553 -934 ) (473 -1553 -934 ) (473 -1306 -934 ) (744 -1306 -934 ) 
4 262 287 (985 -1553 -934 ) (744 -1553 -934 ) (744 -1306 -934 ) (985 -1306 -934 ) 
4 262 281 (1024 -1306 -934 ) (1024 -1325.461548 -934 ) (985 -1325.461548 -934 ) (985 -1306 -934 ) 
4 262 280 (1024 -1325.461548 -934 ) (1024 -1419 -934 ) (985 -1419 -934 ) (985 -1325.461548 -934 ) 
4 262 285 (1024 -1419 -934 ) (1024 -1553 -934 ) (985 -1553 -934 ) (985 -1419 -934 ) 
4 262 264 (745 -1553 -934 ) (1024 -1553 -934 ) (1024 -1553 -927 ) (745 -1553 -927 ) 
4 263 322 (0 -1296 -934 ) (0 -1553 -934 ) (0 -1553 -927 ) (0 -1296 -927 ) 
4 263 309 (0 -1553 -934 ) (0 -1456 -934 ) (464 -1456 -934 ) (464 -1553 -934 ) 
4 263 307 (0 -1456 -934 ) (0 -1360 -934 ) (464 -1360 -934 ) (464 -1456 -934 ) 
4 263 305 (0 -1360 -934 ) (0 -1296 -934 ) (464 -1296 -934 ) (464 -1360 -934 ) 
4 263 268 (0 -1553 -934 ) (464 -1553 -934 ) (464 -1553 -927 ) (0 -1553 -927 ) 
4 264 287 (745 -1553 -934 ) (985 -1553 -934 ) (985 -1714 -934 ) (745 -1714 -934 ) 
4 264 285 (985 -1553 -934 ) (1024 -1553 -934 ) (1024 -1714 -934 ) (985 -1714 -934 ) 
4 265 291 (952 -1792 -934 ) (745 -1792 -934 ) (745 -1720 -934 ) (952 -1720 -934 ) 
4 265 266 (745 -1720 -934 ) (745 -1792 -934 ) (745 -1792 -927 ) (745 -1720 -927 ) 
4 266 302 (744 -1792 -934 ) (736 -1792 -934 ) (736 -1720 -934 ) (744 -1720 -934 ) 
4 266 291 (745 -1720 -934 ) (745 -1792 -934 ) (744 -1792 -934 ) (744 -1720 -934 ) 
4 266 267 (736 -1720 -934 ) (736 -1792 -934 ) (736 -1792 -927 ) (736 -1720 -927 ) 
4 267 308 (472 -1792 -934 ) (464 -1792 -934 ) (464 -1560 -934 ) (472 -1560 -934 ) 
4 267 303 (736 -1709 -934 ) (736 -1792 -934 ) (472 -1792 -934 ) (472 -1709 -934 ) 
4 267 298 (736 -1613 -934 ) (736 -1709 -934 ) (472 -1709 -934 ) (472 -1613 -934 ) 
4 267 297 (516 -1613 -934 ) (472 -1613 -934 ) (472 -1560 -934 ) (516 -1560 -934 ) 
4 267 294 (598 -1613 -934 ) (516 -1613 -934 ) (516 -1560 -934 ) (598 -1560 -934 ) 
4 267 293 (736 -1560 -934 ) (736 -1613 -934 ) (598 -1613 -934 ) (598 -1560 -934 ) 
4 267 268 (464 -1560 -934 ) (464 -1792 -934 ) (464 -1792 -927 ) (464 -1560 -927 ) 
4 268 322 (0 -1553 -934 ) (0 -1792 -934 ) (0 -1792 -927 ) (0 -1553 -927 ) 
4 268 309 (0 -1792 -934 ) (0 -1553 -934 ) (464 -1553 -934 ) (464 -1792 -934 ) 
4 268 269 (0 -1792 -934 ) (376 -1792 -934 ) (376 -1792 -927 ) (0 -1792 -927 ) 
4 269 341 (376 -2048 -320 ) (0 -2048 -320 ) (0 -2048 -934 ) (376 -2048 -934 ) 
4 269 322 (0 -1792 -934 ) (0 -2048 -934 ) (0 -2048 -320 ) (0 -1792 -320 ) 
4 269 310 (376 -2048 -934 ) (0 -2048 -934 ) (0 -1792 -934 ) (376 -1792 -934 ) 
4 270 275 (975 -1129 -944 ) (985 -1129 -944 ) (985 -1191 -944 ) (975 -1191 -944 ) 
4 270 274 (985 -1129 -944 ) (987 -1129 -944 ) (987 -1191 -944 ) (985 -1191 -944 ) 
4 270 272 (987 -1129 -944 ) (1024 -1129 -944 ) (1024 -1191 -944 ) (987 -1191 -944 ) 
4 271 292 (744 -1306 -944 ) (744 -1306 -934 ) (744 -1296 -934 ) (744 -1296 -944 ) 
4 271 287 (744 -1306 -934 ) (744 -1306 -944 ) (960 -1306 -944 ) (960 -1306 -934 ) 
4 271 276 (960 -1306 -944 ) (744 -1306 -944 ) (744 -1296 -944 ) (960 -1296 -944 ) 
4 272 274 (987 -1024 -984 ) (987 -1227 -984 ) (987 -1227 -944 ) (987 -1024 -944 ) 
4 272 273 (987 -1300 -944 ) (987 -1300 -984 ) (1024 -1300 -984 ) (1024 -1300 -944 ) 
4 273 284 (987 -1306 -984 ) (1024 -1306 -984 ) (1024 -1306 -968.921875 ) (987 -1306 -968.921875 ) 
4 273 282 (1024 -1306 -968.921875 ) (1024 -1306 -944 ) (987 -1306 -944 ) (987 -1306 -968.921875 ) 
4 274 275 (985 -1096 -984 ) (985 -1227 -984 ) (985 -1227 -944 ) (985 -1096 -944 ) 
4 276 292 (744 -1306 -984 ) (744 -1306 -944 ) (744 -1296 -944 ) (744 -1296 -984 ) 
4 276 287 (744 -1306 -944 ) (744 -1306 -984 ) (960 -1306 -984 ) (960 -1306 -944 ) 
4 276 277 (960 -1306 -984 ) (744 -1306 -984 ) (744 -1296 -984 ) (960 -1296 -984 ) 
4 277 312 (744 -1306 -1049 ) (744 -1306 -1048 ) (744 -1296 -1048 ) (744 -1296 -1049 ) 
4 277 292 (744 -1306 -1048 ) (744 -1306 -984 ) (744 -1296 -984 ) (744 -1296 -1048 ) 
4 277 287 (744 -1306 -984 ) (744 -1306 -1049 ) (960 -1306 -1049 ) (960 -1306 -984 ) 
4 278 288 (952 -1306 -1064 ) (985 -1306 -1064 ) (985 -1306 -1055 ) (952 -1306 -1055 ) 
4 278 286 (985 -1306 -1064 ) (1024 -1306 -1064 ) (1024 -1306 -1055 ) (985 -1306 -1055 ) 
4 278 279 (952 -1300 -1064 ) (952 -1306 -1064 ) (952 -1306 -1055 ) (952 -1300 -1055 ) 
4 279 318 (744 -1306 -1064 ) (744 -1306 -1055 ) (744 -1296 -1055 ) (744 -1296 -1064 ) 
4 279 288 (744 -1306 -1055 ) (744 -1306 -1064 ) (952 -1306 -1064 ) (952 -1306 -1055 ) 
3 280 287 (985 -1419 -953 ) (985 -1419 -934 ) (985 -1325.461548 -934 ) 
4 280 281 (985 -1354.996460 -940 ) (985 -1325.456787 -934 ) (1024 -1325.456787 -934 ) (1024 -1354.996460 -940 ) 
4 280 285 (985 -1419 -934 ) (985 -1419 -953 ) (1024 -1419 -953 ) (1024 -1419 -934 ) 
4 281 287 (985 -1306 -934 ) (985 -1306 -943 ) (985 -1355 -940 ) (985 -1325.461548 -934 ) 
4 282 284 (987 -1355.003052 -985 ) (987 -1306 -968.920898 ) (1024 -1306 -968.920898 ) (1024 -1355.003052 -985 ) 
4 282 285 (987 -1419 -1006 ) (1024 -1419 -1006 ) (1024 -1419 -954 ) (987 -1419 -954 ) 
5 283 287 (985 -1306 -985 ) (985 -1306 -1049 ) (985 -1419 -1049 ) (985 -1419 -1007 ) (985 -1355 -986 ) 
4 283 285 (985 -1419 -1007 ) (985 -1419 -1049 ) (1024 -1419 -1049 ) (1024 -1419 -1007 ) 
4 285 287 (985 -1419 -1049 ) (985 -1714 -1049 ) (985 -1714 -934 ) (985 -1419 -934 ) 
4 286 289 (1024 -1714 -1064 ) (1024 -1714 -1055 ) (985 -1714 -1055 ) (985 -1714 -1064 ) 
4 286 288 (985 -1306 -1055 ) (985 -1306 -1064 ) (985 -1714 -1064 ) (985 -1714 -1055 ) 
4 287 312 (744 -1553 -1048 ) (744 -1306 -1048 ) (744 -1306 -1049 ) (744 -1553 -1049 ) 
4 287 299 (744 -1613 -946 ) (744 -1613 -1018 ) (744 -1709 -1018 ) (744 -1709 -946 ) 
4 287 292 (744 -1553 -934 ) (744 -1306 -934 ) (744 -1306 -1048 ) (744 -1553 -1048 ) 
4 288 318 (744 -1714 -1064 ) (744 -1714 -1055 ) (744 -1306 -1055 ) (744 -1306 -1064 ) 
4 288 290 (744 -1714 -1055 ) (744 -1714 -1064 ) (952 -1714 -1064 ) (952 -1714 -1055 ) 
4 288 289 (952 -1714 -1064 ) (985 -1714 -1064 ) (985 -1714 -1055 ) (952 -1714 -1055 ) 
4 289 290 (952 -1714 -1055 ) (952 -1714 -1064 ) (952 -1719 -1064 ) (952 -1719 -1055 ) 
4 290 318 (744 -1714 -1055 ) (744 -1714 -1064 ) (744 -1720 -1064 ) (744 -1720 -1055 ) 
4 290 291 (744 -1720 -1055 ) (744 -1720 -1064 ) (952 -1720 -1064 ) (952 -1720 -1055 ) 
4 291 318 (744 -1792 -1064 ) (744 -1792 -1055 ) (744 -1720 -1055 ) (744 -1720 -1064 ) 
4 291 313 (744 -1792 -1055 ) (744 -1792 -1048 ) (744 -1720 -1048 ) (744 -1720 -1055 ) 
4 291 302 (744 -1792 -1048 ) (744 -1792 -934 ) (744 -1720 -934 ) (744 -1720 -1048 ) 
4 292 312 (744 -1296 -1048 ) (744 -1553 -1048 ) (473 -1553 -1048 ) (473 -1296 -1048 ) 
4 292 306 (472 -1456 -1018 ) (472 -1456 -946 ) (472 -1360 -946 ) (472 -1360 -1018 ) 
4 292 295 (516 -1553 -1048 ) (598 -1553 -1048 ) (598 -1553 -939 ) (516 -1553 -939 ) 
4 293 314 (736 -1613 -1048 ) (598 -1613 -1048 ) (598 -1560 -1048 ) (736 -1560 -1048 ) 
4 293 301 (598 -1613 -1048 ) (736 -1613 -1048 ) (736 -1613 -1018 ) (598 -1613 -1018 ) 
4 293 300 (736 -1613 -1018 ) (736 -1613 -946 ) (598 -1613 -946 ) (598 -1613 -1018 ) 
4 293 298 (736 -1613 -946 ) (736 -1613 -934 ) (598 -1613 -934 ) (598 -1613 -946 ) 
4 293 296 (598 -1560 -1048 ) (598 -1613 -1048 ) (598 -1613 -939 ) (598 -1560 -939 ) 
4 293 294 (598 -1613 -939 ) (598 -1613 -934 ) (598 -1560 -934 ) (598 -1560 -939 ) 
4 294 298 (598 -1613 -939 ) (598 -1613 -934 ) (516 -1613 -934 ) (516 -1613 -939 ) 
4 294 297 (516 -1560 -939 ) (516 -1613 -939 ) (516 -1613 -934 ) (516 -1560 -934 ) 
4 294 296 (516 -1613 -939 ) (516 -1560 -939 ) (598 -1560 -939 ) (598 -1613 -939 ) 
4 295 296 (598 -1560 -1048 ) (598 -1560 -939 ) (516 -1560 -939 ) (516 -1560 -1048 ) 
4 296 314 (598 -1613 -1048 ) (516 -1613 -1048 ) (516 -1560 -1048 ) (598 -1560 -1048 ) 
4 296 301 (516 -1613 -1048 ) (598 -1613 -1048 ) (598 -1613 -1018 ) (516 -1613 -1018 ) 
4 296 300 (598 -1613 -1018 ) (598 -1613 -946 ) (516 -1613 -946 ) (516 -1613 -1018 ) 
4 296 298 (598 -1613 -946 ) (598 -1613 -939 ) (516 -1613 -939 ) (516 -1613 -946 ) 
4 296 297 (516 -1560 -1048 ) (516 -1613 -1048 ) (516 -1613 -939 ) (516 -1560 -939 ) 
4 297 315 (473 -1613 -1048 ) (472 -1613 -1048 ) (472 -1560 -1048 ) (473 -1560 -1048 ) 
4 297 314 (516 -1613 -1048 ) (473 -1613 -1048 ) (473 -1560 -1048 ) (516 -1560 -1048 ) 
4 297 308 (472 -1560 -1048 ) (472 -1613 -1048 ) (472 -1613 -934 ) (472 -1560 -934 ) 
4 297 301 (472 -1613 -1018 ) (472 -1613 -1048 ) (516 -1613 -1048 ) (516 -1613 -1018 ) 
4 297 300 (472 -1613 -946 ) (472 -1613 -1018 ) (516 -1613 -1018 ) (516 -1613 -946 ) 
4 297 298 (472 -1613 -934 ) (472 -1613 -946 ) (516 -1613 -946 ) (516 -1613 -934 ) 
4 298 308 (472 -1709 -946 ) (472 -1709 -934 ) (472 -1613 -934 ) (472 -1613 -946 ) 
4 298 303 (472 -1709 -934 ) (472 -1709 -946 ) (736 -1709 -946 ) (736 -1709 -934 ) 
4 298 300 (736 -1709 -946 ) (472 -1709 -946 ) (472 -1613 -946 ) (736 -1613 -946 ) 
4 299 300 (737 -1613 -1018 ) (737 -1709 -1018 ) (737 -1709 -946 ) (737 -1613 -946 ) 
4 300 308 (472 -1709 -1018 ) (472 -1709 -946 ) (472 -1613 -946 ) (472 -1613 -1018 ) 
4 300 303 (472 -1709 -946 ) (472 -1709 -1018 ) (736 -1709 -1018 ) (736 -1709 -946 ) 
4 300 301 (736 -1709 -1018 ) (472 -1709 -1018 ) (472 -1613 -1018 ) (736 -1613 -1018 ) 
4 301 315 (473 -1709 -1048 ) (472 -1709 -1048 ) (472 -1613 -1048 ) (473 -1613 -1048 ) 
4 301 314 (736 -1709 -1048 ) (473 -1709 -1048 ) (473 -1613 -1048 ) (736 -1613 -1048 ) 
4 301 308 (472 -1613 -1048 ) (472 -1709 -1048 ) (472 -1709 -1018 ) (472 -1613 -1018 ) 
4 301 303 (472 -1709 -1018 ) (472 -1709 -1048 ) (736 -1709 -1048 ) (736 -1709 -1018 ) 
4 302 313 (744 -1720 -1048 ) (744 -1792 -1048 ) (736 -1792 -1048 ) (736 -1720 -1048 ) 
4 302 303 (736 -1720 -1048 ) (736 -1792 -1048 ) (736 -1792 -934 ) (736 -1720 -934 ) 
4 303 315 (473 -1792 -1048 ) (472 -1792 -1048 ) (472 -1709 -1048 ) (473 -1709 -1048 ) 
4 303 314 (736 -1792 -1048 ) (473 -1792 -1048 ) (473 -1709 -1048 ) (736 -1709 -1048 ) 
4 303 308 (472 -1709 -1048 ) (472 -1792 -1048 ) (472 -1792 -934 ) (472 -1709 -934 ) 
4 304 322 (0 -1024 -934 ) (0 -1024 -1048 ) (0 -1296 -1048 ) (0 -1296 -934 ) 
4 304 311 (0 -1296 -1048 ) (0 -1024 -1048 ) (376 -1024 -1048 ) (376 -1296 -1048 ) 
4 304 305 (0 -1296 -1048 ) (376 -1296 -1048 ) (376 -1296 -934 ) (0 -1296 -934 ) 
4 305 322 (0 -1296 -1048 ) (0 -1360 -1048 ) (0 -1360 -934 ) (0 -1296 -934 ) 
4 305 316 (0 -1360 -1048 ) (0 -1296 -1048 ) (464 -1296 -1048 ) (464 -1360 -1048 ) 
4 305 307 (0 -1360 -1048 ) (464 -1360 -1048 ) (464 -1360 -934 ) (0 -1360 -934 ) 
4 306 307 (464 -1360 -946 ) (464 -1360 -1018 ) (464 -1456 -1018 ) (464 -1456 -946 ) 
4 307 322 (0 -1360 -1048 ) (0 -1456 -1048 ) (0 -1456 -934 ) (0 -1360 -934 ) 
4 307 316 (0 -1456 -1048 ) (0 -1360 -1048 ) (464 -1360 -1048 ) (464 -1456 -1048 ) 
4 307 309 (0 -1456 -1048 ) (464 -1456 -1048 ) (464 -1456 -934 ) (0 -1456 -934 ) 
4 308 315 (472 -1560 -1048 ) (472 -1792 -1048 ) (464 -1792 -1048 ) (464 -1560 -1048 ) 
4 308 309 (464 -1560 -1048 ) (464 -1792 -1048 ) (464 -1792 -934 ) (464 -1560 -934 ) 
4 309 322 (0 -1456 -1048 ) (0 -1792 -1048 ) (0 -1792 -934 ) (0 -1456 -934 ) 
4 309 316 (0 -1792 -1048 ) (0 -1456 -1048 ) (464 -1456 -1048 ) (464 -1792 -1048 ) 
4 309 310 (0 -1792 -1048 ) (376 -1792 -1048 ) (376 -1792 -934 ) (0 -1792 -934 ) 
4 310 341 (376 -2048 -934 ) (0 -2048 -934 ) (0 -2048 -1048 ) (376 -2048 -1048 ) 
4 310 322 (0 -1792 -1048 ) (0 -2048 -1048 ) (0 -2048 -934 ) (0 -1792 -934 ) 
4 310 317 (0 -2048 -1048 ) (0 -1792 -1048 ) (376 -1792 -1048 ) (376 -2048 -1048 ) 
4 311 322 (0 -1024 -1048 ) (0 -1024 -1080 ) (0 -1296 -1080 ) (0 -1296 -1048 ) 
4 311 321 (0 -1024 -1080 ) (376 -1024 -1080 ) (376 -1296 -1080 ) (0 -1296 -1080 ) 
4 311 319 (0 -1296 -1080 ) (376 -1296 -1080 ) (376 -1296 -1055 ) (0 -1296 -1055 ) 
4 311 316 (376 -1296 -1055 ) (376 -1296 -1048 ) (0 -1296 -1048 ) (0 -1296 -1055 ) 
4 313 318 (744 -1720 -1055 ) (744 -1792 -1055 ) (736 -1792 -1055 ) (736 -1720 -1055 ) 
4 313 314 (736 -1720 -1055 ) (736 -1792 -1055 ) (736 -1792 -1048 ) (736 -1720 -1048 ) 
4 314 318 (473 -1792 -1055 ) (473 -1560 -1055 ) (736 -1560 -1055 ) (736 -1792 -1055 ) 
4 314 315 (473 -1560 -1055 ) (473 -1792 -1055 ) (473 -1792 -1048 ) (473 -1560 -1048 ) 
4 315 318 (473 -1560 -1055 ) (473 -1792 -1055 ) (464 -1792 -1055 ) (464 -1560 -1055 ) 
4 315 316 (464 -1560 -1055 ) (464 -1792 -1055 ) (464 -1792 -1048 ) (464 -1560 -1048 ) 
4 316 322 (0 -1792 -1048 ) (0 -1296 -1048 ) (0 -1296 -1055 ) (0 -1792 -1055 ) 
4 316 318 (376 -1296 -1055 ) (464 -1296 -1055 ) (464 -1792 -1055 ) (376 -1792 -1055 ) 
4 316 319 (0 -1792 -1055 ) (0 -1296 -1055 ) (376 -1296 -1055 ) (376 -1792 -1055 ) 
4 316 317 (0 -1792 -1055 ) (376 -1792 -1055 ) (376 -1792 -1048 ) (0 -1792 -1048 ) 
4 317 341 (0 -2048 -1048 ) (0 -2048 -1055 ) (376 -2048 -1055 ) (376 -2048 -1048 ) 
4 317 322 (0 -2048 -1055 ) (0 -2048 -1048 ) (0 -1792 -1048 ) (0 -1792 -1055 ) 
4 317 320 (0 -2048 -1055 ) (0 -1792 -1055 ) (376 -1792 -1055 ) (376 -2048 -1055 ) 
4 318 319 (376 -1792 -1064 ) (376 -1792 -1055 ) (376 -1296 -1055 ) (376 -1296 -1064 ) 
4 319 322 (0 -1296 -1080 ) (0 -1792 -1080 ) (0 -1792 -1055 ) (0 -1296 -1055 ) 
4 319 321 (376 -1792 -1080 ) (0 -1792 -1080 ) (0 -1296 -1080 ) (376 -1296 -1080 ) 
4 319 320 (0 -1792 -1080 ) (376 -1792 -1080 ) (376 -1792 -1055 ) (0 -1792 -1055 ) 
4 320 341 (0 -2048 -1055 ) (0 -2048 -1080 ) (376 -2048 -1080 ) (376 -2048 -1055 ) 
4 320 322 (0 -1792 -1080 ) (0 -2048 -1080 ) (0 -2048 -1055 ) (0 -1792 -1055 ) 
4 320 321 (376 -2048 -1080 ) (0 -2048 -1080 ) (0 -1792 -1080 ) (376 -1792 -1080 ) 
4 321 344 (376 -2048 -1080 ) (0 -2048 -1080 ) (0 -2048 -1242 ) (376 -2048 -1242 ) 
4 321 323 (0 -1024 -1080 ) (0 -1024 -1242 ) (0 -2048 -1242 ) (0 -2048 -1080 ) 
4 322 345 (0 -2048 -1080 ) (0 -2048 -320 ) (-1024 -2048 -320 ) (-1024 -2048 -1080 ) 
4 322 330 (-1024 -2048 -1080 ) (-1024 -2048 -320 ) (-1024 -1024 -320 ) (-1024 -1024 -1080 ) 
4 322 323 (0 -1024 -1080 ) (0 -2048 -1080 ) (-1024 -2048 -1080 ) (-1024 -1024 -1080 ) 
4 323 346 (0 -2048 -1242 ) (0 -2048 -1080 ) (-1024 -2048 -1080 ) (-1024 -2048 -1242 ) 
4 323 331 (-1024 -2048 -1242 ) (-1024 -2048 -1080 ) (-1024 -1024 -1080 ) (-1024 -1024 -1242 ) 
4 324 328 (-1024 0 -1080 ) (-1024 0 -320 ) (-2048 0 -320 ) (-2048 0 -1080 ) 
4 324 326 (-2048 0 -1080 ) (-2048 0 -320 ) (-2048 560 -320 ) (-2048 560 -1080 ) 
4 324 325 (-2048 0 -1080 ) (-2048 560 -1080 ) (-1024 560 -1080 ) (-1024 0 -1080 ) 
4 325 329 (-1024 0 -1242 ) (-1024 0 -1080 ) (-2048 0 -1080 ) (-2048 0 -1242 ) 
4 325 327 (-2048 0 -1242 ) (-2048 0 -1080 ) (-2048 560 -1080 ) (-2048 560 -1242 ) 
4 326 332 (-2048 0 -1080 ) (-2048 0 -320 ) (-2832 0 -320 ) (-2832 0 -1080 ) 
4 326 327 (-2048 560 -1080 ) (-2048 0 -1080 ) (-2832 0 -1080 ) (-2832 560 -1080 ) 
4 327 333 (-2048 0 -1242 ) (-2048 0 -1080 ) (-2832 0 -1080 ) (-2832 0 -1242 ) 
4 328 332 (-2048 0 -320 ) (-2048 0 -1080 ) (-2048 -1024 -1080 ) (-2048 -1024 -320 ) 
4 328 330 (-1024 -1024 -1080 ) (-1024 -1024 -320 ) (-2048 -1024 -320 ) (-2048 -1024 -1080 ) 
4 328 329 (-2048 -1024 -1080 ) (-2048 0 -1080 ) (-1024 0 -1080 ) (-1024 -1024 -1080 ) 
4 329 333 (-2048 0 -1080 ) (-2048 0 -1242 ) (-2048 -1024 -1242 ) (-2048 -1024 -1080 ) 
4 329 331 (-1024 -1024 -1242 ) (-1024 -1024 -1080 ) (-2048 -1024 -1080 ) (-2048 -1024 -1242 ) 
4 330 347 (-1024 -2048 -1080 ) (-1024 -2048 -320 ) (-2048 -2048 -320 ) (-2048 -2048 -1080 ) 
4 330 334 (-2048 -2048 -1080 ) (-2048 -2048 -320 ) (-2048 -1024 -320 ) (-2048 -1024 -1080 ) 
4 330 331 (-1024 -2048 -1080 ) (-2048 -2048 -1080 ) (-2048 -1024 -1080 ) (-1024 -1024 -1080 ) 
4 331 348 (-1024 -2048 -1242 ) (-1024 -2048 -1080 ) (-2048 -2048 -1080 ) (-2048 -2048 -1242 ) 
4 331 335 (-2048 -2048 -1242 ) (-2048 -2048 -1080 ) (-2048 -1024 -1080 ) (-2048 -1024 -1242 ) 
4 332 334 (-2048 -1024 -1080 ) (-2048 -1024 -320 ) (-2832 -1024 -320 ) (-2832 -1024 -1080 ) 
4 332 333 (-2048 -1024 -1080 ) (-2832 -1024 -1080 ) (-2832 0 -1080 ) (-2048 0 -1080 ) 
4 333 335 (-2048 -1024 -1242 ) (-2048 -1024 -1080 ) (-2832 -1024 -1080 ) (-2832 -1024 -1242 ) 
4 334 349 (-2048 -2048 -1080 ) (-2048 -2048 -320 ) (-2832 -2048 -320 ) (-2832 -2048 -1080 ) 
4 334 335 (-2832 -1024 -1080 ) (-2048 -1024 -1080 ) (-2048 -2048 -1080 ) (-2832 -2048 -1080 ) 
4 335 350 (-2048 -2048 -1242 ) (-2048 -2048 -1080 ) (-2832 -2048 -1080 ) (-2832 -2048 -1242 ) 
4 336 18 (1056 -2344 -2192 ) (2048 -2344 -2192 ) (2048 -2344 352 ) (1056 -2344 352 ) 
4 337 340 (1024 -2344 -320 ) (1024 -2392 -320 ) (960 -2392 -320 ) (960 -2344 -320 ) 
4 337 338 (960 -2392 -312 ) (960 -2392 352 ) (960 -2344 352 ) (960 -2344 -312 ) 
4 337 339 (1024 -2392 352 ) (960 -2392 352 ) (960 -2392 -320 ) (1024 -2392 -320 ) 
4 338 339 (960 -2392 352 ) (680 -2392 352 ) (680 -2392 -312 ) (960 -2392 -312 ) 
4 339 18 (1024 -3072 -320 ) (1024 -3072 352 ) (680 -3072 352 ) (680 -3072 -320 ) 
4 339 18 (1024 -2392 -320 ) (1024 -3072 -320 ) (680 -3072 -320 ) (680 -2392 -320 ) 
4 340 342 (960 -2344 -1080 ) (1024 -2344 -1080 ) (1024 -2392 -1080 ) (960 -2392 -1080 ) 
4 340 18 (960 -2392 -1080 ) (1024 -2392 -1080 ) (1024 -2392 -320 ) (960 -2392 -320 ) 
4 341 345 (0 -2048 -320 ) (0 -2048 -1080 ) (0 -2376 -1080 ) (0 -2376 -320 ) 
4 341 344 (0 -2376 -1080 ) (0 -2048 -1080 ) (376 -2048 -1080 ) (376 -2376 -1080 ) 
4 342 18 (960 -2392 -2192 ) (1024 -2392 -2192 ) (1024 -2392 -1080 ) (960 -2392 -1080 ) 
4 342 343 (960 -2344 -2192 ) (960 -2392 -2192 ) (960 -2392 -1248 ) (960 -2344 -1248 ) 
4 343 18 (680 -2392 -2192 ) (960 -2392 -2192 ) (960 -2392 -1248 ) (680 -2392 -1248 ) 
4 344 346 (0 -2048 -1080 ) (0 -2048 -1242 ) (0 -2376 -1242 ) (0 -2376 -1080 ) 
4 345 347 (-1024 -2048 -320 ) (-1024 -2048 -1080 ) (-1024 -2376 -1080 ) (-1024 -2376 -320 ) 
4 345 346 (-1024 -2048 -1080 ) (0 -2048 -1080 ) (0 -2376 -1080 ) (-1024 -2376 -1080 ) 
4 346 348 (-1024 -2048 -1080 ) (-1024 -2048 -1242 ) (-1024 -2376 -1242 ) (-1024 -2376 -1080 ) 
4 347 349 (-2048 -2048 -320 ) (-2048 -2048 -1080 ) (-2048 -2376 -1080 ) (-2048 -2376 -320 ) 
4 347 348 (-2048 -2376 -1080 ) (-2048 -2048 -1080 ) (-1024 -2048 -1080 ) (-1024 -2376 -1080 ) 
4 348 350 (-2048 -2048 -1080 ) (-2048 -2048 -1242 ) (-2048 -2376 -1242 ) (-2048 -2376 -1080 ) 
4 349 350 (-2832 -2048 -1080 ) (-2048 -2048 -1080 ) (-2048 -2376 -1080 ) (-2832 -2376 -1080 ) 
