PRT1
243
652
4 0 58 (2208 -1024 -944 ) (2208 -1024 -926 ) (2077 -1024 -926 ) (2077 -1024 -944 ) 
4 0 4 (2208 -994 -944 ) (2208 -1024 -944 ) (2077 -1024 -944 ) (2077 -994 -944 ) 
4 0 3 (2077 -840 -944 ) (2208 -840 -944 ) (2208 -994 -944 ) (2077 -994 -944 ) 
4 0 2 (2077 -1024 -943 ) (2077 -1024 -926 ) (2077 -994 -926 ) (2077 -994 -943 ) 
4 0 1 (2077 -840 -926 ) (2077 -840 -944 ) (2077 -994 -944 ) (2077 -994 -926 ) 
4 1 14 (2048 -840 -943 ) (2048 -840 -944 ) (2048 -994 -944 ) (2048 -994 -943 ) 
4 1 13 (2048 -994 -926 ) (2048 -968 -926 ) (2048 -968 -943 ) (2048 -994 -943 ) 
4 1 10 (2048 -968 -926 ) (2048 -924 -926 ) (2048 -924 -943 ) (2048 -968 -943 ) 
4 1 8 (2048 -924 -926 ) (2048 -840 -926 ) (2048 -840 -943 ) (2048 -924 -943 ) 
4 1 3 (2048 -994 -944 ) (2048 -840 -944 ) (2077 -840 -944 ) (2077 -994 -944 ) 
4 1 2 (2077 -994 -943 ) (2077 -994 -926 ) (2048 -994 -926 ) (2048 -994 -943 ) 
4 2 59 (2077 -1024 -926 ) (2048 -1024 -926 ) (2048 -1024 -943 ) (2077 -1024 -943 ) 
4 2 13 (2048 -1024 -943 ) (2048 -1024 -926 ) (2048 -994 -926 ) (2048 -994 -943 ) 
4 3 21 (2048 -994 -944 ) (2048 -840 -944 ) (2048 -840 -1100 ) (2048 -994 -1100 ) 
4 3 6 (2048 -994 -1100 ) (2076 -994 -1100 ) (2076 -994 -985 ) (2048 -994 -985 ) 
4 3 5 (2076 -994 -1100 ) (2077 -994 -1100 ) (2077 -994 -985 ) (2076 -994 -985 ) 
4 3 4 (2077 -994 -1100 ) (2208 -994 -1100 ) (2208 -994 -944 ) (2077 -994 -944 ) 
4 4 69 (2208 -1024 -1100 ) (2208 -1024 -985 ) (2077 -1024 -985 ) (2077 -1024 -1100 ) 
4 4 58 (2208 -1024 -985 ) (2208 -1024 -944 ) (2077 -1024 -944 ) (2077 -1024 -985 ) 
4 4 5 (2077 -994 -985 ) (2077 -994 -1100 ) (2077 -1024 -1100 ) (2077 -1024 -985 ) 
4 5 69 (2076 -1024 -985 ) (2076 -1024 -1100 ) (2077 -1024 -1100 ) (2077 -1024 -985 ) 
4 5 6 (2076 -994 -985 ) (2076 -994 -1100 ) (2076 -996 -1100 ) (2076 -996 -985 ) 
4 5 7 (2076 -996 -1100 ) (2076 -1024 -1100 ) (2076 -1024 -985 ) (2076 -996 -985 ) 
4 6 24 (2048 -994 -985 ) (2048 -994 -1100 ) (2048 -996 -1100 ) (2048 -996 -985 ) 
4 6 7 (2048 -996 -1100 ) (2076 -996 -1100 ) (2076 -996 -985 ) (2048 -996 -985 ) 
4 7 69 (2048 -1024 -985 ) (2048 -1024 -1100 ) (2076 -1024 -1100 ) (2076 -1024 -985 ) 
4 7 60 (2076 -1024 -944 ) (2048 -1024 -944 ) (2048 -1024 -985 ) (2076 -1024 -985 ) 
4 7 24 (2048 -1024 -1100 ) (2048 -1024 -985 ) (2048 -996 -985 ) (2048 -996 -1100 ) 
4 7 22 (2048 -1024 -985 ) (2048 -1024 -944 ) (2048 -996 -944 ) (2048 -996 -985 ) 
4 8 14 (2048 -840 -943 ) (2048 -924 -943 ) (1464 -924 -943 ) (1464 -840 -943 ) 
4 8 10 (1464 -924 -943 ) (2048 -924 -943 ) (2048 -924 -926 ) (1464 -924 -926 ) 
4 9 18 (1408 -842 -943 ) (1408 -882 -943 ) (1364 -882 -943 ) (1364 -842 -943 ) 
4 10 14 (1464 -924 -943 ) (2048 -924 -943 ) (2048 -968 -943 ) (1464 -968 -943 ) 
4 10 13 (1464 -968 -943 ) (2048 -968 -943 ) (2048 -968 -926 ) (1464 -968 -926 ) 
4 11 19 (1250 -924 -943 ) (1290 -924 -943 ) (1290 -968 -943 ) (1250 -968 -943 ) 
4 12 20 (1136 -924 -943 ) (1176 -924 -943 ) (1176 -968 -943 ) (1136 -968 -943 ) 
4 13 71 (2048 -1024 -943 ) (2048 -1024 -926 ) (1464 -1024 -926 ) (1464 -1024 -943 ) 
4 13 17 (1694 -1024 -943 ) (1654 -1024 -943 ) (1654 -996 -943 ) (1694 -996 -943 ) 
4 13 16 (1654 -996 -943 ) (1654 -994 -943 ) (1694 -994 -943 ) (1694 -996 -943 ) 
4 13 15 (1696 -1024 -943 ) (1694 -1024 -943 ) (1694 -994 -943 ) (1696 -994 -943 ) 
4 13 14 (1464 -994 -943 ) (1464 -968 -943 ) (2048 -968 -943 ) (2048 -994 -943 ) 
4 14 21 (2048 -840 -944 ) (2048 -994 -944 ) (1464 -994 -944 ) (1464 -840 -944 ) 
4 14 16 (1654 -994 -944 ) (1694 -994 -944 ) (1694 -994 -943 ) (1654 -994 -943 ) 
4 14 15 (1694 -994 -944 ) (1696 -994 -944 ) (1696 -994 -943 ) (1694 -994 -943 ) 
4 15 72 (1696 -1024 -943 ) (1694 -1024 -943 ) (1694 -1024 -944 ) (1696 -1024 -944 ) 
4 15 22 (1696 -1024 -944 ) (1694 -1024 -944 ) (1694 -996 -944 ) (1696 -996 -944 ) 
4 15 17 (1694 -996 -944 ) (1694 -1024 -944 ) (1694 -1024 -943 ) (1694 -996 -943 ) 
4 15 16 (1694 -994 -943 ) (1694 -994 -944 ) (1694 -996 -944 ) (1694 -996 -943 ) 
4 16 17 (1654 -996 -943 ) (1654 -996 -944 ) (1694 -996 -944 ) (1694 -996 -943 ) 
4 17 73 (1694 -1024 -943 ) (1654 -1024 -943 ) (1654 -1024 -944 ) (1694 -1024 -944 ) 
4 17 22 (1694 -1024 -944 ) (1654 -1024 -944 ) (1654 -996 -944 ) (1694 -996 -944 ) 
4 18 25 (1408 -842 -944 ) (1408 -882 -944 ) (1364 -882 -944 ) (1364 -842 -944 ) 
4 19 26 (1290 -968 -944 ) (1250 -968 -944 ) (1250 -924 -944 ) (1290 -924 -944 ) 
4 20 26 (1176 -924 -944 ) (1176 -968 -944 ) (1136 -968 -944 ) (1136 -924 -944 ) 
4 21 24 (1464 -994 -1100 ) (2048 -994 -1100 ) (2048 -994 -985 ) (1464 -994 -985 ) 
4 22 122 (2032 -1024 -966 ) (1504 -1024 -966 ) (1504 -1024 -985 ) (2032 -1024 -985 ) 
4 22 115 (2048 -1024 -985 ) (2048 -1024 -966 ) (2032 -1024 -966 ) (2032 -1024 -985 ) 
4 22 74 (2048 -1024 -966 ) (2048 -1024 -944 ) (1504 -1024 -944 ) (1504 -1024 -966 ) 
4 22 24 (1504 -996 -985 ) (2048 -996 -985 ) (2048 -1024 -985 ) (1504 -1024 -985 ) 
4 22 23 (1504 -996 -944 ) (1504 -996 -984 ) (1504 -1024 -984 ) (1504 -1024 -944 ) 
4 23 123 (1408 -1024 -966 ) (1408 -1024 -984 ) (1504 -1024 -984 ) (1504 -1024 -966 ) 
4 23 80 (1410 -1024 -944 ) (1408 -1024 -944 ) (1408 -1024 -966 ) (1410 -1024 -966 ) 
4 23 74 (1504 -1024 -944 ) (1410 -1024 -944 ) (1410 -1024 -966 ) (1504 -1024 -966 ) 
4 23 25 (1408 -1024 -984 ) (1408 -1024 -944 ) (1408 -996 -944 ) (1408 -996 -984 ) 
4 24 181 (2048 -1024 -1100 ) (2048 -1024 -1082 ) (1464 -1024 -1082 ) (1464 -1024 -1100 ) 
4 24 130 (2048 -1024 -1082 ) (2048 -1024 -985 ) (1464 -1024 -985 ) (1464 -1024 -1082 ) 
4 25 126 (1364 -1024 -966 ) (1364 -1024 -984 ) (1408 -1024 -984 ) (1408 -1024 -966 ) 
4 25 81 (1408 -1024 -944 ) (1364 -1024 -944 ) (1364 -1024 -966 ) (1408 -1024 -966 ) 
4 25 26 (1364 -968 -944 ) (1364 -924 -944 ) (1364 -924 -984 ) (1364 -968 -984 ) 
4 26 40 (1024 -968 -944 ) (1024 -924 -944 ) (1024 -924 -984 ) (1024 -968 -984 ) 
4 26 27 (1024 -968 -984 ) (1025 -968 -984 ) (1025 -968 -944 ) (1024 -968 -944 ) 
4 27 163 (1024 -1024 -966 ) (1024 -1024 -984 ) (1025 -1024 -984 ) (1025 -1024 -966 ) 
4 27 86 (1025 -1024 -944 ) (1024 -1024 -944 ) (1024 -1024 -966 ) (1025 -1024 -966 ) 
4 27 41 (1024 -1024 -984 ) (1024 -1024 -944 ) (1024 -968 -944 ) (1024 -968 -984 ) 
4 29 46 (0 0 136 ) (0 0 240 ) (0 75 240 ) (0 75 136 ) 
4 29 38 (0 0 240 ) (0 0 136 ) (80 0 136 ) (80 0 240 ) 
4 29 32 (72 0 136 ) (0 0 136 ) (0 75 136 ) (72 75 136 ) 
4 29 30 (80 75 136 ) (80 0 136 ) (72 0 136 ) (72 75 136 ) 
4 30 38 (72 0 64 ) (80 0 64 ) (80 0 136 ) (72 0 136 ) 
4 30 33 (80 75 64 ) (80 0 64 ) (72 0 64 ) (72 75 64 ) 
4 30 32 (72 75 64 ) (72 0 64 ) (72 0 136 ) (72 75 136 ) 
4 31 47 (0 392 136 ) (0 478 136 ) (0 478 64 ) (0 392 64 ) 
4 32 48 (0 0 64 ) (0 0 136 ) (0 75 136 ) (0 75 64 ) 
4 32 38 (0 0 136 ) (0 0 64 ) (72 0 64 ) (72 0 136 ) 
4 32 33 (0 0 64 ) (0 75 64 ) (72 75 64 ) (72 0 64 ) 
4 33 50 (0 0 61.388901 ) (0 0 64 ) (0 75 64 ) (0 75 61.388901 ) 
4 33 38 (0 0 64 ) (0 0 61.388901 ) (80 0 61.388901 ) (80 0 64 ) 
4 33 34 (80 0 61.388901 ) (0 0 61.388901 ) (0 75 61.388901 ) (80 75 61.388901 ) 
4 34 50 (0 0 -832 ) (0 0 61.388901 ) (0 75 61.388901 ) (0 75 -832 ) 
4 34 38 (80 0 61.388901 ) (0 0 61.388901 ) (0 0 -832 ) (80 0 -832 ) 
4 34 35 (0 0 -832 ) (0 75 -832 ) (80 75 -832 ) (80 0 -832 ) 
4 35 51 (0 0 -1072 ) (0 0 -832 ) (0 696 -832 ) (0 696 -1072 ) 
4 35 43 (0 0 -984 ) (0 0 -1072 ) (376 0 -1072 ) (376 0 -984 ) 
4 35 42 (0 0 -944 ) (0 0 -984 ) (376 0 -984 ) (376 0 -944 ) 
4 35 39 (376 0 -832 ) (0 0 -832 ) (0 0 -944 ) (376 0 -944 ) 
4 35 36 (0 0 -1072 ) (0 696 -1072 ) (376 696 -1072 ) (376 0 -1072 ) 
4 36 52 (0 0 -1189 ) (0 0 -1072 ) (0 696 -1072 ) (0 696 -1189 ) 
4 36 44 (376 0 -1189 ) (376 0 -1072 ) (0 0 -1072 ) (0 0 -1189 ) 
4 36 37 (0 696 -1189 ) (376 696 -1189 ) (376 0 -1189 ) (0 0 -1189 ) 
4 37 53 (0 0 -1192 ) (0 0 -1189 ) (0 696 -1189 ) (0 696 -1192 ) 
4 37 45 (376 0 -1192 ) (376 0 -1189 ) (0 0 -1189 ) (0 0 -1192 ) 
4 38 54 (0 0 240 ) (0 0 -832 ) (0 -76 -832 ) (0 -76 240 ) 
4 38 39 (0 -76 -832 ) (0 0 -832 ) (80 0 -832 ) (80 -76 -832 ) 
4 39 197 (376 -1024 -832 ) (0 -1024 -832 ) (0 -1024 -944 ) (376 -1024 -944 ) 
4 39 55 (0 -1024 -944 ) (0 -1024 -832 ) (0 0 -832 ) (0 0 -944 ) 
4 39 42 (376 -1024 -944 ) (0 -1024 -944 ) (0 0 -944 ) (376 0 -944 ) 
4 40 41 (985 -968 -984 ) (1024 -968 -984 ) (1024 -968 -944 ) (985 -968 -944 ) 
4 41 201 (1024 -1024 -984 ) (1024 -1024 -944 ) (985 -1024 -944 ) (985 -1024 -984 ) 
4 42 202 (376 -1024 -944 ) (0 -1024 -944 ) (0 -1024 -984 ) (376 -1024 -984 ) 
4 42 55 (0 -1024 -984 ) (0 -1024 -944 ) (0 0 -944 ) (0 0 -984 ) 
4 42 43 (376 -1024 -984 ) (0 -1024 -984 ) (0 0 -984 ) (376 0 -984 ) 
4 43 205 (376 -1024 -984 ) (0 -1024 -984 ) (0 -1024 -1072 ) (376 -1024 -1072 ) 
4 43 55 (0 -1024 -1072 ) (0 -1024 -984 ) (0 0 -984 ) (0 0 -1072 ) 
4 43 44 (376 -1024 -1072 ) (0 -1024 -1072 ) (0 0 -1072 ) (376 0 -1072 ) 
4 44 228 (376 -1024 -1189 ) (376 -1024 -1072 ) (0 -1024 -1072 ) (0 -1024 -1189 ) 
4 44 56 (0 -1024 -1189 ) (0 -1024 -1072 ) (0 0 -1072 ) (0 0 -1189 ) 
4 44 45 (376 0 -1189 ) (376 -1024 -1189 ) (0 -1024 -1189 ) (0 0 -1189 ) 
4 45 229 (376 -1024 -1192 ) (376 -1024 -1189 ) (0 -1024 -1189 ) (0 -1024 -1192 ) 
4 45 57 (0 -1024 -1192 ) (0 -1024 -1189 ) (0 0 -1189 ) (0 0 -1192 ) 
4 46 54 (0 0 136 ) (0 0 240 ) (-72 0 240 ) (-72 0 136 ) 
4 46 49 (-8 0 136 ) (-72 0 136 ) (-72 75 136 ) (-8 75 136 ) 
4 46 48 (0 0 136 ) (-8 0 136 ) (-8 75 136 ) (0 75 136 ) 
4 48 54 (0 0 64 ) (0 0 136 ) (-8 0 136 ) (-8 0 64 ) 
4 48 50 (0 75 64 ) (0 0 64 ) (-8 0 64 ) (-8 75 64 ) 
4 48 49 (-8 75 64 ) (-8 0 64 ) (-8 0 136 ) (-8 75 136 ) 
4 49 54 (-8 0 136 ) (-72 0 136 ) (-72 0 64 ) (-8 0 64 ) 
4 49 50 (-72 0 64 ) (-72 75 64 ) (-8 75 64 ) (-8 0 64 ) 
4 50 54 (0 0 -832 ) (0 0 64 ) (-72 0 64 ) (-72 0 -832 ) 
4 50 51 (0 75 -832 ) (0 0 -832 ) (-72 0 -832 ) (-72 75 -832 ) 
4 51 55 (0 0 -1072 ) (0 0 -832 ) (-368 0 -832 ) (-368 0 -1072 ) 
4 51 52 (0 0 -1072 ) (-368 0 -1072 ) (-368 696 -1072 ) (0 696 -1072 ) 
4 52 56 (0 0 -1189 ) (0 0 -1072 ) (-368 0 -1072 ) (-368 0 -1189 ) 
4 52 53 (-368 0 -1189 ) (-368 696 -1189 ) (0 696 -1189 ) (0 0 -1189 ) 
4 53 57 (0 0 -1192 ) (0 0 -1189 ) (-368 0 -1189 ) (-368 0 -1192 ) 
4 54 55 (-72 -76 -832 ) (-72 0 -832 ) (0 0 -832 ) (0 -76 -832 ) 
4 55 234 (0 -1024 -1072 ) (0 -1024 -832 ) (-368 -1024 -832 ) (-368 -1024 -1072 ) 
4 55 56 (-368 0 -1072 ) (0 0 -1072 ) (0 -1024 -1072 ) (-368 -1024 -1072 ) 
4 56 235 (0 -1024 -1189 ) (0 -1024 -1072 ) (-368 -1024 -1072 ) (-368 -1024 -1189 ) 
4 56 57 (0 -1024 -1189 ) (-368 -1024 -1189 ) (-368 0 -1189 ) (0 0 -1189 ) 
4 57 236 (0 -1024 -1192 ) (0 -1024 -1189 ) (-368 -1024 -1189 ) (-368 -1024 -1192 ) 
4 58 69 (2208 -1608 -985 ) (2077 -1608 -985 ) (2077 -1024 -985 ) (2208 -1024 -985 ) 
4 58 63 (2077 -1060 -985 ) (2077 -1608 -985 ) (2077 -1608 -926 ) (2077 -1060 -926 ) 
4 58 61 (2077 -1040 -985 ) (2077 -1060 -985 ) (2077 -1060 -926 ) (2077 -1040 -926 ) 
4 58 59 (2077 -1040 -943 ) (2077 -1040 -926 ) (2077 -1024 -926 ) (2077 -1024 -943 ) 
4 59 71 (2048 -1040 -926 ) (2048 -1024 -926 ) (2048 -1024 -943 ) (2048 -1040 -943 ) 
4 59 62 (2076 -1040 -926 ) (2048 -1040 -926 ) (2048 -1040 -943 ) (2076 -1040 -943 ) 
4 59 61 (2077 -1040 -943 ) (2077 -1040 -926 ) (2076 -1040 -926 ) (2076 -1040 -943 ) 
4 60 115 (2048 -1024 -966 ) (2048 -1024 -985 ) (2048 -1040 -985 ) (2048 -1040 -966 ) 
4 60 74 (2048 -1024 -944 ) (2048 -1024 -966 ) (2048 -1040 -966 ) (2048 -1040 -944 ) 
4 60 69 (2048 -1040 -985 ) (2048 -1024 -985 ) (2076 -1024 -985 ) (2076 -1040 -985 ) 
4 60 62 (2076 -1040 -984 ) (2076 -1040 -944 ) (2048 -1040 -944 ) (2048 -1040 -984 ) 
4 61 69 (2076 -1040 -985 ) (2077 -1040 -985 ) (2077 -1060 -985 ) (2076 -1060 -985 ) 
4 61 63 (2076 -1060 -985 ) (2077 -1060 -985 ) (2077 -1060 -926 ) (2076 -1060 -926 ) 
4 61 62 (2076 -1040 -926 ) (2076 -1040 -984 ) (2076 -1060 -984 ) (2076 -1060 -926 ) 
4 62 116 (2048 -1040 -966 ) (2048 -1040 -984 ) (2048 -1060 -984 ) (2048 -1060 -966 ) 
4 62 76 (2048 -1060 -926 ) (2048 -1042 -926 ) (2048 -1042 -966 ) (2048 -1060 -966 ) 
4 62 75 (2048 -1040 -943 ) (2048 -1040 -966 ) (2048 -1042 -966 ) (2048 -1042 -943 ) 
4 62 71 (2048 -1042 -926 ) (2048 -1040 -926 ) (2048 -1040 -943 ) (2048 -1042 -943 ) 
4 62 66 (2074 -1060 -926 ) (2048 -1060 -926 ) (2048 -1060 -984 ) (2074 -1060 -984 ) 
4 62 64 (2076 -1060 -984 ) (2076 -1060 -926 ) (2074 -1060 -926 ) (2074 -1060 -984 ) 
4 63 69 (2077 -1608 -985 ) (2076 -1608 -985 ) (2076 -1060 -985 ) (2077 -1060 -985 ) 
4 63 64 (2076 -1060 -926 ) (2076 -1060 -984 ) (2076 -1100 -984 ) (2076 -1100 -926 ) 
4 63 65 (2076 -1100 -985 ) (2076 -1608 -985 ) (2076 -1608 -926 ) (2076 -1100 -926 ) 
4 64 66 (2074 -1060 -926 ) (2074 -1060 -984 ) (2074 -1100 -984 ) (2074 -1100 -926 ) 
4 64 65 (2074 -1100 -926 ) (2074 -1100 -984 ) (2076 -1100 -984 ) (2076 -1100 -926 ) 
4 65 69 (2076 -1608 -985 ) (2074 -1608 -985 ) (2074 -1100 -985 ) (2076 -1100 -985 ) 
4 65 68 (2074 -1100 -985 ) (2074 -1608 -985 ) (2074 -1608 -926 ) (2074 -1100 -926 ) 
4 66 117 (2048 -1060 -966 ) (2048 -1060 -984 ) (2048 -1100 -984 ) (2048 -1100 -966 ) 
4 66 76 (2048 -1100 -926 ) (2048 -1060 -926 ) (2048 -1060 -966 ) (2048 -1100 -966 ) 
4 66 68 (2074 -1100 -984 ) (2074 -1100 -926 ) (2048 -1100 -926 ) (2048 -1100 -984 ) 
4 66 67 (2074 -1100 -984 ) (2048 -1100 -984 ) (2048 -1060 -984 ) (2074 -1060 -984 ) 
4 67 118 (2048 -1060 -984 ) (2048 -1060 -985 ) (2048 -1100 -985 ) (2048 -1100 -984 ) 
4 67 69 (2048 -1100 -985 ) (2048 -1060 -985 ) (2074 -1060 -985 ) (2074 -1100 -985 ) 
4 67 68 (2048 -1100 -985 ) (2074 -1100 -985 ) (2074 -1100 -984 ) (2048 -1100 -984 ) 
4 68 142 (2048 -1472 -985 ) (2048 -1608 -985 ) (2048 -1608 -966 ) (2048 -1472 -966 ) 
4 68 138 (2048 -1208 -985 ) (2048 -1472 -985 ) (2048 -1472 -966 ) (2048 -1208 -966 ) 
4 68 119 (2048 -1100 -966 ) (2048 -1100 -985 ) (2048 -1208 -985 ) (2048 -1208 -966 ) 
4 68 95 (2048 -1608 -926 ) (2048 -1208 -926 ) (2048 -1208 -966 ) (2048 -1608 -966 ) 
4 68 76 (2048 -1208 -926 ) (2048 -1100 -926 ) (2048 -1100 -966 ) (2048 -1208 -966 ) 
4 68 69 (2074 -1608 -985 ) (2048 -1608 -985 ) (2048 -1100 -985 ) (2074 -1100 -985 ) 
4 69 192 (2048 -1472 -1100 ) (2048 -1608 -1100 ) (2048 -1608 -1082 ) (2048 -1472 -1082 ) 
4 69 188 (2048 -1208 -1100 ) (2048 -1472 -1100 ) (2048 -1472 -1082 ) (2048 -1208 -1082 ) 
4 69 185 (2048 -1200 -1100 ) (2048 -1208 -1100 ) (2048 -1208 -1082 ) (2048 -1200 -1082 ) 
4 69 182 (2048 -1042 -1100 ) (2048 -1056 -1100 ) (2048 -1056 -1082 ) (2048 -1042 -1082 ) 
4 69 181 (2048 -1024 -1082 ) (2048 -1024 -1100 ) (2048 -1042 -1100 ) (2048 -1042 -1082 ) 
4 69 183 (2048 -1056 -1100 ) (2048 -1200 -1100 ) (2048 -1200 -1082 ) (2048 -1056 -1082 ) 
4 69 142 (2048 -1472 -1082 ) (2048 -1608 -1082 ) (2048 -1608 -985 ) (2048 -1472 -985 ) 
4 69 138 (2048 -1208 -1082 ) (2048 -1472 -1082 ) (2048 -1472 -985 ) (2048 -1208 -985 ) 
4 69 133 (2048 -1200 -1082 ) (2048 -1208 -1082 ) (2048 -1208 -985 ) (2048 -1200 -985 ) 
4 69 132 (2048 -1056 -1082 ) (2048 -1200 -1082 ) (2048 -1200 -985 ) (2048 -1056 -985 ) 
4 69 131 (2048 -1042 -1082 ) (2048 -1056 -1082 ) (2048 -1056 -985 ) (2048 -1042 -985 ) 
4 69 130 (2048 -1024 -985 ) (2048 -1024 -1082 ) (2048 -1042 -1082 ) (2048 -1042 -985 ) 
4 70 198 (1024 -1129 -926 ) (1024 -1191 -926 ) (1024 -1191 -720 ) (1024 -1129 -720 ) 
4 70 93 (1024 -1191 -926 ) (1024 -1129 -926 ) (1037 -1129 -926 ) (1037 -1191 -926 ) 
4 71 77 (1464 -1042 -943 ) (1872 -1042 -943 ) (1872 -1042 -926 ) (1464 -1042 -926 ) 
4 71 76 (1872 -1042 -943 ) (2048 -1042 -943 ) (2048 -1042 -926 ) (1872 -1042 -926 ) 
4 71 75 (2048 -1042 -943 ) (2032 -1042 -943 ) (2032 -1040 -943 ) (2048 -1040 -943 ) 
4 71 73 (1654 -1024 -943 ) (1694 -1024 -943 ) (1694 -1040 -943 ) (1654 -1040 -943 ) 
4 71 72 (1694 -1024 -943 ) (1696 -1024 -943 ) (1696 -1040 -943 ) (1694 -1040 -943 ) 
4 72 74 (1696 -1040 -944 ) (1694 -1040 -944 ) (1694 -1024 -944 ) (1696 -1024 -944 ) 
4 72 73 (1694 -1024 -944 ) (1694 -1040 -944 ) (1694 -1040 -943 ) (1694 -1024 -943 ) 
4 73 74 (1694 -1040 -944 ) (1654 -1040 -944 ) (1654 -1024 -944 ) (1694 -1024 -944 ) 
4 74 123 (1410 -1024 -966 ) (1504 -1024 -966 ) (1504 -1040 -966 ) (1410 -1040 -966 ) 
4 74 122 (1504 -1024 -966 ) (2032 -1024 -966 ) (2032 -1040 -966 ) (1504 -1040 -966 ) 
4 74 115 (2032 -1024 -966 ) (2048 -1024 -966 ) (2048 -1040 -966 ) (2032 -1040 -966 ) 
4 74 80 (1410 -1024 -966 ) (1410 -1040 -966 ) (1410 -1040 -944 ) (1410 -1024 -944 ) 
4 74 75 (2032 -1040 -966 ) (2048 -1040 -966 ) (2048 -1040 -944 ) (2032 -1040 -944 ) 
4 75 116 (2048 -1040 -966 ) (2048 -1042 -966 ) (2032 -1042 -966 ) (2032 -1040 -966 ) 
4 75 76 (2032 -1042 -966 ) (2048 -1042 -966 ) (2048 -1042 -943 ) (2032 -1042 -943 ) 
4 76 128 (2032 -1208 -966 ) (1872 -1208 -966 ) (1872 -1200 -966 ) (2032 -1200 -966 ) 
4 76 127 (1872 -1200 -966 ) (1872 -1096 -966 ) (2032 -1096 -966 ) (2032 -1200 -966 ) 
4 76 124 (1872 -1096 -966 ) (1872 -1042 -966 ) (2032 -1042 -966 ) (2032 -1096 -966 ) 
4 76 120 (2032 -1100 -966 ) (2032 -1060 -966 ) (2034 -1060 -966 ) (2034 -1100 -966 ) 
4 76 121 (2034 -1208 -966 ) (2032 -1208 -966 ) (2032 -1100 -966 ) (2034 -1100 -966 ) 
4 76 117 (2048 -1060 -966 ) (2048 -1100 -966 ) (2034 -1100 -966 ) (2034 -1060 -966 ) 
4 76 119 (2048 -1100 -966 ) (2048 -1208 -966 ) (2034 -1208 -966 ) (2034 -1100 -966 ) 
4 76 116 (2048 -1042 -966 ) (2048 -1060 -966 ) (2032 -1060 -966 ) (2032 -1042 -966 ) 
4 76 95 (1872 -1208 -966 ) (2048 -1208 -966 ) (2048 -1208 -926 ) (1872 -1208 -926 ) 
4 76 77 (1872 -1042 -926 ) (1872 -1042 -966 ) (1872 -1200 -966 ) (1872 -1200 -926 ) 
4 77 127 (1464 -1200 -966 ) (1464 -1096 -966 ) (1872 -1096 -966 ) (1872 -1200 -966 ) 
4 77 124 (1464 -1096 -966 ) (1464 -1042 -966 ) (1872 -1042 -966 ) (1872 -1096 -966 ) 
4 78 127 (1410 -1200 -966 ) (1410 -1096 -966 ) (1456 -1096 -966 ) (1456 -1200 -966 ) 
4 78 125 (1410 -1096 -966 ) (1410 -1056 -966 ) (1456 -1056 -966 ) (1456 -1096 -966 ) 
4 78 82 (1410 -1096 -966 ) (1410 -1200 -966 ) (1410 -1200 -926 ) (1410 -1096 -926 ) 
4 78 79 (1410 -1096 -943 ) (1410 -1096 -926 ) (1410 -1056 -926 ) (1410 -1056 -943 ) 
4 79 85 (1362 -1096 -943 ) (1362 -1096 -926 ) (1362 -1056 -926 ) (1362 -1056 -943 ) 
4 79 82 (1368 -1096 -943 ) (1410 -1096 -943 ) (1410 -1096 -926 ) (1368 -1096 -926 ) 
4 79 83 (1362 -1096 -926 ) (1362 -1096 -943 ) (1368 -1096 -943 ) (1368 -1096 -926 ) 
4 80 123 (1408 -1024 -966 ) (1410 -1024 -966 ) (1410 -1040 -966 ) (1408 -1040 -966 ) 
4 80 81 (1408 -1024 -966 ) (1408 -1040 -966 ) (1408 -1040 -944 ) (1408 -1024 -944 ) 
4 81 126 (1364 -1024 -966 ) (1408 -1024 -966 ) (1408 -1096 -966 ) (1364 -1096 -966 ) 
4 81 82 (1368 -1096 -966 ) (1408 -1096 -966 ) (1408 -1096 -944 ) (1368 -1096 -944 ) 
4 81 83 (1364 -1096 -966 ) (1368 -1096 -966 ) (1368 -1096 -944 ) (1364 -1096 -944 ) 
4 82 127 (1410 -1096 -966 ) (1410 -1200 -966 ) (1368 -1200 -966 ) (1368 -1096 -966 ) 
4 82 83 (1368 -1096 -926 ) (1368 -1096 -966 ) (1368 -1200 -966 ) (1368 -1200 -926 ) 
4 83 129 (1368 -1208 -966 ) (1362 -1208 -966 ) (1362 -1200 -966 ) (1368 -1200 -966 ) 
4 83 127 (1362 -1200 -966 ) (1362 -1096 -966 ) (1368 -1096 -966 ) (1368 -1200 -966 ) 
4 83 98 (1362 -1208 -966 ) (1368 -1208 -966 ) (1368 -1208 -926 ) (1362 -1208 -926 ) 
4 83 89 (1362 -1191 -966 ) (1362 -1208 -966 ) (1362 -1208 -926 ) (1362 -1191 -926 ) 
4 83 88 (1362 -1129 -966 ) (1362 -1191 -966 ) (1362 -1191 -926 ) (1362 -1129 -926 ) 
4 83 87 (1362 -1096 -966 ) (1362 -1129 -966 ) (1362 -1129 -926 ) (1362 -1096 -926 ) 
4 84 162 (1048 -1024 -966 ) (1064 -1024 -966 ) (1064 -1056 -966 ) (1048 -1056 -966 ) 
4 84 160 (1064 -1024 -966 ) (1088 -1024 -966 ) (1088 -1056 -966 ) (1064 -1056 -966 ) 
4 84 137 (1088 -1024 -966 ) (1176 -1024 -966 ) (1176 -1056 -966 ) (1088 -1056 -966 ) 
4 84 85 (1048 -1056 -926 ) (1048 -1056 -966 ) (1176 -1056 -966 ) (1176 -1056 -926 ) 
4 85 162 (1064 -1096 -966 ) (1048 -1096 -966 ) (1048 -1056 -966 ) (1064 -1056 -966 ) 
4 85 160 (1088 -1096 -966 ) (1064 -1096 -966 ) (1064 -1056 -966 ) (1088 -1056 -966 ) 
4 85 135 (1362 -1056 -966 ) (1362 -1096 -966 ) (1176 -1096 -966 ) (1176 -1056 -966 ) 
4 85 137 (1176 -1096 -966 ) (1088 -1096 -966 ) (1088 -1056 -966 ) (1176 -1056 -966 ) 
4 85 87 (1048 -1096 -966 ) (1362 -1096 -966 ) (1362 -1096 -926 ) (1048 -1096 -926 ) 
4 86 201 (1024 -1024 -944 ) (1024 -1024 -966 ) (1024 -1096 -966 ) (1024 -1096 -944 ) 
4 86 163 (1024 -1096 -966 ) (1024 -1024 -966 ) (1025 -1024 -966 ) (1025 -1096 -966 ) 
4 86 92 (1024 -1096 -966 ) (1025 -1096 -966 ) (1025 -1096 -944 ) (1024 -1096 -944 ) 
4 87 164 (1048 -1096 -966 ) (1064 -1096 -966 ) (1064 -1129 -966 ) (1048 -1129 -966 ) 
4 87 160 (1064 -1096 -966 ) (1088 -1096 -966 ) (1088 -1129 -966 ) (1064 -1129 -966 ) 
4 87 135 (1176 -1096 -966 ) (1362 -1096 -966 ) (1362 -1129 -966 ) (1176 -1129 -966 ) 
4 87 137 (1088 -1096 -966 ) (1176 -1096 -966 ) (1176 -1129 -966 ) (1088 -1129 -966 ) 
4 87 88 (1048 -1129 -966 ) (1362 -1129 -966 ) (1362 -1129 -926 ) (1048 -1129 -926 ) 
4 88 164 (1064 -1191 -966 ) (1048 -1191 -966 ) (1048 -1129 -966 ) (1064 -1129 -966 ) 
4 88 160 (1088 -1191 -966 ) (1064 -1191 -966 ) (1064 -1129 -966 ) (1088 -1129 -966 ) 
4 88 135 (1362 -1129 -966 ) (1362 -1191 -966 ) (1176 -1191 -966 ) (1176 -1129 -966 ) 
4 88 137 (1176 -1191 -966 ) (1088 -1191 -966 ) (1088 -1129 -966 ) (1176 -1129 -966 ) 
4 88 91 (1048 -1191 -966 ) (1176 -1191 -966 ) (1176 -1191 -926 ) (1048 -1191 -926 ) 
4 88 90 (1176 -1191 -966 ) (1256 -1191 -966 ) (1256 -1191 -926 ) (1176 -1191 -926 ) 
4 88 89 (1256 -1191 -966 ) (1362 -1191 -966 ) (1362 -1191 -926 ) (1256 -1191 -926 ) 
4 89 136 (1362 -1200 -966 ) (1362 -1208 -966 ) (1256 -1208 -966 ) (1256 -1200 -966 ) 
4 89 135 (1362 -1191 -966 ) (1362 -1200 -966 ) (1256 -1200 -966 ) (1256 -1191 -966 ) 
4 89 98 (1256 -1208 -966 ) (1362 -1208 -966 ) (1362 -1208 -926 ) (1256 -1208 -926 ) 
4 89 90 (1256 -1191 -926 ) (1256 -1191 -966 ) (1256 -1200 -966 ) (1256 -1200 -926 ) 
4 90 135 (1176 -1200 -966 ) (1176 -1191 -966 ) (1256 -1191 -966 ) (1256 -1200 -966 ) 
4 90 91 (1176 -1191 -926 ) (1176 -1191 -966 ) (1176 -1200 -966 ) (1176 -1200 -926 ) 
4 91 164 (1064 -1208 -966 ) (1048 -1208 -966 ) (1048 -1191 -966 ) (1064 -1191 -966 ) 
4 91 160 (1088 -1208 -966 ) (1064 -1208 -966 ) (1064 -1191 -966 ) (1088 -1191 -966 ) 
4 91 137 (1176 -1208 -966 ) (1088 -1208 -966 ) (1088 -1191 -966 ) (1176 -1191 -966 ) 
4 91 105 (1048 -1208 -966 ) (1056 -1208 -966 ) (1056 -1208 -926 ) (1048 -1208 -926 ) 
4 91 104 (1056 -1208 -966 ) (1064 -1208 -966 ) (1064 -1208 -926 ) (1056 -1208 -926 ) 
4 91 102 (1064 -1208 -966 ) (1088 -1208 -966 ) (1088 -1208 -926 ) (1064 -1208 -926 ) 
4 91 100 (1088 -1208 -966 ) (1176 -1208 -966 ) (1176 -1208 -926 ) (1088 -1208 -926 ) 
4 92 203 (1024 -1096 -966 ) (1024 -1129 -966 ) (1024 -1129 -944 ) (1024 -1096 -944 ) 
4 92 165 (1024 -1129 -966 ) (1024 -1096 -966 ) (1037 -1096 -966 ) (1037 -1129 -966 ) 
4 92 93 (1024 -1129 -966 ) (1037 -1129 -966 ) (1037 -1129 -944 ) (1024 -1129 -944 ) 
4 93 203 (1024 -1129 -966 ) (1024 -1191 -966 ) (1024 -1191 -944 ) (1024 -1129 -944 ) 
4 93 198 (1024 -1191 -944 ) (1024 -1191 -926 ) (1024 -1129 -926 ) (1024 -1129 -944 ) 
4 93 165 (1024 -1191 -966 ) (1024 -1129 -966 ) (1037 -1129 -966 ) (1037 -1191 -966 ) 
4 93 94 (1024 -1191 -966 ) (1037 -1191 -966 ) (1037 -1191 -944 ) (1024 -1191 -944 ) 
4 94 203 (1024 -1191 -966 ) (1024 -1208 -966 ) (1024 -1208 -944 ) (1024 -1191 -944 ) 
4 94 165 (1024 -1208 -966 ) (1024 -1191 -966 ) (1037 -1191 -966 ) (1037 -1208 -966 ) 
4 94 109 (1027 -1208 -966 ) (1029 -1208 -966 ) (1029 -1208 -944 ) (1027 -1208 -944 ) 
4 94 110 (1024 -1208 -966 ) (1027 -1208 -966 ) (1027 -1208 -944 ) (1024 -1208 -944 ) 
4 94 106 (1029 -1208 -966 ) (1037 -1208 -966 ) (1037 -1208 -944 ) (1029 -1208 -944 ) 
4 95 142 (2048 -1472 -966 ) (2048 -1608 -966 ) (1872 -1608 -966 ) (1872 -1472 -966 ) 
4 95 138 (1872 -1208 -966 ) (2048 -1208 -966 ) (2048 -1472 -966 ) (1872 -1472 -966 ) 
4 96 151 (1790 -1792 -966 ) (1536 -1792 -966 ) (1536 -1472 -966 ) (1790 -1472 -966 ) 
4 96 146 (1790 -1743 -966 ) (1790 -1624 -966 ) (1791 -1624 -966 ) (1791 -1743 -966 ) 
4 96 145 (1790 -1624 -966 ) (1790 -1472 -966 ) (1791 -1472 -966 ) (1791 -1624 -966 ) 
4 96 147 (1791 -1792 -966 ) (1790 -1792 -966 ) (1790 -1743 -966 ) (1791 -1743 -966 ) 
4 96 144 (1792 -1792 -966 ) (1791 -1792 -966 ) (1791 -1472 -966 ) (1792 -1472 -966 ) 
4 96 97 (1536 -1472 -966 ) (1536 -1792 -966 ) (1536 -1792 -926 ) (1536 -1472 -926 ) 
4 97 151 (1536 -1472 -966 ) (1536 -1792 -966 ) (1392 -1792 -966 ) (1392 -1472 -966 ) 
4 97 141 (1536 -1312 -966 ) (1536 -1472 -966 ) (1392 -1472 -966 ) (1392 -1312 -966 ) 
4 97 98 (1392 -1312 -966 ) (1392 -1792 -966 ) (1392 -1792 -926 ) (1392 -1312 -926 ) 
4 98 151 (1392 -1472 -966 ) (1392 -1792 -966 ) (1232 -1792 -966 ) (1232 -1472 -966 ) 
4 98 141 (1392 -1312 -966 ) (1392 -1472 -966 ) (1232 -1472 -966 ) (1232 -1312 -966 ) 
4 98 139 (1232 -1208 -966 ) (1392 -1208 -966 ) (1392 -1312 -966 ) (1232 -1312 -966 ) 
4 98 99 (1232 -1312 -966 ) (1232 -1792 -966 ) (1232 -1792 -926 ) (1232 -1312 -926 ) 
4 99 153 (1192 -1729 -966 ) (1192 -1721 -966 ) (1195 -1721 -966 ) (1195 -1729 -966 ) 
4 99 152 (1192 -1721 -966 ) (1192 -1472 -966 ) (1195 -1472 -966 ) (1195 -1721 -966 ) 
4 99 157 (1195 -1792 -966 ) (1192 -1792 -966 ) (1192 -1729 -966 ) (1195 -1729 -966 ) 
4 99 151 (1232 -1472 -966 ) (1232 -1792 -966 ) (1195 -1792 -966 ) (1195 -1472 -966 ) 
4 99 158 (1192 -1792 -966 ) (1176 -1792 -966 ) (1176 -1472 -966 ) (1192 -1472 -966 ) 
4 99 141 (1232 -1312 -966 ) (1232 -1472 -966 ) (1176 -1472 -966 ) (1176 -1312 -966 ) 
4 99 101 (1176 -1312 -966 ) (1176 -1792 -966 ) (1176 -1792 -926 ) (1176 -1312 -926 ) 
4 100 140 (1088 -1208 -966 ) (1176 -1208 -966 ) (1176 -1232 -966 ) (1088 -1232 -966 ) 
4 100 102 (1088 -1208 -926 ) (1088 -1208 -966 ) (1088 -1232 -966 ) (1088 -1232 -926 ) 
4 101 158 (1176 -1472 -966 ) (1176 -1792 -966 ) (1088 -1792 -966 ) (1088 -1472 -966 ) 
4 101 141 (1176 -1312 -966 ) (1176 -1472 -966 ) (1088 -1472 -966 ) (1088 -1312 -966 ) 
4 101 103 (1088 -1613 -966 ) (1088 -1680 -966 ) (1088 -1680 -926 ) (1088 -1613 -926 ) 
4 102 160 (1064 -1208 -966 ) (1088 -1208 -966 ) (1088 -1232 -966 ) (1064 -1232 -966 ) 
4 102 104 (1064 -1208 -926 ) (1064 -1208 -966 ) (1064 -1232 -966 ) (1064 -1232 -926 ) 
4 103 161 (1088 -1613 -966 ) (1088 -1680 -966 ) (1064 -1680 -966 ) (1064 -1613 -966 ) 
4 104 167 (1064 -1227 -966 ) (1064 -1232 -966 ) (1056 -1232 -966 ) (1056 -1227 -966 ) 
4 104 164 (1056 -1208 -966 ) (1064 -1208 -966 ) (1064 -1227 -966 ) (1056 -1227 -966 ) 
4 104 107 (1056 -1227 -966 ) (1056 -1232 -966 ) (1056 -1232 -926 ) (1056 -1227 -926 ) 
4 104 105 (1056 -1208 -926 ) (1056 -1208 -966 ) (1056 -1227 -966 ) (1056 -1227 -926 ) 
4 105 164 (1048 -1208 -966 ) (1056 -1208 -966 ) (1056 -1227 -966 ) (1048 -1227 -966 ) 
4 105 107 (1048 -1227 -966 ) (1056 -1227 -966 ) (1056 -1227 -926 ) (1048 -1227 -926 ) 
4 106 165 (1029 -1208 -966 ) (1037 -1208 -966 ) (1037 -1227 -966 ) (1029 -1227 -966 ) 
4 106 109 (1029 -1208 -944 ) (1029 -1208 -966 ) (1029 -1227 -966 ) (1029 -1227 -944 ) 
4 107 167 (1056 -1227 -966 ) (1056 -1232 -966 ) (1048 -1232 -966 ) (1048 -1227 -966 ) 
4 108 180 (1056 -1419 -966 ) (1056 -1719 -966 ) (1029 -1719 -966 ) (1029 -1419 -966 ) 
4 108 173 (1056 -1306 -966 ) (1056 -1419 -966 ) (1029 -1419 -966 ) (1029 -1306 -966 ) 
4 108 114 (1029 -1419 -966 ) (1029 -1719 -966 ) (1029 -1719 -926 ) (1029 -1419 -926 ) 
3 108 112 (1029 -1355 -940 ) (1029 -1306 -930.046936 ) (1029 -1306 -943 ) 
4 108 111 (1029 -1419 -953 ) (1029 -1419 -926 ) (1029 -1306 -926 ) (1029 -1306 -930.046936 ) 
4 109 165 (1027 -1208 -966 ) (1029 -1208 -966 ) (1029 -1227 -966 ) (1027 -1227 -966 ) 
4 109 110 (1027 -1227 -944 ) (1027 -1208 -944 ) (1027 -1208 -966 ) (1027 -1227 -966 ) 
4 110 206 (1024 -1227 -966 ) (1024 -1306 -966 ) (1024 -1306 -944 ) (1024 -1227 -944 ) 
4 110 203 (1024 -1208 -966 ) (1024 -1227 -966 ) (1024 -1227 -944 ) (1024 -1208 -944 ) 
4 110 171 (1024 -1306 -966 ) (1024 -1296 -966 ) (1027 -1296 -966 ) (1027 -1306 -966 ) 
4 110 169 (1024 -1296 -966 ) (1024 -1232 -966 ) (1027 -1232 -966 ) (1027 -1296 -966 ) 
4 110 168 (1024 -1232 -966 ) (1024 -1227 -966 ) (1027 -1227 -966 ) (1027 -1232 -966 ) 
4 110 165 (1024 -1227 -966 ) (1024 -1208 -966 ) (1027 -1208 -966 ) (1027 -1227 -966 ) 
4 110 113 (1024 -1306 -966 ) (1027 -1306 -966 ) (1027 -1306 -944 ) (1024 -1306 -944 ) 
4 111 208 (1024 -1419 -953 ) (1024 -1419 -926 ) (1024 -1306 -926 ) (1024 -1306 -930.046936 ) 
4 111 114 (1029 -1419 -953 ) (1029 -1419 -926 ) (1024 -1419 -926 ) (1024 -1419 -953 ) 
4 111 112 (1024 -1355 -940 ) (1024 -1306 -930.046875 ) (1029 -1306 -930.046875 ) (1029 -1355 -940 ) 
3 112 209 (1024 -1355 -940 ) (1024 -1306 -930.046936 ) (1024 -1306 -943 ) 
5 113 210 (1024 -1306 -966 ) (1024 -1419 -966 ) (1024 -1419 -954 ) (1024 -1355 -941 ) (1024 -1306 -944 ) 
4 113 174 (1024 -1419 -966 ) (1024 -1306 -966 ) (1027 -1306 -966 ) (1027 -1419 -966 ) 
4 113 114 (1024 -1419 -966 ) (1027 -1419 -966 ) (1027 -1419 -954 ) (1024 -1419 -954 ) 
4 114 215 (1024 -1419 -966 ) (1024 -1719 -966 ) (1024 -1719 -926 ) (1024 -1419 -926 ) 
4 114 180 (1024 -1719 -966 ) (1024 -1419 -966 ) (1029 -1419 -966 ) (1029 -1719 -966 ) 
4 115 130 (2032 -1040 -985 ) (2032 -1024 -985 ) (2048 -1024 -985 ) (2048 -1040 -985 ) 
4 115 122 (2032 -1024 -985 ) (2032 -1040 -985 ) (2032 -1040 -966 ) (2032 -1024 -966 ) 
4 115 116 (2032 -1040 -966 ) (2032 -1040 -984 ) (2048 -1040 -984 ) (2048 -1040 -966 ) 
4 116 124 (2032 -1060 -984 ) (2032 -1060 -966 ) (2032 -1042 -966 ) (2032 -1042 -984 ) 
4 116 120 (2032 -1060 -966 ) (2032 -1060 -984 ) (2034 -1060 -984 ) (2034 -1060 -966 ) 
4 116 117 (2034 -1060 -984 ) (2048 -1060 -984 ) (2048 -1060 -966 ) (2034 -1060 -966 ) 
4 117 120 (2034 -1060 -966 ) (2034 -1060 -984 ) (2034 -1100 -984 ) (2034 -1100 -966 ) 
4 117 119 (2034 -1100 -966 ) (2034 -1100 -984 ) (2048 -1100 -984 ) (2048 -1100 -966 ) 
4 117 118 (2048 -1100 -984 ) (2034 -1100 -984 ) (2034 -1060 -984 ) (2048 -1060 -984 ) 
4 118 132 (2034 -1100 -985 ) (2034 -1060 -985 ) (2048 -1060 -985 ) (2048 -1100 -985 ) 
4 118 119 (2034 -1100 -984 ) (2034 -1100 -985 ) (2048 -1100 -985 ) (2048 -1100 -984 ) 
4 119 138 (2048 -1208 -985 ) (2048 -1208 -966 ) (2034 -1208 -966 ) (2034 -1208 -985 ) 
4 119 133 (2048 -1208 -985 ) (2034 -1208 -985 ) (2034 -1200 -985 ) (2048 -1200 -985 ) 
4 119 132 (2034 -1200 -985 ) (2034 -1100 -985 ) (2048 -1100 -985 ) (2048 -1200 -985 ) 
4 119 121 (2034 -1100 -985 ) (2034 -1208 -985 ) (2034 -1208 -966 ) (2034 -1100 -966 ) 
4 120 127 (2032 -1100 -984 ) (2032 -1100 -966 ) (2032 -1096 -966 ) (2032 -1096 -984 ) 
4 120 124 (2032 -1096 -966 ) (2032 -1060 -966 ) (2032 -1060 -984 ) (2032 -1096 -984 ) 
4 120 121 (2032 -1100 -966 ) (2032 -1100 -984 ) (2034 -1100 -984 ) (2034 -1100 -966 ) 
4 121 138 (2034 -1208 -966 ) (2032 -1208 -966 ) (2032 -1208 -985 ) (2034 -1208 -985 ) 
4 121 133 (2034 -1208 -985 ) (2032 -1208 -985 ) (2032 -1200 -985 ) (2034 -1200 -985 ) 
4 121 132 (2032 -1200 -985 ) (2032 -1100 -985 ) (2034 -1100 -985 ) (2034 -1200 -985 ) 
4 121 128 (2032 -1200 -985 ) (2032 -1208 -985 ) (2032 -1208 -966 ) (2032 -1200 -966 ) 
4 121 127 (2032 -1100 -985 ) (2032 -1200 -985 ) (2032 -1200 -966 ) (2032 -1100 -966 ) 
4 122 130 (1504 -1024 -985 ) (2032 -1024 -985 ) (2032 -1040 -985 ) (1504 -1040 -985 ) 
4 122 123 (1504 -1040 -984 ) (1504 -1040 -966 ) (1504 -1024 -966 ) (1504 -1024 -984 ) 
4 123 126 (1408 -1040 -984 ) (1408 -1040 -966 ) (1408 -1024 -966 ) (1408 -1024 -984 ) 
4 124 132 (2032 -1056 -985 ) (2032 -1096 -985 ) (1456 -1096 -985 ) (1456 -1056 -985 ) 
4 124 131 (2032 -1042 -985 ) (2032 -1056 -985 ) (1456 -1056 -985 ) (1456 -1042 -985 ) 
4 124 127 (1456 -1096 -985 ) (2032 -1096 -985 ) (2032 -1096 -966 ) (1456 -1096 -966 ) 
4 124 125 (1456 -1056 -985 ) (1456 -1096 -985 ) (1456 -1096 -966 ) (1456 -1056 -966 ) 
4 125 132 (1456 -1096 -985 ) (1410 -1096 -985 ) (1410 -1056 -985 ) (1456 -1056 -985 ) 
4 125 127 (1410 -1096 -985 ) (1456 -1096 -985 ) (1456 -1096 -966 ) (1410 -1096 -966 ) 
4 126 127 (1408 -1096 -984 ) (1408 -1096 -966 ) (1364 -1096 -966 ) (1364 -1096 -984 ) 
4 127 135 (1362 -1200 -966 ) (1362 -1096 -966 ) (1362 -1096 -985 ) (1362 -1200 -985 ) 
4 127 132 (1362 -1200 -985 ) (1362 -1096 -985 ) (2032 -1096 -985 ) (2032 -1200 -985 ) 
4 127 128 (1872 -1200 -985 ) (2032 -1200 -985 ) (2032 -1200 -966 ) (1872 -1200 -966 ) 
4 127 129 (1362 -1200 -966 ) (1362 -1200 -985 ) (1368 -1200 -985 ) (1368 -1200 -966 ) 
4 128 138 (2032 -1208 -966 ) (1872 -1208 -966 ) (1872 -1208 -985 ) (2032 -1208 -985 ) 
4 128 133 (2032 -1208 -985 ) (1872 -1208 -985 ) (1872 -1200 -985 ) (2032 -1200 -985 ) 
4 129 139 (1368 -1208 -966 ) (1362 -1208 -966 ) (1362 -1208 -985 ) (1368 -1208 -985 ) 
4 129 136 (1362 -1208 -985 ) (1362 -1208 -966 ) (1362 -1200 -966 ) (1362 -1200 -985 ) 
4 129 134 (1368 -1208 -985 ) (1362 -1208 -985 ) (1362 -1200 -985 ) (1368 -1200 -985 ) 
4 130 181 (1464 -1024 -1082 ) (2048 -1024 -1082 ) (2048 -1042 -1082 ) (1464 -1042 -1082 ) 
4 130 131 (2048 -1042 -985 ) (1464 -1042 -985 ) (1464 -1042 -1082 ) (2048 -1042 -1082 ) 
4 131 182 (2048 -1042 -1082 ) (2048 -1056 -1082 ) (1456 -1056 -1082 ) (1456 -1042 -1082 ) 
4 131 132 (2048 -1056 -985 ) (1456 -1056 -985 ) (1456 -1056 -1082 ) (2048 -1056 -1082 ) 
4 132 183 (2048 -1056 -1082 ) (2048 -1200 -1082 ) (1362 -1200 -1082 ) (1362 -1056 -1082 ) 
4 132 135 (1362 -1056 -1082 ) (1362 -1200 -1082 ) (1362 -1200 -985 ) (1362 -1056 -985 ) 
4 132 134 (1368 -1200 -985 ) (1362 -1200 -985 ) (1362 -1200 -1082 ) (1368 -1200 -1082 ) 
4 132 133 (2048 -1200 -985 ) (1872 -1200 -985 ) (1872 -1200 -1082 ) (2048 -1200 -1082 ) 
4 133 185 (2048 -1200 -1082 ) (2048 -1208 -1082 ) (1872 -1208 -1082 ) (1872 -1200 -1082 ) 
4 133 138 (1872 -1208 -1082 ) (2048 -1208 -1082 ) (2048 -1208 -985 ) (1872 -1208 -985 ) 
4 134 186 (1368 -1208 -1082 ) (1362 -1208 -1082 ) (1362 -1200 -1082 ) (1368 -1200 -1082 ) 
4 134 139 (1362 -1208 -1082 ) (1368 -1208 -1082 ) (1368 -1208 -985 ) (1362 -1208 -985 ) 
4 134 136 (1362 -1200 -1082 ) (1362 -1208 -1082 ) (1362 -1208 -985 ) (1362 -1200 -985 ) 
4 135 183 (1362 -1056 -1082 ) (1362 -1200 -1082 ) (1176 -1200 -1082 ) (1176 -1056 -1082 ) 
4 135 136 (1256 -1200 -1082 ) (1362 -1200 -1082 ) (1362 -1200 -966 ) (1256 -1200 -966 ) 
4 135 137 (1176 -1056 -1082 ) (1176 -1200 -1082 ) (1176 -1200 -966 ) (1176 -1056 -966 ) 
4 136 186 (1362 -1200 -1082 ) (1362 -1208 -1082 ) (1256 -1208 -1082 ) (1256 -1200 -1082 ) 
4 136 139 (1256 -1208 -1082 ) (1362 -1208 -1082 ) (1362 -1208 -966 ) (1256 -1208 -966 ) 
4 137 187 (1176 -1200 -1082 ) (1176 -1208 -1082 ) (1088 -1208 -1082 ) (1088 -1200 -1082 ) 
4 137 184 (1088 -1024 -1082 ) (1176 -1024 -1082 ) (1176 -1200 -1082 ) (1088 -1200 -1082 ) 
4 137 160 (1088 -1024 -1082 ) (1088 -1208 -1082 ) (1088 -1208 -966 ) (1088 -1024 -966 ) 
4 137 140 (1088 -1208 -966 ) (1088 -1208 -1082 ) (1176 -1208 -1082 ) (1176 -1208 -966 ) 
4 138 188 (2048 -1208 -1082 ) (2048 -1472 -1082 ) (1872 -1472 -1082 ) (1872 -1208 -1082 ) 
4 138 142 (1872 -1472 -1082 ) (2048 -1472 -1082 ) (2048 -1472 -966 ) (1872 -1472 -966 ) 
4 139 189 (1232 -1208 -1082 ) (1392 -1208 -1082 ) (1392 -1312 -1082 ) (1232 -1312 -1082 ) 
4 139 141 (1392 -1312 -1080 ) (1392 -1312 -966 ) (1232 -1312 -966 ) (1232 -1312 -1080 ) 
4 140 190 (1088 -1232 -1082 ) (1088 -1208 -1082 ) (1176 -1208 -1082 ) (1176 -1232 -1082 ) 
4 140 160 (1088 -1208 -1082 ) (1088 -1232 -1082 ) (1088 -1232 -966 ) (1088 -1208 -966 ) 
4 141 152 (1192 -1472 -1080 ) (1195 -1472 -1080 ) (1195 -1472 -966 ) (1192 -1472 -966 ) 
4 141 151 (1195 -1472 -1080 ) (1536 -1472 -1080 ) (1536 -1472 -966 ) (1195 -1472 -966 ) 
4 141 158 (1088 -1472 -966 ) (1088 -1472 -1080 ) (1192 -1472 -1080 ) (1192 -1472 -966 ) 
4 142 192 (2048 -1472 -1082 ) (2048 -1608 -1082 ) (1872 -1608 -1082 ) (1872 -1472 -1082 ) 
4 143 149 (1792 -1741 -1078 ) (1792 -1741 -979 ) (1792 -1683 -979 ) (1792 -1683 -1078 ) 
4 144 148 (1791 -1624 -976 ) (1791 -1472 -976 ) (1792 -1472 -976 ) (1792 -1624 -976 ) 
4 144 150 (1792 -1792 -976 ) (1791 -1792 -976 ) (1791 -1743 -976 ) (1792 -1743 -976 ) 
4 144 146 (1791 -1743 -975 ) (1791 -1743 -966 ) (1791 -1624 -966 ) (1791 -1624 -975 ) 
4 144 145 (1791 -1472 -966 ) (1791 -1472 -976 ) (1791 -1624 -976 ) (1791 -1624 -966 ) 
4 144 147 (1791 -1743 -976 ) (1791 -1792 -976 ) (1791 -1792 -966 ) (1791 -1743 -966 ) 
4 145 151 (1790 -1472 -966 ) (1790 -1472 -976 ) (1790 -1624 -976 ) (1790 -1624 -966 ) 
4 145 148 (1790 -1624 -976 ) (1790 -1472 -976 ) (1791 -1472 -976 ) (1791 -1624 -976 ) 
4 145 146 (1790 -1624 -966 ) (1790 -1624 -975 ) (1791 -1624 -975 ) (1791 -1624 -966 ) 
4 146 151 (1790 -1743 -975 ) (1790 -1743 -966 ) (1790 -1624 -966 ) (1790 -1624 -975 ) 
4 146 147 (1790 -1743 -966 ) (1790 -1743 -975 ) (1791 -1743 -975 ) (1791 -1743 -966 ) 
4 147 151 (1790 -1743 -976 ) (1790 -1792 -976 ) (1790 -1792 -966 ) (1790 -1743 -966 ) 
4 147 150 (1791 -1792 -976 ) (1790 -1792 -976 ) (1790 -1743 -976 ) (1791 -1743 -976 ) 
4 148 193 (1790 -1472 -1082 ) (1792 -1472 -1082 ) (1792 -1624 -1082 ) (1790 -1624 -1082 ) 
4 148 159 (1790 -1472 -1080 ) (1790 -1472 -1082 ) (1790 -1624 -1082 ) (1790 -1624 -1080 ) 
4 148 151 (1790 -1472 -976 ) (1790 -1472 -1080 ) (1790 -1624 -1080 ) (1790 -1624 -976 ) 
4 148 149 (1792 -1624 -1082 ) (1792 -1624 -978 ) (1790 -1624 -978 ) (1790 -1624 -1082 ) 
4 149 193 (1792 -1624 -1082 ) (1792 -1743 -1082 ) (1790 -1743 -1082 ) (1790 -1624 -1082 ) 
4 149 159 (1790 -1624 -1082 ) (1790 -1743 -1082 ) (1790 -1743 -1080 ) (1790 -1624 -1080 ) 
4 149 151 (1790 -1743 -1080 ) (1790 -1743 -978 ) (1790 -1624 -978 ) (1790 -1624 -1080 ) 
4 149 150 (1792 -1743 -1082 ) (1792 -1743 -978 ) (1790 -1743 -978 ) (1790 -1743 -1082 ) 
4 150 193 (1792 -1743 -1082 ) (1792 -1792 -1082 ) (1790 -1792 -1082 ) (1790 -1743 -1082 ) 
4 150 159 (1790 -1743 -1082 ) (1790 -1792 -1082 ) (1790 -1792 -1080 ) (1790 -1743 -1080 ) 
4 150 151 (1790 -1792 -1080 ) (1790 -1792 -976 ) (1790 -1743 -976 ) (1790 -1743 -1080 ) 
4 151 159 (1202 -1472 -1080 ) (1790 -1472 -1080 ) (1790 -1792 -1080 ) (1202 -1792 -1080 ) 
4 151 153 (1195 -1729 -1012 ) (1195 -1729 -966 ) (1195 -1721 -966 ) (1195 -1721 -1012 ) 
4 151 156 (1195 -1721 -1080 ) (1195 -1729 -1080 ) (1195 -1729 -1018 ) (1195 -1721 -1018 ) 
4 151 152 (1195 -1472 -966 ) (1195 -1472 -1080 ) (1195 -1721 -1080 ) (1195 -1721 -966 ) 
4 151 157 (1195 -1729 -1080 ) (1195 -1792 -1080 ) (1195 -1792 -966 ) (1195 -1729 -966 ) 
3 152 155 (1192 -1721 -1017 ) (1192 -1721 -1018 ) (1193 -1721 -1018 ) 
3 152 154 (1192 -1721 -1012 ) (1192 -1721 -1013 ) (1193 -1721 -1012 ) 
4 152 153 (1192 -1721 -966 ) (1192 -1721 -1012 ) (1195 -1721 -1012 ) (1195 -1721 -966 ) 
4 152 156 (1192 -1721 -1018 ) (1192 -1721 -1080 ) (1195 -1721 -1080 ) (1195 -1721 -1018 ) 
4 152 158 (1192 -1472 -966 ) (1192 -1472 -1080 ) (1192 -1721 -1080 ) (1192 -1721 -966 ) 
4 153 154 (1193 -1729 -1012 ) (1192 -1729 -1012 ) (1192 -1721 -1012 ) (1193 -1721 -1012 ) 
4 153 157 (1192 -1729 -966 ) (1192 -1729 -1012 ) (1195 -1729 -1012 ) (1195 -1729 -966 ) 
4 153 158 (1192 -1729 -1012 ) (1192 -1729 -966 ) (1192 -1721 -966 ) (1192 -1721 -1012 ) 
4 154 158 (1192 -1729 -1013 ) (1192 -1729 -1012 ) (1192 -1721 -1012 ) (1192 -1721 -1013 ) 
3 154 157 (1192 -1729 -1012 ) (1192 -1729 -1013 ) (1193 -1729 -1012 ) 
4 155 156 (1193 -1729 -1018 ) (1192 -1729 -1018 ) (1192 -1721 -1018 ) (1193 -1721 -1018 ) 
3 155 157 (1192 -1729 -1017 ) (1192 -1729 -1018 ) (1193 -1729 -1018 ) 
4 155 158 (1192 -1729 -1018 ) (1192 -1729 -1017 ) (1192 -1721 -1017 ) (1192 -1721 -1018 ) 
4 156 158 (1192 -1721 -1080 ) (1192 -1729 -1080 ) (1192 -1729 -1018 ) (1192 -1721 -1018 ) 
4 156 157 (1192 -1729 -1018 ) (1192 -1729 -1080 ) (1195 -1729 -1080 ) (1195 -1729 -1018 ) 
4 157 158 (1192 -1729 -1080 ) (1192 -1792 -1080 ) (1192 -1792 -966 ) (1192 -1729 -966 ) 
4 158 161 (1088 -1680 -966 ) (1088 -1613 -966 ) (1088 -1613 -1064 ) (1088 -1680 -1064 ) 
4 159 195 (1202 -1472 -1082 ) (1440 -1472 -1082 ) (1440 -1792 -1082 ) (1202 -1792 -1082 ) 
4 159 194 (1440 -1472 -1082 ) (1648 -1472 -1082 ) (1648 -1792 -1082 ) (1440 -1792 -1082 ) 
4 159 193 (1648 -1472 -1082 ) (1790 -1472 -1082 ) (1790 -1792 -1082 ) (1648 -1792 -1082 ) 
4 160 191 (1088 -1208 -1082 ) (1088 -1232 -1082 ) (1064 -1232 -1082 ) (1064 -1208 -1082 ) 
4 160 187 (1088 -1200 -1082 ) (1088 -1208 -1082 ) (1064 -1208 -1082 ) (1064 -1200 -1082 ) 
4 160 184 (1064 -1024 -1082 ) (1088 -1024 -1082 ) (1088 -1200 -1082 ) (1064 -1200 -1082 ) 
4 160 170 (1064 -1227 -1082 ) (1064 -1232 -1082 ) (1064 -1232 -984 ) (1064 -1227 -984 ) 
4 160 167 (1064 -1232 -984 ) (1064 -1232 -966 ) (1064 -1227 -966 ) (1064 -1227 -984 ) 
4 160 166 (1064 -1024 -1082 ) (1064 -1227 -1082 ) (1064 -1227 -984 ) (1064 -1024 -984 ) 
4 160 164 (1064 -1227 -984 ) (1064 -1227 -966 ) (1064 -1096 -966 ) (1064 -1096 -984 ) 
4 160 162 (1064 -1096 -966 ) (1064 -1024 -966 ) (1064 -1024 -984 ) (1064 -1096 -984 ) 
4 162 166 (1048 -1024 -984 ) (1064 -1024 -984 ) (1064 -1096 -984 ) (1048 -1096 -984 ) 
4 162 164 (1048 -1096 -984 ) (1064 -1096 -984 ) (1064 -1096 -966 ) (1048 -1096 -966 ) 
4 163 201 (1024 -1024 -966 ) (1024 -1024 -984 ) (1024 -1096 -984 ) (1024 -1096 -966 ) 
4 163 165 (1024 -1096 -984 ) (1025 -1096 -984 ) (1025 -1096 -966 ) (1024 -1096 -966 ) 
4 164 167 (1064 -1227 -984 ) (1064 -1227 -966 ) (1048 -1227 -966 ) (1048 -1227 -984 ) 
4 164 166 (1064 -1227 -984 ) (1048 -1227 -984 ) (1048 -1096 -984 ) (1064 -1096 -984 ) 
4 165 203 (1024 -1096 -984 ) (1024 -1227 -984 ) (1024 -1227 -966 ) (1024 -1096 -966 ) 
4 165 168 (1027 -1227 -966 ) (1024 -1227 -966 ) (1024 -1227 -984 ) (1027 -1227 -984 ) 
4 166 191 (1064 -1208 -1082 ) (1064 -1227 -1082 ) (1048 -1227 -1082 ) (1048 -1208 -1082 ) 
4 166 187 (1064 -1200 -1082 ) (1064 -1208 -1082 ) (1048 -1208 -1082 ) (1048 -1200 -1082 ) 
4 166 184 (1048 -1024 -1082 ) (1064 -1024 -1082 ) (1064 -1200 -1082 ) (1048 -1200 -1082 ) 
4 166 170 (1048 -1227 -1082 ) (1064 -1227 -1082 ) (1064 -1227 -984 ) (1048 -1227 -984 ) 
4 167 170 (1048 -1227 -984 ) (1064 -1227 -984 ) (1064 -1232 -984 ) (1048 -1232 -984 ) 
4 168 206 (1024 -1232 -966 ) (1024 -1227 -966 ) (1024 -1227 -984 ) (1024 -1232 -984 ) 
4 168 169 (1024 -1232 -984 ) (1027 -1232 -984 ) (1027 -1232 -966 ) (1024 -1232 -966 ) 
4 169 206 (1024 -1296 -984 ) (1024 -1296 -966 ) (1024 -1232 -966 ) (1024 -1232 -984 ) 
4 169 171 (1027 -1296 -966 ) (1024 -1296 -966 ) (1024 -1296 -984 ) (1027 -1296 -984 ) 
4 170 191 (1048 -1227 -1082 ) (1064 -1227 -1082 ) (1064 -1232 -1082 ) (1048 -1232 -1082 ) 
4 171 206 (1024 -1306 -984 ) (1024 -1306 -966 ) (1024 -1296 -966 ) (1024 -1296 -984 ) 
4 171 176 (1024 -1306 -968.921875 ) (1024 -1306 -984 ) (1027 -1306 -984 ) (1027 -1306 -968.921875 ) 
4 171 174 (1027 -1306 -966 ) (1024 -1306 -966 ) (1024 -1306 -968.921875 ) (1027 -1306 -968.921875 ) 
4 172 207 (1024 -1306 -1064 ) (1024 -1306 -1055 ) (1024 -1300 -1055 ) (1024 -1300 -1064 ) 
4 172 178 (1050 -1306 -1055 ) (1024 -1306 -1055 ) (1024 -1306 -1064 ) (1050 -1306 -1064 ) 
4 172 177 (1056 -1306 -1055 ) (1050 -1306 -1055 ) (1050 -1306 -1064 ) (1056 -1306 -1064 ) 
4 173 180 (1056 -1419 -1050 ) (1056 -1419 -966 ) (1029 -1419 -966 ) (1029 -1419 -1050 ) 
4 173 179 (1050 -1419 -1050 ) (1029 -1419 -1050 ) (1029 -1400 -1050 ) (1050 -1400 -1050 ) 
4 173 177 (1056 -1419 -1050 ) (1050 -1419 -1050 ) (1050 -1306 -1050 ) (1056 -1306 -1050 ) 
5 173 175 (1029 -1306 -985 ) (1029 -1306 -1050 ) (1029 -1419 -1050 ) (1029 -1419 -1007 ) (1029 -1355 -986 ) 
4 174 210 (1024 -1419 -966 ) (1024 -1306 -966 ) (1024 -1306 -968.921875 ) (1024 -1419 -1006 ) 
4 174 180 (1027 -1419 -966 ) (1024 -1419 -966 ) (1024 -1419 -1006 ) (1027 -1419 -1006 ) 
4 174 176 (1024 -1306 -968.921875 ) (1027 -1306 -968.921875 ) (1027 -1355 -985 ) (1024 -1355 -985 ) 
5 175 211 (1024 -1306 -985 ) (1024 -1306 -1050 ) (1024 -1419 -1050 ) (1024 -1419 -1007 ) (1024 -1355 -986 ) 
4 175 180 (1024 -1419 -1007 ) (1024 -1419 -1050 ) (1029 -1419 -1050 ) (1029 -1419 -1007 ) 
4 175 179 (1029 -1419 -1050 ) (1024 -1419 -1050 ) (1024 -1400 -1050 ) (1029 -1400 -1050 ) 
3 176 212 (1024 -1306 -968.921875 ) (1024 -1306 -984 ) (1024 -1355 -985 ) 
4 177 180 (1050 -1419 -1064 ) (1056 -1419 -1064 ) (1056 -1419 -1050 ) (1050 -1419 -1050 ) 
4 177 178 (1050 -1306 -1064 ) (1050 -1400 -1064 ) (1050 -1400 -1051 ) (1050 -1306 -1051 ) 
4 177 179 (1050 -1400 -1064 ) (1050 -1419 -1064 ) (1050 -1419 -1050 ) (1050 -1400 -1050 ) 
4 178 213 (1024 -1306 -1051 ) (1024 -1306 -1064 ) (1024 -1400 -1064 ) (1024 -1400 -1051 ) 
4 178 179 (1024 -1400 -1064 ) (1050 -1400 -1064 ) (1050 -1400 -1051 ) (1024 -1400 -1051 ) 
4 179 214 (1024 -1400 -1064 ) (1024 -1419 -1064 ) (1024 -1419 -1050 ) (1024 -1400 -1050 ) 
4 179 180 (1024 -1419 -1064 ) (1050 -1419 -1064 ) (1050 -1419 -1050 ) (1024 -1419 -1050 ) 
4 180 215 (1024 -1719 -966 ) (1024 -1419 -966 ) (1024 -1419 -1064 ) (1024 -1719 -1064 ) 
4 181 182 (1464 -1042 -1100 ) (2048 -1042 -1100 ) (2048 -1042 -1082 ) (1464 -1042 -1082 ) 
4 182 183 (1456 -1056 -1100 ) (2048 -1056 -1100 ) (2048 -1056 -1082 ) (1456 -1056 -1082 ) 
4 183 185 (1872 -1200 -1100 ) (2048 -1200 -1100 ) (2048 -1200 -1082 ) (1872 -1200 -1082 ) 
4 183 186 (1256 -1200 -1100 ) (1368 -1200 -1100 ) (1368 -1200 -1082 ) (1256 -1200 -1082 ) 
4 183 184 (1176 -1056 -1100 ) (1176 -1200 -1100 ) (1176 -1200 -1082 ) (1176 -1056 -1082 ) 
4 184 187 (1048 -1200 -1100 ) (1176 -1200 -1100 ) (1176 -1200 -1082 ) (1048 -1200 -1082 ) 
4 185 188 (1872 -1208 -1100 ) (2048 -1208 -1100 ) (2048 -1208 -1082 ) (1872 -1208 -1082 ) 
4 186 189 (1256 -1208 -1100 ) (1368 -1208 -1100 ) (1368 -1208 -1082 ) (1256 -1208 -1082 ) 
4 187 191 (1048 -1208 -1100 ) (1088 -1208 -1100 ) (1088 -1208 -1082 ) (1048 -1208 -1082 ) 
4 187 190 (1088 -1208 -1100 ) (1176 -1208 -1100 ) (1176 -1208 -1082 ) (1088 -1208 -1082 ) 
4 188 192 (1872 -1472 -1100 ) (2048 -1472 -1100 ) (2048 -1472 -1082 ) (1872 -1472 -1082 ) 
4 190 191 (1088 -1208 -1082 ) (1088 -1208 -1100 ) (1088 -1232 -1100 ) (1088 -1232 -1082 ) 
4 193 194 (1648 -1472 -1082 ) (1648 -1472 -1088 ) (1648 -1792 -1088 ) (1648 -1792 -1082 ) 
4 193 196 (1648 -1472 -1088 ) (1792 -1472 -1088 ) (1792 -1792 -1088 ) (1648 -1792 -1088 ) 
4 194 196 (1440 -1472 -1088 ) (1648 -1472 -1088 ) (1648 -1792 -1088 ) (1440 -1792 -1088 ) 
4 194 195 (1440 -1472 -1082 ) (1440 -1472 -1088 ) (1440 -1792 -1088 ) (1440 -1792 -1082 ) 
4 195 196 (1202 -1792 -1088 ) (1202 -1472 -1088 ) (1440 -1472 -1088 ) (1440 -1792 -1088 ) 
4 197 234 (0 -1024 -832 ) (0 -1024 -944 ) (0 -1129 -944 ) (0 -1129 -832 ) 
4 197 204 (0 -1129 -944 ) (0 -1096 -944 ) (376 -1096 -944 ) (376 -1129 -944 ) 
4 197 202 (0 -1096 -944 ) (0 -1024 -944 ) (376 -1024 -944 ) (376 -1096 -944 ) 
4 197 199 (0 -1129 -832 ) (0 -1129 -944 ) (376 -1129 -944 ) (376 -1129 -832 ) 
4 198 203 (975 -1129 -944 ) (1024 -1129 -944 ) (1024 -1191 -944 ) (975 -1191 -944 ) 
4 199 234 (0 -1129 -944 ) (0 -1191 -944 ) (0 -1191 -832 ) (0 -1129 -832 ) 
4 199 204 (0 -1191 -944 ) (0 -1129 -944 ) (376 -1129 -944 ) (376 -1191 -944 ) 
4 199 200 (0 -1191 -944 ) (376 -1191 -944 ) (376 -1191 -832 ) (0 -1191 -832 ) 
4 200 234 (0 -1191 -944 ) (0 -1227 -944 ) (0 -1227 -832 ) (0 -1191 -832 ) 
4 200 216 (0 -1227 -832 ) (0 -1227 -944 ) (376 -1227 -944 ) (376 -1227 -832 ) 
4 200 204 (376 -1227 -944 ) (0 -1227 -944 ) (0 -1191 -944 ) (376 -1191 -944 ) 
4 201 203 (985 -1096 -984 ) (1024 -1096 -984 ) (1024 -1096 -944 ) (985 -1096 -944 ) 
4 202 234 (0 -1024 -944 ) (0 -1024 -984 ) (0 -1096 -984 ) (0 -1096 -944 ) 
4 202 205 (0 -1096 -984 ) (0 -1024 -984 ) (376 -1024 -984 ) (376 -1096 -984 ) 
4 202 204 (0 -1096 -984 ) (376 -1096 -984 ) (376 -1096 -944 ) (0 -1096 -944 ) 
4 203 206 (987 -1227 -984 ) (1024 -1227 -984 ) (1024 -1227 -944 ) (987 -1227 -944 ) 
4 204 234 (0 -1096 -984 ) (0 -1227 -984 ) (0 -1227 -944 ) (0 -1096 -944 ) 
4 204 216 (0 -1227 -944 ) (0 -1227 -984 ) (376 -1227 -984 ) (376 -1227 -944 ) 
4 204 205 (376 -1227 -984 ) (0 -1227 -984 ) (0 -1096 -984 ) (376 -1096 -984 ) 
4 205 234 (0 -1024 -984 ) (0 -1024 -1072 ) (0 -1227 -1072 ) (0 -1227 -984 ) 
4 205 228 (0 -1227 -1072 ) (0 -1024 -1072 ) (376 -1024 -1072 ) (376 -1227 -1072 ) 
4 205 216 (0 -1227 -984 ) (0 -1227 -1072 ) (376 -1227 -1072 ) (376 -1227 -984 ) 
4 206 212 (987 -1306 -984 ) (1024 -1306 -984 ) (1024 -1306 -968.921875 ) (987 -1306 -968.921875 ) 
4 206 210 (1024 -1306 -968.921875 ) (1024 -1306 -944 ) (987 -1306 -944 ) (987 -1306 -968.921875 ) 
4 207 223 (985 -1306 -1064 ) (985 -1306 -1055 ) (985 -1300 -1055 ) (985 -1300 -1064 ) 
4 207 213 (985 -1306 -1055 ) (985 -1306 -1064 ) (1024 -1306 -1064 ) (1024 -1306 -1055 ) 
4 208 220 (985 -1306 -926 ) (985 -1306 -930.046936 ) (985 -1400 -949.140686 ) (985 -1400 -926 ) 
4 208 222 (985 -1400 -949.140686 ) (985 -1419 -953 ) (985 -1419 -926 ) (985 -1400 -926 ) 
4 208 215 (985 -1419 -926 ) (985 -1419 -953 ) (1024 -1419 -953 ) (1024 -1419 -926 ) 
4 208 209 (985 -1354.996948 -940 ) (985 -1306 -930.047668 ) (1024 -1306 -930.047668 ) (1024 -1354.996948 -940 ) 
3 209 220 (985 -1306 -930.046936 ) (985 -1306 -943 ) (985 -1355 -940 ) 
4 210 215 (987 -1419 -1006 ) (1024 -1419 -1006 ) (1024 -1419 -954 ) (987 -1419 -954 ) 
4 210 212 (987 -1355.005371 -985 ) (987 -1306 -968.920227 ) (1024 -1306 -968.920227 ) (1024 -1355.005371 -985 ) 
5 211 220 (985 -1306 -985 ) (985 -1306 -1050 ) (985 -1400 -1050 ) (985 -1400 -1000.765686 ) (985 -1355 -986 ) 
4 211 222 (985 -1400 -1050 ) (985 -1419 -1050 ) (985 -1419 -1007 ) (985 -1400 -1000.765686 ) 
4 211 215 (985 -1419 -1007 ) (985 -1419 -1050 ) (1024 -1419 -1050 ) (1024 -1419 -1007 ) 
4 211 214 (1024 -1419 -1050 ) (985 -1419 -1050 ) (985 -1400 -1050 ) (1024 -1400 -1050 ) 
4 213 221 (985 -1306 -1051 ) (985 -1306 -1055 ) (985 -1400 -1055 ) (985 -1400 -1051 ) 
4 213 223 (985 -1306 -1055 ) (985 -1306 -1064 ) (985 -1400 -1064 ) (985 -1400 -1055 ) 
4 213 214 (985 -1400 -1064 ) (1024 -1400 -1064 ) (1024 -1400 -1051 ) (985 -1400 -1051 ) 
4 214 222 (985 -1419 -1055 ) (985 -1419 -1050 ) (985 -1400 -1050 ) (985 -1400 -1055 ) 
4 214 223 (985 -1400 -1064 ) (985 -1419 -1064 ) (985 -1419 -1055 ) (985 -1400 -1055 ) 
4 214 215 (985 -1419 -1050 ) (985 -1419 -1064 ) (1024 -1419 -1064 ) (1024 -1419 -1050 ) 
4 215 222 (985 -1719 -926 ) (985 -1419 -926 ) (985 -1419 -1055 ) (985 -1719 -1055 ) 
4 215 223 (985 -1419 -1055 ) (985 -1419 -1064 ) (985 -1719 -1064 ) (985 -1719 -1055 ) 
4 216 234 (0 -1227 -1072 ) (0 -1296 -1072 ) (0 -1296 -832 ) (0 -1227 -832 ) 
4 216 228 (0 -1296 -1072 ) (0 -1227 -1072 ) (376 -1227 -1072 ) (376 -1296 -1072 ) 
4 216 226 (0 -1296 -1072 ) (208 -1296 -1072 ) (208 -1296 -1064 ) (0 -1296 -1064 ) 
4 216 219 (376 -1296 -1064 ) (376 -1296 -1055 ) (0 -1296 -1055 ) (0 -1296 -1064 ) 
4 216 218 (376 -1296 -1055 ) (376 -1296 -926 ) (0 -1296 -926 ) (0 -1296 -1055 ) 
4 216 217 (376 -1296 -926 ) (376 -1296 -832 ) (0 -1296 -832 ) (0 -1296 -926 ) 
4 217 234 (0 -1792 -926 ) (0 -1792 -832 ) (0 -1296 -832 ) (0 -1296 -926 ) 
4 217 227 (0 -1792 -832 ) (0 -1792 -926 ) (376 -1792 -926 ) (376 -1792 -832 ) 
4 217 225 (952 -1792 -926 ) (0 -1792 -926 ) (0 -1719 -926 ) (952 -1719 -926 ) 
4 217 224 (0 -1719 -926 ) (0 -1300 -926 ) (952 -1300 -926 ) (952 -1719 -926 ) 
4 217 218 (0 -1300 -926 ) (0 -1296 -926 ) (952 -1296 -926 ) (952 -1300 -926 ) 
4 218 234 (0 -1300 -926 ) (0 -1296 -926 ) (0 -1296 -1055 ) (0 -1300 -1055 ) 
4 218 224 (960 -1300 -926 ) (0 -1300 -926 ) (0 -1300 -1055 ) (960 -1300 -1055 ) 
4 218 219 (952 -1300 -1055 ) (0 -1300 -1055 ) (0 -1296 -1055 ) (952 -1296 -1055 ) 
4 219 234 (0 -1296 -1055 ) (0 -1296 -1064 ) (0 -1300 -1064 ) (0 -1300 -1055 ) 
4 219 226 (0 -1300 -1064 ) (0 -1296 -1064 ) (208 -1296 -1064 ) (208 -1300 -1064 ) 
4 219 224 (0 -1300 -1064 ) (952 -1300 -1064 ) (952 -1300 -1055 ) (0 -1300 -1055 ) 
4 220 224 (960 -1400 -1050 ) (960 -1400 -926 ) (960 -1306 -926 ) (960 -1306 -1050 ) 
4 220 222 (960 -1400 -926 ) (960 -1400 -1050 ) (985 -1400 -1050 ) (985 -1400 -926 ) 
4 221 222 (960 -1400 -1051 ) (960 -1400 -1055 ) (985 -1400 -1055 ) (985 -1400 -1051 ) 
4 221 223 (960 -1400 -1055 ) (960 -1306 -1055 ) (985 -1306 -1055 ) (985 -1400 -1055 ) 
4 221 224 (960 -1306 -1055 ) (960 -1400 -1055 ) (960 -1400 -1051 ) (960 -1306 -1051 ) 
4 222 224 (960 -1400 -1055 ) (960 -1719 -1055 ) (960 -1719 -926 ) (960 -1400 -926 ) 
4 222 223 (985 -1719 -1055 ) (960 -1719 -1055 ) (960 -1400 -1055 ) (985 -1400 -1055 ) 
4 223 224 (960 -1300 -1055 ) (960 -1300 -1064 ) (960 -1719 -1064 ) (960 -1719 -1055 ) 
4 224 234 (0 -1719 -926 ) (0 -1300 -926 ) (0 -1300 -1064 ) (0 -1719 -1064 ) 
4 224 226 (0 -1719 -1064 ) (0 -1300 -1064 ) (208 -1300 -1064 ) (208 -1719 -1064 ) 
4 224 225 (0 -1719 -1064 ) (952 -1719 -1064 ) (952 -1719 -926 ) (0 -1719 -926 ) 
4 225 234 (0 -1792 -1064 ) (0 -1792 -926 ) (0 -1719 -926 ) (0 -1719 -1064 ) 
4 225 227 (0 -1792 -926 ) (0 -1792 -1064 ) (376 -1792 -1064 ) (376 -1792 -926 ) 
4 225 226 (208 -1792 -1064 ) (0 -1792 -1064 ) (0 -1719 -1064 ) (208 -1719 -1064 ) 
4 226 234 (0 -1296 -1072 ) (0 -1792 -1072 ) (0 -1792 -1064 ) (0 -1296 -1064 ) 
4 226 230 (0 -1792 -1072 ) (0 -1296 -1072 ) (208 -1296 -1072 ) (208 -1792 -1072 ) 
4 226 227 (0 -1792 -1064 ) (0 -1792 -1072 ) (208 -1792 -1072 ) (208 -1792 -1064 ) 
4 227 237 (0 -2048 -832 ) (0 -2048 -1072 ) (376 -2048 -1072 ) (376 -2048 -832 ) 
4 227 234 (0 -1792 -1072 ) (0 -2048 -1072 ) (0 -2048 -832 ) (0 -1792 -832 ) 
4 227 232 (376 -2048 -1072 ) (0 -2048 -1072 ) (0 -1792 -1072 ) (376 -1792 -1072 ) 
4 228 235 (0 -1024 -1072 ) (0 -1024 -1189 ) (0 -1296 -1189 ) (0 -1296 -1072 ) 
4 228 230 (208 -1296 -1072 ) (0 -1296 -1072 ) (0 -1296 -1189 ) (208 -1296 -1189 ) 
4 228 229 (376 -1296 -1189 ) (0 -1296 -1189 ) (0 -1024 -1189 ) (376 -1024 -1189 ) 
4 229 236 (0 -1024 -1189 ) (0 -1024 -1192 ) (0 -1296 -1192 ) (0 -1296 -1189 ) 
4 229 231 (0 -1296 -1189 ) (0 -1296 -1192 ) (208 -1296 -1192 ) (208 -1296 -1189 ) 
4 230 235 (0 -1792 -1189 ) (0 -1792 -1072 ) (0 -1296 -1072 ) (0 -1296 -1189 ) 
4 230 232 (208 -1792 -1072 ) (0 -1792 -1072 ) (0 -1792 -1189 ) (208 -1792 -1189 ) 
4 230 231 (208 -1792 -1189 ) (0 -1792 -1189 ) (0 -1296 -1189 ) (208 -1296 -1189 ) 
4 231 236 (0 -1792 -1192 ) (0 -1792 -1189 ) (0 -1296 -1189 ) (0 -1296 -1192 ) 
4 231 233 (208 -1792 -1189 ) (0 -1792 -1189 ) (0 -1792 -1192 ) (208 -1792 -1192 ) 
4 232 238 (376 -2048 -1072 ) (0 -2048 -1072 ) (0 -2048 -1189 ) (376 -2048 -1189 ) 
4 232 235 (0 -2048 -1189 ) (0 -2048 -1072 ) (0 -1792 -1072 ) (0 -1792 -1189 ) 
4 232 233 (376 -2048 -1189 ) (0 -2048 -1189 ) (0 -1792 -1189 ) (376 -1792 -1189 ) 
4 233 239 (376 -2048 -1189 ) (0 -2048 -1189 ) (0 -2048 -1192 ) (376 -2048 -1192 ) 
4 233 236 (0 -2048 -1192 ) (0 -2048 -1189 ) (0 -1792 -1189 ) (0 -1792 -1192 ) 
4 234 240 (0 -2048 -1072 ) (0 -2048 -832 ) (-368 -2048 -832 ) (-368 -2048 -1072 ) 
4 234 235 (0 -2048 -1072 ) (-368 -2048 -1072 ) (-368 -1024 -1072 ) (0 -1024 -1072 ) 
4 235 241 (0 -2048 -1189 ) (0 -2048 -1072 ) (-368 -2048 -1072 ) (-368 -2048 -1189 ) 
4 235 236 (-368 -2048 -1189 ) (-368 -1024 -1189 ) (0 -1024 -1189 ) (0 -2048 -1189 ) 
4 236 242 (0 -2048 -1192 ) (0 -2048 -1189 ) (-368 -2048 -1189 ) (-368 -2048 -1192 ) 
4 237 240 (0 -2048 -832 ) (0 -2048 -1072 ) (0 -2672 -1072 ) (0 -2672 -832 ) 
4 237 238 (0 -2672 -1072 ) (0 -2048 -1072 ) (376 -2048 -1072 ) (376 -2672 -1072 ) 
4 238 241 (0 -2048 -1072 ) (0 -2048 -1189 ) (0 -2672 -1189 ) (0 -2672 -1072 ) 
4 238 239 (0 -2048 -1189 ) (376 -2048 -1189 ) (376 -2672 -1189 ) (0 -2672 -1189 ) 
4 239 242 (0 -2048 -1189 ) (0 -2048 -1192 ) (0 -2672 -1192 ) (0 -2672 -1189 ) 
4 240 241 (-368 -2048 -1072 ) (0 -2048 -1072 ) (0 -2672 -1072 ) (-368 -2672 -1072 ) 
4 241 242 (0 -2672 -1189 ) (-368 -2672 -1189 ) (-368 -2048 -1189 ) (0 -2048 -1189 ) 
