PRT1
267
743
4 0 43 (2048 -680 192 ) (2048 -504 192 ) (2048 -504 32 ) (2048 -680 32 ) 
4 1 123 (2112 -2048 1816 ) (2112 -2048 2664 ) (2048 -2048 2664 ) (2048 -2048 1816 ) 
4 1 90 (2048 -2048 1816 ) (2048 -2048 2664 ) (2048 -1968 2664 ) (2048 -1968 1816 ) 
4 2 33 (1024 0 1600 ) (1024 0 1496 ) (1216 0 1496 ) (1216 0 1600 ) 
4 2 30 (1216 0 1664 ) (1024 0 1664 ) (1024 0 1600 ) (1216 0 1600 ) 
4 2 19 (1024 0 1496 ) (1024 0 1504 ) (1024 368 1504 ) (1024 368 1496 ) 
4 2 13 (1024 0 1504 ) (1024 0 1664 ) (1024 368 1664 ) (1024 368 1504 ) 
4 2 7 (1024 368 1664 ) (1024 376 1664 ) (1024 376 1496 ) (1024 368 1496 ) 
4 2 5 (1024 376 1664 ) (1024 600 1664 ) (1024 600 1496 ) (1024 376 1496 ) 
4 3 23 (1024 176 1360 ) (1024 368 1360 ) (1024 368 1200 ) (1024 176 1200 ) 
4 4 25 (1024 192 696 ) (1024 368 696 ) (1024 368 536 ) (1024 192 536 ) 
4 5 7 (1024 376 1496 ) (1024 376 1664 ) (952 376 1664 ) (952 376 1496 ) 
4 6 12 (853 376 32 ) (853 376 148 ) (748 376 148 ) (748 376 32 ) 
4 6 11 (853 376 536 ) (853 376 652 ) (748 376 652 ) (748 376 536 ) 
4 6 9 (853 376 1200 ) (853 376 1316 ) (748 376 1316 ) (748 376 1200 ) 
4 6 10 (853 376 868 ) (853 376 984 ) (748 376 984 ) (748 376 868 ) 
4 6 8 (853 376 1504 ) (853 376 1620 ) (748 376 1620 ) (748 376 1504 ) 
4 7 19 (1024 368 1496 ) (1024 368 1504 ) (952 368 1504 ) (952 368 1496 ) 
4 7 13 (1024 368 1504 ) (1024 368 1664 ) (952 368 1664 ) (952 368 1504 ) 
4 8 14 (853 368 1504 ) (853 368 1620 ) (748 368 1620 ) (748 368 1504 ) 
4 9 23 (853 368 1200 ) (853 368 1316 ) (748 368 1316 ) (748 368 1200 ) 
4 10 24 (853 368 868 ) (853 368 984 ) (748 368 984 ) (748 368 868 ) 
4 11 25 (853 368 536 ) (853 368 652 ) (748 368 652 ) (748 368 536 ) 
4 12 28 (853 368 32 ) (853 368 148 ) (748 368 148 ) (748 368 32 ) 
4 13 60 (1024 0 1504 ) (1024 0 1600 ) (952 0 1600 ) (952 0 1504 ) 
4 13 58 (1024 0 1600 ) (1024 0 1664 ) (952 0 1664 ) (952 0 1600 ) 
4 13 19 (952 368 1504 ) (1024 368 1504 ) (1024 0 1504 ) (952 0 1504 ) 
4 13 17 (952 0 1512 ) (952 0 1641 ) (952 248 1641 ) (952 248 1512 ) 
4 14 22 (880 368 1504 ) (888 368 1504 ) (888 248 1504 ) (880 248 1504 ) 
4 14 20 (928 368 1504 ) (936 368 1504 ) (936 248 1504 ) (928 248 1504 ) 
4 14 21 (888 368 1504 ) (928 368 1504 ) (928 248 1504 ) (888 248 1504 ) 
4 14 18 (696 248 1504 ) (944 248 1504 ) (944 248 1664 ) (696 248 1664 ) 
4 14 15 (696 360 1504 ) (696 344 1504 ) (696 344 1664 ) (696 360 1664 ) 
4 14 16 (696 344 1504 ) (696 248 1504 ) (696 248 1664 ) (696 344 1664 ) 
4 15 16 (696 344 1504 ) (696 344 1664 ) (680 344 1664 ) (680 344 1504 ) 
4 16 18 (656 248 1664 ) (656 248 1504 ) (696 248 1504 ) (696 248 1664 ) 
4 17 67 (952 0 1512 ) (952 0 1600 ) (944 0 1600 ) (944 0 1512 ) 
4 17 65 (952 0 1600 ) (952 0 1641 ) (944 0 1641 ) (944 0 1600 ) 
4 17 18 (944 248 1641 ) (944 248 1512 ) (944 0 1512 ) (944 0 1641 ) 
4 18 72 (656 0 1664 ) (656 0 1627.345459 ) (944 0 1627.345459 ) (944 0 1664 ) 
4 18 68 (656 0 1627.345459 ) (656 0 1504 ) (944 0 1504 ) (944 0 1627.345459 ) 
4 18 22 (888 0 1504 ) (880 0 1504 ) (880 248 1504 ) (888 248 1504 ) 
4 18 20 (936 0 1504 ) (928 0 1504 ) (928 248 1504 ) (936 248 1504 ) 
4 18 21 (928 0 1504 ) (888 0 1504 ) (888 248 1504 ) (928 248 1504 ) 
4 19 60 (1024 0 1496 ) (1024 0 1504 ) (952 0 1504 ) (952 0 1496 ) 
3 20 73 (936 0 1504 ) (928 0 1504 ) (928 0 1496 ) 
4 20 21 (928 0 1496 ) (928 0 1504 ) (928 368 1504 ) (928 368 1496 ) 
4 21 74 (928 0 1504 ) (888 0 1504 ) (888 0 1448 ) (928 0 1448 ) 
4 21 22 (888 0 1496 ) (888 0 1504 ) (888 368 1504 ) (888 368 1496 ) 
3 22 75 (888 0 1504 ) (880 0 1504 ) (888 0 1496 ) 
4 24 76 (944 0 1028 ) (656 0 1028 ) (656 0 868 ) (944 0 868 ) 
4 26 29 (720 192 184 ) (480 192 184 ) (480 344 184 ) (720 344 184 ) 
4 26 28 (912 344 184 ) (912 192 184 ) (720 192 184 ) (720 344 184 ) 
4 27 80 (1000 0 304 ) (752 0 304 ) (752 0 200 ) (1000 0 200 ) 
4 28 29 (720 192 184 ) (720 368 184 ) (720 368 32 ) (720 192 32 ) 
4 29 81 (720 0 32 ) (720 0 184 ) (480 0 184 ) (480 0 32 ) 
4 30 58 (1024 0 1664 ) (1024 0 1600 ) (1024 -32 1600 ) (1024 -32 1664 ) 
4 30 33 (1024 -32 1600 ) (1024 0 1600 ) (1216 0 1600 ) (1216 -32 1600 ) 
4 31 32 (1176 -632 1600 ) (1176 -888 1600 ) (1176 -888 1760 ) (1176 -632 1760 ) 
4 32 59 (1024 -632 1600 ) (1024 -888 1600 ) (1024 -888 1760 ) (1024 -632 1760 ) 
4 33 60 (1024 0 1600 ) (1024 0 1496 ) (1024 -32 1496 ) (1024 -32 1600 ) 
4 34 39 (1632 -152 192 ) (1744 -152 192 ) (1744 -480 192 ) (1632 -480 192 ) 
4 34 35 (1632 -152 248 ) (1632 -152 192 ) (1632 -256 192 ) (1632 -256 248 ) 
4 35 47 (1228 -152 192 ) (1424 -152 192 ) (1424 -256 192 ) (1228 -256 192 ) 
4 35 41 (1424 -152 192 ) (1592 -152 192 ) (1592 -256 192 ) (1424 -256 192 ) 
4 35 39 (1592 -152 192 ) (1632 -152 192 ) (1632 -256 192 ) (1592 -256 192 ) 
4 35 36 (1228 -152 202 ) (1228 -152 192 ) (1228 -161 192 ) (1228 -161 202 ) 
4 35 37 (1228 -161 192 ) (1228 -256 192 ) (1228 -256 248 ) (1228 -161 248 ) 
4 36 55 (1056 -161 192 ) (1056 -152 192 ) (1168 -152 192 ) (1168 -161 192 ) 
4 36 47 (1168 -152 192 ) (1228 -152 192 ) (1228 -161 192 ) (1168 -161 192 ) 
4 36 37 (1056 -161 202 ) (1056 -161 192 ) (1228 -161 192 ) (1228 -161 202 ) 
4 37 55 (1056 -256 192 ) (1056 -161 192 ) (1168 -161 192 ) (1168 -256 192 ) 
4 37 47 (1168 -161 192 ) (1228 -161 192 ) (1228 -256 192 ) (1168 -256 192 ) 
4 38 44 (1592 0 32 ) (1808 0 32 ) (1808 -112 32 ) (1592 -112 32 ) 
4 38 41 (1592 0 32 ) (1592 -112 32 ) (1592 -112 192 ) (1592 0 192 ) 
4 38 39 (1592 -112 192 ) (1592 -112 32 ) (1792 -112 32 ) (1792 -112 192 ) 
4 39 42 (1592 -288 32 ) (1592 -328 32 ) (1592 -328 192 ) (1592 -288 192 ) 
4 39 41 (1592 -112 32 ) (1592 -288 32 ) (1592 -288 192 ) (1592 -112 192 ) 
4 39 40 (1592 -480 160 ) (1592 -480 32 ) (1792 -480 32 ) (1792 -480 160 ) 
4 40 43 (1592 -504 32 ) (1792 -504 32 ) (1792 -504 160 ) (1592 -504 160 ) 
4 41 52 (1424 -128 48 ) (1424 -128 32 ) (1424 -288 32 ) (1424 -288 48 ) 
4 41 50 (1424 -128 174 ) (1424 -128 48 ) (1424 -287 48 ) (1424 -287 174 ) 
4 41 49 (1424 -128 176 ) (1424 -128 174 ) (1424 -287 174 ) (1424 -287 176 ) 
4 41 47 (1424 -288 192 ) (1424 -128 192 ) (1424 -128 176 ) (1424 -288 176 ) 
4 41 44 (1424 -112 32 ) (1424 0 32 ) (1592 0 32 ) (1592 -112 32 ) 
4 41 42 (1552 -288 32 ) (1592 -288 32 ) (1592 -288 192 ) (1552 -288 192 ) 
4 45 46 (1264 -112 160 ) (1120 -112 160 ) (1120 -112 28 ) (1264 -112 28 ) 
4 46 55 (1168 -128 192 ) (1120 -128 192 ) (1120 -128 32 ) (1168 -128 32 ) 
4 46 52 (1168 -128 48 ) (1168 -128 32 ) (1264 -128 32 ) (1264 -128 48 ) 
4 46 50 (1168 -128 174 ) (1168 -128 48 ) (1264 -128 48 ) (1264 -128 174 ) 
4 46 49 (1168 -128 176 ) (1168 -128 174 ) (1264 -128 174 ) (1264 -128 176 ) 
4 46 47 (1264 -128 192 ) (1168 -128 192 ) (1168 -128 176 ) (1264 -128 176 ) 
4 47 55 (1168 -128 192 ) (1168 -128 176 ) (1168 -288 176 ) (1168 -288 192 ) 
4 47 49 (1168 -287 176 ) (1168 -128 176 ) (1424 -128 176 ) (1424 -287 176 ) 
4 48 57 (1168 -304 176 ) (1168 -305 176 ) (1168 -305 192 ) (1168 -304 192 ) 
4 48 54 (1168 -305 192 ) (1168 -305 176 ) (1424 -305 176 ) (1424 -305 192 ) 
4 49 55 (1168 -128 176 ) (1168 -128 174 ) (1168 -287 174 ) (1168 -287 176 ) 
4 49 50 (1168 -287 174 ) (1168 -128 174 ) (1424 -128 174 ) (1424 -287 174 ) 
4 50 55 (1168 -128 174 ) (1168 -128 48 ) (1168 -287 48 ) (1168 -287 174 ) 
4 50 52 (1168 -287 48 ) (1168 -128 48 ) (1424 -128 48 ) (1424 -287 48 ) 
4 50 51 (1170 -287 48 ) (1422 -287 48 ) (1422 -287 174 ) (1170 -287 174 ) 
4 51 54 (1170 -305 48 ) (1422 -305 48 ) (1422 -305 174 ) (1170 -305 174 ) 
4 51 53 (1422 -305 48 ) (1170 -305 48 ) (1170 -304 48 ) (1422 -304 48 ) 
4 51 52 (1170 -288 48 ) (1170 -287 48 ) (1422 -287 48 ) (1422 -288 48 ) 
4 52 55 (1168 -128 48 ) (1168 -128 32 ) (1168 -288 32 ) (1168 -288 48 ) 
4 53 57 (1168 -305 32 ) (1168 -305 48 ) (1168 -304 48 ) (1168 -304 32 ) 
4 53 54 (1168 -305 48 ) (1168 -305 32 ) (1424 -305 32 ) (1424 -305 48 ) 
4 54 57 (1168 -528 32 ) (1168 -528 192 ) (1168 -305 192 ) (1168 -305 32 ) 
4 55 56 (1040 -144 32 ) (1040 -272 32 ) (1040 -272 162 ) (1040 -144 162 ) 
4 56 82 (1024 -144 162 ) (1024 -144 32 ) (1024 -272 32 ) (1024 -272 162 ) 
4 58 65 (952 0 1641 ) (952 0 1600 ) (952 -8 1600 ) (952 -8 1641 ) 
4 58 60 (952 -32 1600 ) (952 0 1600 ) (1024 0 1600 ) (1024 -32 1600 ) 
4 59 66 (952 -632 1600 ) (952 -888 1600 ) (952 -888 1664 ) (952 -632 1664 ) 
4 59 64 (952 -888 1664 ) (952 -888 1760 ) (952 -632 1760 ) (952 -632 1664 ) 
4 60 67 (952 0 1600 ) (952 0 1512 ) (952 -8 1512 ) (952 -8 1600 ) 
4 61 82 (1000 -8 304 ) (1000 -120 304 ) (952 -120 304 ) (952 -8 304 ) 
3 61 77 (952 -8 304 ) (952 -120 304 ) (952 -120 408 ) 
4 61 62 (1000 -120 304 ) (1000 -120 408 ) (952 -120 408 ) (952 -120 304 ) 
4 62 83 (1000 -274 304 ) (1000 -464 304 ) (952 -464 304 ) (952 -274 304 ) 
4 62 82 (1000 -120 304 ) (1000 -274 304 ) (952 -274 304 ) (952 -120 304 ) 
4 62 78 (952 -120 304 ) (952 -464 304 ) (952 -464 528 ) (952 -120 528 ) 
4 62 63 (1000 -464 304 ) (1000 -464 408 ) (952 -464 408 ) (952 -464 304 ) 
4 63 83 (1000 -464 304 ) (1000 -576 304 ) (952 -576 304 ) (952 -464 304 ) 
3 63 79 (952 -464 304 ) (952 -576 304 ) (952 -464 408 ) 
4 64 68 (944 -632 1664 ) (944 -888 1664 ) (944 -888 1760 ) (944 -632 1760 ) 
4 64 66 (944 -888 1664 ) (944 -632 1664 ) (952 -632 1664 ) (952 -888 1664 ) 
4 65 72 (944 0 1641 ) (944 0 1627.345459 ) (944 -8 1629.090942 ) (944 -8 1641 ) 
4 65 68 (944 0 1627.345459 ) (944 0 1600 ) (944 -8 1600 ) (944 -8 1629.090942 ) 
4 65 67 (944 -8 1600 ) (944 0 1600 ) (952 0 1600 ) (952 -8 1600 ) 
4 66 69 (944 -632 1600 ) (944 -888 1600 ) (944 -888 1661.090942 ) (944 -632 1605.236328 ) 
4 66 68 (944 -888 1661.090942 ) (944 -888 1664 ) (944 -632 1664 ) (944 -632 1605.236328 ) 
4 67 68 (944 0 1600 ) (944 0 1512 ) (944 -8 1512 ) (944 -8 1600 ) 
4 68 75 (880 0 1504 ) (888 0 1504 ) (888 -144 1504 ) (880 -144 1504 ) 
4 68 73 (928 0 1504 ) (936 0 1504 ) (936 -144 1504 ) (928 -144 1504 ) 
4 68 74 (888 0 1504 ) (928 0 1504 ) (928 -144 1504 ) (888 -144 1504 ) 
4 68 72 (656 0 1627.344604 ) (656 -168.003357 1664 ) (944 -168.002136 1664 ) (944 0 1627.344971 ) 
4 68 70 (888 -888 1760 ) (864 -888 1760 ) (864 -888 1661.090942 ) (888 -888 1661.090942 ) 
4 68 71 (864 -888 1760 ) (656 -888 1760 ) (656 -888 1661.090942 ) (864 -888 1661.090942 ) 
4 68 69 (944 -888 1661.090820 ) (656 -888 1661.090820 ) (656 -608 1600 ) (944 -608 1600 ) 
4 69 70 (888 -888 1661.090942 ) (864 -888 1661.090942 ) (864 -888 1600 ) (888 -888 1600 ) 
4 69 71 (864 -888 1661.090942 ) (656 -888 1661.090942 ) (656 -888 1600 ) (864 -888 1600 ) 
4 70 71 (864 -888 1760 ) (864 -888 1600 ) (864 -912 1600 ) (864 -912 1760 ) 
4 71 107 (656 -1024 1760 ) (656 -1024 1600 ) (816 -1024 1600 ) (816 -1024 1760 ) 
4 71 100 (816 -1024 1600 ) (864 -1024 1600 ) (864 -1024 1760 ) (816 -1024 1760 ) 
4 73 74 (928 -144 1496 ) (928 -144 1504 ) (928 0 1504 ) (928 0 1496 ) 
4 74 75 (888 -144 1496 ) (888 -144 1504 ) (888 0 1504 ) (888 0 1496 ) 
4 77 82 (952 -8 304 ) (952 -120 304 ) (320 -120 304 ) (320 -8 304 ) 
4 77 78 (320 -120 408 ) (320 -120 304 ) (952 -120 304 ) (952 -120 408 ) 
4 78 84 (383 -310 304 ) (383 -274 304 ) (426 -274 304 ) (426 -310 304 ) 
4 78 86 (426 -464 304 ) (383 -464 304 ) (383 -310 304 ) (426 -310 304 ) 
4 78 87 (383 -464 304 ) (320 -464 304 ) (320 -274 304 ) (383 -274 304 ) 
4 78 83 (952 -274 304 ) (952 -464 304 ) (426 -464 304 ) (426 -274 304 ) 
4 78 82 (952 -120 304 ) (952 -274 304 ) (320 -274 304 ) (320 -120 304 ) 
4 78 79 (320 -464 408 ) (320 -464 304 ) (952 -464 304 ) (952 -464 408 ) 
4 79 86 (426 -576 304 ) (383 -576 304 ) (383 -464 304 ) (426 -464 304 ) 
4 79 87 (383 -576 304 ) (320 -576 304 ) (320 -464 304 ) (383 -464 304 ) 
4 79 83 (952 -464 304 ) (952 -576 304 ) (426 -576 304 ) (426 -464 304 ) 
4 80 82 (1000 -8 200 ) (1000 -8 304 ) (752 -8 304 ) (752 -8 200 ) 
4 81 82 (480 -8 28 ) (720 -8 28 ) (720 -8 184 ) (480 -8 184 ) 
4 82 89 (472 -16 28 ) (472 -128 28 ) (280 -128 28 ) (280 -16 28 ) 
4 82 84 (426 -274 112 ) (426 -274 304 ) (383 -274 304 ) (383 -274 112 ) 
4 82 85 (383 -274 28 ) (426 -274 28 ) (426 -274 59.067802 ) (383 -274 59.067802 ) 
4 82 87 (256 -274 304 ) (256 -274 28 ) (383 -274 28 ) (383 -274 304 ) 
4 82 83 (426 -274 28 ) (1024 -274 28 ) (1024 -274 304 ) (426 -274 304 ) 
4 83 88 (928 -533 28 ) (785 -533 28 ) (785 -301 28 ) (928 -301 28 ) 
4 83 84 (426 -274 304 ) (426 -274 112 ) (426 -310 112 ) (426 -310 304 ) 
4 83 85 (426 -274 59.067802 ) (426 -274 28 ) (426 -310 28 ) (426 -310 59.067802 ) 
4 83 86 (426 -310 28 ) (426 -576 28 ) (426 -576 304 ) (426 -310 304 ) 
4 84 87 (383 -274 304 ) (383 -274 112 ) (383 -310 112 ) (383 -310 304 ) 
4 84 86 (383 -310 304 ) (383 -310 112 ) (426 -310 112 ) (426 -310 304 ) 
4 85 86 (383 -310 59.067802 ) (383 -310 28 ) (426 -310 28 ) (426 -310 59.067802 ) 
4 85 87 (383 -274 59.067802 ) (383 -274 28 ) (383 -310 28 ) (383 -310 59.067802 ) 
4 86 87 (383 -310 28 ) (383 -576 28 ) (383 -576 304 ) (383 -310 304 ) 
4 90 136 (2048 -2048 1816 ) (2048 -2048 2664 ) (1728 -2048 2664 ) (1728 -2048 1816 ) 
4 90 91 (1728 -2048 2664 ) (1728 -1968 2664 ) (1728 -1968 1816 ) (1728 -2048 1816 ) 
4 91 136 (1728 -2048 1816 ) (1728 -2048 2664 ) (1024 -2048 2664 ) (1024 -2048 1816 ) 
4 91 93 (1024 -2048 1816 ) (1024 -2048 2664 ) (1024 -1056 2664 ) (1024 -1056 1816 ) 
4 91 92 (1024 -2048 1816 ) (1024 -1440 1816 ) (1344 -1440 1816 ) (1344 -2048 1816 ) 
4 92 137 (1344 -2048 1816 ) (1024 -2048 1816 ) (1024 -2048 1594 ) (1344 -2048 1594 ) 
4 92 114 (1024 -2048 1594 ) (1024 -2048 1600 ) (1024 -1440 1600 ) (1024 -1440 1594 ) 
4 92 104 (1024 -2048 1600 ) (1024 -2048 1760 ) (1024 -1544 1760 ) (1024 -1544 1600 ) 
4 92 102 (1024 -1544 1760 ) (1024 -1440 1760 ) (1024 -1440 1600 ) (1024 -1544 1600 ) 
4 92 94 (1024 -2048 1760 ) (1024 -2048 1816 ) (1024 -1440 1816 ) (1024 -1440 1760 ) 
4 93 141 (1024 -2048 1816 ) (1024 -2048 2664 ) (0 -2048 2664 ) (0 -2048 1816 ) 
4 93 99 (448 -2048 1816 ) (368 -2048 1816 ) (368 -1433 1816 ) (448 -1433 1816 ) 
4 93 95 (952 -2048 1816 ) (448 -2048 1816 ) (448 -1433 1816 ) (952 -1433 1816 ) 
4 93 94 (1024 -2048 1816 ) (952 -2048 1816 ) (952 -1440 1816 ) (1024 -1440 1816 ) 
4 94 142 (1024 -2048 1760 ) (1024 -2048 1816 ) (952 -2048 1816 ) (952 -2048 1760 ) 
4 94 105 (960 -2048 1760 ) (952 -2048 1760 ) (952 -1552 1760 ) (960 -1552 1760 ) 
4 94 104 (1024 -1544 1760 ) (1024 -2048 1760 ) (960 -2048 1760 ) (960 -1544 1760 ) 
4 94 102 (1024 -1440 1760 ) (1024 -1544 1760 ) (952 -1544 1760 ) (952 -1440 1760 ) 
4 94 96 (952 -1553 1768 ) (952 -1553 1792 ) (952 -1544 1792 ) (952 -1544 1768 ) 
4 94 97 (952 -1553 1760 ) (952 -2048 1760 ) (952 -2048 1792 ) (952 -1553 1792 ) 
4 94 95 (952 -2048 1792 ) (952 -2048 1816 ) (952 -1440 1816 ) (952 -1440 1792 ) 
4 95 142 (952 -2048 1816 ) (448 -2048 1816 ) (448 -2048 1792 ) (952 -2048 1792 ) 
4 95 99 (448 -2048 1792 ) (448 -2048 1816 ) (448 -1433 1816 ) (448 -1433 1792 ) 
4 95 98 (448 -2048 1792 ) (448 -1433 1792 ) (648 -1433 1792 ) (648 -2048 1792 ) 
4 95 96 (952 -1544 1792 ) (952 -1553 1792 ) (648 -1553 1792 ) (648 -1544 1792 ) 
4 95 97 (952 -1553 1792 ) (952 -2048 1792 ) (648 -2048 1792 ) (648 -1553 1792 ) 
4 96 98 (648 -1553 1768 ) (648 -1553 1792 ) (648 -1544 1792 ) (648 -1544 1768 ) 
4 96 97 (648 -1553 1792 ) (648 -1553 1768 ) (952 -1553 1768 ) (952 -1553 1792 ) 
4 97 142 (648 -2048 1760 ) (952 -2048 1760 ) (952 -2048 1792 ) (648 -2048 1792 ) 
4 97 120 (656 -2048 1760 ) (648 -2048 1760 ) (648 -1553 1760 ) (656 -1553 1760 ) 
4 97 113 (728 -2048 1760 ) (656 -2048 1760 ) (656 -1553 1760 ) (728 -1553 1760 ) 
4 97 111 (816 -2048 1760 ) (728 -2048 1760 ) (728 -1553 1760 ) (816 -1553 1760 ) 
4 97 105 (952 -2048 1760 ) (904 -2048 1760 ) (904 -1553 1760 ) (952 -1553 1760 ) 
4 97 106 (904 -2048 1760 ) (816 -2048 1760 ) (816 -1553 1760 ) (904 -1553 1760 ) 
4 97 98 (648 -1553 1760 ) (648 -2048 1760 ) (648 -2048 1792 ) (648 -1553 1792 ) 
4 98 142 (448 -2048 1792 ) (448 -2048 1760 ) (648 -2048 1760 ) (648 -2048 1792 ) 
4 98 121 (648 -2048 1760 ) (448 -2048 1760 ) (448 -1432 1760 ) (648 -1432 1760 ) 
4 98 99 (448 -1433 1760 ) (448 -2048 1760 ) (448 -2048 1792 ) (448 -1433 1792 ) 
4 99 142 (448 -2048 1816 ) (368 -2048 1816 ) (368 -2048 1760 ) (448 -2048 1760 ) 
4 99 122 (448 -2048 1760 ) (368 -2048 1760 ) (368 -1433 1760 ) (448 -1433 1760 ) 
4 100 107 (816 -1024 1600 ) (816 -1072 1600 ) (816 -1072 1760 ) (816 -1024 1760 ) 
4 101 111 (816 -1392 1600 ) (816 -1440 1600 ) (816 -1440 1760 ) (816 -1392 1760 ) 
3 101 110 (816 -1392 1600 ) (816 -1392 1760 ) (816 -1391 1760 ) 
4 101 103 (816 -1440 1760 ) (816 -1440 1600 ) (933.550903 -1440 1600 ) (936 -1440 1760 ) 
4 102 114 (1024 -1440 1600 ) (1024 -1544 1600 ) (952 -1544 1600 ) (952 -1440 1600 ) 
4 102 104 (960 -1544 1600 ) (1024 -1544 1600 ) (1024 -1544 1760 ) (960 -1544 1760 ) 
4 103 111 (816 -1440 1600 ) (816 -1544 1600 ) (816 -1544 1760 ) (816 -1440 1760 ) 
4 103 106 (816 -1544 1760 ) (816 -1544 1600 ) (904 -1544 1600 ) (904 -1544 1760 ) 
4 104 142 (1024 -2048 1600 ) (1024 -2048 1760 ) (960 -2048 1760 ) (960 -2048 1600 ) 
4 104 114 (1024 -1544 1600 ) (1024 -2048 1600 ) (960 -2048 1600 ) (960 -1544 1600 ) 
4 104 105 (960 -1552 1600 ) (960 -2048 1600 ) (960 -2048 1760 ) (960 -1552 1760 ) 
4 105 142 (960 -2048 1760 ) (904 -2048 1760 ) (904 -2048 1600 ) (960 -2048 1600 ) 
4 105 115 (952 -2048 1600 ) (904 -2048 1600 ) (904 -1552 1600 ) (952 -1552 1600 ) 
4 105 114 (960 -2048 1600 ) (952 -2048 1600 ) (952 -1552 1600 ) (960 -1552 1600 ) 
4 105 106 (904 -1552 1600 ) (904 -2048 1600 ) (904 -2048 1760 ) (904 -1552 1760 ) 
4 106 142 (904 -2048 1760 ) (816 -2048 1760 ) (816 -2048 1600 ) (904 -2048 1600 ) 
4 106 115 (904 -2048 1600 ) (816 -2048 1600 ) (816 -1552 1600 ) (904 -1552 1600 ) 
4 106 111 (816 -1544 1600 ) (816 -2048 1600 ) (816 -2048 1760 ) (816 -1544 1760 ) 
4 107 117 (656 -1240 1760 ) (656 -1232 1760 ) (656 -1232 1616 ) (656 -1240 1616 ) 
4 107 116 (656 -1232 1760 ) (656 -1152 1760 ) (656 -1152 1600 ) (656 -1232 1600 ) 
4 107 108 (656 -1240 1760 ) (656 -1240 1604 ) (816 -1240 1604 ) (816 -1240 1760 ) 
4 108 118 (656 -1248 1760 ) (656 -1240 1760 ) (656 -1240 1616 ) (656 -1248 1616 ) 
4 108 109 (656 -1248 1760 ) (656 -1248 1608 ) (816 -1248 1608 ) (816 -1248 1760 ) 
4 109 118 (656 -1384 1760 ) (656 -1248 1760 ) (656 -1248 1616 ) (656 -1384 1616 ) 
4 109 110 (656 -1384 1760 ) (656 -1384 1608 ) (816 -1384 1608 ) (816 -1384 1760 ) 
4 110 118 (656 -1392 1760 ) (656 -1384 1760 ) (656 -1384 1616 ) (656 -1392 1616 ) 
4 110 112 (656 -1392 1760 ) (656 -1392 1604 ) (728 -1392 1604 ) (728 -1392 1760 ) 
4 110 111 (728 -1392 1604 ) (816 -1392 1604 ) (816 -1392 1760 ) (728 -1392 1760 ) 
4 111 142 (816 -2048 1760 ) (728 -2048 1760 ) (728 -2048 1600 ) (816 -2048 1600 ) 
4 111 115 (816 -1552 1600 ) (816 -2048 1600 ) (728 -2048 1600 ) (728 -1552 1600 ) 
4 111 112 (728 -1392 1760 ) (728 -1392 1600 ) (728 -1543 1600 ) (728 -1543 1760 ) 
4 111 113 (728 -1553 1600 ) (728 -2048 1600 ) (728 -2048 1760 ) (728 -1553 1760 ) 
4 112 118 (656 -1400 1760 ) (656 -1392 1760 ) (656 -1392 1616 ) (656 -1400 1616 ) 
4 113 142 (728 -2048 1760 ) (656 -2048 1760 ) (656 -2048 1600 ) (728 -2048 1600 ) 
4 113 120 (656 -2048 1760 ) (656 -1553 1760 ) (656 -1553 1600 ) (656 -2048 1600 ) 
4 113 115 (656 -2048 1600 ) (656 -1553 1600 ) (728 -1553 1600 ) (728 -2048 1600 ) 
4 114 142 (1024 -2048 1594 ) (1024 -2048 1600 ) (952 -2048 1600 ) (952 -2048 1594 ) 
4 114 115 (952 -2048 1594 ) (952 -2048 1600 ) (952 -1552 1600 ) (952 -1552 1594 ) 
4 115 142 (952 -2048 1594 ) (952 -2048 1600 ) (656 -2048 1600 ) (656 -2048 1594 ) 
4 115 120 (656 -2048 1594 ) (656 -2048 1600 ) (656 -1553 1600 ) (656 -1553 1594 ) 
4 116 117 (656 -1232 1616 ) (656 -1232 1760 ) (512 -1232 1760 ) (512 -1232 1616 ) 
4 117 119 (512 -1240 1616 ) (648 -1240 1616 ) (648 -1240 1760 ) (512 -1240 1760 ) 
4 117 118 (648 -1240 1616 ) (656 -1240 1616 ) (656 -1240 1760 ) (648 -1240 1760 ) 
4 118 119 (648 -1240 1760 ) (648 -1240 1616 ) (648 -1400 1616 ) (648 -1400 1760 ) 
4 120 142 (656 -2048 1594 ) (656 -2048 1760 ) (648 -2048 1760 ) (648 -2048 1594 ) 
4 120 121 (648 -1553 1594 ) (648 -2048 1594 ) (648 -2048 1760 ) (648 -1553 1760 ) 
4 121 142 (648 -2048 1594 ) (648 -2048 1760 ) (448 -2048 1760 ) (448 -2048 1594 ) 
4 121 122 (448 -2048 1594 ) (448 -2048 1760 ) (448 -1433 1760 ) (448 -1433 1594 ) 
4 122 142 (448 -2048 1594 ) (448 -2048 1760 ) (368 -2048 1760 ) (368 -2048 1594 ) 
4 123 136 (2048 -2048 2664 ) (2048 -2048 1816 ) (2048 -3072 1816 ) (2048 -3072 2664 ) 
4 123 125 (2112 -3072 1816 ) (2112 -3072 2664 ) (2048 -3072 2664 ) (2048 -3072 1816 ) 
4 124 128 (3616 -4096 1816 ) (3616 -4096 2664 ) (3072 -4096 2664 ) (3072 -4096 1816 ) 
4 124 127 (3072 -4096 1816 ) (3072 -4096 2664 ) (3072 -3776 2664 ) (3072 -3776 1816 ) 
4 124 126 (3072 -3776 2664 ) (3072 -3368 2664 ) (3072 -3368 1816 ) (3072 -3776 1816 ) 
4 125 143 (2048 -3368 1816 ) (2048 -3368 2664 ) (2048 -3072 2664 ) (2048 -3072 1816 ) 
4 125 126 (2048 -3368 2664 ) (2048 -3368 1816 ) (2112 -3368 1816 ) (2112 -3368 2664 ) 
4 126 143 (2048 -3776 1816 ) (2048 -3776 2664 ) (2048 -3368 2664 ) (2048 -3368 1816 ) 
4 126 127 (3072 -3776 1816 ) (3072 -3776 2664 ) (2048 -3776 2664 ) (2048 -3776 1816 ) 
4 127 144 (2048 -4096 1594 ) (2048 -4096 2664 ) (2048 -3776 2664 ) (2048 -3776 1594 ) 
4 127 130 (3072 -4096 1594 ) (3072 -4096 2664 ) (2048 -4096 2664 ) (2048 -4096 1594 ) 
4 128 130 (3072 -4096 2664 ) (3072 -4096 1816 ) (3072 -4864 1816 ) (3072 -4864 2664 ) 
4 128 129 (3616 -4864 1816 ) (3616 -4864 2664 ) (3072 -4864 2664 ) (3072 -4864 1816 ) 
4 129 131 (3072 -5072 1816 ) (3072 -5072 2664 ) (3072 -4864 2664 ) (3072 -4864 1816 ) 
4 130 196 (2048 -4864 1594 ) (2048 -4864 1784 ) (2048 -4272 1784 ) (2048 -4272 1594 ) 
4 130 189 (2048 -4272 1784 ) (2048 -4192 1784 ) (2048 -4192 1594 ) (2048 -4272 1594 ) 
4 130 188 (2048 -4096 1664 ) (2048 -4096 1594 ) (2048 -4192 1594 ) (2048 -4192 1664 ) 
4 130 185 (2048 -4096 1669 ) (2048 -4096 1664 ) (2048 -4192 1664 ) (2048 -4192 1669 ) 
4 130 174 (2048 -4192 1784 ) (2048 -4096 1784 ) (2048 -4096 1669 ) (2048 -4192 1669 ) 
4 130 169 (2048 -4864 1784 ) (2048 -4864 2664 ) (2048 -4656 2664 ) (2048 -4656 1784 ) 
4 130 167 (2048 -4648 1784 ) (2048 -4656 1784 ) (2048 -4656 1848 ) (2048 -4648 1848 ) 
4 130 164 (2048 -4312 1784 ) (2048 -4648 1784 ) (2048 -4648 1848 ) (2048 -4312 1848 ) 
4 130 162 (2048 -4656 1848 ) (2048 -4656 1912.040039 ) (2048 -4312 1912.040039 ) (2048 -4312 1848 ) 
4 130 159 (2048 -4256 1784 ) (2048 -4312 1784 ) (2048 -4312 1848 ) (2048 -4304 1848 ) 
3 130 158 (2048 -4312 1848 ) (2048 -4312 1858.666748 ) (2048 -4304 1848 ) 
5 130 157 (2048 -4096 1912.040039 ) (2048 -4096 1784 ) (2048 -4256 1784 ) (2048 -4312 1858.666748 ) (2048 -4312 1912.040039 ) 
4 130 152 (2048 -4656 2664 ) (2048 -4096 2664 ) (2048 -4096 1912.040039 ) (2048 -4656 1912.040039 ) 
4 130 133 (2496 -4864 2664 ) (2048 -4864 2664 ) (2048 -4864 1594 ) (2496 -4864 1594 ) 
4 130 131 (3072 -4864 2664 ) (2496 -4864 2664 ) (2496 -4864 1816 ) (3072 -4864 1816 ) 
4 131 133 (2496 -4864 2664 ) (2496 -4864 1816 ) (2496 -5072 1816 ) (2496 -5072 2664 ) 
4 131 132 (2496 -5072 2664 ) (2496 -5072 1816 ) (2816 -5072 1816 ) (2816 -5072 2664 ) 
4 132 134 (2816 -5120 1816 ) (2816 -5120 2664 ) (2496 -5120 2664 ) (2496 -5120 1816 ) 
4 132 133 (2496 -5120 1816 ) (2496 -5120 2664 ) (2496 -5072 2664 ) (2496 -5072 1816 ) 
4 133 197 (2048 -5120 1594 ) (2048 -5120 1784 ) (2048 -4864 1784 ) (2048 -4864 1594 ) 
4 133 172 (2048 -5120 1784 ) (2048 -5120 2664 ) (2048 -5072 2664 ) (2048 -5072 1784 ) 
4 133 169 (2048 -5072 2664 ) (2048 -4864 2664 ) (2048 -4864 1784 ) (2048 -5072 1784 ) 
4 133 135 (2048 -5120 2664 ) (2048 -5120 1594 ) (2496 -5120 1594 ) (2496 -5120 2664 ) 
4 134 135 (2496 -5520 1816 ) (2496 -5520 2664 ) (2496 -5120 2664 ) (2496 -5120 1816 ) 
4 135 265 (2048 -5520 1594 ) (2048 -5520 2664 ) (2048 -5120 2664 ) (2048 -5120 1594 ) 
4 136 146 (1232 -3072 2664 ) (1024 -3072 2664 ) (1024 -3072 1816 ) (1232 -3072 1816 ) 
4 136 143 (2048 -3072 1816 ) (2048 -3072 2664 ) (1912 -3072 2664 ) (1912 -3072 1816 ) 
4 136 145 (1912 -3072 2664 ) (1232 -3072 2664 ) (1232 -3072 1816 ) (1912 -3072 1816 ) 
4 136 141 (1024 -2048 2664 ) (1024 -2048 1816 ) (1024 -3072 1816 ) (1024 -3072 2664 ) 
4 136 139 (1024 -2816 1816 ) (1024 -2152 1816 ) (1232 -2152 1816 ) (1232 -2816 1816 ) 
4 136 138 (1912 -3072 1816 ) (1232 -3072 1816 ) (1232 -2152 1816 ) (1912 -2152 1816 ) 
4 136 137 (1024 -2152 1816 ) (1024 -2048 1816 ) (1344 -2048 1816 ) (1344 -2152 1816 ) 
4 137 142 (1024 -2048 1816 ) (1024 -2048 1594 ) (1024 -2152 1594 ) (1024 -2152 1816 ) 
4 137 139 (1024 -2152 1594 ) (1232 -2152 1594 ) (1232 -2152 1816 ) (1024 -2152 1816 ) 
4 137 138 (1232 -2152 1594 ) (1344 -2152 1594 ) (1344 -2152 1816 ) (1232 -2152 1816 ) 
4 138 145 (1912 -3072 1816 ) (1232 -3072 1816 ) (1232 -3072 1594 ) (1912 -3072 1594 ) 
4 138 140 (1776 -2801 1594 ) (1776 -3072 1594 ) (1408 -3072 1594 ) (1408 -2801 1594 ) 
4 138 139 (1232 -2152 1816 ) (1232 -2152 1594 ) (1232 -2816 1594 ) (1232 -2816 1816 ) 
4 139 142 (1024 -2152 1594 ) (1024 -2816 1594 ) (1024 -2816 1816 ) (1024 -2152 1816 ) 
4 140 148 (1776 -3072 1440 ) (1776 -3072 1594 ) (1408 -3072 1594 ) (1408 -3072 1440 ) 
4 141 149 (1024 -3072 1816 ) (1024 -3072 2664 ) (0 -3072 2664 ) (0 -3072 1816 ) 
4 141 142 (368 -2048 1816 ) (1024 -2048 1816 ) (1024 -2816 1816 ) (368 -2816 1816 ) 
4 143 144 (1912 -3776 2664 ) (1912 -3776 1816 ) (2048 -3776 1816 ) (2048 -3776 2664 ) 
4 143 145 (1912 -3776 1816 ) (1912 -3776 2664 ) (1912 -3072 2664 ) (1912 -3072 1816 ) 
4 144 188 (2048 -4096 1594 ) (2048 -4096 1664 ) (1912 -4096 1664 ) (1912 -4096 1594 ) 
4 144 185 (2048 -4096 1664 ) (2048 -4096 1669 ) (1912 -4096 1669 ) (1912 -4096 1664 ) 
4 144 174 (2048 -4096 1669 ) (2048 -4096 1784 ) (1912 -4096 1784 ) (1912 -4096 1669 ) 
4 144 157 (2048 -4096 1784 ) (2048 -4096 1912.040039 ) (1912 -4096 1912.040039 ) (1912 -4096 1784 ) 
4 144 152 (2048 -4096 1912.040039 ) (2048 -4096 2664 ) (1912 -4096 2664 ) (1912 -4096 1912.040039 ) 
4 144 145 (1912 -3776 1594 ) (1912 -4096 1594 ) (1912 -4096 2664 ) (1912 -3776 2664 ) 
4 145 188 (1232 -4096 1664 ) (1232 -4096 1594 ) (1912 -4096 1594 ) (1912 -4096 1664 ) 
4 145 186 (1232 -4096 1669 ) (1232 -4096 1664 ) (1288 -4096 1664 ) (1288 -4096 1669 ) 
4 145 185 (1288 -4096 1664 ) (1912 -4096 1664 ) (1912 -4096 1669 ) (1288 -4096 1669 ) 
4 145 180 (1232 -4096 1701 ) (1232 -4096 1669 ) (1280 -4096 1669 ) (1280 -4096 1701 ) 
4 145 177 (1232 -4096 1784 ) (1232 -4096 1701 ) (1280 -4096 1701 ) (1280 -4096 1784 ) 
4 145 175 (1280 -4096 1669 ) (1288 -4096 1669 ) (1288 -4096 1784 ) (1280 -4096 1784 ) 
4 145 174 (1288 -4096 1669 ) (1912 -4096 1669 ) (1912 -4096 1784 ) (1288 -4096 1784 ) 
4 145 157 (1232 -4096 1912.040039 ) (1232 -4096 1784 ) (1912 -4096 1784 ) (1912 -4096 1912.040039 ) 
4 145 152 (1912 -4096 2664 ) (1232 -4096 2664 ) (1232 -4096 1912.040039 ) (1912 -4096 1912.040039 ) 
4 145 148 (1408 -3104 1594 ) (1408 -3072 1594 ) (1776 -3072 1594 ) (1776 -3104 1594 ) 
4 145 147 (1232 -3776 1594 ) (1232 -4096 1594 ) (1232 -4096 2664 ) (1232 -3776 2664 ) 
4 145 146 (1232 -3360 1816 ) (1232 -3360 2664 ) (1232 -3072 2664 ) (1232 -3072 1816 ) 
4 146 149 (1024 -3072 2664 ) (1024 -3072 1816 ) (1024 -3360 1816 ) (1024 -3360 2664 ) 
4 147 188 (1024 -4096 1664 ) (1024 -4096 1594 ) (1232 -4096 1594 ) (1232 -4096 1664 ) 
4 147 186 (1200 -4096 1664 ) (1232 -4096 1664 ) (1232 -4096 1669 ) (1200 -4096 1669 ) 
4 147 187 (1024 -4096 1669 ) (1024 -4096 1664 ) (1200 -4096 1664 ) (1200 -4096 1669 ) 
4 147 182 (1200 -4096 1669 ) (1208 -4096 1669 ) (1208 -4096 1784 ) (1200 -4096 1784 ) 
4 147 184 (1024 -4096 1784 ) (1024 -4096 1669 ) (1200 -4096 1669 ) (1200 -4096 1784 ) 
4 147 180 (1208 -4096 1669 ) (1232 -4096 1669 ) (1232 -4096 1701 ) (1208 -4096 1701 ) 
4 147 177 (1232 -4096 1701 ) (1232 -4096 1784 ) (1208 -4096 1784 ) (1208 -4096 1701 ) 
4 147 160 (1152 -4096 1784 ) (1160 -4096 1784 ) (1160 -4096 1912.040039 ) (1152 -4096 1912.040039 ) 
4 147 157 (1160 -4096 1784 ) (1232 -4096 1784 ) (1232 -4096 1912.040039 ) (1160 -4096 1912.040039 ) 
4 147 168 (1024 -4096 1912.040039 ) (1024 -4096 1784 ) (1152 -4096 1784 ) (1152 -4096 1912.040039 ) 
4 147 153 (1196 -4096 2664 ) (1148 -4096 2664 ) (1148 -4096 1912.040039 ) (1196 -4096 1912.040039 ) 
4 147 152 (1232 -4096 2664 ) (1196 -4096 2664 ) (1196 -4096 1912.040039 ) (1232 -4096 1912.040039 ) 
4 147 156 (1148 -4096 2664 ) (1024 -4096 2664 ) (1024 -4096 1912.040039 ) (1148 -4096 1912.040039 ) 
4 147 150 (1024 -3776 1594 ) (1024 -4096 1594 ) (1024 -4096 2664 ) (1024 -3776 2664 ) 
4 150 262 (1024 -4096 1594 ) (1024 -4096 2664 ) (928 -4096 2664 ) (928 -4096 1594 ) 
4 150 151 (928 -3776 2664 ) (928 -3776 1816 ) (928 -4096 1816 ) (928 -4096 2664 ) 
4 151 263 (928 -4096 1816 ) (928 -4096 2664 ) (392 -4096 2664 ) (392 -4096 1816 ) 
4 152 170 (1968 -4656 2664 ) (1196 -4656 2664 ) (1196 -4656 1912.040039 ) (1968 -4656 1912.040039 ) 
4 152 169 (2048 -4656 1912.040039 ) (2048 -4656 2664 ) (1968 -4656 2664 ) (1968 -4656 1912.040039 ) 
4 152 162 (2048 -4656 1912.040039 ) (1196 -4656 1912.040039 ) (1196 -4312 1912.040039 ) (2048 -4312 1912.040039 ) 
4 152 157 (1196 -4312 1912.040039 ) (1196 -4096 1912.040039 ) (2048 -4096 1912.040039 ) (2048 -4312 1912.040039 ) 
4 152 154 (1196 -4356 1920 ) (1196 -4356 2664 ) (1196 -4309 2664 ) (1196 -4309 1920 ) 
4 152 153 (1196 -4096 1912.040039 ) (1196 -4309 1912.040039 ) (1196 -4309 2664 ) (1196 -4096 2664 ) 
4 152 155 (1196 -4356 1912.040039 ) (1196 -4656 1912.040039 ) (1196 -4656 2664 ) (1196 -4356 2664 ) 
4 153 160 (1152 -4096 1912.040039 ) (1160 -4096 1912.040039 ) (1160 -4309 1912.040039 ) (1152 -4309 1912.040039 ) 
4 153 157 (1160 -4096 1912.040039 ) (1196 -4096 1912.040039 ) (1196 -4309 1912.040039 ) (1160 -4309 1912.040039 ) 
4 153 168 (1148 -4309 1912.040039 ) (1148 -4096 1912.040039 ) (1152 -4096 1912.040039 ) (1152 -4309 1912.040039 ) 
4 153 154 (1148 -4309 2664 ) (1148 -4309 1920 ) (1196 -4309 1920 ) (1196 -4309 2664 ) 
4 153 156 (1148 -4096 1912.040039 ) (1148 -4309 1912.040039 ) (1148 -4309 2664 ) (1148 -4096 2664 ) 
4 154 156 (1148 -4356 1920 ) (1148 -4356 2664 ) (1148 -4309 2664 ) (1148 -4309 1920 ) 
4 154 155 (1148 -4356 2664 ) (1148 -4356 1920 ) (1196 -4356 1920 ) (1196 -4356 2664 ) 
4 155 170 (1196 -4656 2664 ) (1148 -4656 2664 ) (1148 -4656 1912.040039 ) (1196 -4656 1912.040039 ) 
4 155 163 (1192 -4656 1912.040039 ) (1152 -4656 1912.040039 ) (1152 -4356 1912.040039 ) (1192 -4356 1912.040039 ) 
4 155 162 (1196 -4656 1912.040039 ) (1192 -4656 1912.040039 ) (1192 -4356 1912.040039 ) (1196 -4356 1912.040039 ) 
4 155 168 (1152 -4656 1912.040039 ) (1148 -4656 1912.040039 ) (1148 -4356 1912.040039 ) (1152 -4356 1912.040039 ) 
4 155 156 (1148 -4356 1912.040039 ) (1148 -4656 1912.040039 ) (1148 -4656 2664 ) (1148 -4356 2664 ) 
4 156 262 (1024 -4096 2664 ) (1024 -4096 1912.040039 ) (1024 -4656 1912.040039 ) (1024 -4656 2664 ) 
4 156 170 (1148 -4656 2664 ) (1024 -4656 2664 ) (1024 -4656 1912.040039 ) (1148 -4656 1912.040039 ) 
4 156 168 (1148 -4656 1912.040039 ) (1024 -4656 1912.040039 ) (1024 -4096 1912.040039 ) (1148 -4096 1912.040039 ) 
4 157 209 (1207 -4256 1784 ) (1201 -4256 1784 ) (1201 -4192 1784 ) (1207 -4192 1784 ) 
4 157 208 (1336 -4256 1784 ) (1207 -4256 1784 ) (1207 -4192 1784 ) (1336 -4192 1784 ) 
4 157 210 (1201 -4256 1784 ) (1160 -4256 1784 ) (1160 -4192 1784 ) (1201 -4192 1784 ) 
4 157 198 (1344 -4256 1784 ) (1336 -4256 1784 ) (1336 -4192 1784 ) (1344 -4192 1784 ) 
4 157 194 (1352 -4256 1784 ) (1344 -4256 1784 ) (1344 -4192 1784 ) (1352 -4192 1784 ) 
4 157 192 (1360 -4256 1784 ) (1352 -4256 1784 ) (1352 -4192 1784 ) (1360 -4192 1784 ) 
4 157 190 (1368 -4256 1784 ) (1360 -4256 1784 ) (1360 -4192 1784 ) (1368 -4192 1784 ) 
4 157 189 (2048 -4192 1784 ) (2048 -4256 1784 ) (1368 -4256 1784 ) (1368 -4192 1784 ) 
4 157 183 (1208 -4184 1784 ) (1208 -4192 1784 ) (1200 -4192 1784 ) (1200 -4184 1784 ) 
4 157 182 (1200 -4096 1784 ) (1208 -4096 1784 ) (1208 -4184 1784 ) (1200 -4184 1784 ) 
4 157 184 (1160 -4096 1784 ) (1200 -4096 1784 ) (1200 -4192 1784 ) (1160 -4192 1784 ) 
4 157 178 (1280 -4185 1784 ) (1280 -4191 1784 ) (1208 -4191 1784 ) (1208 -4185 1784 ) 
4 157 177 (1208 -4096 1784 ) (1280 -4096 1784 ) (1280 -4185 1784 ) (1208 -4185 1784 ) 
4 157 179 (1280 -4191 1784 ) (1280 -4192 1784 ) (1208 -4192 1784 ) (1208 -4191 1784 ) 
4 157 176 (1288 -4184 1784 ) (1288 -4192 1784 ) (1280 -4192 1784 ) (1280 -4184 1784 ) 
4 157 175 (1280 -4096 1784 ) (1288 -4096 1784 ) (1288 -4184 1784 ) (1280 -4184 1784 ) 
4 157 174 (1288 -4096 1784 ) (2048 -4096 1784 ) (2048 -4192 1784 ) (1288 -4192 1784 ) 
4 157 162 (2048 -4312 1858.666748 ) (2048 -4312 1912.040039 ) (1192 -4312 1912.040039 ) (1192 -4312 1858.666748 ) 
5 157 160 (1160 -4096 1784 ) (1160 -4256 1784 ) (1160 -4312 1858.666748 ) (1160 -4312 1912.040039 ) (1160 -4096 1912.040039 ) 
4 157 159 (1301.003418 -4256.001953 1784 ) (2048 -4256.001953 1784 ) (2048 -4304.001953 1848 ) (1301.003784 -4304.001953 1848 ) 
4 157 158 (1160 -4312 1858.664063 ) (1160 -4304.001953 1848 ) (2048 -4304.001953 1848 ) (2048 -4312 1858.664063 ) 
4 158 162 (2048 -4312 1848 ) (2048 -4312 1858.666748 ) (1192 -4312 1858.666748 ) (1192 -4312 1848 ) 
3 158 161 (1160 -4312 1848 ) (1160 -4312 1858.666748 ) (1160 -4304 1848 ) 
4 158 159 (2048 -4312 1848 ) (1316.166504 -4312 1848 ) (1300.996216 -4303.998047 1848 ) (2048 -4303.998047 1848 ) 
3 159 208 (1336 -4274.461914 1784 ) (1301 -4256 1784 ) (1336 -4256 1784 ) 
4 159 198 (1344 -4278.681641 1784 ) (1336 -4274.461914 1784 ) (1336 -4256 1784 ) (1344 -4256 1784 ) 
5 159 196 (2048 -4272 1784 ) (2048 -4312 1784 ) (1407.166504 -4312 1784 ) (1344 -4278.681641 1784 ) (1344 -4272 1784 ) 
4 159 194 (1352 -4272 1784 ) (1344 -4272 1784 ) (1344 -4256 1784 ) (1352 -4256 1784 ) 
4 159 192 (1360 -4272 1784 ) (1352 -4272 1784 ) (1352 -4256 1784 ) (1360 -4256 1784 ) 
4 159 190 (1368 -4272 1784 ) (1360 -4272 1784 ) (1360 -4256 1784 ) (1368 -4256 1784 ) 
4 159 189 (2048 -4256 1784 ) (2048 -4272 1784 ) (1368 -4272 1784 ) (1368 -4256 1784 ) 
3 159 165 (1336 -4312 1848 ) (1316.166504 -4312 1848 ) (1336 -4312 1834.051147 ) 
5 159 164 (1407.166504 -4312 1784 ) (2048 -4312 1784 ) (2048 -4312 1848 ) (1336 -4312 1848 ) (1336 -4312 1834.051147 ) 
4 160 210 (1160 -4192 1784 ) (1160 -4256 1784 ) (1152 -4256 1784 ) (1152 -4192 1784 ) 
4 160 184 (1152 -4096 1784 ) (1160 -4096 1784 ) (1160 -4192 1784 ) (1152 -4192 1784 ) 
4 160 161 (1160 -4304.002441 1848 ) (1160 -4312 1858.664063 ) (1152 -4312 1858.664063 ) (1152 -4304.001953 1848 ) 
5 160 168 (1152 -4096 1784 ) (1152 -4256 1784 ) (1152 -4312 1858.666748 ) (1152 -4312 1912.040039 ) (1152 -4096 1912.040039 ) 
3 161 168 (1152 -4312 1848 ) (1152 -4312 1858.666748 ) (1152 -4304 1848 ) 
4 162 170 (1968 -4656 1912.040039 ) (1192 -4656 1912.040039 ) (1192 -4656 1848 ) (1968 -4656 1848 ) 
4 162 169 (2048 -4656 1848 ) (2048 -4656 1912.040039 ) (1968 -4656 1912.040039 ) (1968 -4656 1848 ) 
4 162 167 (2048 -4656 1848 ) (1301 -4656 1848 ) (1301 -4648 1848 ) (2048 -4648 1848 ) 
4 162 165 (1301 -4312 1848 ) (1336 -4312 1848 ) (1336 -4648 1848 ) (1301 -4648 1848 ) 
4 162 164 (1336 -4312 1848 ) (2048 -4312 1848 ) (2048 -4648 1848 ) (1336 -4648 1848 ) 
4 162 163 (1192 -4352 1848 ) (1192 -4656 1848 ) (1192 -4656 1912.040039 ) (1192 -4352 1912.040039 ) 
4 163 170 (1192 -4656 1912.040039 ) (1152 -4656 1912.040039 ) (1152 -4656 1848 ) (1192 -4656 1848 ) 
4 163 168 (1152 -4656 1848 ) (1152 -4656 1912.040039 ) (1152 -4352 1912.040039 ) (1152 -4352 1848 ) 
4 164 196 (2048 -4312 1784 ) (2048 -4648 1784 ) (1392 -4648 1784 ) (1392 -4312 1784 ) 
6 164 167 (1392 -4648 1784 ) (2048 -4648 1784 ) (2048 -4648 1848 ) (1336 -4648 1848 ) (1336 -4648 1823.255859 ) (1343.987183 -4648 1817.609009 ) 
4 164 165 (1336 -4648 1823.255859 ) (1336 -4648 1848 ) (1336 -4312 1848 ) (1336 -4312 1823.255859 ) 
3 165 167 (1336 -4648 1823.255737 ) (1336 -4648 1848 ) (1301 -4648 1848 ) 
4 166 235 (1172 -4626 1784 ) (1172 -4335 1784 ) (1180 -4335 1784 ) (1180 -4626 1784 ) 
4 166 234 (1172 -4335 1784 ) (1172 -4313 1784 ) (1180 -4313 1784 ) (1180 -4335 1784 ) 
4 166 237 (1180 -4648 1784 ) (1172 -4648 1784 ) (1172 -4626 1784 ) (1180 -4626 1784 ) 
4 166 233 (1182 -4648 1784 ) (1180 -4648 1784 ) (1180 -4313 1784 ) (1182 -4313 1784 ) 
4 166 238 (1172 -4648 1784 ) (1160 -4648 1784 ) (1160 -4313 1784 ) (1172 -4313 1784 ) 
4 166 225 (1336 -4648 1784 ) (1182 -4648 1784 ) (1182 -4313 1784 ) (1336 -4313 1784 ) 
4 166 223 (1160 -4313 1784 ) (1160 -4312 1784 ) (1230 -4312 1784 ) (1230 -4313 1784 ) 
4 166 216 (1230 -4312 1784 ) (1282 -4312 1784 ) (1282 -4313 1784 ) (1230 -4313 1784 ) 
4 166 214 (1282 -4312 1784 ) (1336 -4312 1784 ) (1336 -4313 1784 ) (1282 -4313 1784 ) 
4 167 196 (2048 -4648 1784 ) (2048 -4656 1784 ) (1392 -4656 1784 ) (1392 -4648 1784 ) 
5 167 170 (1392 -4656 1784 ) (1968 -4656 1784 ) (1968 -4656 1848 ) (1301 -4656 1848 ) (1344.020386 -4656 1817.585693 ) 
4 167 169 (1968 -4656 1784 ) (2048 -4656 1784 ) (2048 -4656 1848 ) (1968 -4656 1848 ) 
4 168 262 (1024 -4096 1912.040039 ) (1024 -4096 1784 ) (1024 -4656 1784 ) (1024 -4656 1912.040039 ) 
4 168 241 (1024 -4656 1784 ) (1024 -4648 1784 ) (1152 -4648 1784 ) (1152 -4656 1784 ) 
4 168 239 (1024 -4648 1784 ) (1024 -4313 1784 ) (1152 -4313 1784 ) (1152 -4648 1784 ) 
4 168 224 (1024 -4313 1784 ) (1024 -4304 1784 ) (1152 -4304 1784 ) (1152 -4313 1784 ) 
4 168 222 (1024 -4304 1784 ) (1024 -4296 1784 ) (1152 -4296 1784 ) (1152 -4304 1784 ) 
4 168 210 (1024 -4296 1784 ) (1024 -4192 1784 ) (1152 -4192 1784 ) (1152 -4296 1784 ) 
4 168 184 (1024 -4192 1784 ) (1024 -4096 1784 ) (1152 -4096 1784 ) (1152 -4192 1784 ) 
4 168 170 (1024 -4656 1784 ) (1152 -4656 1784 ) (1152 -4656 1912.040039 ) (1024 -4656 1912.040039 ) 
4 169 197 (2048 -4864 1784 ) (2048 -5072 1784 ) (1968 -5072 1784 ) (1968 -4864 1784 ) 
4 169 196 (1968 -4656 1784 ) (2048 -4656 1784 ) (2048 -4864 1784 ) (1968 -4864 1784 ) 
4 169 172 (1968 -5072 1784 ) (2048 -5072 1784 ) (2048 -5072 2664 ) (1968 -5072 2664 ) 
4 169 171 (1968 -5072 1816 ) (1968 -5072 2664 ) (1968 -4864 2664 ) (1968 -4864 1816 ) 
4 169 170 (1968 -4656 2664 ) (1968 -4656 1784 ) (1968 -4864 1784 ) (1968 -4864 2664 ) 
4 170 262 (1024 -4656 1784 ) (1024 -4864 1784 ) (1024 -4864 2664 ) (1024 -4656 2664 ) 
4 170 240 (1152 -4656 1784 ) (1336 -4656 1784 ) (1336 -4864 1784 ) (1152 -4864 1784 ) 
4 170 241 (1024 -4864 1784 ) (1024 -4656 1784 ) (1152 -4656 1784 ) (1152 -4864 1784 ) 
4 170 202 (1336 -4656 1784 ) (1344 -4656 1784 ) (1344 -4864 1784 ) (1336 -4864 1784 ) 
4 170 196 (1344 -4656 1784 ) (1968 -4656 1784 ) (1968 -4864 1784 ) (1344 -4864 1784 ) 
4 170 171 (1968 -4864 1816 ) (1968 -4864 2664 ) (1024 -4864 2664 ) (1024 -4864 1816 ) 
4 171 264 (1024 -5072 1816 ) (1024 -5072 2664 ) (1024 -4864 2664 ) (1024 -4864 1816 ) 
4 171 173 (1968 -5072 1816 ) (1968 -5072 2664 ) (1763 -5072 2664 ) (1763 -5072 1816 ) 
4 172 265 (2048 -5120 1784 ) (2048 -5120 2664 ) (1968 -5120 2664 ) (1968 -5120 1784 ) 
4 172 197 (2048 -5120 1784 ) (1968 -5120 1784 ) (1968 -5072 1784 ) (2048 -5072 1784 ) 
4 172 173 (1968 -5072 2664 ) (1968 -5072 1816 ) (1968 -5120 1816 ) (1968 -5120 2664 ) 
4 173 266 (1968 -5120 2664 ) (1763 -5120 2664 ) (1763 -5120 1816 ) (1968 -5120 1816 ) 
4 174 242 (1288 -4192 1672 ) (1288 -4192 1669 ) (1336 -4192 1669 ) (1336 -4192 1672 ) 
4 174 211 (1288 -4192 1701 ) (1288 -4192 1672 ) (1336 -4192 1672 ) (1336 -4192 1701 ) 
4 174 208 (1336 -4192 1784 ) (1288 -4192 1784 ) (1288 -4192 1701 ) (1336 -4192 1701 ) 
4 174 203 (1336 -4192 1672 ) (1336 -4192 1669 ) (1344 -4192 1669 ) (1344 -4192 1672 ) 
4 174 198 (1344 -4192 1784 ) (1336 -4192 1784 ) (1336 -4192 1672 ) (1344 -4192 1672 ) 
4 174 194 (1352 -4192 1784 ) (1344 -4192 1784 ) (1344 -4192 1669 ) (1352 -4192 1669 ) 
4 174 192 (1360 -4192 1784 ) (1352 -4192 1784 ) (1352 -4192 1669 ) (1360 -4192 1669 ) 
4 174 190 (1368 -4192 1784 ) (1360 -4192 1784 ) (1360 -4192 1669 ) (1368 -4192 1669 ) 
4 174 189 (2048 -4192 1784 ) (1368 -4192 1784 ) (1368 -4192 1669 ) (2048 -4192 1669 ) 
4 174 185 (2048 -4192 1669 ) (1288 -4192 1669 ) (1288 -4096 1669 ) (2048 -4096 1669 ) 
4 174 176 (1288 -4192 1703 ) (1288 -4192 1784 ) (1288 -4184 1784 ) (1288 -4184 1703 ) 
4 174 175 (1288 -4096 1669 ) (1288 -4184 1669 ) (1288 -4184 1784 ) (1288 -4096 1784 ) 
4 175 186 (1280 -4184 1669 ) (1280 -4096 1669 ) (1288 -4096 1669 ) (1288 -4184 1669 ) 
4 175 180 (1280 -4096 1669 ) (1280 -4184 1669 ) (1280 -4184 1701 ) (1280 -4096 1701 ) 
4 175 177 (1280 -4184 1701 ) (1280 -4184 1784 ) (1280 -4096 1784 ) (1280 -4096 1701 ) 
4 175 176 (1280 -4184 1784 ) (1280 -4184 1703 ) (1288 -4184 1703 ) (1288 -4184 1784 ) 
4 176 208 (1288 -4192 1784 ) (1280 -4192 1784 ) (1280 -4192 1703 ) (1288 -4192 1703 ) 
4 176 178 (1280 -4191 1784 ) (1280 -4185 1784 ) (1280 -4185 1703 ) (1280 -4191 1703 ) 
4 176 177 (1280 -4185 1784 ) (1280 -4184 1784 ) (1280 -4184 1703 ) (1280 -4185 1703 ) 
4 176 179 (1280 -4192 1703 ) (1280 -4192 1784 ) (1280 -4191 1784 ) (1280 -4191 1703 ) 
4 177 183 (1208 -4185 1784 ) (1208 -4184 1784 ) (1208 -4184 1703 ) (1208 -4185 1703 ) 
4 177 182 (1208 -4184 1784 ) (1208 -4096 1784 ) (1208 -4096 1701 ) (1208 -4184 1701 ) 
4 177 180 (1208 -4185 1701 ) (1208 -4096 1701 ) (1280 -4096 1701 ) (1280 -4185 1701 ) 
4 177 178 (1208 -4185 1784 ) (1208 -4185 1702 ) (1280 -4185 1702 ) (1280 -4185 1784 ) 
4 178 183 (1208 -4191 1784 ) (1208 -4185 1784 ) (1208 -4185 1703 ) (1208 -4191 1703 ) 
4 178 179 (1208 -4191 1784 ) (1208 -4191 1702 ) (1280 -4191 1702 ) (1280 -4191 1784 ) 
4 179 208 (1280 -4192 1784 ) (1208 -4192 1784 ) (1208 -4192 1701 ) (1280 -4192 1701 ) 
4 179 183 (1208 -4192 1703 ) (1208 -4192 1784 ) (1208 -4191 1784 ) (1208 -4191 1703 ) 
4 179 181 (1208 -4192 1701 ) (1208 -4191 1701 ) (1280 -4191 1701 ) (1280 -4192 1701 ) 
4 180 186 (1208 -4184 1669 ) (1208 -4096 1669 ) (1280 -4096 1669 ) (1280 -4184 1669 ) 
4 180 182 (1208 -4096 1669 ) (1208 -4184 1669 ) (1208 -4184 1701 ) (1208 -4096 1701 ) 
4 181 242 (1208 -4192 1672 ) (1208 -4192 1669 ) (1280 -4192 1669 ) (1280 -4192 1672 ) 
4 181 211 (1208 -4192 1701 ) (1208 -4192 1672 ) (1280 -4192 1672 ) (1280 -4192 1701 ) 
4 182 186 (1200 -4184 1669 ) (1200 -4096 1669 ) (1208 -4096 1669 ) (1208 -4184 1669 ) 
4 182 183 (1200 -4184 1784 ) (1200 -4184 1703 ) (1208 -4184 1703 ) (1208 -4184 1784 ) 
4 182 184 (1200 -4096 1669 ) (1200 -4184 1669 ) (1200 -4184 1784 ) (1200 -4096 1784 ) 
4 183 209 (1207 -4192 1784 ) (1201 -4192 1784 ) (1201 -4192 1703 ) (1207 -4192 1703 ) 
4 183 208 (1208 -4192 1784 ) (1207 -4192 1784 ) (1207 -4192 1703 ) (1208 -4192 1703 ) 
4 183 210 (1201 -4192 1784 ) (1200 -4192 1784 ) (1200 -4192 1703 ) (1201 -4192 1703 ) 
4 183 184 (1200 -4192 1703 ) (1200 -4192 1784 ) (1200 -4184 1784 ) (1200 -4184 1703 ) 
4 184 262 (1024 -4096 1784 ) (1024 -4096 1669 ) (1024 -4192 1669 ) (1024 -4192 1784 ) 
4 184 243 (1024 -4192 1672 ) (1024 -4192 1669 ) (1200 -4192 1669 ) (1200 -4192 1672 ) 
4 184 212 (1024 -4192 1701 ) (1024 -4192 1672 ) (1200 -4192 1672 ) (1200 -4192 1701 ) 
4 184 210 (1200 -4192 1784 ) (1024 -4192 1784 ) (1024 -4192 1701 ) (1200 -4192 1701 ) 
4 184 187 (1200 -4192 1669 ) (1024 -4192 1669 ) (1024 -4096 1669 ) (1200 -4096 1669 ) 
4 185 246 (1288 -4192 1664 ) (1336 -4192 1664 ) (1336 -4192 1669 ) (1288 -4192 1669 ) 
4 185 203 (1336 -4192 1664 ) (1344 -4192 1664 ) (1344 -4192 1669 ) (1336 -4192 1669 ) 
4 185 194 (1344 -4192 1664 ) (1352 -4192 1664 ) (1352 -4192 1669 ) (1344 -4192 1669 ) 
4 185 192 (1352 -4192 1664 ) (1360 -4192 1664 ) (1360 -4192 1669 ) (1352 -4192 1669 ) 
4 185 190 (1360 -4192 1664 ) (1368 -4192 1664 ) (1368 -4192 1669 ) (1360 -4192 1669 ) 
4 185 189 (1368 -4192 1664 ) (2048 -4192 1664 ) (2048 -4192 1669 ) (1368 -4192 1669 ) 
4 185 188 (2048 -4192 1664 ) (1288 -4192 1664 ) (1288 -4096 1664 ) (2048 -4096 1664 ) 
4 185 186 (1288 -4096 1664 ) (1288 -4184 1664 ) (1288 -4184 1669 ) (1288 -4096 1669 ) 
4 186 188 (1200 -4184 1664 ) (1200 -4096 1664 ) (1288 -4096 1664 ) (1288 -4184 1664 ) 
4 186 187 (1200 -4096 1664 ) (1200 -4184 1664 ) (1200 -4184 1669 ) (1200 -4096 1669 ) 
4 187 262 (1024 -4096 1669 ) (1024 -4096 1664 ) (1024 -4192 1664 ) (1024 -4192 1669 ) 
4 187 247 (1024 -4192 1669 ) (1024 -4192 1664 ) (1200 -4192 1664 ) (1200 -4192 1669 ) 
4 187 188 (1200 -4192 1664 ) (1024 -4192 1664 ) (1024 -4096 1664 ) (1200 -4096 1664 ) 
4 188 262 (1024 -4096 1664 ) (1024 -4096 1594 ) (1024 -4192 1594 ) (1024 -4192 1664 ) 
4 188 256 (1288 -4192 1594 ) (1296 -4192 1594 ) (1296 -4192 1652.399902 ) (1288 -4192 1656 ) 
4 188 257 (1024 -4192 1664 ) (1024 -4192 1594 ) (1288 -4192 1594 ) (1288 -4192 1664 ) 
4 188 255 (1296 -4192 1594 ) (1304 -4192 1594 ) (1304 -4192 1648.800171 ) (1296 -4192 1652.399902 ) 
4 188 254 (1304 -4192 1660 ) (1304 -4192 1664 ) (1296 -4192 1664 ) (1296 -4192 1660 ) 
4 188 253 (1304 -4192 1594 ) (1312 -4192 1594 ) (1312 -4192 1645.200073 ) (1304 -4192 1648.800171 ) 
4 188 252 (1312 -4192 1656 ) (1312 -4192 1664 ) (1304 -4192 1664 ) (1304 -4192 1656 ) 
4 188 251 (1320 -4192 1664 ) (1312 -4192 1664 ) (1312 -4192 1652 ) (1320 -4192 1652 ) 
4 188 250 (1328 -4192 1664 ) (1320 -4192 1664 ) (1320 -4192 1648 ) (1328 -4192 1648 ) 
4 188 249 (1336 -4192 1644 ) (1336 -4192 1664 ) (1328 -4192 1664 ) (1328 -4192 1644 ) 
4 188 248 (1312 -4192 1594 ) (1336 -4192 1594 ) (1336 -4192 1634.400146 ) (1312 -4192 1645.200073 ) 
4 188 204 (1336 -4192 1594 ) (1344 -4192 1594 ) (1344 -4192 1630.800049 ) (1336 -4192 1634.400146 ) 
4 188 203 (1344 -4192 1640 ) (1344 -4192 1664 ) (1336 -4192 1664 ) (1336 -4192 1640 ) 
4 188 195 (1344 -4192 1594 ) (1352 -4192 1594 ) (1352 -4192 1627.199585 ) (1344 -4192 1630.799805 ) 
4 188 194 (1352 -4192 1636 ) (1352 -4192 1664 ) (1344 -4192 1664 ) (1344 -4192 1636 ) 
4 188 193 (1352 -4192 1594 ) (1360 -4192 1594 ) (1360 -4192 1623.600220 ) (1352 -4192 1627.200195 ) 
4 188 192 (1360 -4192 1632 ) (1360 -4192 1664 ) (1352 -4192 1664 ) (1352 -4192 1632 ) 
4 188 191 (1360 -4192 1594 ) (1368 -4192 1594 ) (1368 -4192 1620 ) (1360 -4192 1623.600220 ) 
4 188 190 (1368 -4192 1628 ) (1368 -4192 1664 ) (1360 -4192 1664 ) (1360 -4192 1628 ) 
4 188 189 (1368 -4192 1594 ) (2048 -4192 1594 ) (2048 -4192 1664 ) (1368 -4192 1664 ) 
4 189 196 (2048 -4272 1594 ) (2048 -4272 1784 ) (1368 -4272 1784 ) (1368 -4272 1594 ) 
4 189 191 (1368 -4192 1620 ) (1368 -4192 1594 ) (1368 -4272 1594 ) (1368 -4272 1620 ) 
4 189 190 (1368 -4192 1784 ) (1368 -4192 1628 ) (1368 -4272 1628 ) (1368 -4272 1784 ) 
4 190 196 (1368 -4272 1784 ) (1360 -4272 1784 ) (1360 -4272 1628 ) (1368 -4272 1628 ) 
4 190 192 (1360 -4192 1784 ) (1360 -4192 1632 ) (1360 -4272 1632 ) (1360 -4272 1784 ) 
4 191 196 (1360 -4272 1623.600220 ) (1360 -4272 1594 ) (1368 -4272 1594 ) (1368 -4272 1620 ) 
4 191 193 (1360 -4192 1623.600220 ) (1360 -4192 1594 ) (1360 -4272 1594 ) (1360 -4272 1623.600220 ) 
4 192 196 (1360 -4272 1632 ) (1360 -4272 1784 ) (1352 -4272 1784 ) (1352 -4272 1632 ) 
4 192 194 (1352 -4192 1784 ) (1352 -4192 1636 ) (1352 -4272 1636 ) (1352 -4272 1784 ) 
4 193 196 (1360 -4272 1594 ) (1360 -4272 1623.600220 ) (1352 -4272 1627.200195 ) (1352 -4272 1594 ) 
4 193 195 (1352 -4192 1627.200195 ) (1352 -4192 1594 ) (1352 -4272 1594 ) (1352 -4272 1627.200195 ) 
4 194 203 (1344 -4192 1672 ) (1344 -4192 1640 ) (1344 -4272 1640 ) (1344 -4272 1672 ) 
4 194 198 (1344 -4192 1784 ) (1344 -4192 1672 ) (1344 -4272 1672 ) (1344 -4272 1784 ) 
4 194 196 (1344 -4272 1784 ) (1344 -4272 1636 ) (1352 -4272 1636 ) (1352 -4272 1784 ) 
4 195 204 (1344 -4192 1630.799805 ) (1344 -4192 1594 ) (1344 -4272 1594 ) (1344 -4272 1630.799805 ) 
4 195 196 (1344 -4272 1630.799805 ) (1344 -4272 1594 ) (1352 -4272 1594 ) (1352 -4272 1627.199585 ) 
4 196 206 (1344 -4304 1656 ) (1344 -4304 1594 ) (1344 -4656 1594 ) (1344 -4656 1656 ) 
4 196 207 (1344 -4864 1594 ) (1344 -4864 1672 ) (1344 -4656 1672 ) (1344 -4656 1594 ) 
4 196 205 (1344 -4304 1672 ) (1344 -4272 1672 ) (1344 -4272 1594 ) (1344 -4304 1594 ) 
4 196 202 (1344 -4864 1672 ) (1344 -4864 1784 ) (1344 -4656 1784 ) (1344 -4656 1672 ) 
4 196 200 (1344 -4479 1711 ) (1344 -4505 1711 ) (1344 -4505 1759 ) (1344 -4479 1759 ) 
4 196 201 (1344 -4574 1711 ) (1344 -4600 1711 ) (1344 -4600 1759 ) (1344 -4574 1759 ) 
4 196 199 (1344 -4384 1759 ) (1344 -4384 1711 ) (1344 -4410 1711 ) (1344 -4410 1759 ) 
4 196 198 (1344 -4304 1784 ) (1344 -4272 1784 ) (1344 -4272 1672 ) (1344 -4304 1672 ) 
4 196 197 (1968 -4864 1594 ) (2048 -4864 1594 ) (2048 -4864 1784 ) (1968 -4864 1784 ) 
4 197 265 (2048 -5120 1594 ) (2048 -5120 1784 ) (1968 -5120 1784 ) (1968 -5120 1594 ) 
4 198 213 (1336 -4296 1672 ) (1336 -4304 1672 ) (1336 -4304 1784 ) (1336 -4296 1784 ) 
4 198 211 (1336 -4192 1701 ) (1336 -4192 1672 ) (1336 -4296 1672 ) (1336 -4296 1701 ) 
4 198 208 (1336 -4192 1784 ) (1336 -4192 1701 ) (1336 -4296 1701 ) (1336 -4296 1784 ) 
4 198 203 (1336 -4272 1672 ) (1336 -4192 1672 ) (1344 -4192 1672 ) (1344 -4272 1672 ) 
4 198 205 (1336 -4304 1672 ) (1336 -4272 1672 ) (1344 -4272 1672 ) (1344 -4304 1672 ) 
4 199 232 (1336 -4410 1759 ) (1336 -4384 1759 ) (1336 -4384 1711 ) (1336 -4410 1711 ) 
4 200 232 (1336 -4505 1759 ) (1336 -4479 1759 ) (1336 -4479 1711 ) (1336 -4505 1711 ) 
4 201 232 (1336 -4600 1711 ) (1336 -4600 1759 ) (1336 -4574 1759 ) (1336 -4574 1711 ) 
4 202 240 (1336 -4656 1672 ) (1336 -4864 1672 ) (1336 -4864 1784 ) (1336 -4656 1784 ) 
4 202 207 (1336 -4864 1672 ) (1336 -4656 1672 ) (1344 -4656 1672 ) (1344 -4864 1672 ) 
4 203 249 (1336 -4192 1664 ) (1336 -4192 1644 ) (1336 -4272 1644 ) (1336 -4272 1664 ) 
4 203 246 (1336 -4192 1669 ) (1336 -4192 1664 ) (1336 -4272 1664 ) (1336 -4272 1669 ) 
4 203 242 (1336 -4192 1672 ) (1336 -4192 1669 ) (1336 -4272 1669 ) (1336 -4272 1672 ) 
4 203 205 (1344 -4272 1640 ) (1344 -4272 1672 ) (1336 -4272 1672 ) (1336 -4272 1640 ) 
4 204 248 (1336 -4192 1634.400146 ) (1336 -4192 1594 ) (1336 -4272 1594 ) (1336 -4272 1634.400146 ) 
4 204 205 (1336 -4272 1594 ) (1344 -4272 1594 ) (1344 -4272 1630.800049 ) (1336 -4272 1634.400146 ) 
4 205 258 (1336 -4272 1594 ) (1336 -4304 1594 ) (1336 -4304 1664 ) (1336 -4272 1664 ) 
4 205 246 (1336 -4304 1664 ) (1336 -4304 1669 ) (1336 -4272 1669 ) (1336 -4272 1664 ) 
4 205 244 (1336 -4304 1669 ) (1336 -4304 1672 ) (1336 -4296 1672 ) (1336 -4296 1669 ) 
4 205 242 (1336 -4296 1672 ) (1336 -4272 1672 ) (1336 -4272 1669 ) (1336 -4296 1669 ) 
4 205 206 (1336 -4304 1594 ) (1344 -4304 1594 ) (1344 -4304 1656 ) (1336 -4304 1656 ) 
4 206 259 (1336 -4304 1594 ) (1336 -4656 1594 ) (1336 -4656 1656 ) (1336 -4304 1656 ) 
4 206 207 (1336 -4656 1594 ) (1344 -4656 1594 ) (1344 -4656 1656 ) (1336 -4656 1656 ) 
4 207 260 (1336 -4656 1594 ) (1336 -4864 1594 ) (1336 -4864 1672 ) (1336 -4656 1672 ) 
4 208 221 (1208 -4296 1784 ) (1207 -4296 1784 ) (1207 -4296 1703 ) (1208 -4296 1703 ) 
4 208 220 (1230 -4296 1784 ) (1208 -4296 1784 ) (1208 -4296 1701 ) (1230 -4296 1701 ) 
4 208 218 (1230 -4296 1780 ) (1230 -4296 1701 ) (1282 -4296 1701 ) (1282 -4296 1780 ) 
4 208 217 (1230 -4296 1781 ) (1230 -4296 1780 ) (1282 -4296 1780 ) (1282 -4296 1781 ) 
4 208 215 (1282 -4296 1784 ) (1230 -4296 1784 ) (1230 -4296 1781 ) (1282 -4296 1781 ) 
4 208 213 (1336 -4296 1701 ) (1336 -4296 1784 ) (1282 -4296 1784 ) (1282 -4296 1701 ) 
4 208 211 (1336 -4296 1701 ) (1207 -4296 1701 ) (1207 -4192 1701 ) (1336 -4192 1701 ) 
4 208 209 (1207 -4192 1784 ) (1207 -4192 1702 ) (1207 -4296 1702 ) (1207 -4296 1784 ) 
4 209 221 (1207 -4296 1784 ) (1201 -4296 1784 ) (1201 -4296 1703 ) (1207 -4296 1703 ) 
4 209 210 (1201 -4192 1784 ) (1201 -4192 1702 ) (1201 -4296 1702 ) (1201 -4296 1784 ) 
4 210 262 (1024 -4296 1784 ) (1024 -4192 1784 ) (1024 -4192 1701 ) (1024 -4296 1701 ) 
4 210 221 (1201 -4296 1784 ) (1200 -4296 1784 ) (1200 -4296 1703 ) (1201 -4296 1703 ) 
4 210 222 (1200 -4296 1784 ) (1024 -4296 1784 ) (1024 -4296 1701 ) (1200 -4296 1701 ) 
4 210 212 (1201 -4296 1701 ) (1024 -4296 1701 ) (1024 -4192 1701 ) (1201 -4192 1701 ) 
4 211 242 (1205 -4192 1672 ) (1336 -4192 1672 ) (1336 -4296 1672 ) (1205 -4296 1672 ) 
4 211 220 (1208 -4296 1672 ) (1230 -4296 1672 ) (1230 -4296 1701 ) (1208 -4296 1701 ) 
4 211 218 (1230 -4296 1672 ) (1282 -4296 1672 ) (1282 -4296 1701 ) (1230 -4296 1701 ) 
4 211 213 (1282 -4296 1672 ) (1336 -4296 1672 ) (1336 -4296 1701 ) (1282 -4296 1701 ) 
4 212 262 (1024 -4192 1701 ) (1024 -4192 1672 ) (1024 -4296 1672 ) (1024 -4296 1701 ) 
4 212 243 (1024 -4296 1672 ) (1024 -4192 1672 ) (1203 -4192 1672 ) (1203 -4296 1672 ) 
4 212 222 (1024 -4296 1672 ) (1200 -4296 1672 ) (1200 -4296 1701 ) (1024 -4296 1701 ) 
4 213 244 (1282 -4296 1672 ) (1336 -4296 1672 ) (1336 -4304 1672 ) (1282 -4304 1672 ) 
4 213 218 (1282 -4296 1780 ) (1282 -4296 1672 ) (1282 -4303 1672 ) (1282 -4303 1780 ) 
4 213 217 (1282 -4296 1781 ) (1282 -4296 1780 ) (1282 -4303 1780 ) (1282 -4303 1781 ) 
4 213 215 (1282 -4296 1784 ) (1282 -4296 1781 ) (1282 -4304 1781 ) (1282 -4304 1784 ) 
4 214 230 (1314 -4313 1777 ) (1282 -4313 1777 ) (1282 -4313 1775 ) (1314 -4313 1775 ) 
4 214 227 (1324 -4313 1777 ) (1316 -4313 1777 ) (1316 -4313 1775 ) (1324 -4313 1775 ) 
4 214 226 (1336 -4313 1775 ) (1336 -4313 1777 ) (1324 -4313 1777 ) (1324 -4313 1775 ) 
4 214 229 (1316 -4313 1777 ) (1314 -4313 1777 ) (1314 -4313 1775 ) (1316 -4313 1775 ) 
4 214 225 (1336 -4313 1777 ) (1336 -4313 1784 ) (1282 -4313 1784 ) (1282 -4313 1777 ) 
4 214 232 (1282 -4313 1672 ) (1336 -4313 1672 ) (1336 -4313 1775 ) (1282 -4313 1775 ) 
4 214 216 (1282 -4313 1781 ) (1282 -4313 1784 ) (1282 -4312 1784 ) (1282 -4312 1781 ) 
4 215 220 (1230 -4296 1784 ) (1230 -4296 1781 ) (1230 -4304 1781 ) (1230 -4304 1784 ) 
4 215 217 (1230 -4303 1781 ) (1230 -4296 1781 ) (1282 -4296 1781 ) (1282 -4303 1781 ) 
4 216 225 (1282 -4313 1781 ) (1282 -4313 1784 ) (1230 -4313 1784 ) (1230 -4313 1781 ) 
4 216 223 (1230 -4312 1781 ) (1230 -4313 1781 ) (1230 -4313 1784 ) (1230 -4312 1784 ) 
4 217 220 (1230 -4296 1781 ) (1230 -4296 1780 ) (1230 -4303 1780 ) (1230 -4303 1781 ) 
4 217 218 (1230 -4303 1780 ) (1230 -4296 1780 ) (1282 -4296 1780 ) (1282 -4303 1780 ) 
4 218 244 (1230 -4296 1672 ) (1282 -4296 1672 ) (1282 -4303 1672 ) (1230 -4303 1672 ) 
4 218 220 (1230 -4296 1780 ) (1230 -4296 1672 ) (1230 -4303 1672 ) (1230 -4303 1780 ) 
4 218 219 (1280 -4303 1780 ) (1232 -4303 1780 ) (1232 -4303 1672 ) (1280 -4303 1672 ) 
4 219 244 (1232 -4304 1672 ) (1232 -4303 1672 ) (1280 -4303 1672 ) (1280 -4304 1672 ) 
4 219 230 (1280 -4313 1775 ) (1280 -4313 1777 ) (1232 -4313 1777 ) (1232 -4313 1775 ) 
4 219 225 (1280 -4313 1777 ) (1280 -4313 1780 ) (1232 -4313 1780 ) (1232 -4313 1777 ) 
4 219 232 (1232 -4313 1672 ) (1280 -4313 1672 ) (1280 -4313 1775 ) (1232 -4313 1775 ) 
4 220 244 (1208 -4296 1672 ) (1230 -4296 1672 ) (1230 -4304 1672 ) (1208 -4304 1672 ) 
4 220 221 (1208 -4296 1784 ) (1208 -4296 1703 ) (1208 -4304 1703 ) (1208 -4304 1784 ) 
4 221 222 (1200 -4296 1784 ) (1200 -4296 1703 ) (1200 -4304 1703 ) (1200 -4304 1784 ) 
4 222 262 (1024 -4304 1784 ) (1024 -4296 1784 ) (1024 -4296 1672 ) (1024 -4304 1672 ) 
4 222 245 (1024 -4304 1672 ) (1024 -4296 1672 ) (1200 -4296 1672 ) (1200 -4304 1672 ) 
4 222 224 (1024 -4304 1672 ) (1152 -4304 1672 ) (1152 -4304 1784 ) (1024 -4304 1784 ) 
4 223 234 (1172 -4313 1672 ) (1180 -4313 1672 ) (1180 -4313 1784 ) (1172 -4313 1784 ) 
4 223 233 (1180 -4313 1672 ) (1182 -4313 1672 ) (1182 -4313 1784 ) (1180 -4313 1784 ) 
4 223 238 (1160 -4313 1672 ) (1172 -4313 1672 ) (1172 -4313 1784 ) (1160 -4313 1784 ) 
4 223 230 (1230 -4313 1775 ) (1230 -4313 1777 ) (1182 -4313 1777 ) (1182 -4313 1775 ) 
4 223 225 (1230 -4313 1777 ) (1230 -4313 1784 ) (1182 -4313 1784 ) (1182 -4313 1777 ) 
4 223 232 (1182 -4313 1672 ) (1230 -4313 1672 ) (1230 -4313 1775 ) (1182 -4313 1775 ) 
4 224 262 (1024 -4313 1784 ) (1024 -4304 1784 ) (1024 -4304 1672 ) (1024 -4313 1672 ) 
4 224 261 (1024 -4313 1672 ) (1024 -4304 1672 ) (1152 -4304 1672 ) (1152 -4313 1672 ) 
4 224 239 (1024 -4313 1672 ) (1152 -4313 1672 ) (1152 -4313 1784 ) (1024 -4313 1784 ) 
4 225 233 (1182 -4313 1784 ) (1182 -4313 1777 ) (1182 -4648 1777 ) (1182 -4648 1784 ) 
4 225 230 (1182 -4628 1777 ) (1182 -4313 1777 ) (1314 -4313 1777 ) (1314 -4628 1777 ) 
4 225 231 (1314 -4648 1777 ) (1182 -4648 1777 ) (1182 -4636 1777 ) (1314 -4636 1777 ) 
4 225 227 (1316 -4335 1777 ) (1316 -4313 1777 ) (1324 -4313 1777 ) (1324 -4335 1777 ) 
4 225 228 (1324 -4648 1777 ) (1316 -4648 1777 ) (1316 -4626 1777 ) (1324 -4626 1777 ) 
4 225 226 (1336 -4648 1777 ) (1324 -4648 1777 ) (1324 -4313 1777 ) (1336 -4313 1777 ) 
4 225 229 (1316 -4648 1777 ) (1314 -4648 1777 ) (1314 -4313 1777 ) (1316 -4313 1777 ) 
4 226 227 (1324 -4313 1775 ) (1324 -4335 1775 ) (1324 -4335 1777 ) (1324 -4313 1777 ) 
4 226 228 (1324 -4626 1775 ) (1324 -4648 1775 ) (1324 -4648 1777 ) (1324 -4626 1777 ) 
4 226 232 (1336 -4648 1775 ) (1324 -4648 1775 ) (1324 -4313 1775 ) (1336 -4313 1775 ) 
4 227 229 (1316 -4313 1775 ) (1316 -4335 1775 ) (1316 -4335 1777 ) (1316 -4313 1777 ) 
4 227 232 (1316 -4335 1775 ) (1316 -4313 1775 ) (1324 -4313 1775 ) (1324 -4335 1775 ) 
4 228 232 (1324 -4648 1775 ) (1316 -4648 1775 ) (1316 -4626 1775 ) (1324 -4626 1775 ) 
4 228 229 (1316 -4626 1775 ) (1316 -4648 1775 ) (1316 -4648 1777 ) (1316 -4626 1777 ) 
4 229 230 (1314 -4313 1775 ) (1314 -4628 1775 ) (1314 -4628 1777 ) (1314 -4313 1777 ) 
4 229 231 (1314 -4636 1775 ) (1314 -4648 1775 ) (1314 -4648 1777 ) (1314 -4636 1777 ) 
4 229 232 (1316 -4648 1775 ) (1314 -4648 1775 ) (1314 -4313 1775 ) (1316 -4313 1775 ) 
4 230 233 (1182 -4313 1777 ) (1182 -4313 1775 ) (1182 -4628 1775 ) (1182 -4628 1777 ) 
4 230 232 (1182 -4628 1775 ) (1182 -4313 1775 ) (1314 -4313 1775 ) (1314 -4628 1775 ) 
4 231 233 (1182 -4636 1775 ) (1182 -4648 1775 ) (1182 -4648 1777 ) (1182 -4636 1777 ) 
4 231 232 (1314 -4648 1775 ) (1182 -4648 1775 ) (1182 -4636 1775 ) (1314 -4636 1775 ) 
4 232 233 (1182 -4313 1775 ) (1182 -4313 1672 ) (1182 -4648 1672 ) (1182 -4648 1775 ) 
4 233 235 (1180 -4626 1777 ) (1180 -4626 1784 ) (1180 -4335 1784 ) (1180 -4335 1777 ) 
4 233 236 (1180 -4335 1672 ) (1180 -4626 1672 ) (1180 -4626 1775 ) (1180 -4335 1775 ) 
4 233 234 (1180 -4313 1784 ) (1180 -4313 1672 ) (1180 -4335 1672 ) (1180 -4335 1784 ) 
4 233 237 (1180 -4626 1672 ) (1180 -4648 1672 ) (1180 -4648 1784 ) (1180 -4626 1784 ) 
4 234 235 (1172 -4335 1784 ) (1172 -4335 1777 ) (1180 -4335 1777 ) (1180 -4335 1784 ) 
4 234 236 (1172 -4335 1775 ) (1172 -4335 1672 ) (1180 -4335 1672 ) (1180 -4335 1775 ) 
4 234 238 (1172 -4313 1784 ) (1172 -4313 1672 ) (1172 -4335 1672 ) (1172 -4335 1784 ) 
4 235 237 (1172 -4626 1784 ) (1172 -4626 1777 ) (1180 -4626 1777 ) (1180 -4626 1784 ) 
4 235 238 (1172 -4626 1777 ) (1172 -4626 1784 ) (1172 -4335 1784 ) (1172 -4335 1777 ) 
4 236 238 (1172 -4335 1672 ) (1172 -4626 1672 ) (1172 -4626 1775 ) (1172 -4335 1775 ) 
4 236 237 (1172 -4626 1775 ) (1172 -4626 1672 ) (1180 -4626 1672 ) (1180 -4626 1775 ) 
4 237 238 (1172 -4626 1672 ) (1172 -4648 1672 ) (1172 -4648 1784 ) (1172 -4626 1784 ) 
4 239 262 (1024 -4648 1784 ) (1024 -4313 1784 ) (1024 -4313 1672 ) (1024 -4648 1672 ) 
4 239 261 (1024 -4648 1672 ) (1024 -4313 1672 ) (1152 -4313 1672 ) (1152 -4648 1672 ) 
4 239 241 (1024 -4648 1672 ) (1152 -4648 1672 ) (1152 -4648 1784 ) (1024 -4648 1784 ) 
4 240 260 (1336 -4656 1672 ) (1336 -4864 1672 ) (1152 -4864 1672 ) (1152 -4656 1672 ) 
4 240 241 (1152 -4656 1672 ) (1152 -4864 1672 ) (1152 -4864 1784 ) (1152 -4656 1784 ) 
4 241 262 (1024 -4864 1784 ) (1024 -4648 1784 ) (1024 -4648 1672 ) (1024 -4864 1672 ) 
4 241 261 (1024 -4864 1672 ) (1024 -4648 1672 ) (1152 -4648 1672 ) (1152 -4864 1672 ) 
4 242 246 (1288 -4192 1669 ) (1336 -4192 1669 ) (1336 -4296 1669 ) (1288 -4296 1669 ) 
4 242 244 (1208 -4296 1669 ) (1336 -4296 1669 ) (1336 -4296 1672 ) (1208 -4296 1672 ) 
4 243 262 (1024 -4296 1672 ) (1024 -4192 1672 ) (1024 -4192 1669 ) (1024 -4296 1669 ) 
4 243 247 (1024 -4296 1669 ) (1024 -4192 1669 ) (1200 -4192 1669 ) (1200 -4296 1669 ) 
4 243 245 (1024 -4296 1669 ) (1200 -4296 1669 ) (1200 -4296 1672 ) (1024 -4296 1672 ) 
4 244 246 (1336 -4304 1669 ) (1288 -4304 1669 ) (1288 -4296 1669 ) (1336 -4296 1669 ) 
4 245 262 (1024 -4304 1669 ) (1024 -4304 1672 ) (1024 -4296 1672 ) (1024 -4296 1669 ) 
4 245 261 (1152 -4304 1672 ) (1024 -4304 1672 ) (1024 -4304 1669 ) (1152 -4304 1669 ) 
4 245 247 (1200 -4304 1669 ) (1024 -4304 1669 ) (1024 -4296 1669 ) (1200 -4296 1669 ) 
4 246 258 (1336 -4304 1664 ) (1288 -4304 1664 ) (1288 -4272 1664 ) (1336 -4272 1664 ) 
4 246 254 (1296 -4192 1664 ) (1304 -4192 1664 ) (1304 -4272 1664 ) (1296 -4272 1664 ) 
4 246 252 (1304 -4192 1664 ) (1312 -4192 1664 ) (1312 -4272 1664 ) (1304 -4272 1664 ) 
4 246 251 (1312 -4192 1664 ) (1320 -4192 1664 ) (1320 -4272 1664 ) (1312 -4272 1664 ) 
4 246 250 (1320 -4192 1664 ) (1328 -4192 1664 ) (1328 -4272 1664 ) (1320 -4272 1664 ) 
4 246 249 (1328 -4192 1664 ) (1336 -4192 1664 ) (1336 -4272 1664 ) (1328 -4272 1664 ) 
4 247 262 (1024 -4304 1664 ) (1024 -4304 1669 ) (1024 -4192 1669 ) (1024 -4192 1664 ) 
4 247 261 (1152 -4304 1669 ) (1024 -4304 1669 ) (1024 -4304 1664 ) (1152 -4304 1664 ) 
4 247 258 (1200 -4304 1664 ) (1024 -4304 1664 ) (1024 -4272 1664 ) (1200 -4272 1664 ) 
4 247 257 (1024 -4272 1664 ) (1024 -4192 1664 ) (1200 -4192 1664 ) (1200 -4272 1664 ) 
4 248 258 (1336 -4272 1594 ) (1336 -4272 1634.400269 ) (1312 -4272 1645.200073 ) (1312 -4272 1594 ) 
4 248 253 (1312 -4272 1594 ) (1312 -4272 1645.200073 ) (1312 -4192 1645.200073 ) (1312 -4192 1594 ) 
4 249 258 (1336 -4272 1644 ) (1336 -4272 1664 ) (1328 -4272 1664 ) (1328 -4272 1644 ) 
4 249 250 (1328 -4272 1648 ) (1328 -4272 1664 ) (1328 -4192 1664 ) (1328 -4192 1648 ) 
4 250 258 (1328 -4272 1664 ) (1320 -4272 1664 ) (1320 -4272 1648 ) (1328 -4272 1648 ) 
4 250 251 (1320 -4272 1652 ) (1320 -4272 1664 ) (1320 -4192 1664 ) (1320 -4192 1652 ) 
4 251 258 (1320 -4272 1664 ) (1312 -4272 1664 ) (1312 -4272 1652 ) (1320 -4272 1652 ) 
4 251 252 (1312 -4272 1656 ) (1312 -4272 1664 ) (1312 -4192 1664 ) (1312 -4192 1656 ) 
4 252 258 (1312 -4272 1664 ) (1304 -4272 1664 ) (1304 -4272 1656 ) (1312 -4272 1656 ) 
4 252 254 (1304 -4272 1660 ) (1304 -4272 1664 ) (1304 -4192 1664 ) (1304 -4192 1660 ) 
4 253 258 (1304 -4272 1648.800171 ) (1304 -4272 1594 ) (1312 -4272 1594 ) (1312 -4272 1645.200073 ) 
4 253 255 (1304 -4272 1594 ) (1304 -4272 1648.800171 ) (1304 -4192 1648.800171 ) (1304 -4192 1594 ) 
4 254 258 (1304 -4272 1664 ) (1296 -4272 1664 ) (1296 -4272 1660 ) (1304 -4272 1660 ) 
4 255 258 (1296 -4272 1652.399902 ) (1296 -4272 1594 ) (1304 -4272 1594 ) (1304 -4272 1648.800171 ) 
4 255 256 (1296 -4272 1594 ) (1296 -4272 1652.399902 ) (1296 -4192 1652.399902 ) (1296 -4192 1594 ) 
4 256 258 (1288 -4272 1656 ) (1288 -4272 1594 ) (1296 -4272 1594 ) (1296 -4272 1652.399902 ) 
4 256 257 (1288 -4192 1594 ) (1288 -4272 1594 ) (1288 -4272 1656 ) (1288 -4192 1656 ) 
4 257 262 (1024 -4272 1594 ) (1024 -4272 1664 ) (1024 -4192 1664 ) (1024 -4192 1594 ) 
4 257 258 (1288 -4272 1664 ) (1024 -4272 1664 ) (1024 -4272 1594 ) (1288 -4272 1594 ) 
4 258 262 (1024 -4304 1594 ) (1024 -4304 1664 ) (1024 -4272 1664 ) (1024 -4272 1594 ) 
4 258 259 (1336 -4304 1594 ) (1336 -4304 1656 ) (1152 -4304 1656 ) (1152 -4304 1594 ) 
4 258 261 (1152 -4304 1664 ) (1024 -4304 1664 ) (1024 -4304 1594 ) (1152 -4304 1594 ) 
4 259 260 (1152 -4656 1656 ) (1152 -4656 1594 ) (1336 -4656 1594 ) (1336 -4656 1656 ) 
4 259 261 (1152 -4304 1656 ) (1152 -4304 1594 ) (1152 -4656 1594 ) (1152 -4656 1656 ) 
4 260 261 (1152 -4656 1594 ) (1152 -4864 1594 ) (1152 -4864 1672 ) (1152 -4656 1672 ) 
4 261 262 (1024 -4864 1594 ) (1024 -4864 1672 ) (1024 -4304 1672 ) (1024 -4304 1594 ) 
4 262 264 (1024 -4864 1816 ) (1024 -4864 2664 ) (928 -4864 2664 ) (928 -4864 1816 ) 
4 262 263 (928 -4864 1816 ) (928 -4864 2664 ) (928 -4096 2664 ) (928 -4096 1816 ) 
4 263 264 (392 -4864 2664 ) (392 -4864 1816 ) (928 -4864 1816 ) (928 -4864 2664 ) 
4 265 266 (1968 -5520 1816 ) (1968 -5520 2664 ) (1968 -5120 2664 ) (1968 -5120 1816 ) 
