PRT1
152
381
4 0 3 (3338 576 136 ) (3338 616 136 ) (3378 616 136 ) (3378 576 136 ) 
4 1 2 (3378 626 136 ) (3378 712 136 ) (3378 712 64 ) (3378 626 64 ) 
4 2 5 (3338 626 136 ) (3338 712 136 ) (3338 712 64 ) (3338 626 64 ) 
4 3 4 (3338 576 64 ) (3338 616 64 ) (3378 616 64 ) (3378 576 64 ) 
4 6 10 (2176 -584 240.399612 ) (2176 -640 232 ) (2368 -640 232 ) (2368 -584 240.399612 ) 
4 6 10 (2088 -584 240.399612 ) (2088 -640 232 ) (2176 -640 232 ) (2176 -584 240.399612 ) 
4 6 7 (2088 -640 232 ) (2088 -640 226 ) (2176 -640 226 ) (2176 -640 232 ) 
3 6 10 (2084.266846 -584 240.399612 ) (2088 -640 232 ) (2088 -584 240.399612 ) 
3 6 26 (2048 -640 232 ) (2048 -584 240.399979 ) (2048 -584 232 ) 
4 6 10 (2048 -584 240.399612 ) (2048 -639.997375 232 ) (2088 -640 232 ) (2084.266846 -584 240.399612 ) 
4 6 9 (2087.996094 -640 226 ) (2087.996094 -640 232 ) (2048 -640 232 ) (2048 -640 226 ) 
4 6 10 (2048 -584 528 ) (2048 -584 240.398315 ) (2368 -584 240.398300 ) (2368 -584 528 ) 
4 6 26 (1736 -584 232 ) (2048 -584 232 ) (2048 -584 528 ) (1736 -584 528 ) 
4 6 28 (1808 -640 232 ) (1808 -640 226 ) (2048 -640 226 ) (2048 -640 232 ) 
4 6 30 (1808 -640 226 ) (1808 -640 232 ) (1744 -640 232 ) (1744 -640 226 ) 
4 7 14 (2120 -1024 174.399963 ) (2113.600098 -1024 174.399963 ) (2113.600098 -1024 168.400024 ) (2120 -1024 168.400024 ) 
4 7 13 (2393.599854 -1024 174.399963 ) (2120 -1024 174.399963 ) (2120 -1024 168.400024 ) (2393.599854 -1024 168.400009 ) 
4 7 11 (2088 -640 232 ) (2113.600098 -1024 174.399612 ) (2393.599854 -1024 174.399612 ) (2368 -640 232 ) 
4 7 8 (2088 -640.005859 232 ) (2088 -640.005859 226 ) (2113.599609 -1024 168.400024 ) (2113.599609 -1024 174.400879 ) 
4 8 15 (2113.600098 -1024 168.399963 ) (2113.600098 -1024 174.399963 ) (2088 -1024 174.399963 ) (2088 -1024 168.400024 ) 
3 8 11 (2088 -640 232 ) (2088 -1024 174.399612 ) (2113.600098 -1024 174.399612 ) 
4 8 9 (2088 -1024 168.400024 ) (2088 -1024 174.403320 ) (2088 -640 232.003525 ) (2088 -640 226 ) 
4 9 28 (2048 -1024 168.399963 ) (2048 -1024 174.399963 ) (2048 -640 232 ) (2048 -640 226 ) 
4 9 15 (2088 -1024 168.399963 ) (2088 -1024 174.399963 ) (2048 -1024 174.399963 ) (2048 -1024 168.400024 ) 
4 9 11 (2048 -639.997375 232 ) (2048 -1024 174.399612 ) (2088 -1024 174.399612 ) (2088 -640 232 ) 
4 10 26 (2048 -584 528 ) (2048 -584 240.399979 ) (2048 -640 232 ) (2048 -640 528 ) 
4 10 11 (2048 -640 231.997986 ) (2368 -640 231.997971 ) (2368 -640 400 ) (2048 -640 400 ) 
3 11 31 (2048 -1024 174.399963 ) (2048 -1024 232 ) (2048 -640 232 ) 
4 11 27 (2048 -1024 232 ) (2048 -1024 342.400024 ) (2048 -640 400 ) (2048 -640 232 ) 
4 11 22 (2120 -1024 342.400024 ) (2048 -1024 342.400024 ) (2048 -1024 328 ) (2120 -1024 328 ) 
4 11 23 (2048 -1024 328 ) (2048 -1024 174.399963 ) (2120 -1024 174.399963 ) (2120 -1024 328 ) 
4 11 19 (2120 -1024 328 ) (2120 -1024 174.399963 ) (2393.599854 -1024 174.399963 ) (2393.599854 -1024 328 ) 
4 11 18 (2393.599854 -1024 342.400024 ) (2120 -1024 342.400024 ) (2120 -1024 328 ) (2393.599854 -1024 328 ) 
4 12 67 (3592 -2048 -64 ) (3592 -2048 108 ) (3072 -2048 218.852783 ) (3072 -2048 45.844910 ) 
4 12 21 (3072 -2048 45.845032 ) (3072 -2048 154 ) (3072 -1896 154 ) (3072 -1896 45.844910 ) 
4 12 20 (3072 -2048 154 ) (3072 -2048 218.852783 ) (3072 -1896 218.852783 ) (3072 -1896 154 ) 
5 13 19 (2393.599854 -1024 174.398804 ) (2120 -1024 174.398804 ) (2120 -1159.992065 154 ) (2400 -1159.992065 154 ) (2400 -1120.001465 159.998581 ) 
3 13 17 (2120 -1160.022217 154 ) (2120 -1120 160.003296 ) (2120 -1120 154 ) 
4 13 14 (2120 -1120 160.003296 ) (2120 -1024 174.403320 ) (2120 -1024 168.399979 ) (2120 -1120 154 ) 
3 14 23 (2120 -1120 159.998718 ) (2120 -1024 174.398804 ) (2113.599854 -1024 174.398804 ) 
4 14 16 (2120 -1120.005859 154 ) (2120 -1120.005859 159.996094 ) (2119.998291 -1119.979858 160 ) (2117.333008 -1080 160 ) 
4 14 15 (2119.998291 -1119.979858 160 ) (2113.599609 -1024 174.396988 ) (2113.599609 -1024 168.400009 ) (2117.333008 -1080 160 ) 
4 15 34 (2048 -1120 160 ) (2048 -1024 174.399963 ) (2048 -1024 168.400009 ) (2048 -1080 160 ) 
4 15 23 (2120 -1119.991943 160 ) (2113.599854 -1024 174.398804 ) (2048 -1024 174.398804 ) (2048 -1119.992065 160 ) 
5 15 16 (2117.334229 -1080 160 ) (2120 -1119.988281 160 ) (2120 -1120 160 ) (2048 -1120 160 ) (2048 -1080 160 ) 
3 16 35 (2048 -1120 160 ) (2048 -1080 160 ) (2048 -1120 154 ) 
4 16 17 (2048 -1120 154 ) (2119.996094 -1120 154 ) (2119.996094 -1120 160 ) (2048 -1120 160 ) 
3 17 36 (2048 -1160 154 ) (2048 -1120 160 ) (2048 -1120 154 ) 
5 17 24 (2120 -1159.991943 154 ) (2120 -1120 159.998718 ) (2120 -1119.991943 160 ) (2048 -1119.992065 160 ) (2048 -1159.992065 154 ) 
3 18 22 (2120 -1024 342.400024 ) (2120 -1024 328 ) (2120 -1120 328 ) 
4 18 19 (2120 -1120 328 ) (2120 -1024 328 ) (2393.599854 -1024 328 ) (2400 -1120 328 ) 
4 19 24 (2120 -1120.028687 160 ) (2120 -1160.028687 154 ) (2120 -1896 154 ) (2120 -1896 160 ) 
5 19 23 (2120 -1024 328 ) (2120 -1024 174.404297 ) (2120 -1120.028687 160 ) (2120 -1896 160 ) (2120 -1896 328 ) 
4 19 20 (2120 -1896 328 ) (2120 -1896 154 ) (2400 -1896 154 ) (2400 -1896 328 ) 
5 20 71 (3072 -2048 154 ) (3072 -2048 218.852768 ) (2560 -2048 328 ) (2120 -2048 328 ) (2120 -2048 154 ) 
4 20 25 (2120 -2048 154 ) (2120 -2048 160 ) (2120 -1896 160 ) (2120 -1896 154 ) 
4 20 23 (2120 -2048 160 ) (2120 -2048 328 ) (2120 -1896 328 ) (2120 -1896 160 ) 
4 20 21 (2560 -1896 154 ) (3072 -1896 154 ) (3072 -2048 154 ) (2560 -2048 154 ) 
3 21 72 (3072 -2048 45.844955 ) (3072 -2048 154 ) (2560 -2048 154 ) 
3 22 37 (2048 -1024 342.400024 ) (2048 -1024 328 ) (2048 -1120 328 ) 
4 22 23 (2048 -1120 328 ) (2048 -1024 328 ) (2120 -1024 328 ) (2120 -1120 328 ) 
4 23 73 (2048 -2048 328 ) (2048 -2048 160 ) (2120 -2048 160 ) (2120 -2048 328 ) 
5 23 38 (2048 -2048 160 ) (2048 -2048 328 ) (2048 -1024 328 ) (2048 -1024 174.399963 ) (2048 -1120 160 ) 
4 23 25 (2120 -1896 160 ) (2120 -2048 160 ) (2048 -2048 160 ) (2048 -1896 160 ) 
4 23 24 (2048 -1119.996094 160 ) (2120 -1119.996094 160 ) (2120 -1896 160 ) (2048 -1896 160 ) 
4 24 39 (2048 -1896 160 ) (2048 -1120 160 ) (2048 -1160 154 ) (2048 -1896 154 ) 
4 24 25 (2048 -1896 154 ) (2120 -1896 154 ) (2120 -1896 160 ) (2048 -1896 160 ) 
4 25 74 (2048 -2048 160 ) (2048 -2048 154 ) (2120 -2048 154 ) (2120 -2048 160 ) 
4 25 40 (2048 -2048 154 ) (2048 -2048 160 ) (2048 -1896 160 ) (2048 -1896 154 ) 
4 26 6 (1736 -584 232 ) (1808 -584 232 ) (1808 -640 232 ) (1736 -640 232 ) 
4 26 6 (1808 -584 232 ) (2048 -584 232 ) (2048 -640 232 ) (1808 -640 232 ) 
4 26 27 (1744 -640 232 ) (2048 -640 232 ) (2048 -640 400 ) (1744 -640 400 ) 
4 27 46 (1782.400024 -1024 328 ) (1782.400024 -1024 232 ) (1792 -1024 232 ) (1792 -1024 328 ) 
4 27 45 (1792 -1024 232 ) (1856 -1024 232 ) (1856 -1024 328 ) (1792 -1024 328 ) 
4 27 44 (1856 -1024 342.400024 ) (1782.400024 -1024 342.400024 ) (1782.400024 -1024 328 ) (1856 -1024 328 ) 
4 27 37 (2048 -1024 328 ) (2048 -1024 342.400024 ) (1856 -1024 342.400024 ) (1856 -1024 328 ) 
4 27 38 (2048 -1024 232 ) (2048 -1024 328 ) (1856 -1024 328 ) (1856 -1024 232 ) 
4 27 31 (2048 -1024 232 ) (1782.400024 -1024 232 ) (1744 -640 232 ) (2048 -640 232 ) 
4 28 41 (1856 -1024 174.399963 ) (1846.400024 -1024 174.399963 ) (1846.400024 -1024 168.400024 ) (1856 -1024 168.400024 ) 
4 28 34 (2048 -1024 168.399963 ) (2048 -1024 174.399963 ) (1856 -1024 174.399963 ) (1856 -1024 168.400024 ) 
4 28 31 (2048 -639.998108 232 ) (1808 -639.998108 232 ) (1846.400024 -1024 174.399719 ) (2048 -1024 174.399719 ) 
4 28 29 (1808 -640.003906 232 ) (1808 -640.003906 226 ) (1846.399658 -1024 168.400024 ) (1846.399658 -1024 174.400604 ) 
4 29 42 (1846.400024 -1024 168.399963 ) (1846.400024 -1024 174.399963 ) (1808 -1024 174.399963 ) (1808 -1024 168.400024 ) 
3 29 31 (1808 -639.998108 232 ) (1808 -1024 174.399719 ) (1846.400024 -1024 174.399719 ) 
5 29 30 (1808 -1024 168.400024 ) (1808 -1024 174.404297 ) (1808 -640.027344 232 ) (1808 -640 232 ) (1808 -640 226 ) 
4 30 43 (1792 -1024 174.399963 ) (1782.400024 -1024 174.399963 ) (1782.400146 -1024 168.400009 ) (1792 -1024 168.400009 ) 
4 30 42 (1808 -1024 168.400009 ) (1808 -1024 174.399963 ) (1792 -1024 174.399963 ) (1792 -1024 168.400009 ) 
4 30 31 (1808 -639.998108 232 ) (1744 -639.998108 232 ) (1782.400146 -1024 174.399719 ) (1808 -1024 174.399719 ) 
4 31 46 (1792 -1024 232 ) (1782.400024 -1024 232 ) (1782.400024 -1024 174.399979 ) (1792 -1024 174.399979 ) 
4 31 45 (1856 -1024 232 ) (1792 -1024 232 ) (1792 -1024 174.399979 ) (1856 -1024 174.399979 ) 
4 31 38 (2048 -1024 174.399963 ) (2048 -1024 232 ) (1856 -1024 232 ) (1856 -1024 174.399979 ) 
4 32 64 (0 -447.048462 232 ) (0 -1024 232 ) (0 -1024 1016 ) (0 -447.048462 1016 ) 
4 32 52 (259.857056 -1024 1016 ) (0 -1024 1016 ) (0 -1024 232 ) (259.857117 -1024 232 ) 
3 32 33 (259.857056 -1024 232 ) (0 -1024 232 ) (0 -447.048462 232 ) 
4 33 64 (0 -1024 -16 ) (0 -1024 232 ) (0 -447.048462 232 ) (0 -447.048462 48.105728 ) 
4 33 52 (259.857056 -1024 232 ) (0 -1024 232 ) (0 -1024 -16 ) (259.857117 -1024 -16 ) 
4 34 41 (1856 -1120 160 ) (1856 -1024 174.399963 ) (1856 -1024 168.400009 ) (1856 -1080 160 ) 
4 34 38 (2048 -1024 174.400391 ) (1856 -1024 174.400391 ) (1856 -1120.002563 160 ) (2048 -1120.002686 160 ) 
4 34 35 (2048 -1120 160 ) (1856 -1120 160 ) (1856 -1080 160 ) (2048 -1080 160 ) 
3 35 41 (1856 -1120 160 ) (1856 -1080 160 ) (1856 -1120 154 ) 
4 35 36 (1856 -1120 154 ) (2048 -1120 154 ) (2048 -1120 160 ) (1856 -1120 160 ) 
3 36 42 (1856 -1160 154 ) (1856 -1120 160 ) (1856 -1120 154 ) 
4 36 39 (1856 -1120.002563 160 ) (1856 -1160.002563 154 ) (2048 -1160.002686 154 ) (2048 -1120.002686 160 ) 
3 37 44 (1856 -1024 342.400024 ) (1856 -1024 328 ) (1856 -1120 328 ) 
4 37 38 (1856 -1120 328 ) (1856 -1024 328 ) (2048 -1024 328 ) (2048 -1120 328 ) 
4 38 86 (2048 -2048 160 ) (2048 -2048 328 ) (1856 -2048 328 ) (1856 -2048 160 ) 
4 38 49 (1856 -2048 160 ) (1856 -2048 328 ) (1856 -1872 328 ) (1856 -1872 160 ) 
4 38 47 (1856 -1872 328 ) (1856 -1648 328 ) (1856 -1648 160 ) (1856 -1872 160 ) 
5 38 45 (1856 -1648 328 ) (1856 -1024 328 ) (1856 -1024 174.399963 ) (1856 -1120 160 ) (1856 -1648 160 ) 
4 38 40 (1856 -2048 160 ) (1856 -1896 160 ) (2048 -1896 160 ) (2048 -2048 160 ) 
4 38 39 (1856 -1896 160 ) (1856 -1120 160 ) (2048 -1120 160 ) (2048 -1896 160 ) 
4 39 49 (1856 -1896 160 ) (1856 -1872 160 ) (1856 -1872 154 ) (1856 -1896 154 ) 
4 39 47 (1856 -1872 160 ) (1856 -1648 160 ) (1856 -1648 154 ) (1856 -1872 154 ) 
4 39 45 (1856 -1648 160 ) (1856 -1120 160 ) (1856 -1160 154 ) (1856 -1648 154 ) 
4 39 40 (1856 -1896 154 ) (2048 -1896 154 ) (2048 -1896 160 ) (1856 -1896 160 ) 
4 40 87 (2048 -2048 154 ) (2048 -2048 160 ) (1856 -2048 160 ) (1856 -2048 154 ) 
4 40 49 (1856 -2048 154 ) (1856 -2048 160 ) (1856 -1896 160 ) (1856 -1896 154 ) 
3 41 45 (1856 -1120 160 ) (1856 -1024 174.399414 ) (1846.400024 -1024 174.399429 ) 
4 41 42 (1856 -1120.003906 154 ) (1856 -1120.003906 160.002930 ) (1846.399658 -1024 174.403519 ) (1846.399658 -1024 168.399994 ) 
5 42 45 (1792 -1159.996704 154 ) (1856 -1159.996216 154 ) (1856 -1120 160 ) (1846.400024 -1024 174.399429 ) (1792 -1024 174.399490 ) 
4 42 43 (1792 -1024 168.399445 ) (1792 -1119.996094 154 ) (1792 -1120 160 ) (1792 -1024 174.400146 ) 
3 43 46 (1792 -1120 160 ) (1792 -1024 174.399490 ) (1782.400024 -1024 174.399506 ) 
3 44 46 (1782.400024 -1024 328 ) (1792 -1024 328 ) (1792 -1120 328 ) 
4 44 45 (1792 -1024 328 ) (1856 -1024 328 ) (1856 -1120 328 ) (1792 -1120 328 ) 
4 45 47 (1792 -1648 154 ) (1856 -1648 154 ) (1856 -1648 328 ) (1792 -1648 328 ) 
4 45 46 (1792 -1120 328 ) (1792 -1024 328 ) (1792 -1024 174.400513 ) (1792 -1120 160 ) 
4 47 49 (1792 -1872 154 ) (1856 -1872 154 ) (1856 -1872 328 ) (1792 -1872 328 ) 
4 47 48 (1784 -1648 328 ) (1784 -1648 154 ) (1784 -1872 154 ) (1784 -1872 328 ) 
4 48 51 (1776 -1648 154 ) (1776 -1872 154 ) (1776 -1872 258.285706 ) (1776 -1648 258.285706 ) 
4 48 50 (1776 -1872 258.285706 ) (1776 -1872 328 ) (1776 -1648 328 ) (1776 -1648 258.285706 ) 
4 49 89 (1856 -2048 154 ) (1856 -2048 328 ) (1792 -2048 328 ) (1792 -2048 154 ) 
4 50 57 (1024 -1640 118.244904 ) (1024 -1880 118.244904 ) (1024 -1880 182 ) (1024 -1640 182 ) 
4 50 55 (1024 -1880 182 ) (1024 -1880 292.244904 ) (1024 -1640 292.244904 ) (1024 -1640 182 ) 
4 50 51 (1776 -1640 258.286133 ) (1776 -1880 258.286133 ) (1215.998169 -1880 154 ) (1215.998169 -1640 154 ) 
5 52 65 (0 -1624 -56 ) (0 -1624 1016 ) (0 -1024 1016 ) (0 -1024 -16 ) (0 -1384 -56 ) 
4 52 61 (396 -1624 8 ) (0 -1624 8 ) (0 -1624 -56 ) (396 -1624 -56 ) 
4 52 56 (396 -1624 182 ) (0 -1624 182 ) (0 -1624 8 ) (396 -1624 8 ) 
4 52 53 (396 -1624 1016 ) (0 -1624 1016 ) (0 -1624 182 ) (396 -1624 182 ) 
4 53 65 (0 -1640 1016 ) (0 -1624 1016 ) (0 -1624 182 ) (0 -1640 182 ) 
4 53 56 (0 -1640 182 ) (0 -1624 182 ) (396 -1624 182 ) (396 -1640 182 ) 
4 53 54 (0 -1640 182 ) (396 -1640 182 ) (396 -1640 1016 ) (0 -1640 1016 ) 
4 54 65 (0 -1896 182 ) (0 -1896 1016 ) (0 -1640 1016 ) (0 -1640 182 ) 
4 54 62 (390 -1896 1016 ) (0 -1896 1016 ) (0 -1896 182 ) (390 -1896 182 ) 
4 54 60 (396 -1896 182 ) (0 -1896 182 ) (0 -1880 182 ) (396 -1880 182 ) 
4 54 59 (0 -1880 182 ) (0 -1640 182 ) (396 -1640 182 ) (396 -1880 182 ) 
4 55 57 (432 -1880 182 ) (432 -1640 182 ) (1024 -1640 182 ) (1024 -1880 182 ) 
4 56 65 (0 -1640 182 ) (0 -1624 182 ) (0 -1624 8 ) (0 -1640 8 ) 
4 56 61 (0 -1640 8 ) (0 -1624 8 ) (396 -1624 8 ) (396 -1640 8 ) 
4 56 59 (0 -1640 8 ) (396 -1640 8 ) (396 -1640 182 ) (0 -1640 182 ) 
4 57 58 (432 -1640 182 ) (432 -1640 8 ) (432 -1880 8 ) (432 -1880 182 ) 
4 58 59 (420 -1640 182 ) (420 -1640 8 ) (420 -1880 8 ) (420 -1880 182 ) 
4 59 65 (0 -1880 182 ) (0 -1640 182 ) (0 -1640 8 ) (0 -1880 8 ) 
4 59 61 (0 -1880 8 ) (0 -1640 8 ) (396 -1640 8 ) (396 -1880 8 ) 
4 59 60 (0 -1880 8 ) (396 -1880 8 ) (396 -1880 182 ) (0 -1880 182 ) 
4 60 65 (0 -1896 8 ) (0 -1896 182 ) (0 -1880 182 ) (0 -1880 8 ) 
4 60 62 (0 -1896 182 ) (0 -1896 8 ) (390 -1896 8 ) (390 -1896 182 ) 
4 60 61 (396 -1896 8 ) (0 -1896 8 ) (0 -1880 8 ) (396 -1880 8 ) 
4 61 65 (0 -1896 -56 ) (0 -1896 8 ) (0 -1624 8 ) (0 -1624 -56 ) 
4 61 62 (0 -1896 8 ) (0 -1896 -56 ) (390 -1896 -56 ) (390 -1896 8 ) 
4 62 93 (0 -2048 -42.817871 ) (0 -2048 -56 ) (390 -2048 -56 ) (390 -2048 -42.817909 ) 
4 62 92 (390 -2048 1016 ) (0 -2048 1016 ) (0 -2048 -42.817871 ) (390 -2048 -42.817909 ) 
4 62 65 (0 -2048 -56 ) (0 -2048 1016 ) (0 -1896 1016 ) (0 -1896 -56 ) 
4 63 64 (-32 -376 1016 ) (-566 -376 1016 ) (-566 -376 56 ) (-32 -376 56 ) 
4 64 66 (-199 -1024 1016 ) (-330.071442 -1024 1016 ) (-330.071411 -1024 -16 ) (-199 -1024 -16 ) 
4 64 65 (0 -1024 -16 ) (0 -1024 1016 ) (-199 -1024 1016 ) (-199 -1024 -16 ) 
4 65 135 (0 -2048 -56 ) (0 -2048 -42.817909 ) (-199 -2048 -42.817871 ) (-199 -2048 -56 ) 
4 65 134 (0 -2048 -42.817909 ) (0 -2048 1016 ) (-199 -2048 1016 ) (-199 -2048 -42.817871 ) 
4 65 66 (-199 -1384 1016 ) (-199 -1024 1016 ) (-199 -1024 -16 ) (-199 -1384 -56 ) 
4 67 72 (3072 -2048 154 ) (3072 -2048 45.844986 ) (3072 -2176 45.845032 ) (3072 -2176 154 ) 
4 67 71 (3072 -2048 218.852783 ) (3072 -2048 154 ) (3072 -2176 154 ) (3072 -2176 218.852905 ) 
4 67 69 (3072 -2176 218.852783 ) (3072 -2176 51.844955 ) (3592 -2176 -58 ) (3592 -2176 108 ) 
4 67 68 (3072 -2176 51.844955 ) (3072 -2176 45.844986 ) (3592 -2176 -64 ) (3592 -2176 -58 ) 
4 68 78 (3072 -2368 45.844971 ) (3072 -2368 51.844971 ) (3072 -2176 51.844910 ) (3072 -2176 45.844940 ) 
4 68 70 (3592 -2368 -64 ) (3592 -2368 -58 ) (3072 -2368 51.844910 ) (3072 -2368 45.844940 ) 
4 68 69 (3592 -2176 -58 ) (3072 -2176 51.845169 ) (3072 -2368 51.845215 ) (3592 -2368 -58 ) 
4 69 80 (3072 -2368 51.844971 ) (3072 -2368 160 ) (3072 -2176 160 ) (3072 -2176 51.844910 ) 
4 69 75 (3072 -2368 160 ) (3072 -2368 218.852768 ) (3072 -2176 218.852783 ) (3072 -2176 160 ) 
4 69 70 (3072 -2368 218.852783 ) (3072 -2368 51.844910 ) (3592 -2368 -58 ) (3592 -2368 108 ) 
4 70 82 (3072 -2368 154 ) (3072 -2368 45.844910 ) (3072 -2504 45.844933 ) (3072 -2504 154 ) 
4 70 81 (3072 -2504 218.852783 ) (3072 -2368 218.852783 ) (3072 -2368 154 ) (3072 -2504 154 ) 
4 71 77 (2560 -2176 160 ) (2120 -2176 160 ) (2120 -2176 154 ) (2560 -2176 154 ) 
3 71 76 (2560 -2176 160 ) (2560 -2176 154 ) (2588.403809 -2176 154 ) 
4 71 80 (3072 -2176 154 ) (3072 -2176 160 ) (2560 -2176 160 ) (2588.403809 -2176 154 ) 
5 71 75 (3072 -2176 160 ) (3072 -2176 218.852768 ) (2560 -2176 328 ) (2120 -2176 328 ) (2120 -2176 160 ) 
4 71 74 (2120 -2176 154 ) (2120 -2176 160 ) (2120 -2048 160 ) (2120 -2048 154 ) 
4 71 73 (2120 -2176 160 ) (2120 -2176 328 ) (2120 -2048 328 ) (2120 -2048 160 ) 
4 71 72 (3072 -2176 154 ) (2560 -2176 154 ) (2560 -2048 154 ) (3072 -2048 154 ) 
4 72 78 (3072 -2176 45.844971 ) (3072 -2176 51.845001 ) (2588.404053 -2176 154 ) (2560 -2176 154 ) 
3 72 80 (3072 -2176 51.845001 ) (3072 -2176 154 ) (2588.404053 -2176 154 ) 
4 73 86 (2048 -2048 328 ) (2048 -2048 160 ) (2048 -2176 160 ) (2048 -2176 328 ) 
4 73 75 (2048 -2176 328 ) (2048 -2176 160 ) (2120 -2176 160 ) (2120 -2176 328 ) 
4 73 74 (2120 -2048 160 ) (2120 -2176 160 ) (2048 -2176 160 ) (2048 -2048 160 ) 
4 74 87 (2048 -2048 160 ) (2048 -2048 154 ) (2048 -2176 154 ) (2048 -2176 160 ) 
4 74 79 (2048 -2176 160 ) (2048 -2176 154 ) (2120 -2176 154 ) (2120 -2176 160 ) 
4 75 86 (2048 -2368 160 ) (2048 -2368 328 ) (2048 -2176 328 ) (2048 -2176 160 ) 
5 75 81 (3072 -2368 160 ) (3072 -2368 218.852783 ) (2560 -2368 328 ) (2048 -2368 328 ) (2048 -2368 160 ) 
4 75 79 (2120 -2368 160 ) (2048 -2368 160 ) (2048 -2176 160 ) (2120 -2176 160 ) 
4 75 77 (2560 -2368 160 ) (2120 -2368 160 ) (2120 -2176 160 ) (2560 -2176 160 ) 
4 75 80 (3072 -2368 160 ) (2560 -2368 160 ) (2560 -2176 160 ) (3072 -2176 160 ) 
3 76 81 (2588.403809 -2368 154 ) (2560 -2368 160 ) (2560 -2368 154 ) 
4 76 78 (2560 -2176 154 ) (2588.403076 -2176 154 ) (2588.403076 -2368 154 ) (2560 -2368 154 ) 
4 76 80 (2588.403809 -2176 154 ) (2560 -2176 160 ) (2560 -2368 160 ) (2588.403564 -2368 154 ) 
4 76 77 (2560 -2176 154 ) (2560 -2368 154 ) (2560 -2368 160 ) (2560 -2176 160 ) 
4 77 81 (2560 -2368 160 ) (2120 -2368 160 ) (2120 -2368 154 ) (2560 -2368 154 ) 
4 77 79 (2120 -2368 154 ) (2120 -2368 160 ) (2120 -2176 160 ) (2120 -2176 154 ) 
4 78 82 (3072 -2368 45.844971 ) (3072 -2368 51.844971 ) (2588.403809 -2368 154 ) (2560 -2368 154 ) 
4 78 80 (3072 -2176 51.844971 ) (2588.403809 -2176 154 ) (2588.403564 -2368 154 ) (3072 -2368 51.844963 ) 
4 79 87 (2048 -2368 154 ) (2048 -2368 160 ) (2048 -2176 160 ) (2048 -2176 154 ) 
4 79 81 (2120 -2368 154 ) (2120 -2368 160 ) (2048 -2368 160 ) (2048 -2368 154 ) 
3 80 82 (3072 -2368 51.844971 ) (3072 -2368 154 ) (2588.403809 -2368 154 ) 
4 80 81 (3072 -2368 154 ) (3072 -2368 160 ) (2560 -2368 160 ) (2588.403809 -2368 154 ) 
4 81 88 (2048 -2504 328 ) (2048 -2368 328 ) (2048 -2368 154 ) (2048 -2504 154 ) 
4 81 82 (2560 -2368 154 ) (3072 -2368 154 ) (3072 -2504 154 ) (2560 -2504 154 ) 
4 83 84 (2768 -4320 51 ) (2768 -4320 -123 ) (2768 -4568 -123 ) (2768 -4568 51 ) 
4 84 139 (2048 -4568 -123 ) (2048 -4568 51 ) (2048 -4320 51 ) (2048 -4320 -123 ) 
4 84 85 (2576 -4568 -123 ) (2256 -4568 -123 ) (2256 -4320 -123 ) (2576 -4320 -123 ) 
4 86 89 (1856 -2368 160 ) (1856 -2368 328 ) (1856 -2048 328 ) (1856 -2048 160 ) 
4 86 88 (1856 -2368 328 ) (1856 -2368 160 ) (2048 -2368 160 ) (2048 -2368 328 ) 
4 86 87 (2048 -2368 160 ) (1856 -2368 160 ) (1856 -2048 160 ) (2048 -2048 160 ) 
4 87 89 (1856 -2368 154 ) (1856 -2368 160 ) (1856 -2048 160 ) (1856 -2048 154 ) 
4 87 88 (1856 -2368 160 ) (1856 -2368 154 ) (2048 -2368 154 ) (2048 -2368 160 ) 
4 88 89 (1856 -2504 328 ) (1856 -2368 328 ) (1856 -2368 154 ) (1856 -2504 154 ) 
4 90 114 (1584 -3072 51 ) (1584 -3072 -72 ) (1656 -3072 -72 ) (1656 -3072 51 ) 
4 90 112 (1656 -3072 99 ) (1584 -3072 99 ) (1584 -3072 51 ) (1656 -3072 51 ) 
4 90 97 (1761 -3072 99 ) (1656 -3072 99 ) (1656 -3072 -72 ) (1761 -3072 -72 ) 
4 90 96 (1824 -3072 -72 ) (1824 -3072 51 ) (1761 -3072 51 ) (1761 -3072 -72 ) 
4 90 94 (1824 -3072 51 ) (1824 -3072 99 ) (1761 -3072 99 ) (1761 -3072 51 ) 
4 91 119 (641.582031 -3072 -116.179138 ) (641.582031 -3072 909.014893 ) (390 -3072 909.014893 ) (390 -3072 -116.179199 ) 
4 91 92 (390 -3072 -116.179138 ) (390 -3072 909.014160 ) (390 -2232 1016 ) (390 -2232 -56 ) 
5 92 134 (0 -2048 1016 ) (0 -2048 -42.817871 ) (0 -3072 -116.179138 ) (0 -3072 909.014893 ) (0 -2232 1016 ) 
4 92 119 (390 -3072 -116.179138 ) (390 -3072 909.014893 ) (0 -3072 909.014893 ) (0 -3072 -116.179199 ) 
4 92 93 (390 -2048 -42.817627 ) (390 -2232.003906 -56 ) (0 -2232.003906 -56 ) (0 -2048 -42.817627 ) 
3 93 135 (0 -2048 -42.817871 ) (0 -2048 -56 ) (0 -2232 -56 ) 
4 94 98 (1761 -3160 51 ) (1761 -4072 51 ) (1761 -3800 99 ) (1761 -3160 99 ) 
4 94 97 (1761 -3072 99 ) (1761 -3072 51 ) (1761 -3160 51 ) (1761 -3160 99 ) 
4 94 96 (1761 -3089.411621 51 ) (1761 -3072 51 ) (1824 -3072 51 ) (1824 -3089.411621 51 ) 
4 94 95 (1761 -4072 51 ) (1761 -3089.411621 51 ) (1824 -3089.411621 51 ) (1824 -4072 51 ) 
4 95 142 (1824 -4096 -123 ) (1824 -4096 51 ) (1761 -4096 51 ) (1761 -4096 -123 ) 
4 95 111 (1761 -4072 -123 ) (1761 -4096 -123 ) (1761 -4096 -120 ) (1761 -4055.058838 -120 ) 
4 95 110 (1761 -4096 -120 ) (1761 -4096 -112 ) (1761 -4072 -112 ) (1761 -4072 -120 ) 
3 95 109 (1761 -4072 -112 ) (1761 -4026.666748 -112 ) (1761 -4072 -120 ) 
4 95 108 (1761 -4026.666748 -112 ) (1761 -4009.882324 -112 ) (1761 -4055.058838 -120 ) (1761 -4072 -120 ) 
4 95 105 (1761 -3800 -64 ) (1761 -3784 -64 ) (1761 -3784 -69.176521 ) (1761 -3800 -72 ) 
3 95 104 (1761 -3784 -64 ) (1761 -3754.666260 -64 ) (1761 -3784 -69.176521 ) 
3 95 106 (1761 -3800 -64 ) (1761 -3800 -72 ) (1761 -3845.333008 -72 ) 
4 95 107 (1761 -3800 -72 ) (1761 -4026.666748 -112 ) (1761 -4072 -112 ) (1761 -3845.333008 -72 ) 
4 95 103 (1761 -4096 -112 ) (1761 -4096 -64 ) (1761 -3800 -64 ) (1761 -4072 -112 ) 
4 95 102 (1761 -3784 -72 ) (1761 -4009.882324 -112 ) (1761 -4026.666748 -112 ) (1761 -3800 -72 ) 
3 95 101 (1761 -3784 -72 ) (1761 -3800 -72 ) (1761 -3784 -69.176521 ) 
4 95 100 (1761 -3754.666260 -64 ) (1761 -3738.823486 -64 ) (1761 -3784 -72 ) (1761 -3784 -69.176521 ) 
5 95 99 (1761 -4096 -64 ) (1761 -4096 51 ) (1761 -3160 51 ) (1761 -3160 38.499977 ) (1761 -3738.823486 -64 ) 
3 95 97 (1761 -3160 51 ) (1761 -3089.411621 51 ) (1761 -3160 38.499977 ) 
4 95 96 (1761 -3784 -72 ) (1761 -3089.412109 51 ) (1824 -3089.412109 51 ) (1824 -3784 -72 ) 
4 96 100 (1761 -3160 -72 ) (1761 -3784 -72 ) (1761 -3738.823486 -64 ) (1761 -3160 -64 ) 
3 96 99 (1761 -3738.823486 -64 ) (1761 -3160 38.499977 ) (1761 -3160 -64 ) 
5 96 97 (1761 -3072 51 ) (1761 -3072 -72 ) (1761 -3160 -72 ) (1761 -3160 38.499977 ) (1761 -3089.411621 51 ) 
5 97 114 (1656 -3160 -72 ) (1656 -3160 38.500031 ) (1656 -3089.411621 51 ) (1656 -3072 51 ) (1656 -3072 -72 ) 
3 97 113 (1656 -3160 38.500031 ) (1656 -3160 51 ) (1656 -3089.411621 51 ) 
4 97 112 (1656 -3160 51 ) (1656 -3160 99 ) (1656 -3072 99 ) (1656 -3072 51 ) 
4 97 100 (1656 -3160 -64 ) (1656 -3160 -72 ) (1761 -3160 -72 ) (1761 -3160 -64 ) 
4 97 98 (1656 -3160 99 ) (1656 -3160 51 ) (1761 -3160 51 ) (1761 -3160 99 ) 
4 97 99 (1656 -3160 51 ) (1656 -3160 -64 ) (1761 -3160 -64 ) (1761 -3160 51 ) 
4 98 112 (1656 -3800 99 ) (1656 -3160 99 ) (1656 -3160 51 ) (1656 -4072 51 ) 
4 98 99 (1656 -4072 51 ) (1656 -3160 51 ) (1761 -3160 51 ) (1761 -4072 51 ) 
4 99 143 (1761 -4096 -64 ) (1761 -4096 51 ) (1656 -4096 51 ) (1656 -4096 -64 ) 
3 99 114 (1656 -3160 38.500031 ) (1656 -3160 -64 ) (1656 -3738.823730 -64 ) 
5 99 113 (1656 -4096 -64 ) (1656 -4096 51 ) (1656 -3160 51 ) (1656 -3160 38.500031 ) (1656 -3738.823730 -64 ) 
4 99 105 (1656 -3800 -64 ) (1656 -3784 -64 ) (1761 -3784 -64 ) (1761 -3800 -64 ) 
4 99 104 (1656 -3784 -64 ) (1656 -3754.666504 -64 ) (1761 -3754.666504 -64 ) (1761 -3784 -64 ) 
4 99 103 (1656 -4096 -64 ) (1656 -3800 -64 ) (1761 -3800 -64 ) (1761 -4096 -64 ) 
4 99 100 (1656 -3754.666504 -64 ) (1656 -3160 -64 ) (1761 -3160 -64 ) (1761 -3754.666504 -64 ) 
4 100 114 (1656 -3738.823730 -64 ) (1656 -3160 -64 ) (1656 -3160 -72 ) (1656 -3784 -72 ) 
4 100 113 (1656 -3754.666504 -64 ) (1656 -3738.823730 -64 ) (1656 -3784 -72 ) (1656 -3784 -69.176506 ) 
4 100 104 (1761 -3754.666016 -64 ) (1656 -3754.666016 -64 ) (1656 -3784 -69.176598 ) (1761 -3784 -69.176598 ) 
4 100 101 (1656 -3784 -72 ) (1761 -3784 -72 ) (1761 -3784 -69.179962 ) (1656 -3784 -69.179970 ) 
3 101 113 (1656 -3784 -72 ) (1656 -3800 -72 ) (1656 -3784 -69.176506 ) 
4 101 105 (1656 -3784 -69.176598 ) (1656 -3800 -72 ) (1761 -3800 -72 ) (1761 -3784 -69.176598 ) 
4 101 102 (1761 -3799.996094 -72 ) (1656 -3799.996094 -72 ) (1656 -3784 -72 ) (1761 -3784 -72 ) 
4 102 113 (1656 -4009.882568 -112 ) (1656 -4026.666504 -112 ) (1656 -3800 -72 ) (1656 -3784 -72 ) 
4 102 108 (1656 -4026.666504 -112 ) (1656 -4009.882568 -112 ) (1761 -4009.882568 -112 ) (1761 -4026.666504 -112 ) 
4 102 107 (1656 -3800 -72 ) (1656 -4026.666016 -112 ) (1761 -4026.666016 -112 ) (1761 -3800 -72 ) 
4 103 143 (1761 -4096 -112 ) (1761 -4096 -64 ) (1656 -4096 -64 ) (1656 -4096 -112 ) 
4 103 113 (1656 -4096 -112 ) (1656 -4096 -64 ) (1656 -3800 -64 ) (1656 -4072 -112 ) 
4 103 110 (1656 -4096 -112 ) (1656 -4072 -112 ) (1761 -4072 -112 ) (1761 -4096 -112 ) 
4 103 106 (1656 -3845.333252 -72 ) (1656 -3800 -64 ) (1761 -3800 -64 ) (1761 -3845.333252 -72 ) 
4 103 107 (1761 -4072 -112 ) (1656 -4072 -112 ) (1656 -3845.333252 -72 ) (1761 -3845.333252 -72 ) 
3 104 113 (1656 -3784 -64 ) (1656 -3754.666504 -64 ) (1656 -3784 -69.176506 ) 
4 104 105 (1656 -3784 -69.176521 ) (1761 -3784 -69.176521 ) (1761 -3784 -64 ) (1656 -3784 -64 ) 
4 105 113 (1656 -3800 -64 ) (1656 -3784 -64 ) (1656 -3784 -69.176506 ) (1656 -3800 -72 ) 
4 105 106 (1656 -3800 -72 ) (1761 -3800 -72 ) (1761 -3800 -64.001884 ) (1656 -3800 -64.001884 ) 
3 106 113 (1656 -3800 -64 ) (1656 -3800 -72 ) (1656 -3845.333252 -72 ) 
4 106 107 (1761 -3845.333984 -72 ) (1656 -3845.333984 -72 ) (1656 -3799.998047 -72 ) (1761 -3799.998047 -72 ) 
4 107 113 (1656 -3800 -72 ) (1656 -4026.666504 -112 ) (1656 -4072 -112 ) (1656 -3845.333252 -72 ) 
4 107 109 (1656 -4072 -112 ) (1656 -4026.666504 -112 ) (1761 -4026.666504 -112 ) (1761 -4072 -112 ) 
4 108 113 (1656 -4026.666504 -112 ) (1656 -4009.882568 -112 ) (1656 -4055.058838 -120 ) (1656 -4072 -120 ) 
4 108 111 (1656 -4072 -120 ) (1656 -4055.058838 -120 ) (1761 -4055.058838 -120 ) (1761 -4072 -120 ) 
4 108 109 (1761 -4026.666016 -112 ) (1656 -4026.666016 -112 ) (1656 -4072 -120 ) (1761 -4072 -120 ) 
3 109 113 (1656 -4072 -112 ) (1656 -4026.666504 -112 ) (1656 -4072 -120 ) 
4 109 110 (1656 -4072 -119.996094 ) (1761 -4072 -119.996094 ) (1761 -4072 -112 ) (1656 -4072 -112 ) 
4 110 144 (1761 -4096 -120 ) (1761 -4096 -112 ) (1656 -4096 -112 ) (1656 -4096 -120 ) 
4 110 113 (1656 -4096 -120 ) (1656 -4096 -112 ) (1656 -4072 -112 ) (1656 -4072 -120 ) 
4 110 111 (1656 -4096 -120 ) (1656 -4072 -120 ) (1761 -4072 -120 ) (1761 -4096 -120 ) 
4 111 145 (1761 -4096 -123 ) (1761 -4096 -120 ) (1656 -4096 -120 ) (1656 -4096 -123 ) 
4 111 113 (1656 -4096 -123 ) (1656 -4096 -120 ) (1656 -4055.058838 -120 ) (1656 -4072 -123 ) 
4 112 115 (1584 -3544 51 ) (1584 -3784 51 ) (1584 -3784 99 ) (1584 -3544 99 ) 
4 112 114 (1584 -3089.411621 51 ) (1584 -3072 51 ) (1656 -3072 51 ) (1656 -3089.411621 51 ) 
4 112 113 (1584 -4072 51 ) (1584 -3089.411621 51 ) (1656 -3089.411621 51 ) (1656 -4072 51 ) 
4 113 146 (1656 -4096 -123 ) (1656 -4096 51 ) (1584 -4096 51 ) (1584 -4096 -123 ) 
4 113 117 (1584 -3544 -3.638306 ) (1584 -3544 -29.500015 ) (1584 -3784 -72 ) (1584 -3784 -3.638298 ) 
4 113 115 (1584 -3784 51 ) (1584 -3544 51 ) (1584 -3544 -3.638306 ) (1584 -3784 -3.638298 ) 
4 113 114 (1584 -3784.002197 -72 ) (1584 -3089.414795 51 ) (1656 -3089.414795 51 ) (1656 -3784.002197 -72 ) 
3 114 117 (1584 -3544 -72 ) (1584 -3784 -72 ) (1584 -3544 -29.500008 ) 
4 115 117 (1584 -3784 -3.638672 ) (1576 -3784 -4.723778 ) (1576 -3544 -4.723778 ) (1584 -3544 -3.638672 ) 
4 115 116 (1576 -3544 -4.720955 ) (1576 -3784 -4.720946 ) (1576 -3784 99 ) (1576 -3544 99 ) 
4 116 127 (1024 -3784 -79.595764 ) (1024 -3784 48 ) (1024 -3544 48 ) (1024 -3544 -79.595825 ) 
4 116 125 (1024 -3784 48 ) (1024 -3784 91.404251 ) (1024 -3544 91.404297 ) (1024 -3544 48 ) 
4 116 118 (1576 -3784 -4.723778 ) (1080.002686 -3784 -72 ) (1080.002808 -3544 -72 ) (1576 -3544 -4.723778 ) 
4 117 118 (1576 -3544 -72 ) (1576 -3784 -72 ) (1576 -3784 -4.726725 ) (1576 -3544 -4.726737 ) 
4 119 138 (0 -3237 -128 ) (0 -3237 888 ) (0 -3207.640625 888 ) (0 -3207.640625 -125.896652 ) 
4 119 137 (0 -3207.640625 888 ) (0 -3072 888 ) (0 -3072 -116.179138 ) (0 -3207.640625 -125.896652 ) 
3 119 136 (0 -3237 888 ) (0 -3072 909.014832 ) (0 -3072 888 ) 
4 119 120 (643 -3237 888 ) (0 -3237 888 ) (0 -3237 -128 ) (643 -3237 -128 ) 
4 120 138 (0 -3237 888 ) (0 -3237 -128 ) (0 -3528 -128 ) (0 -3528 888 ) 
4 120 123 (0 -3528 48 ) (0 -3528 -128 ) (599.117798 -3528 -128 ) (599.117798 -3528 48 ) 
4 120 122 (0 -3528 56 ) (0 -3528 48 ) (591 -3528 48 ) (591 -3528 56 ) 
4 120 121 (0 -3528 888 ) (0 -3528 56 ) (599.117798 -3528 56 ) (599.117798 -3528 888 ) 
4 121 138 (0 -3528 888 ) (0 -3528 56 ) (0 -3544 56 ) (0 -3544 888 ) 
4 121 126 (591 -3544 888 ) (0 -3544 888 ) (0 -3544 56 ) (591 -3544 56 ) 
4 121 124 (596.705017 -3544 888 ) (591 -3544 888 ) (591 -3544 56 ) (596.704956 -3544 56 ) 
4 121 122 (0 -3528 56 ) (591 -3528 56 ) (591 -3544 56 ) (0 -3544 56 ) 
4 122 138 (0 -3528 56 ) (0 -3528 48 ) (0 -3544 48 ) (0 -3544 56 ) 
4 122 126 (0 -3544 56 ) (0 -3544 48 ) (591 -3544 48 ) (591 -3544 56 ) 
4 122 123 (591 -3544 48 ) (0 -3544 48 ) (0 -3528 48 ) (591 -3528 48 ) 
4 123 138 (0 -3528 48 ) (0 -3528 -128 ) (0 -3544 -128 ) (0 -3544 48 ) 
4 123 130 (0 -3544 -128 ) (560 -3544 -128 ) (560 -3544 -123 ) (0 -3544 -123 ) 
4 123 129 (596.705017 -3544 -123 ) (596.705017 -3544 48 ) (0 -3544 48 ) (0 -3544 -123 ) 
4 124 126 (591 -3581.841309 888 ) (591 -3544 888 ) (591 -3544 56 ) (591 -3581.841553 56 ) 
4 125 127 (1024 -3784 48 ) (704 -3784 48 ) (704 -3544 48 ) (1024 -3544 48 ) 
4 126 138 (0 -3544 888 ) (0 -3544 48 ) (0 -3784 48 ) (0 -3784 888 ) 
4 126 132 (0 -3784 56 ) (0 -3784 48 ) (560.515808 -3784 48 ) (560.515808 -3784 56 ) 
4 126 131 (0 -3784 888 ) (0 -3784 56 ) (560.515808 -3784 56 ) (560.515808 -3784 888 ) 
5 126 129 (560.515808 -3784 48 ) (0 -3784 48 ) (0 -3544 48 ) (591 -3544 48 ) (591 -3581.841553 48 ) 
4 127 128 (664 -3544 -123 ) (664 -3784 -123 ) (664 -3784 48 ) (664 -3544 48 ) 
4 128 129 (654 -3544 -123 ) (654 -3784 -123 ) (654 -3784 48 ) (654 -3544 48 ) 
4 129 138 (0 -3544 48 ) (0 -3544 -123 ) (0 -3784 -123 ) (0 -3784 48 ) 
4 129 133 (0 -3784 48 ) (0 -3784 -123 ) (560.515747 -3784 -123 ) (560.515747 -3784 48 ) 
4 129 130 (560 -3784 -123 ) (0 -3784 -123 ) (0 -3544 -123 ) (560 -3544 -123 ) 
4 130 138 (0 -3544 -123 ) (0 -3544 -128 ) (0 -3784 -128 ) (0 -3784 -123 ) 
4 130 133 (0 -3784 -123 ) (0 -3784 -128 ) (560 -3784 -128 ) (560 -3784 -123 ) 
4 131 148 (513.468262 -4096 888 ) (0 -4096 888 ) (0 -4096 56 ) (513.468201 -4096 56 ) 
4 131 138 (0 -4096 56 ) (0 -4096 888 ) (0 -3784 888 ) (0 -3784 56 ) 
4 131 132 (0 -3784 56 ) (560.515747 -3784 56 ) (513.468262 -4096 56 ) (0 -4096 56 ) 
4 132 148 (0 -4096 56 ) (0 -4096 48 ) (513.468201 -4096 48 ) (513.468201 -4096 56 ) 
4 132 138 (0 -4096 48 ) (0 -4096 56 ) (0 -3784 56 ) (0 -3784 48 ) 
4 132 133 (0 -3784 48 ) (560.515808 -3784 48 ) (513.468201 -4096 48 ) (0 -4096 48 ) 
4 133 148 (513.468262 -4096 48 ) (0 -4096 48 ) (0 -4096 -128 ) (513.468201 -4096 -128 ) 
4 133 138 (0 -4096 -128 ) (0 -4096 48 ) (0 -3784 48 ) (0 -3784 -128 ) 
4 134 137 (0 -3072 -116.179138 ) (0 -3072 888 ) (-35.179077 -3072 888 ) (-35.179077 -3072 -116.179199 ) 
4 134 136 (0 -3072 888 ) (0 -3072 909.014893 ) (-35.179077 -3072 909.014893 ) (-35.179077 -3072 888 ) 
4 134 135 (-199 -2232.004639 -56 ) (-199 -2048 -42.817871 ) (0 -2048 -42.817871 ) (0 -2232 -56 ) 
3 136 138 (0 -3207.640625 888 ) (0 -3237 888 ) (-3 -3237 888 ) 
4 136 137 (-35.179077 -3072 888 ) (0 -3072 888 ) (0 -3207.640625 888 ) (-3 -3237 888 ) 
4 137 138 (0 -3207.638184 888 ) (-3 -3237 888 ) (-3 -3237 -128 ) (0 -3207.638184 -125.896484 ) 
4 138 149 (0 -4096 -128 ) (0 -4096 888 ) (-90.774818 -4096 888 ) (-90.774796 -4096 -128 ) 
4 139 140 (1848 -4320 51 ) (1848 -4320 -123 ) (1848 -4568 -123 ) (1848 -4568 51 ) 
4 140 141 (1840 -4320 51 ) (1840 -4320 -123 ) (1840 -4568 -123 ) (1840 -4568 51 ) 
4 141 142 (1824 -4568 51 ) (1824 -4320 51 ) (1824 -4320 -123 ) (1824 -4568 -123 ) 
4 142 145 (1761 -4096 -120 ) (1761 -4096 -123 ) (1761 -4736 -123 ) (1761 -4736 -120 ) 
4 142 144 (1761 -4096 -112 ) (1761 -4096 -120 ) (1761 -4736 -120 ) (1761 -4736 -112 ) 
4 142 143 (1761 -4096 51 ) (1761 -4096 -112 ) (1761 -4736 -112 ) (1761 -4736 51 ) 
4 143 146 (1656 -4096 51 ) (1656 -4096 -112 ) (1656 -4736 -112 ) (1656 -4736 51 ) 
4 143 144 (1656 -4736 -112 ) (1656 -4096 -112 ) (1761 -4096 -112 ) (1761 -4736 -112 ) 
4 144 146 (1656 -4736 -112 ) (1656 -4096 -112 ) (1656 -4096 -120 ) (1656 -4736 -120 ) 
4 144 145 (1656 -4736 -120 ) (1656 -4096 -120 ) (1761 -4096 -120 ) (1761 -4736 -120 ) 
4 145 146 (1656 -4736 -123 ) (1656 -4736 -120 ) (1656 -4096 -120 ) (1656 -4096 -123 ) 
4 147 148 (491 -4245.003418 -128 ) (397.659180 -4864 -128 ) (397.659180 -4864 888 ) (491 -4245.002930 888 ) 
4 148 151 (0 -4448 -128 ) (0 -4864 -128 ) (0 -4864 888 ) (0 -4448 888 ) 
4 148 150 (0 -4245 -128 ) (0 -4448 -128 ) (0 -4448 888 ) (0 -4245 888 ) 
4 148 149 (0 -4096 888 ) (0 -4096 -128 ) (0 -4245 -128 ) (0 -4245 888 ) 
4 149 150 (0 -4245 -128 ) (0 -4245 888 ) (-98 -4245 888 ) (-98 -4245 -128 ) 
4 150 151 (0 -4448 888 ) (-98 -4448 888 ) (-98 -4448 -128 ) (0 -4448 -128 ) 
