PRT1
102
173
4 0 2 (1216 448 0 ) (1216 400 0 ) (1216 400 108 ) (1216 448 108 ) 
4 1 2 (1216 136 0 ) (1216 88 0 ) (1216 88 108 ) (1216 136 108 ) 
4 2 10 (1216 0 128 ) (1072 0 128 ) (1072 0 0 ) (1216 0 0 ) 
4 2 5 (1072 88 109.874008 ) (1072 88 38 ) (1072 48 38 ) (1072 48 109.874008 ) 
4 2 3 (1072 472 109.874008 ) (1072 472 38 ) (1072 432 38 ) (1072 432 109.874008 ) 
4 3 4 (1065 472 38 ) (1065 432 38 ) (1065 432 109.874008 ) (1065 472 109.874008 ) 
4 4 7 (1064 432 38 ) (1064 432 109.874008 ) (1064 472 109.874008 ) (1064 472 38 ) 
4 5 6 (1065 88 38 ) (1065 48 38 ) (1065 48 109.874008 ) (1065 88 109.874008 ) 
4 6 7 (1064 48 38 ) (1064 48 109.874008 ) (1064 88 109.874008 ) (1064 88 38 ) 
4 7 19 (1024 0 -7 ) (1024 0 128 ) (1024 558 128 ) (1024 558 -7 ) 
4 7 13 (1024 0 128 ) (1024 0 -7 ) (1064 0 -7 ) (1064 0 128 ) 
4 8 10 (1216 -176 108 ) (1216 -176 0 ) (1216 -224 0 ) (1216 -224 108 ) 
4 9 10 (1216 -488 108 ) (1216 -488 0 ) (1216 -536 0 ) (1216 -536 108 ) 
4 10 11 (1072 -296 109.874008 ) (1072 -296 38 ) (1072 -336 38 ) (1072 -336 109.874008 ) 
4 11 12 (1065 -296 38 ) (1065 -336 38 ) (1065 -336 109.874008 ) (1065 -296 109.874008 ) 
4 12 13 (1064 -336 38 ) (1064 -336 109.874008 ) (1064 -296 109.874008 ) (1064 -296 38 ) 
4 13 48 (1024 -350 128 ) (1024 -136 128 ) (1024 -136 -7 ) (1024 -350 -7 ) 
4 13 45 (1024 -136 128 ) (1024 0 128 ) (1024 0 -7 ) (1024 -136 -7 ) 
4 14 15 (2720 -1400 200 ) (2720 -1400 0 ) (2720 -1536 0 ) (2720 -1536 200 ) 
4 15 16 (2712 -1536 0 ) (2712 -1536 200 ) (2712 -1400 200 ) (2712 -1400 0 ) 
4 16 17 (2048 -1592 0 ) (2048 -1592 240 ) (2048 -1344 240 ) (2048 -1344 0 ) 
4 17 95 (1024 -1592 0 ) (1024 -1592 240 ) (1024 -1344 240 ) (1024 -1344 0 ) 
4 18 32 (0 200 128 ) (0 128 128 ) (0 128 136 ) (0 200 136 ) 
4 18 23 (0 128 128 ) (0 129 128 ) (26 129 128 ) (26 128 128 ) 
4 18 22 (26 129 128 ) (56 129 128 ) (56 128 128 ) (26 128 128 ) 
4 18 21 (0 129 128 ) (0 200 128 ) (56 200 128 ) (56 129 128 ) 
4 19 45 (1024 0 -7 ) (1024 0 128 ) (992 0 128 ) (992 0 -7 ) 
4 20 46 (312 0 0 ) (312 0 128 ) (128 0 128 ) (128 0 0 ) 
4 21 33 (0 200 1 ) (0 129 1 ) (0 129 110 ) (0 200 110 ) 
4 21 32 (0 129 110 ) (0 129 128 ) (0 200 128 ) (0 200 110 ) 
4 21 24 (26 129 86 ) (26 129 110 ) (0 129 110 ) (0 129 86 ) 
4 21 23 (26 129 110 ) (26 129 128 ) (0 129 128 ) (0 129 110 ) 
4 21 25 (0 129 1 ) (26 129 1 ) (26 129 86 ) (0 129 86 ) 
4 21 22 (26 129 1 ) (56 129 1 ) (56 129 128 ) (26 129 128 ) 
4 22 24 (26 129 110 ) (26 129 86 ) (26 128 86 ) (26 128 110 ) 
4 22 23 (26 129 128 ) (26 129 110 ) (26 128 110 ) (26 128 128 ) 
4 22 25 (26 129 86 ) (26 129 1 ) (26 128 1 ) (26 128 86 ) 
4 23 32 (0 128 110 ) (0 128 128 ) (0 129 128 ) (0 129 110 ) 
4 23 24 (0 129 110 ) (26 129 110 ) (26 128 110 ) (0 128 110 ) 
4 24 34 (0 128 86 ) (0 128 110 ) (0 129 110 ) (0 129 86 ) 
4 24 28 (0 128 110 ) (0 128 86 ) (26 128 86 ) (26 128 110 ) 
4 24 25 (0 129 86 ) (26 129 86 ) (26 128 86 ) (0 128 86 ) 
4 25 35 (0 129 1 ) (0 128 1 ) (0 128 86 ) (0 129 86 ) 
4 25 30 (0 128 86 ) (0 128 38 ) (26 128 38 ) (26 128 86 ) 
4 26 47 (72 0 0 ) (72 0 128 ) (26 0 128 ) (26 0 0 ) 
4 26 31 (26 120 0 ) (26 0 0 ) (26 0 86 ) (26 120 86 ) 
4 26 29 (26 0 86 ) (26 0 110 ) (26 120 110 ) (26 120 86 ) 
4 26 27 (26 0 110 ) (26 0 128 ) (26 120 128 ) (26 120 110 ) 
4 27 47 (26 0 110 ) (26 0 128 ) (0 0 128 ) (0 0 110 ) 
4 27 38 (0 0 110 ) (0 0 128 ) (0 120 128 ) (0 120 110 ) 
4 27 29 (26 120 110 ) (26 0 110 ) (0 0 110 ) (0 120 110 ) 
4 28 39 (0 127 110 ) (0 128 110 ) (0 128 86 ) (0 127 86 ) 
4 28 30 (0 128 86 ) (26 128 86 ) (26 127 86 ) (0 127 86 ) 
4 28 29 (0 127 86 ) (26 127 86 ) (26 127 110 ) (0 127 110 ) 
4 29 47 (26 0 86 ) (26 0 110 ) (0 0 110 ) (0 0 86 ) 
4 29 40 (0 0 86 ) (0 0 110 ) (0 127 110 ) (0 127 86 ) 
4 29 30 (26 127 86 ) (26 120 86 ) (0 120 86 ) (0 127 86 ) 
4 29 31 (26 120 86 ) (26 0 86 ) (0 0 86 ) (0 120 86 ) 
4 30 41 (0 120 86 ) (0 128 86 ) (0 128 38 ) (0 120 38 ) 
4 30 31 (26 120 38 ) (26 120 86 ) (0 120 86 ) (0 120 38 ) 
4 31 47 (26 0 0 ) (26 0 86 ) (0 0 86 ) (0 0 0 ) 
4 31 42 (0 0 0 ) (0 0 86 ) (0 120 86 ) (0 120 0 ) 
4 32 34 (0 128 110 ) (-14 128 110 ) (-14 129 110 ) (0 129 110 ) 
4 32 33 (-14 129 110 ) (-14 200 110 ) (0 200 110 ) (0 129 110 ) 
4 32 36 (-14 128 110 ) (-23 128 110 ) (-23 200 110 ) (-14 200 110 ) 
4 33 35 (-14 129 86 ) (-14 129 1 ) (0 129 1 ) (0 129 86 ) 
4 33 34 (-14 129 110 ) (-14 129 86 ) (0 129 86 ) (0 129 110 ) 
4 33 36 (-14 129 110 ) (-14 200 110 ) (-14 200 1 ) (-14 129 1 ) 
4 34 39 (0 128 86 ) (0 128 110 ) (-14 128 110 ) (-14 128 86 ) 
4 34 36 (-14 128 110 ) (-14 129 110 ) (-14 129 86 ) (-14 128 86 ) 
4 34 35 (0 128 86 ) (-14 128 86 ) (-14 129 86 ) (0 129 86 ) 
4 35 41 (0 128 38 ) (0 128 86 ) (-14 128 86 ) (-14 128 38 ) 
4 35 36 (-14 129 86 ) (-14 129 1 ) (-14 128 1 ) (-14 128 86 ) 
4 38 65 (0 0 110 ) (0 0 128 ) (-14 0 128 ) (-14 0 110 ) 
4 38 43 (-14 0 128 ) (-14 120 128 ) (-14 120 110 ) (-14 0 110 ) 
4 38 40 (-14 0 110 ) (-14 120 110 ) (0 120 110 ) (0 0 110 ) 
4 39 41 (-14 127 86 ) (-14 128 86 ) (0 128 86 ) (0 127 86 ) 
4 39 40 (-14 127 86 ) (0 127 86 ) (0 127 110 ) (-14 127 110 ) 
4 40 68 (0 0 86 ) (0 0 88 ) (-14 0 88 ) (-14 0 86 ) 
4 40 65 (0 0 88 ) (0 0 110 ) (-14 0 110 ) (-14 0 88 ) 
4 40 43 (-14 120 86 ) (-14 0 86 ) (-14 0 110 ) (-14 120 110 ) 
4 40 41 (-14 120 86 ) (-14 127 86 ) (0 127 86 ) (0 120 86 ) 
4 40 42 (-14 0 86 ) (-14 120 86 ) (0 120 86 ) (0 0 86 ) 
4 41 42 (0 120 38 ) (0 120 86 ) (-14 120 86 ) (-14 120 38 ) 
4 42 68 (0 0 0 ) (0 0 86 ) (-14 0 86 ) (-14 0 0 ) 
4 42 43 (-14 120 0 ) (-14 0 0 ) (-14 0 86 ) (-14 120 86 ) 
4 43 68 (-14 0 0 ) (-14 0 88 ) (-128 0 88 ) (-128 0 0 ) 
4 43 65 (-14 0 88 ) (-14 0 128 ) (-128 0 128 ) (-128 0 88 ) 
4 44 64 (0 -504 128 ) (0 -576 128 ) (0 -576 136 ) (0 -504 136 ) 
4 44 63 (182 -576 128 ) (0 -576 128 ) (0 -504 128 ) (182 -504 128 ) 
4 45 48 (1024 -136 -7 ) (1024 -136 128 ) (992 -136 128 ) (992 -136 -7 ) 
4 46 51 (191 -136 114 ) (191 -136 0 ) (255 -136 0 ) (255 -136 114 ) 
4 47 71 (0 -110 0 ) (0 -136 0 ) (0 -136 128 ) (0 -110 128 ) 
4 47 68 (0 0 88 ) (0 0 0 ) (0 -110 0 ) (0 -110 88 ) 
4 47 65 (0 0 128 ) (0 0 88 ) (0 -110 88 ) (0 -110 128 ) 
4 49 50 (344 -241 116 ) (344 -241 0 ) (344 -307 0 ) (344 -307 116 ) 
4 50 55 (336 -307 0 ) (336 -307 116 ) (336 -256 116 ) (336 -256 0 ) 
4 50 53 (336 -256 116 ) (336 -248 116 ) (336 -248 0 ) (336 -256 0 ) 
4 50 52 (336 -248 116 ) (336 -241 116 ) (336 -241 0 ) (336 -248 0 ) 
4 51 52 (191 -144 114 ) (191 -144 0 ) (255 -144 0 ) (255 -144 114 ) 
4 52 74 (0 -248 0 ) (0 -248 128 ) (0 -144 128 ) (0 -144 0 ) 
4 52 54 (73 -248 113 ) (73 -248 0 ) (193 -248 0 ) (193 -248 113 ) 
4 52 53 (336 -248 0 ) (336 -248 128 ) (200 -248 128 ) (200 -248 0 ) 
4 53 56 (232 -256 128 ) (200 -256 128 ) (200 -256 0 ) (232 -256 0 ) 
4 53 55 (336 -256 0 ) (336 -256 128 ) (232 -256 128 ) (232 -256 0 ) 
4 54 57 (73 -256 113 ) (73 -256 0 ) (192 -256 0 ) (192 -256 113 ) 
4 55 56 (232 -256 128 ) (232 -256 0 ) (232 -288 0 ) (232 -288 128 ) 
4 57 93 (0 -288 0 ) (0 -288 128 ) (0 -256 128 ) (0 -256 0 ) 
4 57 58 (192 -288 0 ) (192 -288 128 ) (0 -288 128 ) (0 -288 0 ) 
4 58 93 (0 -496 0 ) (0 -496 128 ) (0 -288 128 ) (0 -288 0 ) 
4 58 61 (0 -496 109.874008 ) (0 -496 38 ) (40 -496 38 ) (40 -496 109.874008 ) 
4 58 59 (120 -496 109.874008 ) (120 -496 38 ) (160 -496 38 ) (160 -496 109.874008 ) 
4 59 60 (120 -503 38 ) (160 -503 38 ) (160 -503 109.874008 ) (120 -503 109.874008 ) 
4 60 63 (120 -504 109.874008 ) (120 -504 38 ) (160 -504 38 ) (160 -504 109.874008 ) 
4 61 62 (0 -503 38 ) (40 -503 38 ) (40 -503 109.874008 ) (0 -503 109.874008 ) 
4 62 63 (0 -504 109.874008 ) (0 -504 38 ) (40 -504 38 ) (40 -504 109.874008 ) 
4 63 94 (0 -576 128 ) (0 -504 128 ) (0 -504 1 ) (0 -576 1 ) 
4 64 94 (-14 -504 128 ) (0 -504 128 ) (0 -576 128 ) (-14 -576 128 ) 
4 65 71 (0 -110 88 ) (0 -110 128 ) (-128 -110 128 ) (-128 -110 88 ) 
4 65 68 (0 -110 88 ) (-128 -110 88 ) (-128 0 88 ) (0 0 88 ) 
4 65 66 (-128 0 88 ) (-128 -110 88 ) (-128 -110 104 ) (-128 0 104 ) 
4 66 68 (-128 -110 88 ) (-133 -110 88 ) (-133 0 88 ) (-128 0 88 ) 
4 66 67 (-133 0 88 ) (-133 -110 88 ) (-133 -110 104 ) (-133 0 104 ) 
4 67 68 (-133 -110 88 ) (-217 -110 88 ) (-217 0 88 ) (-133 0 88 ) 
4 68 71 (0 -110 0 ) (0 -110 88 ) (-128 -110 88 ) (-128 -110 0 ) 
4 68 69 (-217 0 0 ) (-217 -46 0 ) (-217 -46 88 ) (-217 0 88 ) 
4 68 70 (-217 -64 0 ) (-217 -110 0 ) (-217 -110 88 ) (-217 -64 88 ) 
4 71 73 (-73 -136 115 ) (-73 -136 0 ) (-9 -136 0 ) (-9 -136 115 ) 
4 72 92 (-204 -136 128 ) (-352 -136 128 ) (-352 -136 0 ) (-204 -136 0 ) 
4 73 74 (-73 -144 115 ) (-73 -144 0 ) (-9 -144 0 ) (-9 -144 115 ) 
4 74 75 (-73 -248 0 ) (-73 -248 128 ) (-73 -144 128 ) (-73 -144 0 ) 
4 75 78 (-128 -248 0 ) (-128 -248 128 ) (-128 -144 128 ) (-128 -144 0 ) 
4 76 89 (-196 -241.921539 116 ) (-196 -241.921539 128 ) (-194 -243.441544 128 ) (-194 -243.441544 116 ) 
4 76 90 (-194 -243.441544 0 ) (-196 -241.921539 0 ) (-196 -241.921539 116 ) (-194 -243.441544 116 ) 
4 76 82 (-188.002029 -248 0 ) (-194 -243.441544 0 ) (-194 -243.441544 128 ) (-188.002029 -248 128 ) 
4 77 87 (-196 -150.392273 116 ) (-196 -150.392273 0 ) (-194 -148.792267 0 ) (-194 -148.792267 116 ) 
4 77 84 (-196 -150.392273 128 ) (-196 -150.392273 116 ) (-194 -148.792267 116 ) (-194 -148.792267 128 ) 
4 77 80 (-194 -148.792267 0 ) (-188.009659 -144 0 ) (-188.009659 -144 128 ) (-194 -148.792267 128 ) 
4 78 86 (-194 -161.399994 0 ) (-194 -231.469971 0 ) (-194 -231.469955 116 ) (-194 -161.399994 116 ) 
4 78 83 (-194 -231.469955 116 ) (-194 -231.469955 128 ) (-194 -161.399994 128 ) (-194 -161.399994 116 ) 
4 78 82 (-194 -231.470703 128 ) (-194 -231.470703 0 ) (-188 -238.880402 0 ) (-188 -238.880402 128 ) 
4 78 81 (-188 -238.880402 0 ) (-180.615417 -248 0 ) (-180.615417 -248 128 ) (-188 -238.880402 128 ) 
4 78 80 (-188 -153.599121 0 ) (-194 -161.398834 0 ) (-194 -161.398834 128 ) (-188 -153.599121 128 ) 
4 78 79 (-180.615799 -144 0 ) (-188 -153.599121 0 ) (-188 -153.599121 128 ) (-180.615799 -144 128 ) 
4 79 80 (-188 -144 128 ) (-188 -144 0 ) (-188 -153.598831 0 ) (-188 -153.598831 128 ) 
4 80 87 (-194 -148.794922 116 ) (-194 -148.794922 0 ) (-194 -161.399994 0 ) (-194 -161.399994 116 ) 
4 80 85 (-194 -161 116 ) (-194 -161.399994 116 ) (-194 -161.399994 128 ) (-194 -161 128 ) 
4 80 84 (-194 -148.794922 128 ) (-194 -148.794922 116 ) (-194 -161 116 ) (-194 -161 128 ) 
4 81 82 (-188 -238.878906 128 ) (-188 -238.878906 0 ) (-188 -248 0 ) (-188 -248 128 ) 
4 82 89 (-194 -243.439972 116 ) (-194 -243.439972 128 ) (-194 -232 128 ) (-194 -232 116 ) 
4 82 88 (-194 -232 128 ) (-194 -231.469955 128 ) (-194 -231.469955 116 ) (-194 -232 116 ) 
4 82 90 (-194 -231.469971 0 ) (-194 -243.439972 0 ) (-194 -243.439972 116 ) (-194 -231.469955 116 ) 
4 83 88 (-196 -229 128 ) (-196 -229 116 ) (-194 -231.470703 116 ) (-194 -231.470703 128 ) 
4 83 86 (-194 -231.472656 116 ) (-196 -229.002655 116 ) (-196 -164 116 ) (-194 -161.399994 116 ) 
4 83 85 (-194 -161.398438 128 ) (-194 -161.398438 116 ) (-196 -163.998489 116 ) (-196 -163.998489 128 ) 
4 84 87 (-196 -161 116 ) (-196 -150.400574 116 ) (-194 -148.800781 116 ) (-194 -161 116 ) 
4 84 85 (-196 -161 128 ) (-196 -161 116 ) (-194 -161 116 ) (-194 -161 128 ) 
4 85 87 (-196 -164 116 ) (-196 -161 116 ) (-194 -161 116 ) (-194 -161.399994 116 ) 
4 86 91 (-196 -165 0 ) (-196 -229 0 ) (-196 -229 112 ) (-196 -165 112 ) 
4 86 90 (-196 -229 116 ) (-196 -229 0 ) (-194 -231.470703 0 ) (-194 -231.470703 116 ) 
4 86 87 (-196 -164 116 ) (-194 -161.399231 116 ) (-194 -161.399231 0 ) (-196 -164 0 ) 
4 88 90 (-196 -228.994843 116 ) (-194 -231.464844 116 ) (-194 -232 116 ) (-196 -232 116 ) 
4 88 89 (-196 -232 128 ) (-196 -232 116 ) (-194 -232 116 ) (-194 -232 128 ) 
4 89 90 (-194 -232 116 ) (-194 -243.439972 116 ) (-196 -241.919968 116 ) (-196 -232 116 ) 
4 91 92 (-204 -165 112 ) (-204 -165 0 ) (-204 -229 0 ) (-204 -229 112 ) 
4 95 97 (0 -1592 0 ) (0 -1592 240 ) (0 -1344 240 ) (0 -1344 0 ) 
4 96 100 (-1024 -2048 240 ) (-1024 -2048 584 ) (-1024 -1248 584 ) (-1024 -1248 240 ) 
4 96 99 (-576 -2048 584 ) (-1024 -2048 584 ) (-1024 -2048 240 ) (-576 -2048 240 ) 
4 96 98 (-1024 -1248 240 ) (-576 -1248 240 ) (-576 -2048 240 ) (-1024 -2048 240 ) 
4 98 100 (-1024 -2048 0 ) (-1024 -2048 240 ) (-1024 -1248 240 ) (-1024 -1248 0 ) 
4 98 99 (-576 -2048 0 ) (-576 -2048 240 ) (-1024 -2048 240 ) (-1024 -2048 0 ) 
4 99 101 (-1024 -2296 0 ) (-1024 -2296 584 ) (-1024 -2048 584 ) (-1024 -2048 0 ) 
4 100 101 (-1024 -2048 0 ) (-1024 -2048 584 ) (-1600 -2048 584 ) (-1600 -2048 0 ) 
