PRT1
236
651
4 0 42 (4096 0 112 ) (4096 0 1024 ) (4096 780 1024 ) (4096 780 112 ) 
4 0 11 (4096 0 1024 ) (4096 0 112 ) (4152 0 112 ) (4152 0 1024 ) 
4 0 10 (4152 0 112 ) (4336 0 112 ) (4336 0 1024 ) (4152 0 1024 ) 
4 0 1 (4152 0 112 ) (4096 0 112 ) (4096 600 112 ) (4152 600 112 ) 
4 1 43 (4096 0 -18 ) (4096 0 112 ) (4096 600 112 ) (4096 600 -18 ) 
4 1 11 (4096 0 112 ) (4096 0 -18 ) (4152 0 -18 ) (4152 0 112 ) 
4 2 4 (6144 -352 -64 ) (6144 -1024 -64 ) (6144 -1024 1024 ) (6144 -352 1024 ) 
4 2 3 (6172 -1024 1024 ) (6144 -1024 1024 ) (6144 -1024 -64 ) (6172 -1024 -64 ) 
4 3 37 (6172 -2048 1024 ) (6144 -2048 1024 ) (6144 -2048 -64 ) (6172 -2048 -64 ) 
4 3 12 (6144 -2048 -64 ) (6144 -2048 1024 ) (6144 -1024 1024 ) (6144 -1024 -64 ) 
4 4 13 (5992 -1024 1024 ) (5880 -1024 1024 ) (5880 -1024 -64 ) (5992 -1024 -64 ) 
4 4 12 (6144 -1024 -64 ) (6144 -1024 1024 ) (5992 -1024 1024 ) (5992 -1024 -64 ) 
4 4 6 (5880 -352 -64 ) (5880 -1024 -64 ) (5880 -1024 0 ) (5880 -352 0 ) 
4 4 5 (5880 -1024 0 ) (5880 -1024 1024 ) (5880 -352 1024 ) (5880 -352 0 ) 
4 5 16 (5880 -1024 0 ) (5880 -1024 1024 ) (5288 -1024 1024 ) (5288 -1024 0 ) 
4 5 7 (5288 -1024 0 ) (5288 -1024 1024 ) (5288 -352 1024 ) (5288 -352 0 ) 
4 5 6 (5288 -1024 0 ) (5288 -352 0 ) (5880 -352 0 ) (5880 -1024 0 ) 
4 6 17 (5880 -1024 -64 ) (5880 -1024 0 ) (5288 -1024 0 ) (5288 -1024 -64 ) 
4 6 7 (5288 -1024 -64 ) (5288 -1024 0 ) (5288 -352 0 ) (5288 -352 -64 ) 
4 7 21 (5288 -1024 -64 ) (5288 -1024 1024 ) (5120 -1024 1024 ) (5120 -1024 -64 ) 
4 7 8 (5120 -352 -64 ) (5120 -1024 -64 ) (5120 -1024 1024 ) (5120 -352 1024 ) 
4 8 28 (5072 -1024 1024 ) (4344 -1024 1024 ) (4344 -1024 -64 ) (5072 -1024 -64 ) 
4 8 25 (5120 -1024 -64 ) (5120 -1024 1024 ) (5072 -1024 1024 ) (5072 -1024 -64 ) 
4 8 9 (4344 -1024 112 ) (4344 -1024 1024 ) (4344 -352 1024 ) (4344 -352 112 ) 
4 9 29 (4344 -1024 112 ) (4344 -1024 1024 ) (4336 -1024 1024 ) (4336 -1024 112 ) 
4 9 10 (4336 -352 112 ) (4336 -1024 112 ) (4336 -1024 1024 ) (4336 -352 1024 ) 
4 10 29 (4336 -1024 1024 ) (4152 -1024 1024 ) (4152 -1024 112 ) (4336 -1024 112 ) 
4 10 11 (4152 -1024 112 ) (4152 -1024 1024 ) (4152 0 1024 ) (4152 0 112 ) 
4 11 46 (4096 -1024 -18 ) (4096 -1024 1024 ) (4096 0 1024 ) (4096 0 -18 ) 
4 11 30 (4096 -1024 1024 ) (4096 -1024 -18 ) (4152 -1024 -18 ) (4152 -1024 1024 ) 
4 12 38 (6144 -2048 -64 ) (6144 -2048 1024 ) (5992 -2048 1024 ) (5992 -2048 -64 ) 
4 12 20 (5992 -2048 -64 ) (5992 -2048 1024 ) (5992 -1968 1024 ) (5992 -1968 -64 ) 
4 12 15 (5992 -1152 0 ) (5992 -1152 -64 ) (5992 -1968 -64 ) (5992 -1968 0 ) 
4 12 14 (5992 -1968 1024 ) (5992 -1152 1024 ) (5992 -1152 0 ) (5992 -1968 0 ) 
4 12 13 (5992 -1152 1024 ) (5992 -1024 1024 ) (5992 -1024 -64 ) (5992 -1152 -64 ) 
4 13 17 (5880 -1024 0 ) (5880 -1024 -64 ) (5880 -1152 -64 ) (5880 -1152 0 ) 
4 13 16 (5880 -1024 1024 ) (5880 -1024 0 ) (5880 -1152 0 ) (5880 -1152 1024 ) 
4 13 15 (5880 -1152 0 ) (5880 -1152 -64 ) (5992 -1152 -64 ) (5992 -1152 0 ) 
4 13 14 (5880 -1152 1024 ) (5880 -1152 0 ) (5992 -1152 0 ) (5992 -1152 1024 ) 
4 14 20 (5992 -1968 0 ) (5992 -1968 1024 ) (5880 -1968 1024 ) (5880 -1968 0 ) 
4 14 18 (5880 -1968 0 ) (5880 -1968 1024 ) (5880 -1152 1024 ) (5880 -1152 0 ) 
4 14 15 (5992 -1968 0 ) (5880 -1968 0 ) (5880 -1152 0 ) (5992 -1152 0 ) 
4 15 20 (5992 -1968 -64 ) (5992 -1968 0 ) (5880 -1968 0 ) (5880 -1968 -64 ) 
4 15 19 (5880 -1968 -64 ) (5880 -1968 0 ) (5880 -1152 0 ) (5880 -1152 -64 ) 
4 16 21 (5288 -1024 1024 ) (5288 -1024 0 ) (5288 -1152 0 ) (5288 -1152 1024 ) 
4 16 18 (5288 -1152 1024 ) (5288 -1152 0 ) (5880 -1152 0 ) (5880 -1152 1024 ) 
4 16 17 (5880 -1152 0 ) (5288 -1152 0 ) (5288 -1024 0 ) (5880 -1024 0 ) 
4 17 21 (5288 -1024 0 ) (5288 -1024 -64 ) (5288 -1152 -64 ) (5288 -1152 0 ) 
4 17 19 (5288 -1152 0 ) (5288 -1152 -64 ) (5880 -1152 -64 ) (5880 -1152 0 ) 
4 18 22 (5288 -1968 0 ) (5288 -1968 1024 ) (5288 -1152 1024 ) (5288 -1152 0 ) 
4 18 20 (5288 -1968 1024 ) (5288 -1968 0 ) (5880 -1968 0 ) (5880 -1968 1024 ) 
4 18 19 (5288 -1152 0 ) (5880 -1152 0 ) (5880 -1968 0 ) (5288 -1968 0 ) 
4 19 23 (5288 -1968 -64 ) (5288 -1968 0 ) (5288 -1152 0 ) (5288 -1152 -64 ) 
4 19 20 (5288 -1968 0 ) (5288 -1968 -64 ) (5880 -1968 -64 ) (5880 -1968 0 ) 
4 20 38 (5992 -2048 -64 ) (5992 -2048 1024 ) (5288 -2048 1024 ) (5288 -2048 -64 ) 
4 20 24 (5288 -2048 -64 ) (5288 -2048 1024 ) (5288 -1968 1024 ) (5288 -1968 -64 ) 
4 21 25 (5120 -1024 1024 ) (5120 -1024 -64 ) (5120 -1152 -64 ) (5120 -1152 1024 ) 
4 21 23 (5120 -1152 0 ) (5120 -1152 -64 ) (5288 -1152 -64 ) (5288 -1152 0 ) 
4 21 22 (5120 -1152 1024 ) (5120 -1152 0 ) (5288 -1152 0 ) (5288 -1152 1024 ) 
4 22 32 (5120 -1968 0 ) (5120 -1968 1024 ) (5120 -1296 1024 ) (5120 -1296 0 ) 
4 22 26 (5120 -1296 1024 ) (5120 -1152 1024 ) (5120 -1152 0 ) (5120 -1296 0 ) 
4 22 24 (5288 -1968 0 ) (5288 -1968 1024 ) (5120 -1968 1024 ) (5120 -1968 0 ) 
4 22 23 (5288 -1968 0 ) (5120 -1968 0 ) (5120 -1152 0 ) (5288 -1152 0 ) 
4 23 33 (5120 -1968 -64 ) (5120 -1968 0 ) (5120 -1296 0 ) (5120 -1296 -64 ) 
4 23 27 (5120 -1296 0 ) (5120 -1152 0 ) (5120 -1152 -64 ) (5120 -1296 -64 ) 
4 23 24 (5288 -1968 -64 ) (5288 -1968 0 ) (5120 -1968 0 ) (5120 -1968 -64 ) 
4 24 38 (5288 -2048 -64 ) (5288 -2048 1024 ) (5120 -2048 1024 ) (5120 -2048 -64 ) 
4 24 36 (5120 -2048 -64 ) (5120 -2048 1024 ) (5120 -1968 1024 ) (5120 -1968 -64 ) 
4 25 28 (5072 -1152 -64 ) (5072 -1152 1024 ) (5072 -1024 1024 ) (5072 -1024 -64 ) 
4 25 27 (5072 -1152 0 ) (5072 -1152 -64 ) (5120 -1152 -64 ) (5120 -1152 0 ) 
4 25 26 (5072 -1152 1024 ) (5072 -1152 0 ) (5120 -1152 0 ) (5120 -1152 1024 ) 
4 26 32 (5120 -1296 0 ) (5120 -1296 1024 ) (5072 -1296 1024 ) (5072 -1296 0 ) 
4 26 28 (5072 -1296 0 ) (5072 -1296 1024 ) (5072 -1152 1024 ) (5072 -1152 0 ) 
4 26 27 (5120 -1296 0 ) (5072 -1296 0 ) (5072 -1152 0 ) (5120 -1152 0 ) 
4 27 33 (5120 -1296 -64 ) (5120 -1296 0 ) (5072 -1296 0 ) (5072 -1296 -64 ) 
4 27 28 (5072 -1296 -64 ) (5072 -1296 0 ) (5072 -1152 0 ) (5072 -1152 -64 ) 
4 28 34 (5072 -1296 -64 ) (5072 -1296 0 ) (4344 -1296 0 ) (4344 -1296 -64 ) 
4 28 32 (5072 -1296 0 ) (5072 -1296 1024 ) (4344 -1296 1024 ) (4344 -1296 0 ) 
4 28 31 (4344 -1152 -64 ) (4344 -1296 -64 ) (4344 -1296 1024 ) (4344 -1152 1024 ) 
4 28 29 (4344 -1024 1024 ) (4344 -1024 112 ) (4344 -1152 112 ) (4344 -1152 1024 ) 
4 29 31 (4344 -1152 112 ) (4344 -1152 1024 ) (4152 -1152 1024 ) (4152 -1152 112 ) 
4 29 30 (4152 -1024 1024 ) (4152 -1024 112 ) (4152 -1152 112 ) (4152 -1152 1024 ) 
4 30 48 (4096 -1152 -18 ) (4096 -1152 1024 ) (4096 -1024 1024 ) (4096 -1024 -18 ) 
4 30 31 (4096 -1152 1024 ) (4096 -1152 -18 ) (4152 -1152 -18 ) (4152 -1152 1024 ) 
4 31 49 (4096 -1296 -64 ) (4096 -1296 -18 ) (4096 -1152 -18 ) (4096 -1152 -64 ) 
4 31 48 (4096 -1296 -18 ) (4096 -1296 1024 ) (4096 -1152 1024 ) (4096 -1152 -18 ) 
4 31 35 (4152 -1296 0 ) (4096 -1296 0 ) (4096 -1296 -64 ) (4152 -1296 -64 ) 
4 31 34 (4344 -1296 -64 ) (4344 -1296 0 ) (4152 -1296 0 ) (4152 -1296 -64 ) 
4 31 32 (4344 -1296 0 ) (4344 -1296 1024 ) (4096 -1296 1024 ) (4096 -1296 0 ) 
4 32 50 (4096 -1968 0 ) (4096 -1968 1024 ) (4096 -1296 1024 ) (4096 -1296 0 ) 
4 32 36 (4096 -1968 1024 ) (4096 -1968 0 ) (5120 -1968 0 ) (5120 -1968 1024 ) 
4 32 35 (4152 -1968 0 ) (4096 -1968 0 ) (4096 -1296 0 ) (4152 -1296 0 ) 
4 32 34 (5072 -1968 0 ) (4152 -1968 0 ) (4152 -1296 0 ) (5072 -1296 0 ) 
4 32 33 (5120 -1968 0 ) (5072 -1968 0 ) (5072 -1296 0 ) (5120 -1296 0 ) 
4 33 36 (5120 -1968 -64 ) (5120 -1968 0 ) (5072 -1968 0 ) (5072 -1968 -64 ) 
4 33 34 (5072 -1968 -64 ) (5072 -1968 0 ) (5072 -1296 0 ) (5072 -1296 -64 ) 
4 34 36 (4152 -1968 -64 ) (5072 -1968 -64 ) (5072 -1968 0 ) (4152 -1968 0 ) 
4 34 35 (4152 -1296 -64 ) (4152 -1968 -64 ) (4152 -1968 0 ) (4152 -1296 0 ) 
4 35 51 (4096 -1968 -64 ) (4096 -1968 0 ) (4096 -1296 0 ) (4096 -1296 -64 ) 
4 35 36 (4096 -1968 0 ) (4096 -1968 -64 ) (4152 -1968 -64 ) (4152 -1968 0 ) 
4 36 52 (4096 -2048 -64 ) (4096 -2048 1024 ) (4096 -1968 1024 ) (4096 -1968 -64 ) 
4 36 39 (5120 -2048 -64 ) (5120 -2048 1024 ) (4096 -2048 1024 ) (4096 -2048 -64 ) 
4 37 38 (6144 -2784 1024 ) (6144 -2048 1024 ) (6144 -2048 -64 ) (6144 -2784 -64 ) 
4 38 39 (5120 -2784 1024 ) (5120 -2048 1024 ) (5120 -2048 -64 ) (5120 -2784 -64 ) 
4 39 202 (4096 -2784 1024 ) (4096 -2048 1024 ) (4096 -2048 -64 ) (4096 -2784 -64 ) 
4 40 205 (4096 -4096 -64 ) (4096 -4096 1024 ) (4096 -3600 1024 ) (4096 -3600 -64 ) 
4 40 41 (4096 -4096 1024 ) (4096 -4096 -64 ) (4440 -4096 -64 ) (4440 -4096 1024 ) 
4 41 208 (4096 -4960 1024 ) (4096 -4096 1024 ) (4096 -4096 -1728 ) (4096 -4960 -1728 ) 
4 42 46 (4096 0 112 ) (4096 0 1024 ) (3072 0 1024 ) (3072 0 112 ) 
4 42 45 (3072 0 112 ) (3072 0 1024 ) (3072 600 1024 ) (3072 600 112 ) 
4 42 44 (3072 600 1024 ) (3072 780 1024 ) (3072 780 112 ) (3072 600 112 ) 
4 42 43 (4096 600 112 ) (4096 0 112 ) (3072 0 112 ) (3072 600 112 ) 
4 43 46 (4096 0 -18 ) (4096 0 112 ) (3072 0 112 ) (3072 0 -18 ) 
4 43 45 (3072 0 -18 ) (3072 0 112 ) (3072 600 112 ) (3072 600 -18 ) 
4 44 58 (2048 600 112 ) (2048 600 1024 ) (2048 780 1024 ) (2048 780 112 ) 
4 44 45 (2048 600 1024 ) (2048 600 112 ) (3072 600 112 ) (3072 600 1024 ) 
4 45 59 (2048 0 -18 ) (2048 0 112 ) (2048 600 112 ) (2048 600 -18 ) 
4 45 58 (2048 0 112 ) (2048 0 1024 ) (2048 600 1024 ) (2048 600 112 ) 
4 45 47 (3072 0 -18 ) (3072 0 1024 ) (2048 0 1024 ) (2048 0 -18 ) 
4 46 48 (4096 -1024 -18 ) (4096 -1024 1024 ) (3072 -1024 1024 ) (3072 -1024 -18 ) 
4 46 47 (3072 -1024 -18 ) (3072 -1024 1024 ) (3072 0 1024 ) (3072 0 -18 ) 
4 47 110 (2048 -1024 -18 ) (2048 -1024 120 ) (2048 0 120 ) (2048 0 -18 ) 
4 47 107 (2048 -1024 120 ) (2048 -1024 236 ) (2048 0 236 ) (2048 0 120 ) 
4 47 106 (2048 -1024 236 ) (2048 -1024 1024 ) (2048 0 1024 ) (2048 0 236 ) 
4 47 53 (2048 -1024 1024 ) (2048 -1024 -18 ) (3072 -1024 -18 ) (3072 -1024 1024 ) 
4 48 53 (3072 -1024 1024 ) (3072 -1024 -18 ) (3072 -1296 -18 ) (3072 -1296 1024 ) 
4 48 51 (3072 -1296 0 ) (3072 -1296 -18 ) (4096 -1296 -18 ) (4096 -1296 0 ) 
4 48 50 (3072 -1296 1024 ) (3072 -1296 0 ) (4096 -1296 0 ) (4096 -1296 1024 ) 
4 48 49 (4096 -1296 -18 ) (3072 -1296 -18 ) (3072 -1152 -18 ) (4096 -1152 -18 ) 
4 49 54 (3072 -1296 -64 ) (3072 -1296 -18 ) (3072 -1152 -18 ) (3072 -1152 -64 ) 
4 49 51 (3072 -1296 -18 ) (3072 -1296 -64 ) (4096 -1296 -64 ) (4096 -1296 -18 ) 
4 50 55 (3072 -1968 0 ) (3072 -1968 1024 ) (3072 -1296 1024 ) (3072 -1296 0 ) 
4 50 52 (4096 -1968 0 ) (4096 -1968 1024 ) (3072 -1968 1024 ) (3072 -1968 0 ) 
4 50 51 (4096 -1968 0 ) (3072 -1968 0 ) (3072 -1296 0 ) (4096 -1296 0 ) 
4 51 56 (3072 -1968 -64 ) (3072 -1968 0 ) (3072 -1296 0 ) (3072 -1296 -64 ) 
4 51 52 (4096 -1968 -64 ) (4096 -1968 0 ) (3072 -1968 0 ) (3072 -1968 -64 ) 
4 52 202 (4096 -2048 -64 ) (4096 -2048 1024 ) (3232 -2048 1024 ) (3232 -2048 -64 ) 
4 52 203 (3232 -2048 1024 ) (3072 -2048 1024 ) (3072 -2048 -64 ) (3232 -2048 -64 ) 
4 52 57 (3072 -2048 -64 ) (3072 -2048 1024 ) (3072 -1968 1024 ) (3072 -1968 -64 ) 
4 53 122 (2048 -1296 -18 ) (2048 -1296 1024 ) (2048 -1024 1024 ) (2048 -1024 -18 ) 
4 53 56 (3072 -1296 -18 ) (3072 -1296 0 ) (2048 -1296 0 ) (2048 -1296 -18 ) 
4 53 55 (3072 -1296 0 ) (3072 -1296 1024 ) (2048 -1296 1024 ) (2048 -1296 0 ) 
4 53 54 (3072 -1296 -18 ) (2048 -1296 -18 ) (2048 -1152 -18 ) (3072 -1152 -18 ) 
4 54 123 (2048 -1296 -64 ) (2048 -1296 -18 ) (2048 -1152 -18 ) (2048 -1152 -64 ) 
4 54 56 (3072 -1296 -64 ) (3072 -1296 -18 ) (2048 -1296 -18 ) (2048 -1296 -64 ) 
4 55 124 (2048 -1968 0 ) (2048 -1968 1024 ) (2048 -1296 1024 ) (2048 -1296 0 ) 
4 55 57 (2048 -1968 1024 ) (2048 -1968 0 ) (3072 -1968 0 ) (3072 -1968 1024 ) 
4 55 56 (3072 -1968 0 ) (2048 -1968 0 ) (2048 -1296 0 ) (3072 -1296 0 ) 
4 56 125 (2048 -1968 -64 ) (2048 -1968 0 ) (2048 -1296 0 ) (2048 -1296 -64 ) 
4 56 57 (2048 -1968 0 ) (2048 -1968 -64 ) (3072 -1968 -64 ) (3072 -1968 0 ) 
4 57 204 (3072 -2048 -64 ) (3072 -2048 1024 ) (2048 -2048 1024 ) (2048 -2048 -64 ) 
4 57 126 (2048 -2048 -64 ) (2048 -2048 1024 ) (2048 -1968 1024 ) (2048 -1968 -64 ) 
4 58 111 (1952 0 120 ) (1384 0 120 ) (1384 0 112 ) (1952 0 112 ) 
4 58 110 (2048 0 112 ) (2048 0 120 ) (1952 0 120 ) (1952 0 112 ) 
4 58 107 (2048 0 120 ) (2048 0 236 ) (1384 0 236 ) (1384 0 120 ) 
4 58 106 (2048 0 236 ) (2048 0 1024 ) (1384 0 1024 ) (1384 0 236 ) 
4 58 60 (1384 0 120 ) (1384 0 1024 ) (1384 780 1024 ) (1384 780 120 ) 
4 58 59 (1952 600 112 ) (2048 600 112 ) (2048 0 112 ) (1952 0 112 ) 
4 59 110 (2048 0 -18 ) (2048 0 112 ) (1952 0 112 ) (1952 0 -18 ) 
4 60 107 (1384 0 120 ) (1384 0 236 ) (1072 0 236 ) (1072 0 120 ) 
4 60 106 (1384 0 236 ) (1384 0 1024 ) (1072 0 1024 ) (1072 0 236 ) 
4 60 63 (1072 0 236 ) (1072 0 1024 ) (1072 4 1024 ) (1072 4 236 ) 
4 60 62 (1072 4 1024 ) (1072 8 1024 ) (1072 8 120 ) (1072 4 120 ) 
4 60 61 (1072 8 1024 ) (1072 780 1024 ) (1072 780 120 ) (1072 8 120 ) 
4 61 89 (1024 178 0 ) (1024 8 0 ) (1024 8 6 ) (1024 178 6 ) 
4 61 86 (1024 8 6 ) (1024 8 240 ) (1024 178 240 ) (1024 178 6 ) 
4 61 85 (1024 780 240 ) (1024 780 0 ) (1024 178 0 ) (1024 178 240 ) 
4 61 82 (1024 178 240 ) (1024 8 240 ) (1024 8 251 ) (1024 178 251 ) 
4 61 78 (1024 8 251 ) (1024 8 253 ) (1024 178 253 ) (1024 178 251 ) 
4 61 77 (1024 780 253 ) (1024 780 240 ) (1024 178 240 ) (1024 178 253 ) 
4 61 71 (1024 139 253 ) (1024 8 253 ) (1024 8 325 ) (1024 139 325 ) 
4 61 70 (1024 780 325 ) (1024 780 253 ) (1024 139 253 ) (1024 139 325 ) 
4 61 66 (1024 8 1024 ) (1024 139 1024 ) (1024 139 325 ) (1024 8 325 ) 
4 61 65 (1024 139 1024 ) (1024 780 1024 ) (1024 780 325 ) (1024 139 325 ) 
4 61 62 (1072 8 6 ) (1072 8 1024 ) (1024 8 1024 ) (1024 8 6 ) 
4 62 86 (1024 4 6 ) (1024 4 240 ) (1024 8 240 ) (1024 8 6 ) 
4 62 82 (1024 4 240 ) (1024 4 251 ) (1024 8 251 ) (1024 8 240 ) 
4 62 78 (1024 4 251 ) (1024 4 253 ) (1024 8 253 ) (1024 8 251 ) 
4 62 71 (1024 4 253 ) (1024 4 325 ) (1024 8 325 ) (1024 8 253 ) 
4 62 66 (1024 4 325 ) (1024 4 1024 ) (1024 8 1024 ) (1024 8 325 ) 
4 62 64 (1045 4 1024 ) (1024 4 1024 ) (1024 4 236 ) (1045 4 236 ) 
4 62 63 (1072 4 236 ) (1072 4 1024 ) (1045 4 1024 ) (1045 4 236 ) 
4 63 106 (1072 0 236 ) (1072 0 1024 ) (1045 0 1024 ) (1045 0 236 ) 
4 63 64 (1045 4 1024 ) (1045 4 236 ) (1045 0 236 ) (1045 0 1024 ) 
4 64 106 (1024 0 1024 ) (1024 0 236 ) (1045 0 236 ) (1045 0 1024 ) 
4 64 95 (1024 0 236 ) (1024 0 240 ) (1024 4 240 ) (1024 4 236 ) 
4 64 82 (1024 0 240 ) (1024 0 251 ) (1024 4 251 ) (1024 4 240 ) 
4 64 78 (1024 0 251 ) (1024 0 253 ) (1024 4 253 ) (1024 4 251 ) 
4 64 71 (1024 0 253 ) (1024 0 325 ) (1024 4 325 ) (1024 4 253 ) 
4 64 66 (1024 0 325 ) (1024 0 1024 ) (1024 4 1024 ) (1024 4 325 ) 
4 65 105 (0 139 1024 ) (0 780 1024 ) (0 780 325 ) (0 139 325 ) 
4 65 70 (1024 780 325 ) (1024 139 325 ) (0 139 325 ) (0 780 325 ) 
4 65 67 (746 139 327 ) (746 139 1024 ) (662 139 1024 ) (662 139 327 ) 
4 65 66 (746 139 325 ) (1024 139 325 ) (1024 139 1024 ) (746 139 1024 ) 
4 65 69 (0 139 325 ) (662 139 325 ) (662 139 1024 ) (0 139 1024 ) 
4 66 127 (1024 0 325 ) (1024 0 1024 ) (746 0 1024 ) (746 0 325 ) 
4 66 71 (1024 139 325 ) (1024 0 325 ) (746 0 325 ) (746 139 325 ) 
4 66 67 (746 139 1024 ) (746 139 327 ) (746 49 327 ) (746 49 1024 ) 
4 66 68 (746 49 325 ) (746 0 325 ) (746 0 1024 ) (746 49 1024 ) 
4 67 68 (662 49 1024 ) (662 49 327 ) (746 49 327 ) (746 49 1024 ) 
4 67 69 (662 139 1024 ) (662 139 327 ) (662 49 327 ) (662 49 1024 ) 
4 68 127 (746 0 1024 ) (662 0 1024 ) (662 0 325 ) (746 0 325 ) 
4 68 75 (664 0 325 ) (662 0 325 ) (662 49 325 ) (664 49 325 ) 
4 68 74 (744 0 325 ) (664 0 325 ) (664 49 325 ) (744 49 325 ) 
4 68 72 (746 0 325 ) (744 0 325 ) (744 49 325 ) (746 49 325 ) 
4 68 69 (662 49 325 ) (662 0 325 ) (662 0 1024 ) (662 49 1024 ) 
4 69 127 (662 0 1024 ) (0 0 1024 ) (0 0 325 ) (662 0 325 ) 
4 69 105 (0 0 325 ) (0 0 1024 ) (0 139 1024 ) (0 139 325 ) 
4 69 76 (662 0 325 ) (0 0 325 ) (0 139 325 ) (662 139 325 ) 
4 70 105 (0 139 325 ) (0 780 325 ) (0 780 253 ) (0 139 253 ) 
4 70 79 (662 178 253 ) (746 178 253 ) (746 139 253 ) (662 139 253 ) 
4 70 78 (746 178 253 ) (1024 178 253 ) (1024 139 253 ) (746 139 253 ) 
4 70 81 (0 139 253 ) (0 178 253 ) (662 178 253 ) (662 139 253 ) 
4 70 77 (0 178 253 ) (0 780 253 ) (1024 780 253 ) (1024 178 253 ) 
4 70 76 (0 139 253 ) (662 139 253 ) (662 139 325 ) (0 139 325 ) 
4 70 71 (746 139 253 ) (1024 139 253 ) (1024 139 325 ) (746 139 325 ) 
4 71 127 (1024 0 253 ) (1024 0 325 ) (746 0 325 ) (746 0 253 ) 
4 71 78 (1024 0 253 ) (746 0 253 ) (746 139 253 ) (1024 139 253 ) 
4 71 72 (746 49 253 ) (746 0 253 ) (746 0 325 ) (746 49 325 ) 
4 72 127 (746 0 325 ) (744 0 325 ) (744 0 253 ) (746 0 253 ) 
4 72 80 (746 0 253 ) (744 0 253 ) (744 49 253 ) (746 49 253 ) 
4 72 74 (744 49 253 ) (744 0 253 ) (744 0 325 ) (744 49 325 ) 
4 74 127 (744 0 325 ) (664 0 325 ) (664 0 253 ) (744 0 253 ) 
4 74 80 (744 0 253 ) (664 0 253 ) (664 49 253 ) (744 49 253 ) 
4 74 75 (664 49 253 ) (664 0 253 ) (664 0 325 ) (664 49 325 ) 
4 75 127 (664 0 325 ) (662 0 325 ) (662 0 253 ) (664 0 253 ) 
4 75 80 (664 0 253 ) (662 0 253 ) (662 49 253 ) (664 49 253 ) 
4 75 76 (662 49 253 ) (662 0 253 ) (662 0 325 ) (662 49 325 ) 
4 76 127 (662 0 325 ) (0 0 325 ) (0 0 253 ) (662 0 253 ) 
4 76 105 (0 0 253 ) (0 0 325 ) (0 139 325 ) (0 139 253 ) 
4 76 81 (662 0 253 ) (0 0 253 ) (0 139 253 ) (662 139 253 ) 
4 77 105 (0 178 253 ) (0 780 253 ) (0 780 240 ) (0 178 240 ) 
4 77 104 (360 178 240 ) (0 178 240 ) (0 780 240 ) (360 780 240 ) 
4 77 85 (1024 780 240 ) (1024 178 240 ) (360 178 240 ) (360 780 240 ) 
4 77 83 (812 178 250 ) (812 178 251 ) (584 178 251 ) (584 178 250 ) 
4 77 82 (812 178 240 ) (1024 178 240 ) (1024 178 251 ) (812 178 251 ) 
4 77 84 (0 178 240 ) (584 178 240 ) (584 178 251 ) (0 178 251 ) 
4 77 79 (746 178 253 ) (662 178 253 ) (662 178 251 ) (746 178 251 ) 
4 77 78 (1024 178 251 ) (1024 178 253 ) (746 178 253 ) (746 178 251 ) 
4 77 81 (662 178 253 ) (0 178 253 ) (0 178 251 ) (662 178 251 ) 
4 78 127 (1024 0 251 ) (1024 0 253 ) (746 0 253 ) (746 0 251 ) 
4 78 83 (812 0 251 ) (746 0 251 ) (746 178 251 ) (812 178 251 ) 
4 78 82 (1024 0 251 ) (812 0 251 ) (812 178 251 ) (1024 178 251 ) 
4 78 79 (746 178 253 ) (746 178 251 ) (746 139 251 ) (746 139 253 ) 
4 78 80 (746 49 251 ) (746 0 251 ) (746 0 253 ) (746 49 253 ) 
4 79 83 (662 139 251 ) (662 178 251 ) (746 178 251 ) (746 139 251 ) 
4 79 81 (662 178 253 ) (662 178 251 ) (662 139 251 ) (662 139 253 ) 
4 80 127 (746 0 253 ) (662 0 253 ) (662 0 251 ) (746 0 251 ) 
4 80 83 (746 0 251 ) (662 0 251 ) (662 49 251 ) (746 49 251 ) 
4 80 81 (662 49 251 ) (662 0 251 ) (662 0 253 ) (662 49 253 ) 
4 81 127 (662 0 253 ) (0 0 253 ) (0 0 251 ) (662 0 251 ) 
4 81 105 (0 0 251 ) (0 0 253 ) (0 178 253 ) (0 178 251 ) 
4 81 83 (662 0 251 ) (584 0 251 ) (584 178 251 ) (662 178 251 ) 
4 81 84 (584 0 251 ) (0 0 251 ) (0 178 251 ) (584 178 251 ) 
4 82 127 (1024 0 240 ) (1024 0 251 ) (812 0 251 ) (812 0 240 ) 
4 82 96 (872 0 240 ) (812 0 240 ) (812 4 240 ) (872 4 240 ) 
4 82 95 (1024 4 240 ) (1024 0 240 ) (872 0 240 ) (872 4 240 ) 
4 82 88 (872 4 240 ) (812 4 240 ) (812 8 240 ) (872 8 240 ) 
4 82 87 (812 8 240 ) (812 178 240 ) (872 178 240 ) (872 8 240 ) 
4 82 86 (1024 178 240 ) (1024 4 240 ) (872 4 240 ) (872 178 240 ) 
4 82 83 (812 0 251 ) (812 178 251 ) (812 178 250 ) (812 0 250 ) 
4 83 127 (812 0 251 ) (584 0 251 ) (584 0 250 ) (812 0 250 ) 
4 83 84 (584 0 251 ) (584 178 251 ) (584 178 250 ) (584 0 250 ) 
4 84 127 (584 0 251 ) (0 0 251 ) (0 0 240 ) (584 0 240 ) 
4 84 105 (0 0 240 ) (0 0 251 ) (0 178 251 ) (0 178 240 ) 
4 84 104 (360 0 240 ) (0 0 240 ) (0 178 240 ) (360 178 240 ) 
4 84 103 (480 0 240 ) (360 0 240 ) (360 4 240 ) (480 4 240 ) 
4 84 99 (584 0 240 ) (480 0 240 ) (480 4 240 ) (584 4 240 ) 
4 84 94 (360 4 240 ) (360 8 240 ) (480 8 240 ) (480 4 240 ) 
4 84 93 (360 8 240 ) (360 178 240 ) (584 178 240 ) (584 8 240 ) 
4 85 104 (360 178 0 ) (360 178 240 ) (360 780 240 ) (360 780 0 ) 
4 85 93 (360 178 240 ) (360 178 0 ) (584 178 0 ) (584 178 240 ) 
4 85 89 (812 178 0 ) (1024 178 0 ) (1024 178 6 ) (812 178 6 ) 
4 85 87 (872 178 240 ) (812 178 240 ) (812 178 6 ) (872 178 6 ) 
4 85 86 (1024 178 6 ) (1024 178 240 ) (872 178 240 ) (872 178 6 ) 
4 86 95 (1024 4 236 ) (1024 4 240 ) (872 4 240 ) (872 4 236 ) 
4 86 89 (872 8 6 ) (872 178 6 ) (1024 178 6 ) (1024 8 6 ) 
4 86 88 (872 4 236 ) (872 4 240 ) (872 8 240 ) (872 8 236 ) 
4 86 87 (872 178 240 ) (872 178 6 ) (872 8 6 ) (872 8 240 ) 
4 87 89 (812 8 6 ) (812 178 6 ) (872 178 6 ) (872 8 6 ) 
4 87 88 (812 8 240 ) (812 8 236 ) (872 8 236 ) (872 8 240 ) 
4 88 96 (872 4 240 ) (812 4 240 ) (812 4 236 ) (872 4 236 ) 
4 90 92 (588 8 -480 ) (804 8 -480 ) (804 8 -18 ) (588 8 -18 ) 
4 90 91 (804 8 6 ) (804 8 240 ) (588 8 240 ) (588 8 6 ) 
4 91 100 (588 4 181 ) (588 4 6 ) (804 4 6 ) (804 4 181 ) 
4 91 98 (804 4 240 ) (588 4 240 ) (588 4 236 ) (804 4 236 ) 
4 92 101 (588 4 -480 ) (804 4 -480 ) (804 4 -18 ) (588 4 -18 ) 
4 93 104 (360 8 240 ) (360 178 240 ) (360 178 0 ) (360 8 0 ) 
4 93 94 (360 8 240 ) (360 8 6 ) (480 8 6 ) (480 8 240 ) 
4 94 104 (360 4 6 ) (360 4 240 ) (360 8 240 ) (360 8 6 ) 
4 94 103 (360 4 240 ) (360 4 236 ) (480 4 236 ) (480 4 240 ) 
4 95 127 (1024 0 236 ) (1024 0 240 ) (872 0 240 ) (872 0 236 ) 
4 95 96 (872 4 240 ) (872 4 236 ) (872 0 236 ) (872 0 240 ) 
4 96 127 (872 0 240 ) (812 0 240 ) (812 0 236 ) (872 0 236 ) 
4 97 148 (812 0 6 ) (872 0 6 ) (872 0 120 ) (812 0 120 ) 
4 97 129 (872 0 120 ) (872 0 181 ) (812 0 181 ) (812 0 120 ) 
4 98 127 (804 0 240 ) (588 0 240 ) (588 0 236 ) (804 0 236 ) 
4 99 127 (584 0 240 ) (480 0 240 ) (480 0 236 ) (584 0 236 ) 
4 99 103 (480 4 240 ) (480 4 236 ) (480 0 236 ) (480 0 240 ) 
4 100 148 (804 0 6 ) (804 0 120 ) (588 0 120 ) (588 0 6 ) 
4 100 129 (804 0 120 ) (804 0 181 ) (588 0 181 ) (588 0 120 ) 
4 102 148 (480 0 120 ) (480 0 6 ) (584 0 6 ) (584 0 120 ) 
4 102 129 (480 0 181 ) (480 0 120 ) (584 0 120 ) (584 0 181 ) 
4 103 127 (480 0 236 ) (480 0 240 ) (360 0 240 ) (360 0 236 ) 
4 103 104 (360 0 236 ) (360 0 240 ) (360 4 240 ) (360 4 236 ) 
4 104 168 (360 0 0 ) (360 0 6 ) (0 0 6 ) (0 0 0 ) 
4 104 149 (360 0 6 ) (360 0 120 ) (0 0 120 ) (0 0 6 ) 
4 104 143 (360 0 120 ) (360 0 236 ) (0 0 236 ) (0 0 120 ) 
4 104 127 (360 0 236 ) (360 0 240 ) (0 0 240 ) (0 0 236 ) 
4 104 105 (0 0 120 ) (0 0 240 ) (0 780 240 ) (0 780 120 ) 
4 105 169 (0 0 120 ) (0 0 1024 ) (-344 0 1024 ) (-344 0 120 ) 
4 106 127 (1024 0 1024 ) (1024 0 236 ) (1024 -1024 236 ) (1024 -1024 1024 ) 
4 106 122 (2048 -1024 236 ) (2048 -1024 1024 ) (1024 -1024 1024 ) (1024 -1024 236 ) 
4 106 109 (1072 -1024 236 ) (1024 -1024 236 ) (1024 -552 236 ) (1072 -552 236 ) 
4 106 108 (1024 -516 236 ) (1024 -167 236 ) (1045 -167 236 ) (1045 -516 236 ) 
4 106 107 (2048 -1024 236 ) (1072 -1024 236 ) (1072 0 236 ) (2048 0 236 ) 
4 107 122 (2048 -1024 120 ) (2048 -1024 236 ) (1072 -1024 236 ) (1072 -1024 120 ) 
4 107 114 (1072 -976 120 ) (1072 -552 120 ) (1184 -552 120 ) (1184 -976 120 ) 
4 107 115 (1184 -1024 120 ) (1072 -1024 120 ) (1072 -976 120 ) (1184 -976 120 ) 
4 107 113 (1384 -976 120 ) (1384 -1024 120 ) (1184 -1024 120 ) (1184 -976 120 ) 
4 107 111 (1384 0 120 ) (1952 0 120 ) (1952 -976 120 ) (1384 -976 120 ) 
4 107 112 (1952 -976 120 ) (1952 -1024 120 ) (1384 -1024 120 ) (1384 -976 120 ) 
4 107 110 (1952 0 120 ) (2048 0 120 ) (2048 -1024 120 ) (1952 -1024 120 ) 
4 107 109 (1072 -552 120 ) (1072 -1024 120 ) (1072 -1024 236 ) (1072 -552 236 ) 
4 108 132 (1024 -192 120 ) (1024 -516 120 ) (1024 -516 236 ) (1024 -192 236 ) 
4 108 128 (1024 -167 120 ) (1024 -192 120 ) (1024 -192 236 ) (1024 -167 236 ) 
4 108 116 (1024 -516 120 ) (1024 -167 120 ) (1045 -167 120 ) (1045 -516 120 ) 
4 109 139 (1024 -848 120 ) (1024 -1024 120 ) (1024 -1024 236 ) (1024 -848 236 ) 
4 109 136 (1024 -632 120 ) (1024 -848 120 ) (1024 -848 236 ) (1024 -632 236 ) 
4 109 134 (1024 -552 120 ) (1024 -632 120 ) (1024 -632 236 ) (1024 -552 236 ) 
4 109 122 (1072 -1024 236 ) (1024 -1024 236 ) (1024 -1024 120 ) (1072 -1024 120 ) 
4 109 118 (1024 -1024 120 ) (1024 -584 120 ) (1072 -584 120 ) (1072 -1024 120 ) 
4 110 122 (2048 -1024 -18 ) (2048 -1024 120 ) (1952 -1024 120 ) (1952 -1024 -18 ) 
4 110 111 (1952 -976 112 ) (1952 -976 120 ) (1952 0 120 ) (1952 0 112 ) 
4 110 112 (1952 -976 -18 ) (1952 -1024 -18 ) (1952 -1024 120 ) (1952 -976 120 ) 
4 111 112 (1384 -976 120 ) (1384 -976 112 ) (1952 -976 112 ) (1952 -976 120 ) 
4 112 122 (1952 -1024 120 ) (1384 -1024 120 ) (1384 -1024 -18 ) (1952 -1024 -18 ) 
4 112 113 (1384 -976 -18 ) (1384 -1024 -18 ) (1384 -1024 120 ) (1384 -976 120 ) 
4 113 122 (1384 -1024 120 ) (1184 -1024 120 ) (1184 -1024 -18 ) (1384 -1024 -18 ) 
4 113 115 (1184 -976 -18 ) (1184 -1024 -18 ) (1184 -1024 120 ) (1184 -976 120 ) 
4 114 120 (1072 -976 0 ) (1072 -976 6 ) (1072 -552 6 ) (1072 -552 0 ) 
4 114 117 (1072 -552 112 ) (1072 -552 6 ) (1072 -584 6 ) (1072 -584 112 ) 
4 114 118 (1072 -976 6 ) (1072 -976 120 ) (1072 -584 120 ) (1072 -584 6 ) 
4 114 115 (1072 -976 120 ) (1072 -976 0 ) (1184 -976 0 ) (1184 -976 120 ) 
4 115 122 (1184 -1024 120 ) (1072 -1024 120 ) (1072 -1024 -18 ) (1184 -1024 -18 ) 
4 115 121 (1072 -976 -18 ) (1072 -1024 -18 ) (1072 -1024 6 ) (1072 -976 6 ) 
4 115 118 (1072 -1024 6 ) (1072 -1024 120 ) (1072 -976 120 ) (1072 -976 6 ) 
4 116 144 (1024 -167 6 ) (1024 -516 6 ) (1024 -516 120 ) (1024 -167 120 ) 
4 116 119 (1024 -511 6 ) (1024 -172 6 ) (1040 -172 6 ) (1040 -511 6 ) 
4 117 145 (1024 -552 6 ) (1024 -584 6 ) (1024 -584 112 ) (1024 -552 112 ) 
4 117 120 (1072 -552 6 ) (1072 -584 6 ) (1024 -584 6 ) (1024 -552 6 ) 
4 117 118 (1024 -584 6 ) (1072 -584 6 ) (1072 -584 112 ) (1024 -584 112 ) 
4 118 146 (1024 -584 6 ) (1024 -1024 6 ) (1024 -1024 120 ) (1024 -584 120 ) 
4 118 122 (1072 -1024 120 ) (1024 -1024 120 ) (1024 -1024 6 ) (1072 -1024 6 ) 
4 118 120 (1072 -584 6 ) (1072 -976 6 ) (1024 -976 6 ) (1024 -584 6 ) 
4 118 121 (1072 -976 6 ) (1072 -1024 6 ) (1024 -1024 6 ) (1024 -976 6 ) 
4 119 155 (1024 -172 -18 ) (1024 -511 -18 ) (1024 -511 6 ) (1024 -172 6 ) 
4 120 156 (1024 -976 0 ) (1024 -976 6 ) (1024 -552 6 ) (1024 -552 0 ) 
4 120 121 (1072 -976 0 ) (1072 -976 6 ) (1024 -976 6 ) (1024 -976 0 ) 
4 121 157 (1024 -976 -18 ) (1024 -1024 -18 ) (1024 -1024 6 ) (1024 -976 6 ) 
4 121 122 (1024 -1024 6 ) (1024 -1024 -18 ) (1072 -1024 -18 ) (1072 -1024 6 ) 
4 122 187 (1024 -1296 -18 ) (1024 -1296 1024 ) (1024 -1152 1024 ) (1024 -1152 -18 ) 
4 122 186 (1024 -1152 1024 ) (1024 -1027 1024 ) (1024 -1027 -18 ) (1024 -1152 -18 ) 
4 122 183 (1024 -1024 -16 ) (1024 -1024 -18 ) (1024 -1027 -18 ) (1024 -1027 -16 ) 
4 122 180 (1024 -1024 6 ) (1024 -1024 -16 ) (1024 -1027 -16 ) (1024 -1027 6 ) 
4 122 172 (1024 -1027 1024 ) (1024 -1024 1024 ) (1024 -1024 6 ) (1024 -1027 6 ) 
4 122 125 (2048 -1296 -18 ) (2048 -1296 0 ) (1024 -1296 0 ) (1024 -1296 -18 ) 
4 122 124 (2048 -1296 0 ) (2048 -1296 1024 ) (1024 -1296 1024 ) (1024 -1296 0 ) 
4 122 123 (2048 -1296 -18 ) (1024 -1296 -18 ) (1024 -1152 -18 ) (2048 -1152 -18 ) 
4 123 187 (1024 -1296 -64 ) (1024 -1296 -18 ) (1024 -1152 -18 ) (1024 -1152 -64 ) 
4 123 125 (2048 -1296 -64 ) (2048 -1296 -18 ) (1024 -1296 -18 ) (1024 -1296 -64 ) 
4 124 188 (1024 -1968 0 ) (1024 -1968 1024 ) (1024 -1296 1024 ) (1024 -1296 0 ) 
4 124 126 (1024 -1968 1024 ) (1024 -1968 0 ) (2048 -1968 0 ) (2048 -1968 1024 ) 
4 124 125 (2048 -1968 0 ) (1024 -1968 0 ) (1024 -1296 0 ) (2048 -1296 0 ) 
4 125 189 (1024 -1968 -64 ) (1024 -1968 0 ) (1024 -1296 0 ) (1024 -1296 -64 ) 
4 125 126 (1024 -1968 0 ) (1024 -1968 -64 ) (2048 -1968 -64 ) (2048 -1968 0 ) 
4 126 210 (2048 -2048 -64 ) (2048 -2048 1024 ) (1024 -2048 1024 ) (1024 -2048 -64 ) 
4 126 190 (1024 -2048 -64 ) (1024 -2048 1024 ) (1024 -1968 1024 ) (1024 -1968 -64 ) 
4 127 196 (360 -1024 1024 ) (0 -1024 1024 ) (0 -1024 236 ) (360 -1024 236 ) 
4 127 194 (497 -1024 1024 ) (360 -1024 1024 ) (360 -1024 236 ) (497 -1024 236 ) 
4 127 191 (560 -1024 1024 ) (497 -1024 1024 ) (497 -1024 236 ) (560 -1024 236 ) 
4 127 178 (664 -1024 1024 ) (560 -1024 1024 ) (560 -1024 236 ) (664 -1024 236 ) 
4 127 177 (796 -1024 1024 ) (664 -1024 1024 ) (664 -1024 236 ) (796 -1024 236 ) 
4 127 175 (848 -1024 1024 ) (796 -1024 1024 ) (796 -1024 236 ) (848 -1024 236 ) 
4 127 174 (885 -1024 1024 ) (848 -1024 1024 ) (848 -1024 236 ) (885 -1024 236 ) 
4 127 173 (888 -1024 1024 ) (885 -1024 1024 ) (885 -1024 236 ) (888 -1024 236 ) 
4 127 172 (1024 -1024 236 ) (1024 -1024 1024 ) (888 -1024 1024 ) (888 -1024 236 ) 
4 127 169 (0 0 1024 ) (0 0 236 ) (0 -1024 236 ) (0 -1024 1024 ) 
4 127 139 (1024 -848 236 ) (1024 -1024 236 ) (888 -1024 236 ) (888 -848 236 ) 
4 127 140 (885 -1024 236 ) (363 -1024 236 ) (363 -848 236 ) (885 -848 236 ) 
4 127 136 (1024 -632 236 ) (1024 -848 236 ) (888 -848 236 ) (888 -632 236 ) 
4 127 138 (885 -848 236 ) (363 -848 236 ) (363 -632 236 ) (885 -632 236 ) 
4 127 135 (885 -632 236 ) (363 -632 236 ) (363 -529 236 ) (885 -529 236 ) 
4 127 134 (1024 -552 236 ) (1024 -632 236 ) (888 -632 236 ) (888 -552 236 ) 
4 127 132 (1024 -192 236 ) (1024 -516 236 ) (880 -516 236 ) (880 -192 236 ) 
4 127 133 (880 -529 236 ) (363 -529 236 ) (363 -192 236 ) (880 -192 236 ) 
4 127 130 (872 -64 236 ) (872 -192 236 ) (480 -192 236 ) (480 -64 236 ) 
4 127 128 (1024 -167 236 ) (1024 -192 236 ) (872 -192 236 ) (872 -167 236 ) 
4 127 143 (0 -1024 236 ) (0 0 236 ) (360 0 236 ) (360 -1024 236 ) 
4 128 147 (888 -192 120 ) (872 -192 120 ) (872 -167 120 ) (888 -167 120 ) 
4 128 144 (1024 -167 120 ) (1024 -192 120 ) (888 -192 120 ) (888 -167 120 ) 
4 128 132 (880 -192 120 ) (1024 -192 120 ) (1024 -192 236 ) (880 -192 236 ) 
4 128 133 (872 -192 120 ) (880 -192 120 ) (880 -192 236 ) (872 -192 236 ) 
4 128 130 (872 -167 120 ) (872 -192 120 ) (872 -192 236 ) (872 -167 236 ) 
4 129 148 (480 0 120 ) (872 0 120 ) (872 -64 120 ) (480 -64 120 ) 
4 129 130 (480 -64 181 ) (480 -64 120 ) (872 -64 120 ) (872 -64 181 ) 
4 130 148 (872 -64 120 ) (872 -192 120 ) (480 -192 120 ) (480 -64 120 ) 
4 130 133 (480 -192 120 ) (872 -192 120 ) (872 -192 236 ) (480 -192 236 ) 
4 131 133 (450 -192 145 ) (450 -192 201 ) (393 -192 201 ) (393 -192 145 ) 
4 132 151 (880 -192 120 ) (885 -192 120 ) (885 -516 120 ) (880 -516 120 ) 
4 132 150 (885 -192 120 ) (888 -192 120 ) (888 -516 120 ) (885 -516 120 ) 
4 132 144 (888 -192 120 ) (1024 -192 120 ) (1024 -516 120 ) (888 -516 120 ) 
4 132 133 (880 -192 236 ) (880 -192 120 ) (880 -516 120 ) (880 -516 236 ) 
4 133 153 (363 -529 120 ) (363 -192 120 ) (880 -192 120 ) (880 -529 120 ) 
4 133 141 (363 -480 136 ) (363 -480 224 ) (363 -264 224 ) (363 -264 136 ) 
4 133 135 (363 -529 236 ) (363 -529 120 ) (880 -529 120 ) (880 -529 236 ) 
4 134 146 (1024 -584 120 ) (1024 -632 120 ) (888 -632 120 ) (888 -584 120 ) 
4 134 136 (888 -632 120 ) (1024 -632 120 ) (1024 -632 236 ) (888 -632 236 ) 
4 135 153 (363 -632 120 ) (363 -529 120 ) (880 -529 120 ) (880 -632 120 ) 
4 135 152 (880 -529 120 ) (885 -529 120 ) (885 -632 120 ) (880 -632 120 ) 
4 135 138 (363 -632 236 ) (363 -632 120 ) (885 -632 120 ) (885 -632 236 ) 
4 136 146 (888 -632 120 ) (1024 -632 120 ) (1024 -848 120 ) (888 -848 120 ) 
4 136 139 (888 -848 120 ) (1024 -848 120 ) (1024 -848 236 ) (888 -848 236 ) 
4 136 137 (888 -632 224 ) (888 -632 136 ) (888 -848 136 ) (888 -848 224 ) 
4 137 138 (885 -632 224 ) (885 -632 136 ) (885 -848 136 ) (885 -848 224 ) 
4 138 153 (363 -848 120 ) (363 -632 120 ) (880 -632 120 ) (880 -848 120 ) 
4 138 152 (880 -632 120 ) (885 -632 120 ) (885 -848 120 ) (880 -848 120 ) 
4 138 142 (363 -848 136 ) (363 -848 224 ) (363 -680 224 ) (363 -680 136 ) 
4 138 140 (363 -848 236 ) (363 -848 120 ) (885 -848 120 ) (885 -848 236 ) 
4 139 172 (1024 -1024 120 ) (1024 -1024 236 ) (888 -1024 236 ) (888 -1024 120 ) 
4 139 146 (1024 -1024 120 ) (888 -1024 120 ) (888 -848 120 ) (1024 -848 120 ) 
4 140 192 (502 -1024 120 ) (560 -1024 120 ) (560 -1024 152 ) (502 -1024 152 ) 
4 140 193 (497 -1024 152 ) (497 -1024 120 ) (502 -1024 120 ) (502 -1024 152 ) 
4 140 179 (560 -1024 152 ) (560 -1024 120 ) (664 -1024 120 ) (664 -1024 152 ) 
4 140 153 (880 -1024 120 ) (363 -1024 120 ) (363 -848 120 ) (880 -848 120 ) 
4 140 152 (885 -1024 120 ) (880 -1024 120 ) (880 -848 120 ) (885 -848 120 ) 
4 140 142 (363 -896 136 ) (363 -896 224 ) (363 -848 224 ) (363 -848 136 ) 
4 141 143 (360 -480 136 ) (360 -480 224 ) (360 -264 224 ) (360 -264 136 ) 
4 142 143 (360 -896 136 ) (360 -896 224 ) (360 -680 224 ) (360 -680 136 ) 
4 143 196 (360 -1024 236 ) (0 -1024 236 ) (0 -1024 120 ) (360 -1024 120 ) 
4 143 169 (0 0 236 ) (0 0 120 ) (0 -1024 120 ) (0 -1024 236 ) 
4 143 154 (360 -1024 120 ) (0 -1024 120 ) (0 -192 120 ) (360 -192 120 ) 
4 143 149 (0 -192 120 ) (0 0 120 ) (360 0 120 ) (360 -192 120 ) 
4 144 155 (888 -511 6 ) (888 -172 6 ) (1024 -172 6 ) (1024 -511 6 ) 
4 144 150 (888 -192 6 ) (888 -516 6 ) (888 -516 120 ) (888 -192 120 ) 
4 144 147 (888 -167 6 ) (888 -192 6 ) (888 -192 120 ) (888 -167 120 ) 
4 145 156 (888 -584 6 ) (888 -552 6 ) (1024 -552 6 ) (1024 -584 6 ) 
4 145 146 (888 -584 112 ) (888 -584 6 ) (1024 -584 6 ) (1024 -584 112 ) 
4 146 172 (1024 -1024 6 ) (1024 -1024 120 ) (888 -1024 120 ) (888 -1024 6 ) 
4 146 156 (888 -976 6 ) (888 -584 6 ) (1024 -584 6 ) (1024 -976 6 ) 
4 146 157 (1024 -1024 6 ) (888 -1024 6 ) (888 -976 6 ) (1024 -976 6 ) 
4 147 158 (888 -172 6 ) (888 -192 6 ) (872 -192 6 ) (872 -172 6 ) 
4 147 153 (872 -192 6 ) (880 -192 6 ) (880 -192 120 ) (872 -192 120 ) 
4 147 151 (880 -192 6 ) (885 -192 6 ) (885 -192 120 ) (880 -192 120 ) 
4 147 150 (885 -192 6 ) (888 -192 6 ) (888 -192 120 ) (885 -192 120 ) 
4 147 148 (872 -167 6 ) (872 -192 6 ) (872 -192 120 ) (872 -167 120 ) 
3 148 160 (485 -192 6 ) (483 -192 6 ) (485 -190 6 ) 
4 148 159 (872 -167 6 ) (872 -192 6 ) (485 -192 6 ) (485 -167 6 ) 
4 148 153 (480 -192 6 ) (872 -192 6 ) (872 -192 120 ) (480 -192 120 ) 
4 149 168 (0 -192 6 ) (0 0 6 ) (360 0 6 ) (360 -192 6 ) 
4 149 154 (0 -192 6 ) (360 -192 6 ) (360 -192 120 ) (0 -192 120 ) 
4 150 161 (885 -511 6 ) (885 -197 6 ) (888 -197 6 ) (888 -511 6 ) 
4 150 158 (885 -197 6 ) (885 -192 6 ) (888 -192 6 ) (888 -197 6 ) 
4 150 151 (885 -192 120 ) (885 -192 6 ) (885 -516 6 ) (885 -516 120 ) 
4 151 161 (880 -511 6 ) (880 -197 6 ) (885 -197 6 ) (885 -511 6 ) 
4 151 158 (880 -197 6 ) (880 -192 6 ) (885 -192 6 ) (885 -197 6 ) 
4 151 153 (880 -192 120 ) (880 -192 6 ) (880 -516 6 ) (880 -516 120 ) 
4 152 153 (880 -529 6 ) (880 -1024 6 ) (880 -1024 120 ) (880 -529 120 ) 
4 153 192 (560 -1024 120 ) (502 -1024 120 ) (502 -1024 6 ) (560 -1024 6 ) 
4 153 193 (502 -1024 120 ) (497 -1024 120 ) (497 -1024 6 ) (502 -1024 6 ) 
4 153 179 (664 -1024 120 ) (560 -1024 120 ) (560 -1024 6 ) (664 -1024 6 ) 
4 153 176 (796 -1024 94 ) (796 -1024 6 ) (848 -1024 6 ) (848 -1024 94 ) 
4 153 164 (664 -1024 6 ) (497 -1024 6 ) (497 -1019 6 ) (664 -1019 6 ) 
4 153 163 (848 -1024 6 ) (796 -1024 6 ) (796 -1019 6 ) (848 -1019 6 ) 
4 153 162 (368 -197 6 ) (880 -197 6 ) (880 -1019 6 ) (368 -1019 6 ) 
4 153 160 (483 -192 6 ) (485 -192 6 ) (485 -197 6 ) (478 -197 6 ) 
4 153 159 (485 -192 6 ) (872 -192 6 ) (872 -197 6 ) (485 -197 6 ) 
4 153 158 (872 -192 6 ) (880 -192 6 ) (880 -197 6 ) (872 -197 6 ) 
4 154 196 (360 -1024 120 ) (0 -1024 120 ) (0 -1024 6 ) (360 -1024 6 ) 
4 154 171 (0 -976 6 ) (0 -1024 6 ) (0 -1024 120 ) (0 -976 120 ) 
4 154 168 (360 -1024 6 ) (0 -1024 6 ) (0 -192 6 ) (360 -192 6 ) 
4 155 161 (888 -197 -18 ) (888 -511 -18 ) (888 -511 6 ) (888 -197 6 ) 
4 155 158 (888 -172 -18 ) (888 -197 -18 ) (888 -197 6 ) (888 -172 6 ) 
4 156 157 (888 -976 6 ) (888 -976 0 ) (1024 -976 0 ) (1024 -976 6 ) 
4 157 183 (1024 -1024 -18 ) (1024 -1024 -16 ) (888 -1024 -16 ) (888 -1024 -18 ) 
4 157 180 (1024 -1024 -16 ) (1024 -1024 6 ) (888 -1024 6 ) (888 -1024 -16 ) 
4 158 162 (872 -197 -18 ) (880 -197 -18 ) (880 -197 6 ) (872 -197 6 ) 
4 158 161 (880 -197 -18 ) (888 -197 -18 ) (888 -197 6 ) (880 -197 6 ) 
4 158 159 (872 -172 -18 ) (872 -197 -18 ) (872 -197 6 ) (872 -172 6 ) 
4 159 162 (485 -197 -18 ) (872 -197 -18 ) (872 -197 6 ) (485 -197 6 ) 
4 159 160 (485 -190 -18 ) (485 -197 -18 ) (485 -197 6 ) (485 -190 6 ) 
4 160 162 (478 -197 -18 ) (485 -197 -18 ) (485 -197 6 ) (478 -197 6 ) 
4 161 162 (880 -197 6 ) (880 -197 -18 ) (880 -511 -18 ) (880 -511 6 ) 
4 162 166 (659 -1019 -17 ) (659 -1019 -16 ) (502 -1019 -16 ) (502 -1019 -17 ) 
4 162 165 (659 -1019 -18 ) (664 -1019 -18 ) (664 -1019 -16 ) (659 -1019 -16 ) 
4 162 167 (368 -1019 -18 ) (502 -1019 -18 ) (502 -1019 -16 ) (368 -1019 -16 ) 
4 162 164 (664 -1019 6 ) (497 -1019 6 ) (497 -1019 -16 ) (664 -1019 -16 ) 
4 162 163 (848 -1019 6 ) (796 -1019 6 ) (796 -1019 -16 ) (848 -1019 -16 ) 
4 163 181 (848 -1024 6 ) (796 -1024 6 ) (796 -1024 -16 ) (848 -1024 -16 ) 
4 164 192 (560 -1024 6 ) (502 -1024 6 ) (502 -1024 -16 ) (560 -1024 -16 ) 
4 164 193 (502 -1024 6 ) (497 -1024 6 ) (497 -1024 -16 ) (502 -1024 -16 ) 
4 164 182 (664 -1024 6 ) (560 -1024 6 ) (560 -1024 -16 ) (664 -1024 -16 ) 
4 164 166 (502 -1019 -16 ) (659 -1019 -16 ) (659 -1024 -16 ) (502 -1024 -16 ) 
4 164 165 (659 -1019 -16 ) (664 -1019 -16 ) (664 -1024 -16 ) (659 -1024 -16 ) 
4 164 167 (497 -1019 -16 ) (502 -1019 -16 ) (502 -1024 -16 ) (497 -1024 -16 ) 
4 165 184 (659 -1024 -18 ) (664 -1024 -18 ) (664 -1024 -16 ) (659 -1024 -16 ) 
4 165 166 (659 -1024 -16 ) (659 -1019 -16 ) (659 -1019 -17 ) (659 -1024 -17 ) 
4 166 192 (560 -1024 -16 ) (502 -1024 -16 ) (502 -1024 -17 ) (560 -1024 -17 ) 
4 166 185 (659 -1024 -17 ) (659 -1024 -16 ) (560 -1024 -16 ) (560 -1024 -17 ) 
4 166 167 (502 -1024 -16 ) (502 -1019 -16 ) (502 -1019 -17 ) (502 -1024 -17 ) 
4 167 195 (368 -1024 -18 ) (497 -1024 -18 ) (497 -1024 -16 ) (368 -1024 -16 ) 
4 167 193 (497 -1024 -18 ) (502 -1024 -18 ) (502 -1024 -16 ) (497 -1024 -16 ) 
4 168 196 (360 -1024 6 ) (0 -1024 6 ) (0 -1024 0 ) (360 -1024 0 ) 
4 168 171 (0 -976 0 ) (0 -1024 0 ) (0 -1024 6 ) (0 -976 6 ) 
4 169 199 (0 -1024 120 ) (0 -1024 1024 ) (-344 -1024 1024 ) (-344 -1024 120 ) 
4 169 171 (0 -1024 120 ) (-344 -1024 120 ) (-344 -976 120 ) (0 -976 120 ) 
4 169 170 (-344 -832 120 ) (-344 -1024 120 ) (-344 -1024 1024 ) (-344 -832 1024 ) 
4 170 226 (-1024 -1024 120 ) (-1024 -1024 1024 ) (-1024 -976 1024 ) (-1024 -976 120 ) 
4 170 225 (-1024 -976 1024 ) (-1024 -832 1024 ) (-1024 -832 120 ) (-1024 -976 120 ) 
4 170 199 (-344 -1024 1024 ) (-1024 -1024 1024 ) (-1024 -1024 120 ) (-344 -1024 120 ) 
4 170 171 (-344 -1024 120 ) (-1024 -1024 120 ) (-1024 -976 120 ) (-344 -976 120 ) 
4 171 226 (-1024 -1024 0 ) (-1024 -1024 120 ) (-1024 -976 120 ) (-1024 -976 0 ) 
4 171 199 (0 -1024 0 ) (0 -1024 120 ) (-1024 -1024 120 ) (-1024 -1024 0 ) 
4 172 186 (888 -1027 6 ) (1024 -1027 6 ) (1024 -1027 1024 ) (888 -1027 1024 ) 
4 172 180 (1024 -1027 6 ) (888 -1027 6 ) (888 -1024 6 ) (1024 -1024 6 ) 
4 172 173 (888 -1027 236 ) (888 -1027 1024 ) (888 -1024 1024 ) (888 -1024 236 ) 
4 173 186 (888 -1027 236 ) (888 -1027 1024 ) (885 -1027 1024 ) (885 -1027 236 ) 
4 173 174 (885 -1027 236 ) (885 -1027 1024 ) (885 -1024 1024 ) (885 -1024 236 ) 
4 174 186 (885 -1027 236 ) (885 -1027 1024 ) (848 -1027 1024 ) (848 -1027 236 ) 
4 174 175 (848 -1027 236 ) (848 -1027 1024 ) (848 -1024 1024 ) (848 -1024 236 ) 
4 175 186 (848 -1027 236 ) (848 -1027 1024 ) (796 -1027 1024 ) (796 -1027 236 ) 
4 175 177 (796 -1027 236 ) (796 -1027 1024 ) (796 -1024 1024 ) (796 -1024 236 ) 
4 176 186 (796 -1027 6 ) (848 -1027 6 ) (848 -1027 94 ) (796 -1027 94 ) 
4 176 181 (848 -1027 6 ) (796 -1027 6 ) (796 -1024 6 ) (848 -1024 6 ) 
4 177 186 (796 -1027 236 ) (796 -1027 1024 ) (664 -1027 1024 ) (664 -1027 236 ) 
4 177 178 (664 -1024 1024 ) (664 -1024 236 ) (664 -1027 236 ) (664 -1027 1024 ) 
4 178 191 (560 -1027 236 ) (560 -1027 1024 ) (560 -1024 1024 ) (560 -1024 236 ) 
4 178 186 (560 -1027 1024 ) (560 -1027 236 ) (664 -1027 236 ) (664 -1027 1024 ) 
4 179 192 (560 -1027 6 ) (560 -1027 152 ) (560 -1024 152 ) (560 -1024 6 ) 
4 179 186 (560 -1027 152 ) (560 -1027 6 ) (664 -1027 6 ) (664 -1027 152 ) 
4 179 182 (664 -1027 6 ) (560 -1027 6 ) (560 -1024 6 ) (664 -1024 6 ) 
4 180 186 (888 -1027 -16 ) (1024 -1027 -16 ) (1024 -1027 6 ) (888 -1027 6 ) 
4 180 183 (1024 -1027 -16 ) (888 -1027 -16 ) (888 -1024 -16 ) (1024 -1024 -16 ) 
4 181 186 (796 -1027 -16 ) (848 -1027 -16 ) (848 -1027 6 ) (796 -1027 6 ) 
4 182 192 (560 -1027 -16 ) (560 -1027 6 ) (560 -1024 6 ) (560 -1024 -16 ) 
4 182 186 (560 -1027 6 ) (560 -1027 -16 ) (664 -1027 -16 ) (664 -1027 6 ) 
4 182 185 (659 -1027 -16 ) (560 -1027 -16 ) (560 -1024 -16 ) (659 -1024 -16 ) 
4 182 184 (664 -1027 -16 ) (659 -1027 -16 ) (659 -1024 -16 ) (664 -1024 -16 ) 
4 183 186 (1024 -1027 -18 ) (1024 -1027 -16 ) (888 -1027 -16 ) (888 -1027 -18 ) 
4 184 186 (659 -1027 -18 ) (664 -1027 -18 ) (664 -1027 -16 ) (659 -1027 -16 ) 
4 184 185 (659 -1027 -17 ) (659 -1027 -16 ) (659 -1024 -16 ) (659 -1024 -17 ) 
4 185 192 (560 -1027 -17 ) (560 -1027 -16 ) (560 -1024 -16 ) (560 -1024 -17 ) 
4 185 186 (560 -1027 -16 ) (560 -1027 -17 ) (659 -1027 -17 ) (659 -1027 -16 ) 
4 186 197 (560 -1152 -18 ) (560 -1152 1024 ) (560 -1027 1024 ) (560 -1027 -18 ) 
4 186 187 (560 -1152 1024 ) (560 -1152 -18 ) (1024 -1152 -18 ) (1024 -1152 1024 ) 
4 187 198 (560 -1296 -64 ) (560 -1296 -18 ) (560 -1152 -18 ) (560 -1152 -64 ) 
4 187 197 (560 -1296 -18 ) (560 -1296 1024 ) (560 -1152 1024 ) (560 -1152 -18 ) 
4 187 189 (560 -1296 0 ) (560 -1296 -64 ) (1024 -1296 -64 ) (1024 -1296 0 ) 
4 187 188 (560 -1296 1024 ) (560 -1296 0 ) (1024 -1296 0 ) (1024 -1296 1024 ) 
4 188 197 (560 -1968 0 ) (560 -1968 1024 ) (560 -1296 1024 ) (560 -1296 0 ) 
4 188 190 (560 -1968 1024 ) (560 -1968 0 ) (1024 -1968 0 ) (1024 -1968 1024 ) 
4 188 189 (1024 -1968 0 ) (560 -1968 0 ) (560 -1296 0 ) (1024 -1296 0 ) 
4 189 198 (560 -1968 -64 ) (560 -1968 -18 ) (560 -1296 -18 ) (560 -1296 -64 ) 
4 189 197 (560 -1968 -18 ) (560 -1968 0 ) (560 -1296 0 ) (560 -1296 -18 ) 
4 189 190 (560 -1968 0 ) (560 -1968 -64 ) (1024 -1968 -64 ) (1024 -1968 0 ) 
4 190 212 (1024 -2048 -64 ) (1024 -2048 1024 ) (560 -2048 1024 ) (560 -2048 -64 ) 
4 190 198 (560 -2048 -64 ) (560 -2048 -18 ) (560 -1968 -18 ) (560 -1968 -64 ) 
4 190 197 (560 -2048 -18 ) (560 -2048 1024 ) (560 -1968 1024 ) (560 -1968 -18 ) 
4 191 197 (560 -1027 236 ) (560 -1027 1024 ) (497 -1027 1024 ) (497 -1027 236 ) 
4 191 194 (497 -1024 1024 ) (497 -1024 236 ) (497 -1027 236 ) (497 -1027 1024 ) 
4 192 197 (560 -1027 -17 ) (560 -1027 152 ) (502 -1027 152 ) (502 -1027 -17 ) 
4 192 193 (502 -1027 -17 ) (502 -1027 152 ) (502 -1024 152 ) (502 -1024 -17 ) 
4 193 197 (502 -1027 152 ) (497 -1027 152 ) (497 -1027 -18 ) (502 -1027 -18 ) 
4 193 195 (497 -1024 -16 ) (497 -1024 -18 ) (497 -1027 -18 ) (497 -1027 -16 ) 
4 194 197 (497 -1027 236 ) (497 -1027 1024 ) (360 -1027 1024 ) (360 -1027 236 ) 
4 194 196 (360 -1027 236 ) (360 -1027 1024 ) (360 -1024 1024 ) (360 -1024 236 ) 
4 195 197 (497 -1027 -18 ) (497 -1027 -16 ) (360 -1027 -16 ) (360 -1027 -18 ) 
4 196 199 (0 -1024 1024 ) (0 -1024 0 ) (0 -1027 0 ) (0 -1027 1024 ) 
4 196 197 (0 -1027 1024 ) (0 -1027 0 ) (360 -1027 0 ) (360 -1027 1024 ) 
4 197 213 (552 -2048 1024 ) (360 -2048 1024 ) (360 -2048 -18 ) (552 -2048 -18 ) 
4 197 212 (560 -2048 -18 ) (560 -2048 1024 ) (552 -2048 1024 ) (552 -2048 -18 ) 
4 197 215 (360 -2048 1024 ) (0 -2048 1024 ) (0 -2048 -18 ) (360 -2048 -18 ) 
4 197 201 (0 -2048 -18 ) (0 -2048 1024 ) (0 -1152 1024 ) (0 -1152 -18 ) 
4 197 200 (0 -1152 1024 ) (0 -1027 1024 ) (0 -1027 -18 ) (0 -1152 -18 ) 
4 197 198 (0 -2048 -18 ) (0 -1152 -18 ) (560 -1152 -18 ) (560 -2048 -18 ) 
4 198 213 (552 -2048 -18 ) (360 -2048 -18 ) (360 -2048 -64 ) (552 -2048 -64 ) 
4 198 212 (560 -2048 -64 ) (560 -2048 -18 ) (552 -2048 -18 ) (552 -2048 -64 ) 
4 198 215 (360 -2048 -18 ) (0 -2048 -18 ) (0 -2048 -64 ) (360 -2048 -64 ) 
4 198 201 (0 -2048 -64 ) (0 -2048 -18 ) (0 -1152 -18 ) (0 -1152 -64 ) 
4 199 228 (-1024 -1027 0 ) (-1024 -1027 1024 ) (-1024 -1024 1024 ) (-1024 -1024 0 ) 
4 199 200 (-1024 -1027 1024 ) (-1024 -1027 0 ) (0 -1027 0 ) (0 -1027 1024 ) 
4 200 229 (-1024 -1152 -18 ) (-1024 -1152 1024 ) (-1024 -1027 1024 ) (-1024 -1027 -18 ) 
4 200 201 (0 -1152 -18 ) (0 -1152 1024 ) (-1024 -1152 1024 ) (-1024 -1152 -18 ) 
4 201 230 (-1024 -2048 -64 ) (-1024 -2048 1024 ) (-1024 -1152 1024 ) (-1024 -1152 -64 ) 
4 201 216 (0 -2048 -64 ) (0 -2048 1024 ) (-1024 -2048 1024 ) (-1024 -2048 -64 ) 
4 202 203 (3232 -2048 -64 ) (3232 -2784 -64 ) (3232 -2784 1024 ) (3232 -2048 1024 ) 
4 203 206 (3232 -3072 1024 ) (3072 -3072 1024 ) (3072 -3072 -64 ) (3232 -3072 -64 ) 
4 203 204 (3072 -3072 -64 ) (3072 -3072 1024 ) (3072 -2048 1024 ) (3072 -2048 -64 ) 
4 204 210 (2048 -2048 1024 ) (2048 -2048 -64 ) (2048 -3072 -64 ) (2048 -3072 1024 ) 
4 204 207 (2048 -3072 1024 ) (2048 -3072 -64 ) (3072 -3072 -64 ) (3072 -3072 1024 ) 
4 205 208 (4096 -4096 -64 ) (4096 -4096 1024 ) (3232 -4096 1024 ) (3232 -4096 -64 ) 
4 205 206 (3232 -3600 -64 ) (3232 -4096 -64 ) (3232 -4096 1024 ) (3232 -3600 1024 ) 
4 206 208 (3232 -4096 1024 ) (3072 -4096 1024 ) (3072 -4096 -64 ) (3232 -4096 -64 ) 
4 206 207 (3072 -3072 1024 ) (3072 -3072 -64 ) (3072 -4096 -64 ) (3072 -4096 1024 ) 
4 207 211 (2048 -4096 -64 ) (2048 -4096 1024 ) (2048 -3072 1024 ) (2048 -3072 -64 ) 
4 207 209 (3072 -4096 -64 ) (3072 -4096 1024 ) (2048 -4096 1024 ) (2048 -4096 -64 ) 
4 208 209 (3072 -4960 1024 ) (3072 -4096 1024 ) (3072 -4096 -1728 ) (3072 -4960 -1728 ) 
4 209 222 (2048 -4960 1024 ) (2048 -4096 1024 ) (2048 -4096 -1728 ) (2048 -4960 -1728 ) 
4 210 212 (1024 -2048 1024 ) (1024 -2048 -64 ) (1024 -3072 -64 ) (1024 -3072 1024 ) 
4 210 211 (2048 -3072 -64 ) (2048 -3072 1024 ) (1024 -3072 1024 ) (1024 -3072 -64 ) 
4 211 222 (2048 -4096 -64 ) (2048 -4096 1024 ) (1024 -4096 1024 ) (1024 -4096 -64 ) 
4 211 220 (1024 -4096 -64 ) (1024 -4096 1024 ) (1024 -4032 1024 ) (1024 -4032 -64 ) 
4 211 217 (1024 -4032 1024 ) (1024 -3072 1024 ) (1024 -3072 -64 ) (1024 -4032 -64 ) 
4 212 217 (1024 -3072 -64 ) (1024 -3072 1024 ) (552 -3072 1024 ) (552 -3072 -64 ) 
4 212 214 (552 -3072 255 ) (552 -3072 1024 ) (552 -2784 1024 ) (552 -2784 255 ) 
4 212 213 (552 -2048 -64 ) (552 -2784 -64 ) (552 -2784 1024 ) (552 -2048 1024 ) 
4 213 214 (360 -2784 1024 ) (360 -2784 255 ) (552 -2784 255 ) (552 -2784 1024 ) 
4 213 215 (360 -2048 -64 ) (360 -2784 -64 ) (360 -2784 1024 ) (360 -2048 1024 ) 
4 214 218 (552 -3072 1024 ) (360 -3072 1024 ) (360 -3072 255 ) (552 -3072 255 ) 
4 214 215 (360 -3072 255 ) (360 -3072 1024 ) (360 -2784 1024 ) (360 -2784 255 ) 
4 215 219 (360 -3072 1024 ) (0 -3072 1024 ) (0 -3072 -64 ) (360 -3072 -64 ) 
4 215 216 (0 -2048 1024 ) (0 -2048 -64 ) (0 -3072 -64 ) (0 -3072 1024 ) 
4 216 233 (-1024 -3072 -64 ) (-1024 -3072 120 ) (-1024 -2048 120 ) (-1024 -2048 -64 ) 
4 216 232 (-1024 -3072 120 ) (-1024 -3072 1024 ) (-1024 -2048 1024 ) (-1024 -2048 120 ) 
4 216 221 (0 -3072 -64 ) (0 -3072 1024 ) (-1024 -3072 1024 ) (-1024 -3072 -64 ) 
4 217 220 (1024 -4032 -64 ) (1024 -4032 1024 ) (552 -4032 1024 ) (552 -4032 -64 ) 
4 217 218 (552 -4032 255 ) (552 -4032 1024 ) (552 -3072 1024 ) (552 -3072 255 ) 
4 218 220 (552 -4032 1024 ) (360 -4032 1024 ) (360 -4032 255 ) (552 -4032 255 ) 
4 218 219 (360 -4024 1024 ) (360 -3072 1024 ) (360 -3072 255 ) (360 -4024 255 ) 
4 219 221 (0 -3072 1024 ) (0 -3072 -64 ) (0 -4024 -64 ) (0 -4024 1024 ) 
4 220 223 (1024 -4096 -64 ) (1024 -4096 1024 ) (360 -4096 1024 ) (360 -4096 -64 ) 
4 221 234 (-1024 -4024 1024 ) (-1024 -3072 1024 ) (-1024 -3072 -64 ) (-1024 -4024 -64 ) 
4 222 223 (1024 -4096 1024 ) (1024 -4096 -1728 ) (1024 -4960 -1728 ) (1024 -4960 1024 ) 
4 225 227 (-1064 -976 120 ) (-1064 -976 1024 ) (-1064 -832 1024 ) (-1064 -832 120 ) 
4 225 226 (-1064 -976 1024 ) (-1064 -976 120 ) (-1024 -976 120 ) (-1024 -976 1024 ) 
4 226 228 (-1024 -1024 0 ) (-1024 -1024 1024 ) (-1064 -1024 1024 ) (-1064 -1024 0 ) 
4 226 227 (-1064 -1024 120 ) (-1064 -1024 1024 ) (-1064 -976 1024 ) (-1064 -976 120 ) 
4 227 231 (-1064 -1024 120 ) (-1064 -1024 1024 ) (-1608 -1024 1024 ) (-1608 -1024 120 ) 
4 228 231 (-1064 -1027 120 ) (-1064 -1027 1024 ) (-1064 -1024 1024 ) (-1064 -1024 120 ) 
4 228 229 (-1064 -1027 1024 ) (-1064 -1027 0 ) (-1024 -1027 0 ) (-1024 -1027 1024 ) 
4 229 231 (-1064 -1152 120 ) (-1064 -1152 1024 ) (-1064 -1027 1024 ) (-1064 -1027 120 ) 
4 229 230 (-1064 -1152 1024 ) (-1064 -1152 -18 ) (-1024 -1152 -18 ) (-1024 -1152 1024 ) 
4 230 233 (-1024 -2048 -64 ) (-1024 -2048 120 ) (-1064 -2048 120 ) (-1064 -2048 -64 ) 
4 230 232 (-1024 -2048 120 ) (-1024 -2048 1024 ) (-1064 -2048 1024 ) (-1064 -2048 120 ) 
4 230 231 (-1064 -2048 120 ) (-1064 -2048 1024 ) (-1064 -1152 1024 ) (-1064 -1152 120 ) 
4 231 232 (-1064 -2048 120 ) (-1064 -2048 1024 ) (-1608 -2048 1024 ) (-1608 -2048 120 ) 
4 232 235 (-1064 -3072 1024 ) (-1608 -3072 1024 ) (-1608 -3072 120 ) (-1064 -3072 120 ) 
4 232 234 (-1024 -3072 120 ) (-1024 -3072 1024 ) (-1064 -3072 1024 ) (-1064 -3072 120 ) 
4 232 233 (-1024 -3072 120 ) (-1064 -3072 120 ) (-1064 -2048 120 ) (-1024 -2048 120 ) 
4 233 234 (-1024 -3072 -64 ) (-1024 -3072 120 ) (-1064 -3072 120 ) (-1064 -3072 -64 ) 
4 234 235 (-1064 -4024 1024 ) (-1064 -3072 1024 ) (-1064 -3072 120 ) (-1064 -4024 120 ) 
