PRT1
165
398
4 0 3 (3338 576 136 ) (3338 616 136 ) (3378 616 136 ) (3378 576 136 ) 
4 1 2 (3378 626 136 ) (3378 712 136 ) (3378 712 64 ) (3378 626 64 ) 
4 2 5 (3338 626 136 ) (3338 712 136 ) (3338 712 64 ) (3338 626 64 ) 
4 3 4 (3338 576 64 ) (3338 616 64 ) (3378 616 64 ) (3378 576 64 ) 
4 6 23 (2176 -584 240.399612 ) (2176 -640 232 ) (2368 -640 232 ) (2368 -584 240.399612 ) 
4 6 23 (2088 -584 240.399612 ) (2088 -640 232 ) (2176 -640 232 ) (2176 -584 240.399612 ) 
4 6 17 (2088 -640 232 ) (2088 -640 226 ) (2176 -640 226 ) (2176 -640 232 ) 
3 6 23 (2084.266846 -584 240.399612 ) (2088 -640 232 ) (2088 -584 240.399612 ) 
3 6 39 (2048 -640 232 ) (2048 -584 240.399979 ) (2048 -584 232 ) 
4 6 23 (2048 -584 240.399612 ) (2048 -639.997375 232 ) (2088 -640 232 ) (2084.266846 -584 240.399612 ) 
4 6 19 (2087.996094 -640 226 ) (2087.996094 -640 232 ) (2048 -640 232 ) (2048 -640 226 ) 
4 6 23 (2048 -584 240.402313 ) (2368 -584 240.402328 ) (2368 -584 528 ) (2048 -584 528 ) 
4 6 39 (1736 -584 232 ) (2048 -584 232 ) (2048 -584 528 ) (1736 -584 528 ) 
4 6 41 (1808 -640 232 ) (1808 -640 226 ) (2048 -640 226 ) (2048 -640 232 ) 
4 6 43 (1808 -640 226 ) (1808 -640 232 ) (1744 -640 232 ) (1744 -640 226 ) 
4 7 20 (3072 -576 394 ) (3072 -720 394 ) (3072 -720 528 ) (3072 -576 528 ) 
4 7 11 (3072 -248 528 ) (3072 -248 394 ) (3072 -576 394 ) (3072 -576 528 ) 
4 7 9 (3072 -720 528 ) (3072 -720 394 ) (3304 -720 394 ) (3304 -720 528 ) 
4 8 21 (3072 -576 259 ) (3072 -720 259 ) (3072 -720 393 ) (3072 -576 393 ) 
4 8 12 (3072 -248 393 ) (3072 -248 259 ) (3072 -576 259 ) (3072 -576 393 ) 
4 9 20 (3072 -728 394 ) (3072 -728 528 ) (3072 -720 528 ) (3072 -720 394 ) 
5 10 22 (3072 -728 240 ) (3072 -728 256 ) (3072 -576 256 ) (3072 -576 241.600006 ) (3072 -586.666748 240 ) 
3 10 16 (3072 -576 241.600006 ) (3072 -576 240 ) (3072 -586.666748 240 ) 
4 10 13 (3072 -576 256 ) (3072 -248 256 ) (3072 -248 240 ) (3072 -576 240 ) 
4 11 20 (3072 -576 394 ) (3072 -576 528 ) (3064 -576 528 ) (3064 -576 394 ) 
4 12 21 (3072 -576 259 ) (3072 -576 393 ) (3064 -576 393 ) (3064 -576 259 ) 
4 12 14 (3064 -440 393 ) (3064 -248 393 ) (3064 -248 259 ) (3064 -440 259 ) 
4 13 22 (3072 -576 241.600006 ) (3072 -576 256 ) (3064 -576 256 ) (3064 -576 241.600006 ) 
4 13 16 (3072 -576 240 ) (3072 -576 241.600006 ) (3064 -576 241.600006 ) (3064 -576 240 ) 
4 13 15 (3064 -576 240 ) (3064 -576 256 ) (3064 -248 256 ) (3064 -248 240 ) 
4 14 6 (3056 -440 393 ) (3056 -248 393 ) (3056 -248 259 ) (3056 -440 259 ) 
4 15 22 (3064 -576 241.600006 ) (3064 -576 256 ) (3056 -576 256 ) (3056 -576 241.600006 ) 
4 15 16 (3064 -576 240 ) (3064 -576 241.600006 ) (3056 -576 241.600006 ) (3056 -576 240 ) 
4 15 6 (3056 -248 248 ) (3056 -248 240 ) (3056 -448 240 ) (3056 -448 248 ) 
4 15 6 (3056 -512 256 ) (3056 -448 256 ) (3056 -448 240 ) (3056 -512 240 ) 
4 16 22 (3072 -576 241.599609 ) (3056 -576 241.599609 ) (3056 -586.664063 240 ) (3072 -586.664063 240 ) 
4 17 27 (2120 -1024 174.399963 ) (2113.600098 -1024 174.399963 ) (2113.600098 -1024 168.400024 ) (2120 -1024 168.400024 ) 
4 17 26 (2393.599854 -1024 174.399963 ) (2120 -1024 174.399963 ) (2120 -1024 168.400024 ) (2393.599854 -1024 168.400009 ) 
4 17 24 (2088 -640 232 ) (2113.600098 -1024 174.399612 ) (2393.599854 -1024 174.399612 ) (2368 -640 232 ) 
4 17 18 (2088 -640.005859 232 ) (2088 -640.005859 226 ) (2113.599609 -1024 168.400024 ) (2113.599609 -1024 174.400879 ) 
4 18 28 (2113.600098 -1024 168.399963 ) (2113.600098 -1024 174.399963 ) (2088 -1024 174.399963 ) (2088 -1024 168.400024 ) 
3 18 24 (2088 -640 232 ) (2088 -1024 174.399612 ) (2113.600098 -1024 174.399612 ) 
4 18 19 (2088 -1024 168.400024 ) (2088 -1024 174.403320 ) (2088 -640 232.003525 ) (2088 -640 226 ) 
4 19 41 (2048 -1024 168.399963 ) (2048 -1024 174.399963 ) (2048 -640 232 ) (2048 -640 226 ) 
4 19 28 (2088 -1024 168.399963 ) (2088 -1024 174.399963 ) (2048 -1024 174.399963 ) (2048 -1024 168.400024 ) 
4 19 24 (2048 -639.997375 232 ) (2048 -1024 174.399612 ) (2088 -1024 174.399612 ) (2088 -640 232 ) 
4 23 39 (2048 -584 528 ) (2048 -584 240.399979 ) (2048 -640 232 ) (2048 -640 528 ) 
4 23 24 (2048 -640 232.003845 ) (2368 -640 232.003860 ) (2368 -640 400 ) (2048 -640 400 ) 
3 24 44 (2048 -1024 174.399963 ) (2048 -1024 232 ) (2048 -640 232 ) 
4 24 40 (2048 -1024 232 ) (2048 -1024 342.400024 ) (2048 -640 400 ) (2048 -640 232 ) 
4 24 35 (2048 -1024 342.400024 ) (2048 -1024 328 ) (2120 -1024 328 ) (2120 -1024 342.400024 ) 
4 24 36 (2048 -1024 328 ) (2048 -1024 174.399963 ) (2120 -1024 174.399963 ) (2120 -1024 328 ) 
4 24 32 (2120 -1024 174.399963 ) (2393.599854 -1024 174.399963 ) (2393.599854 -1024 328 ) (2120 -1024 328 ) 
4 24 31 (2393.599854 -1024 328 ) (2393.599854 -1024 342.400024 ) (2120 -1024 342.400024 ) (2120 -1024 328 ) 
4 25 81 (3592 -2048 -64 ) (3592 -2048 108 ) (3072 -2048 218.852783 ) (3072 -2048 45.844910 ) 
4 25 34 (3072 -2048 45.845032 ) (3072 -2048 154 ) (3072 -1896 154 ) (3072 -1896 45.844910 ) 
4 25 33 (3072 -2048 154 ) (3072 -2048 218.852783 ) (3072 -1896 218.852783 ) (3072 -1896 154 ) 
5 26 32 (2393.599854 -1024 174.398804 ) (2120 -1024 174.398804 ) (2120 -1159.992065 154 ) (2400 -1159.992065 154 ) (2400 -1120.001465 159.998581 ) 
3 26 30 (2120 -1160.022217 154 ) (2120 -1120 160.003296 ) (2120 -1120 154 ) 
4 26 27 (2120 -1120 160.003296 ) (2120 -1024 174.403320 ) (2120 -1024 168.399979 ) (2120 -1120 154 ) 
3 27 36 (2120 -1120 159.998718 ) (2120 -1024 174.398804 ) (2113.599854 -1024 174.398804 ) 
4 27 29 (2120 -1120.005859 154 ) (2120 -1120.005859 159.996094 ) (2119.998291 -1119.979858 160 ) (2117.333008 -1080 160 ) 
4 27 28 (2119.998291 -1119.979858 160 ) (2113.599609 -1024 174.396988 ) (2113.599609 -1024 168.400009 ) (2117.333008 -1080 160 ) 
4 28 48 (2048 -1120 160 ) (2048 -1024 174.399963 ) (2048 -1024 168.400009 ) (2048 -1080 160 ) 
4 28 36 (2120 -1119.991943 160 ) (2113.599854 -1024 174.398804 ) (2048 -1024 174.398804 ) (2048 -1119.992065 160 ) 
5 28 29 (2117.334229 -1080 160 ) (2120 -1119.988281 160 ) (2120 -1120 160 ) (2048 -1120 160 ) (2048 -1080 160 ) 
3 29 49 (2048 -1120 160 ) (2048 -1080 160 ) (2048 -1120 154 ) 
4 29 30 (2048 -1120 154 ) (2119.996094 -1120 154 ) (2119.996094 -1120 160 ) (2048 -1120 160 ) 
3 30 50 (2048 -1160 154 ) (2048 -1120 160 ) (2048 -1120 154 ) 
5 30 37 (2120 -1159.991943 154 ) (2120 -1120 159.998718 ) (2120 -1119.991943 160 ) (2048 -1119.992065 160 ) (2048 -1159.992065 154 ) 
3 31 35 (2120 -1024 342.400024 ) (2120 -1024 328 ) (2120 -1120 328 ) 
4 31 32 (2120 -1120 328 ) (2120 -1024 328 ) (2393.599854 -1024 328 ) (2400 -1120 328 ) 
4 32 37 (2120 -1120.028687 160 ) (2120 -1160.028687 154 ) (2120 -1896 154 ) (2120 -1896 160 ) 
5 32 36 (2120 -1024 328 ) (2120 -1024 174.404297 ) (2120 -1120.028687 160 ) (2120 -1896 160 ) (2120 -1896 328 ) 
4 32 33 (2120 -1896 328 ) (2120 -1896 154 ) (2400 -1896 154 ) (2400 -1896 328 ) 
5 33 85 (3072 -2048 154 ) (3072 -2048 218.852768 ) (2560 -2048 328 ) (2120 -2048 328 ) (2120 -2048 154 ) 
4 33 38 (2120 -2048 154 ) (2120 -2048 160 ) (2120 -1896 160 ) (2120 -1896 154 ) 
4 33 36 (2120 -2048 160 ) (2120 -2048 328 ) (2120 -1896 328 ) (2120 -1896 160 ) 
4 33 34 (2560 -1896 154 ) (3072 -1896 154 ) (3072 -2048 154 ) (2560 -2048 154 ) 
3 34 86 (3072 -2048 45.844955 ) (3072 -2048 154 ) (2560 -2048 154 ) 
3 35 51 (2048 -1024 342.400024 ) (2048 -1024 328 ) (2048 -1120 328 ) 
4 35 36 (2048 -1120 328 ) (2048 -1024 328 ) (2120 -1024 328 ) (2120 -1120 328 ) 
4 36 87 (2048 -2048 328 ) (2048 -2048 160 ) (2120 -2048 160 ) (2120 -2048 328 ) 
5 36 52 (2048 -2048 160 ) (2048 -2048 328 ) (2048 -1024 328 ) (2048 -1024 174.399963 ) (2048 -1120 160 ) 
4 36 38 (2120 -1896 160 ) (2120 -2048 160 ) (2048 -2048 160 ) (2048 -1896 160 ) 
4 36 37 (2048 -1119.996094 160 ) (2120 -1119.996094 160 ) (2120 -1896 160 ) (2048 -1896 160 ) 
4 37 53 (2048 -1896 160 ) (2048 -1120 160 ) (2048 -1160 154 ) (2048 -1896 154 ) 
4 37 38 (2048 -1896 154 ) (2120 -1896 154 ) (2120 -1896 160 ) (2048 -1896 160 ) 
4 38 88 (2048 -2048 160 ) (2048 -2048 154 ) (2120 -2048 154 ) (2120 -2048 160 ) 
4 38 54 (2048 -2048 154 ) (2048 -2048 160 ) (2048 -1896 160 ) (2048 -1896 154 ) 
4 39 6 (1736 -584 232 ) (1808 -584 232 ) (1808 -640 232 ) (1736 -640 232 ) 
4 39 6 (1808 -584 232 ) (2048 -584 232 ) (2048 -640 232 ) (1808 -640 232 ) 
4 39 40 (1744 -640 232 ) (2048 -640 232 ) (2048 -640 400 ) (1744 -640 400 ) 
4 40 60 (1782.400024 -1024 328 ) (1782.400024 -1024 232 ) (1792 -1024 232 ) (1792 -1024 328 ) 
4 40 59 (1792 -1024 232 ) (1856 -1024 232 ) (1856 -1024 328 ) (1792 -1024 328 ) 
4 40 58 (1856 -1024 342.400024 ) (1782.400024 -1024 342.400024 ) (1782.400024 -1024 328 ) (1856 -1024 328 ) 
4 40 51 (2048 -1024 328 ) (2048 -1024 342.400024 ) (1856 -1024 342.400024 ) (1856 -1024 328 ) 
4 40 52 (2048 -1024 232 ) (2048 -1024 328 ) (1856 -1024 328 ) (1856 -1024 232 ) 
4 40 44 (2048 -1024 232 ) (1782.400024 -1024 232 ) (1744 -640 232 ) (2048 -640 232 ) 
4 41 55 (1856 -1024 174.399963 ) (1846.400024 -1024 174.399963 ) (1846.400024 -1024 168.400024 ) (1856 -1024 168.400024 ) 
4 41 48 (2048 -1024 168.399963 ) (2048 -1024 174.399963 ) (1856 -1024 174.399963 ) (1856 -1024 168.400024 ) 
4 41 44 (2048 -639.998108 232 ) (1808 -639.998108 232 ) (1846.400024 -1024 174.399719 ) (2048 -1024 174.399719 ) 
4 41 42 (1808 -640.003906 232 ) (1808 -640.003906 226 ) (1846.399658 -1024 168.400024 ) (1846.399658 -1024 174.400604 ) 
4 42 56 (1846.400024 -1024 168.399963 ) (1846.400024 -1024 174.399963 ) (1808 -1024 174.399963 ) (1808 -1024 168.400024 ) 
3 42 44 (1808 -639.998108 232 ) (1808 -1024 174.399719 ) (1846.400024 -1024 174.399719 ) 
5 42 43 (1808 -1024 168.400024 ) (1808 -1024 174.404297 ) (1808 -640.027344 232 ) (1808 -640 232 ) (1808 -640 226 ) 
4 43 57 (1792 -1024 174.399963 ) (1782.400024 -1024 174.399963 ) (1782.400146 -1024 168.400009 ) (1792 -1024 168.400009 ) 
4 43 56 (1808 -1024 168.400009 ) (1808 -1024 174.399963 ) (1792 -1024 174.399963 ) (1792 -1024 168.400009 ) 
4 43 44 (1808 -639.998108 232 ) (1744 -639.998108 232 ) (1782.400146 -1024 174.399719 ) (1808 -1024 174.399719 ) 
4 44 60 (1792 -1024 232 ) (1782.400024 -1024 232 ) (1782.400024 -1024 174.399979 ) (1792 -1024 174.399979 ) 
4 44 59 (1856 -1024 232 ) (1792 -1024 232 ) (1792 -1024 174.399979 ) (1856 -1024 174.399979 ) 
4 44 52 (2048 -1024 174.399963 ) (2048 -1024 232 ) (1856 -1024 232 ) (1856 -1024 174.399979 ) 
4 45 78 (0 -447.048462 824 ) (0 -1024 824 ) (0 -1024 1016 ) (0 -447.048462 1016 ) 
4 45 66 (259.857117 -1024 1016 ) (0 -1024 1016 ) (0 -1024 824 ) (259.857117 -1024 824 ) 
3 45 46 (259.857117 -1024 824 ) (0 -1024 824 ) (0 -447.048462 824 ) 
4 46 78 (0 -447.048462 232 ) (0 -1024 232 ) (0 -1024 824 ) (0 -447.048462 824 ) 
4 46 66 (259.857056 -1024 824 ) (0 -1024 824 ) (0 -1024 232 ) (259.857117 -1024 232 ) 
3 46 47 (259.857056 -1024 232 ) (0 -1024 232 ) (0 -447.048462 232 ) 
4 47 78 (0 -1024 -16 ) (0 -1024 232 ) (0 -447.048462 232 ) (0 -447.048462 48.105728 ) 
4 47 66 (259.857056 -1024 232 ) (0 -1024 232 ) (0 -1024 -16 ) (259.857117 -1024 -16 ) 
4 48 55 (1856 -1120 160 ) (1856 -1024 174.399963 ) (1856 -1024 168.400009 ) (1856 -1080 160 ) 
4 48 52 (2048 -1024 174.400391 ) (1856 -1024 174.400391 ) (1856 -1120.002563 160 ) (2048 -1120.002686 160 ) 
4 48 49 (2048 -1120 160 ) (1856 -1120 160 ) (1856 -1080 160 ) (2048 -1080 160 ) 
3 49 55 (1856 -1120 160 ) (1856 -1080 160 ) (1856 -1120 154 ) 
4 49 50 (1856 -1120 154 ) (2048 -1120 154 ) (2048 -1120 160 ) (1856 -1120 160 ) 
3 50 56 (1856 -1160 154 ) (1856 -1120 160 ) (1856 -1120 154 ) 
4 50 53 (1856 -1120.002563 160 ) (1856 -1160.002563 154 ) (2048 -1160.002686 154 ) (2048 -1120.002686 160 ) 
3 51 58 (1856 -1024 342.400024 ) (1856 -1024 328 ) (1856 -1120 328 ) 
4 51 52 (1856 -1120 328 ) (1856 -1024 328 ) (2048 -1024 328 ) (2048 -1120 328 ) 
4 52 100 (2048 -2048 160 ) (2048 -2048 328 ) (1856 -2048 328 ) (1856 -2048 160 ) 
4 52 63 (1856 -2048 160 ) (1856 -2048 328 ) (1856 -1872 328 ) (1856 -1872 160 ) 
4 52 61 (1856 -1872 328 ) (1856 -1648 328 ) (1856 -1648 160 ) (1856 -1872 160 ) 
5 52 59 (1856 -1648 328 ) (1856 -1024 328 ) (1856 -1024 174.399963 ) (1856 -1120 160 ) (1856 -1648 160 ) 
4 52 54 (1856 -2048 160 ) (1856 -1896 160 ) (2048 -1896 160 ) (2048 -2048 160 ) 
4 52 53 (1856 -1896 160 ) (1856 -1120 160 ) (2048 -1120 160 ) (2048 -1896 160 ) 
4 53 63 (1856 -1896 160 ) (1856 -1872 160 ) (1856 -1872 154 ) (1856 -1896 154 ) 
4 53 61 (1856 -1872 160 ) (1856 -1648 160 ) (1856 -1648 154 ) (1856 -1872 154 ) 
4 53 59 (1856 -1648 160 ) (1856 -1120 160 ) (1856 -1160 154 ) (1856 -1648 154 ) 
4 53 54 (1856 -1896 154 ) (2048 -1896 154 ) (2048 -1896 160 ) (1856 -1896 160 ) 
4 54 101 (2048 -2048 154 ) (2048 -2048 160 ) (1856 -2048 160 ) (1856 -2048 154 ) 
4 54 63 (1856 -2048 154 ) (1856 -2048 160 ) (1856 -1896 160 ) (1856 -1896 154 ) 
3 55 59 (1856 -1120 160 ) (1856 -1024 174.399414 ) (1846.400024 -1024 174.399429 ) 
4 55 56 (1856 -1120.003906 154 ) (1856 -1120.003906 160.002930 ) (1846.399658 -1024 174.403519 ) (1846.399658 -1024 168.399994 ) 
5 56 59 (1792 -1159.996704 154 ) (1856 -1159.996216 154 ) (1856 -1120 160 ) (1846.400024 -1024 174.399429 ) (1792 -1024 174.399490 ) 
4 56 57 (1792 -1024 168.399445 ) (1792 -1119.996094 154 ) (1792 -1120 160 ) (1792 -1024 174.400146 ) 
3 57 60 (1792 -1120 160 ) (1792 -1024 174.399490 ) (1782.400024 -1024 174.399506 ) 
3 58 60 (1782.400024 -1024 328 ) (1792 -1024 328 ) (1792 -1120 328 ) 
4 58 59 (1792 -1024 328 ) (1856 -1024 328 ) (1856 -1120 328 ) (1792 -1120 328 ) 
4 59 61 (1792 -1648 154 ) (1856 -1648 154 ) (1856 -1648 328 ) (1792 -1648 328 ) 
4 59 60 (1792 -1120 328 ) (1792 -1024 328 ) (1792 -1024 174.400513 ) (1792 -1120 160 ) 
4 61 63 (1792 -1872 154 ) (1856 -1872 154 ) (1856 -1872 328 ) (1792 -1872 328 ) 
4 61 62 (1784 -1648 328 ) (1784 -1648 154 ) (1784 -1872 154 ) (1784 -1872 328 ) 
4 62 65 (1776 -1648 154 ) (1776 -1872 154 ) (1776 -1872 258.285706 ) (1776 -1648 258.285706 ) 
4 62 64 (1776 -1872 258.285706 ) (1776 -1872 328 ) (1776 -1648 328 ) (1776 -1648 258.285706 ) 
4 63 103 (1856 -2048 154 ) (1856 -2048 328 ) (1792 -2048 328 ) (1792 -2048 154 ) 
4 64 71 (1024 -1640 118.244904 ) (1024 -1880 118.244904 ) (1024 -1880 182 ) (1024 -1640 182 ) 
4 64 69 (1024 -1880 182 ) (1024 -1880 292.244904 ) (1024 -1640 292.244904 ) (1024 -1640 182 ) 
4 64 65 (1776 -1640 258.286133 ) (1776 -1880 258.286133 ) (1215.998169 -1880 154 ) (1215.998169 -1640 154 ) 
5 66 79 (0 -1624 -56 ) (0 -1624 1016 ) (0 -1024 1016 ) (0 -1024 -16 ) (0 -1384 -56 ) 
4 66 75 (396 -1624 8 ) (0 -1624 8 ) (0 -1624 -56 ) (396 -1624 -56 ) 
4 66 70 (396 -1624 182 ) (0 -1624 182 ) (0 -1624 8 ) (396 -1624 8 ) 
4 66 67 (396 -1624 1016 ) (0 -1624 1016 ) (0 -1624 182 ) (396 -1624 182 ) 
4 67 79 (0 -1640 1016 ) (0 -1624 1016 ) (0 -1624 182 ) (0 -1640 182 ) 
4 67 70 (0 -1640 182 ) (0 -1624 182 ) (396 -1624 182 ) (396 -1640 182 ) 
4 67 68 (0 -1640 182 ) (396 -1640 182 ) (396 -1640 1016 ) (0 -1640 1016 ) 
4 68 79 (0 -1896 182 ) (0 -1896 1016 ) (0 -1640 1016 ) (0 -1640 182 ) 
4 68 76 (390 -1896 1016 ) (0 -1896 1016 ) (0 -1896 182 ) (390 -1896 182 ) 
4 68 74 (396 -1896 182 ) (0 -1896 182 ) (0 -1880 182 ) (396 -1880 182 ) 
4 68 73 (0 -1880 182 ) (0 -1640 182 ) (396 -1640 182 ) (396 -1880 182 ) 
4 69 71 (432 -1880 182 ) (432 -1640 182 ) (1024 -1640 182 ) (1024 -1880 182 ) 
4 70 79 (0 -1640 182 ) (0 -1624 182 ) (0 -1624 8 ) (0 -1640 8 ) 
4 70 75 (0 -1640 8 ) (0 -1624 8 ) (396 -1624 8 ) (396 -1640 8 ) 
4 70 73 (0 -1640 8 ) (396 -1640 8 ) (396 -1640 182 ) (0 -1640 182 ) 
4 71 72 (432 -1640 182 ) (432 -1640 8 ) (432 -1880 8 ) (432 -1880 182 ) 
4 72 73 (420 -1640 182 ) (420 -1640 8 ) (420 -1880 8 ) (420 -1880 182 ) 
4 73 79 (0 -1880 182 ) (0 -1640 182 ) (0 -1640 8 ) (0 -1880 8 ) 
4 73 75 (0 -1880 8 ) (0 -1640 8 ) (396 -1640 8 ) (396 -1880 8 ) 
4 73 74 (0 -1880 8 ) (396 -1880 8 ) (396 -1880 182 ) (0 -1880 182 ) 
4 74 79 (0 -1896 8 ) (0 -1896 182 ) (0 -1880 182 ) (0 -1880 8 ) 
4 74 76 (0 -1896 182 ) (0 -1896 8 ) (390 -1896 8 ) (390 -1896 182 ) 
4 74 75 (396 -1896 8 ) (0 -1896 8 ) (0 -1880 8 ) (396 -1880 8 ) 
4 75 79 (0 -1896 -56 ) (0 -1896 8 ) (0 -1624 8 ) (0 -1624 -56 ) 
4 75 76 (0 -1896 8 ) (0 -1896 -56 ) (390 -1896 -56 ) (390 -1896 8 ) 
4 76 107 (0 -2048 -42.817871 ) (0 -2048 -56 ) (390 -2048 -56 ) (390 -2048 -42.817909 ) 
4 76 106 (390 -2048 1016 ) (0 -2048 1016 ) (0 -2048 -42.817871 ) (390 -2048 -42.817909 ) 
4 76 79 (0 -2048 -56 ) (0 -2048 1016 ) (0 -1896 1016 ) (0 -1896 -56 ) 
4 77 78 (-32 -376 1016 ) (-566 -376 1016 ) (-566 -376 56 ) (-32 -376 56 ) 
4 78 80 (-199 -1024 1016 ) (-330.071442 -1024 1016 ) (-330.071411 -1024 -16 ) (-199 -1024 -16 ) 
4 78 79 (0 -1024 -16 ) (0 -1024 1016 ) (-199 -1024 1016 ) (-199 -1024 -16 ) 
4 79 148 (0 -2048 -56 ) (0 -2048 -42.817909 ) (-199 -2048 -42.817871 ) (-199 -2048 -56 ) 
4 79 147 (0 -2048 -42.817909 ) (0 -2048 1016 ) (-199 -2048 1016 ) (-199 -2048 -42.817871 ) 
4 79 80 (-199 -1384 1016 ) (-199 -1024 1016 ) (-199 -1024 -16 ) (-199 -1384 -56 ) 
4 81 86 (3072 -2048 154 ) (3072 -2048 45.844986 ) (3072 -2176 45.845032 ) (3072 -2176 154 ) 
4 81 85 (3072 -2048 218.852783 ) (3072 -2048 154 ) (3072 -2176 154 ) (3072 -2176 218.852905 ) 
4 81 83 (3072 -2176 218.852783 ) (3072 -2176 51.844955 ) (3592 -2176 -58 ) (3592 -2176 108 ) 
4 81 82 (3072 -2176 51.844955 ) (3072 -2176 45.844986 ) (3592 -2176 -64 ) (3592 -2176 -58 ) 
4 82 92 (3072 -2368 45.844971 ) (3072 -2368 51.844971 ) (3072 -2176 51.844910 ) (3072 -2176 45.844940 ) 
4 82 84 (3592 -2368 -64 ) (3592 -2368 -58 ) (3072 -2368 51.844910 ) (3072 -2368 45.844940 ) 
4 82 83 (3592 -2176 -58 ) (3072 -2176 51.845169 ) (3072 -2368 51.845215 ) (3592 -2368 -58 ) 
4 83 94 (3072 -2368 51.844971 ) (3072 -2368 160 ) (3072 -2176 160 ) (3072 -2176 51.844910 ) 
4 83 89 (3072 -2368 160 ) (3072 -2368 218.852768 ) (3072 -2176 218.852783 ) (3072 -2176 160 ) 
4 83 84 (3072 -2368 218.852783 ) (3072 -2368 51.844910 ) (3592 -2368 -58 ) (3592 -2368 108 ) 
4 84 96 (3072 -2368 154 ) (3072 -2368 45.844910 ) (3072 -2504 45.844933 ) (3072 -2504 154 ) 
4 84 95 (3072 -2504 218.852783 ) (3072 -2368 218.852783 ) (3072 -2368 154 ) (3072 -2504 154 ) 
4 85 91 (2560 -2176 160 ) (2120 -2176 160 ) (2120 -2176 154 ) (2560 -2176 154 ) 
3 85 90 (2560 -2176 160 ) (2560 -2176 154 ) (2588.403809 -2176 154 ) 
4 85 94 (3072 -2176 154 ) (3072 -2176 160 ) (2560 -2176 160 ) (2588.403809 -2176 154 ) 
5 85 89 (3072 -2176 160 ) (3072 -2176 218.852768 ) (2560 -2176 328 ) (2120 -2176 328 ) (2120 -2176 160 ) 
4 85 88 (2120 -2176 154 ) (2120 -2176 160 ) (2120 -2048 160 ) (2120 -2048 154 ) 
4 85 87 (2120 -2176 160 ) (2120 -2176 328 ) (2120 -2048 328 ) (2120 -2048 160 ) 
4 85 86 (3072 -2176 154 ) (2560 -2176 154 ) (2560 -2048 154 ) (3072 -2048 154 ) 
4 86 92 (3072 -2176 45.844971 ) (3072 -2176 51.845001 ) (2588.404053 -2176 154 ) (2560 -2176 154 ) 
3 86 94 (3072 -2176 51.845001 ) (3072 -2176 154 ) (2588.404053 -2176 154 ) 
4 87 100 (2048 -2048 328 ) (2048 -2048 160 ) (2048 -2176 160 ) (2048 -2176 328 ) 
4 87 89 (2048 -2176 328 ) (2048 -2176 160 ) (2120 -2176 160 ) (2120 -2176 328 ) 
4 87 88 (2120 -2048 160 ) (2120 -2176 160 ) (2048 -2176 160 ) (2048 -2048 160 ) 
4 88 101 (2048 -2048 160 ) (2048 -2048 154 ) (2048 -2176 154 ) (2048 -2176 160 ) 
4 88 93 (2048 -2176 160 ) (2048 -2176 154 ) (2120 -2176 154 ) (2120 -2176 160 ) 
4 89 100 (2048 -2368 160 ) (2048 -2368 328 ) (2048 -2176 328 ) (2048 -2176 160 ) 
5 89 95 (3072 -2368 160 ) (3072 -2368 218.852783 ) (2560 -2368 328 ) (2048 -2368 328 ) (2048 -2368 160 ) 
4 89 93 (2120 -2368 160 ) (2048 -2368 160 ) (2048 -2176 160 ) (2120 -2176 160 ) 
4 89 91 (2560 -2368 160 ) (2120 -2368 160 ) (2120 -2176 160 ) (2560 -2176 160 ) 
4 89 94 (3072 -2368 160 ) (2560 -2368 160 ) (2560 -2176 160 ) (3072 -2176 160 ) 
3 90 95 (2588.403809 -2368 154 ) (2560 -2368 160 ) (2560 -2368 154 ) 
4 90 92 (2560 -2176 154 ) (2588.403076 -2176 154 ) (2588.403076 -2368 154 ) (2560 -2368 154 ) 
4 90 94 (2588.403809 -2176 154 ) (2560 -2176 160 ) (2560 -2368 160 ) (2588.403564 -2368 154 ) 
4 90 91 (2560 -2176 154 ) (2560 -2368 154 ) (2560 -2368 160 ) (2560 -2176 160 ) 
4 91 95 (2560 -2368 160 ) (2120 -2368 160 ) (2120 -2368 154 ) (2560 -2368 154 ) 
4 91 93 (2120 -2368 154 ) (2120 -2368 160 ) (2120 -2176 160 ) (2120 -2176 154 ) 
4 92 96 (3072 -2368 45.844971 ) (3072 -2368 51.844971 ) (2588.403809 -2368 154 ) (2560 -2368 154 ) 
4 92 94 (3072 -2176 51.844971 ) (2588.403809 -2176 154 ) (2588.403564 -2368 154 ) (3072 -2368 51.844963 ) 
4 93 101 (2048 -2368 154 ) (2048 -2368 160 ) (2048 -2176 160 ) (2048 -2176 154 ) 
4 93 95 (2120 -2368 154 ) (2120 -2368 160 ) (2048 -2368 160 ) (2048 -2368 154 ) 
3 94 96 (3072 -2368 51.844971 ) (3072 -2368 154 ) (2588.403809 -2368 154 ) 
4 94 95 (3072 -2368 154 ) (3072 -2368 160 ) (2560 -2368 160 ) (2588.403809 -2368 154 ) 
4 95 102 (2048 -2504 328 ) (2048 -2368 328 ) (2048 -2368 154 ) (2048 -2504 154 ) 
4 95 96 (2560 -2368 154 ) (3072 -2368 154 ) (3072 -2504 154 ) (2560 -2504 154 ) 
4 97 98 (2768 -4320 51 ) (2768 -4320 -123 ) (2768 -4568 -123 ) (2768 -4568 51 ) 
4 98 152 (2048 -4568 -123 ) (2048 -4568 51 ) (2048 -4320 51 ) (2048 -4320 -123 ) 
4 98 99 (2576 -4568 -123 ) (2256 -4568 -123 ) (2256 -4320 -123 ) (2576 -4320 -123 ) 
4 100 103 (1856 -2368 160 ) (1856 -2368 328 ) (1856 -2048 328 ) (1856 -2048 160 ) 
4 100 102 (1856 -2368 328 ) (1856 -2368 160 ) (2048 -2368 160 ) (2048 -2368 328 ) 
4 100 101 (2048 -2368 160 ) (1856 -2368 160 ) (1856 -2048 160 ) (2048 -2048 160 ) 
4 101 103 (1856 -2368 154 ) (1856 -2368 160 ) (1856 -2048 160 ) (1856 -2048 154 ) 
4 101 102 (1856 -2368 160 ) (1856 -2368 154 ) (2048 -2368 154 ) (2048 -2368 160 ) 
4 102 103 (1856 -2504 328 ) (1856 -2368 328 ) (1856 -2368 154 ) (1856 -2504 154 ) 
4 104 126 (1656 -3072 99 ) (1584 -3072 99 ) (1584 -3072 51 ) (1656 -3072 51 ) 
4 104 127 (1584 -3072 51 ) (1584 -3072 -72 ) (1656 -3072 -72 ) (1656 -3072 51 ) 
4 104 111 (1761 -3072 99 ) (1656 -3072 99 ) (1656 -3072 -72 ) (1761 -3072 -72 ) 
4 104 108 (1824 -3072 51 ) (1824 -3072 99 ) (1761 -3072 99 ) (1761 -3072 51 ) 
4 104 109 (1824 -3072 -72 ) (1824 -3072 51 ) (1761 -3072 51 ) (1761 -3072 -72 ) 
4 105 132 (641.582031 -3072 -116.179138 ) (641.582031 -3072 909.014893 ) (390 -3072 909.014893 ) (390 -3072 -116.179199 ) 
4 105 106 (390 -3072 -116.179138 ) (390 -3072 909.014160 ) (390 -2232 1016 ) (390 -2232 -56 ) 
5 106 147 (0 -2048 1016 ) (0 -2048 -42.817871 ) (0 -3072 -116.179138 ) (0 -3072 909.014893 ) (0 -2232 1016 ) 
4 106 132 (390 -3072 -116.179138 ) (390 -3072 909.014893 ) (0 -3072 909.014893 ) (0 -3072 -116.179199 ) 
4 106 107 (390 -2048 -42.817627 ) (390 -2232.003906 -56 ) (0 -2232.003906 -56 ) (0 -2048 -42.817627 ) 
3 107 148 (0 -2048 -42.817871 ) (0 -2048 -56 ) (0 -2232 -56 ) 
4 108 112 (1761 -3160 51 ) (1761 -4072 51 ) (1761 -3800 99 ) (1761 -3160 99 ) 
4 108 111 (1761 -3072 99 ) (1761 -3072 51 ) (1761 -3160 51 ) (1761 -3160 99 ) 
4 108 109 (1761 -4072 51 ) (1761 -3072 51 ) (1824 -3072 51 ) (1824 -4072 51 ) 
4 109 155 (1824 -4096 -72 ) (1824 -4096 51 ) (1761 -4096 51 ) (1761 -4096 -72 ) 
4 109 119 (1761 -3800 -72 ) (1761 -3800 -64 ) (1761 -3784 -64 ) (1761 -3784 -69.176483 ) 
3 109 118 (1761 -3784 -64 ) (1761 -3754.666504 -64 ) (1761 -3784 -69.176483 ) 
3 109 120 (1761 -3800 -72 ) (1761 -3845.333496 -72 ) (1761 -3800 -64 ) 
4 109 117 (1761 -3845.333496 -72 ) (1761 -4096 -72 ) (1761 -4096 -64 ) (1761 -3800 -64 ) 
3 109 115 (1761 -3784 -72 ) (1761 -3800 -72 ) (1761 -3784 -69.176483 ) 
5 109 114 (1761 -3160 -72 ) (1761 -3784 -72 ) (1761 -3784 -69.176483 ) (1761 -3754.666504 -64 ) (1761 -3160 -64 ) 
4 109 113 (1761 -4096 -64 ) (1761 -4096 51 ) (1761 -3160 51 ) (1761 -3160 -64 ) 
4 109 111 (1761 -3072 51 ) (1761 -3072 -72 ) (1761 -3160 -72 ) (1761 -3160 51 ) 
4 109 110 (1761 -4096 -72 ) (1761 -3784 -72 ) (1824 -3784 -72 ) (1824 -4096 -72 ) 
4 110 155 (1824 -4096 -123 ) (1824 -4096 -72 ) (1761 -4096 -72 ) (1761 -4096 -123 ) 
4 110 125 (1761 -4072 -123 ) (1761 -4096 -123 ) (1761 -4096 -120 ) (1761 -4055.058838 -120 ) 
4 110 124 (1761 -4096 -120 ) (1761 -4096 -112 ) (1761 -4072 -112 ) (1761 -4072 -120 ) 
3 110 123 (1761 -4072 -112 ) (1761 -4026.666748 -112 ) (1761 -4072 -120 ) 
4 110 122 (1761 -4026.666748 -112 ) (1761 -4009.882324 -112 ) (1761 -4055.058838 -120 ) (1761 -4072 -120 ) 
4 110 121 (1761 -3845.333252 -72 ) (1761 -3800 -72 ) (1761 -4026.666748 -112 ) (1761 -4072 -112 ) 
4 110 117 (1761 -4096 -112 ) (1761 -4096 -72 ) (1761 -3845.333252 -72 ) (1761 -4072 -112 ) 
4 110 116 (1761 -3800 -72 ) (1761 -3784 -72 ) (1761 -4009.882324 -112 ) (1761 -4026.666748 -112 ) 
4 111 126 (1656 -3160 51 ) (1656 -3160 99 ) (1656 -3072 99 ) (1656 -3072 51 ) 
4 111 127 (1656 -3160 -72 ) (1656 -3160 51 ) (1656 -3072 51 ) (1656 -3072 -72 ) 
4 111 114 (1656 -3160 -64 ) (1656 -3160 -72 ) (1761 -3160 -72 ) (1761 -3160 -64 ) 
4 111 112 (1656 -3160 99 ) (1656 -3160 51 ) (1761 -3160 51 ) (1761 -3160 99 ) 
4 111 113 (1656 -3160 51 ) (1656 -3160 -64 ) (1761 -3160 -64 ) (1761 -3160 51 ) 
4 112 126 (1656 -3800 99 ) (1656 -3160 99 ) (1656 -3160 51 ) (1656 -4072 51 ) 
4 112 113 (1656 -4072 51 ) (1656 -3160 51 ) (1761 -3160 51 ) (1761 -4072 51 ) 
4 113 156 (1761 -4096 -64 ) (1761 -4096 51 ) (1656 -4096 51 ) (1656 -4096 -64 ) 
4 113 127 (1656 -4096 -64 ) (1656 -4096 51 ) (1656 -3160 51 ) (1656 -3160 -64 ) 
4 113 119 (1656 -3800 -64 ) (1656 -3784 -64 ) (1761 -3784 -64 ) (1761 -3800 -64 ) 
4 113 118 (1656 -3784 -64 ) (1656 -3754.666504 -64 ) (1761 -3754.666504 -64 ) (1761 -3784 -64 ) 
4 113 117 (1656 -4096 -64 ) (1656 -3800 -64 ) (1761 -3800 -64 ) (1761 -4096 -64 ) 
4 113 114 (1656 -3754.666504 -64 ) (1656 -3160 -64 ) (1761 -3160 -64 ) (1761 -3754.666504 -64 ) 
5 114 127 (1656 -3754.666504 -64 ) (1656 -3160 -64 ) (1656 -3160 -72 ) (1656 -3784 -72 ) (1656 -3784 -69.176506 ) 
4 114 118 (1761 -3754.666016 -64 ) (1656 -3754.666016 -64 ) (1656 -3784 -69.176598 ) (1761 -3784 -69.176598 ) 
4 114 115 (1656 -3784 -72 ) (1761 -3784 -72 ) (1761 -3784 -69.179962 ) (1656 -3784 -69.179970 ) 
3 115 127 (1656 -3784 -72 ) (1656 -3800 -72 ) (1656 -3784 -69.176506 ) 
4 115 119 (1656 -3784 -69.176598 ) (1656 -3800 -72 ) (1761 -3800 -72 ) (1761 -3784 -69.176598 ) 
4 115 116 (1761 -3799.996094 -72 ) (1656 -3799.996094 -72 ) (1656 -3784 -72 ) (1761 -3784 -72 ) 
4 116 128 (1656 -4009.882568 -112 ) (1656 -4026.666504 -112 ) (1656 -3800 -72 ) (1656 -3784 -72 ) 
4 116 122 (1656 -4026.666504 -112 ) (1656 -4009.882568 -112 ) (1761 -4009.882568 -112 ) (1761 -4026.666504 -112 ) 
4 116 121 (1656 -3800 -72 ) (1656 -4026.666016 -112 ) (1761 -4026.666016 -112 ) (1761 -3800 -72 ) 
4 117 156 (1761 -4096 -112 ) (1761 -4096 -64 ) (1656 -4096 -64 ) (1656 -4096 -112 ) 
4 117 128 (1656 -4096 -112 ) (1656 -4096 -72 ) (1656 -3845.333252 -72 ) (1656 -4072 -112 ) 
4 117 127 (1656 -4096 -72 ) (1656 -4096 -64 ) (1656 -3800 -64 ) (1656 -3845.333252 -72 ) 
4 117 124 (1656 -4096 -112 ) (1656 -4072 -112 ) (1761 -4072 -112 ) (1761 -4096 -112 ) 
4 117 120 (1656 -3845.333252 -72 ) (1656 -3800 -64 ) (1761 -3800 -64 ) (1761 -3845.333252 -72 ) 
4 117 121 (1761 -4072 -112 ) (1656 -4072 -112 ) (1656 -3845.333252 -72 ) (1761 -3845.333252 -72 ) 
3 118 127 (1656 -3784 -64 ) (1656 -3754.666504 -64 ) (1656 -3784 -69.176506 ) 
4 118 119 (1656 -3784 -69.176521 ) (1761 -3784 -69.176521 ) (1761 -3784 -64 ) (1656 -3784 -64 ) 
4 119 127 (1656 -3800 -64 ) (1656 -3784 -64 ) (1656 -3784 -69.176506 ) (1656 -3800 -72 ) 
4 119 120 (1656 -3800 -72 ) (1761 -3800 -72 ) (1761 -3800 -64.001884 ) (1656 -3800 -64.001884 ) 
3 120 127 (1656 -3800 -64 ) (1656 -3800 -72 ) (1656 -3845.333252 -72 ) 
4 120 121 (1761 -3845.333984 -72 ) (1656 -3845.333984 -72 ) (1656 -3799.998047 -72 ) (1761 -3799.998047 -72 ) 
4 121 128 (1656 -3800 -72 ) (1656 -4026.666504 -112 ) (1656 -4072 -112 ) (1656 -3845.333252 -72 ) 
4 121 123 (1656 -4072 -112 ) (1656 -4026.666504 -112 ) (1761 -4026.666504 -112 ) (1761 -4072 -112 ) 
4 122 128 (1656 -4026.666504 -112 ) (1656 -4009.882568 -112 ) (1656 -4055.058838 -120 ) (1656 -4072 -120 ) 
4 122 125 (1656 -4072 -120 ) (1656 -4055.058838 -120 ) (1761 -4055.058838 -120 ) (1761 -4072 -120 ) 
4 122 123 (1761 -4026.666016 -112 ) (1656 -4026.666016 -112 ) (1656 -4072 -120 ) (1761 -4072 -120 ) 
3 123 128 (1656 -4072 -112 ) (1656 -4026.666504 -112 ) (1656 -4072 -120 ) 
4 123 124 (1656 -4072 -119.996094 ) (1761 -4072 -119.996094 ) (1761 -4072 -112 ) (1656 -4072 -112 ) 
4 124 157 (1761 -4096 -120 ) (1761 -4096 -112 ) (1656 -4096 -112 ) (1656 -4096 -120 ) 
4 124 128 (1656 -4096 -120 ) (1656 -4096 -112 ) (1656 -4072 -112 ) (1656 -4072 -120 ) 
4 124 125 (1656 -4096 -120 ) (1656 -4072 -120 ) (1761 -4072 -120 ) (1761 -4096 -120 ) 
4 125 158 (1761 -4096 -123 ) (1761 -4096 -120 ) (1656 -4096 -120 ) (1656 -4096 -123 ) 
4 125 128 (1656 -4096 -123 ) (1656 -4096 -120 ) (1656 -4055.058838 -120 ) (1656 -4072 -123 ) 
4 126 129 (1584 -3544 51 ) (1584 -3784 51 ) (1584 -3784 99 ) (1584 -3544 99 ) 
4 126 127 (1584 -4072 51 ) (1584 -3072 51 ) (1656 -3072 51 ) (1656 -4072 51 ) 
4 127 159 (1656 -4096 -72 ) (1656 -4096 51 ) (1584 -4096 51 ) (1584 -4096 -72 ) 
4 127 129 (1584 -3544 -72 ) (1584 -3784 -72 ) (1584 -3784 51 ) (1584 -3544 51 ) 
4 127 128 (1584 -4096 -72 ) (1584 -3784 -72 ) (1656 -3784 -72 ) (1656 -4096 -72 ) 
4 128 159 (1656 -4096 -123 ) (1656 -4096 -72 ) (1584 -4096 -72 ) (1584 -4096 -123 ) 
4 129 130 (1576 -3544 -72 ) (1576 -3784 -72 ) (1576 -3784 99 ) (1576 -3544 99 ) 
4 130 140 (1024 -3784 -72 ) (1024 -3784 48 ) (1024 -3544 48 ) (1024 -3544 -72 ) 
4 130 138 (1024 -3784 48 ) (1024 -3784 91.404266 ) (1024 -3544 91.404236 ) (1024 -3544 48 ) 
4 130 131 (1080 -3784 -72 ) (1024 -3784 -72 ) (1024 -3544 -72 ) (1080 -3544 -72 ) 
4 131 140 (1024 -3784 -79.595764 ) (1024 -3784 -72 ) (1024 -3544 -72 ) (1024 -3544 -79.595749 ) 
4 132 151 (0 -3237 -128 ) (0 -3237 888 ) (0 -3207.640625 888 ) (0 -3207.640625 -125.896652 ) 
4 132 150 (0 -3207.640625 888 ) (0 -3072 888 ) (0 -3072 -116.179138 ) (0 -3207.640625 -125.896652 ) 
3 132 149 (0 -3237 888 ) (0 -3072 909.014832 ) (0 -3072 888 ) 
4 132 133 (643 -3237 888 ) (0 -3237 888 ) (0 -3237 -128 ) (643 -3237 -128 ) 
4 133 151 (0 -3237 888 ) (0 -3237 -128 ) (0 -3528 -128 ) (0 -3528 888 ) 
4 133 136 (0 -3528 48 ) (0 -3528 -128 ) (599.117798 -3528 -128 ) (599.117798 -3528 48 ) 
4 133 135 (0 -3528 56 ) (0 -3528 48 ) (591 -3528 48 ) (591 -3528 56 ) 
4 133 134 (0 -3528 888 ) (0 -3528 56 ) (599.117798 -3528 56 ) (599.117798 -3528 888 ) 
4 134 151 (0 -3528 888 ) (0 -3528 56 ) (0 -3544 56 ) (0 -3544 888 ) 
4 134 139 (591 -3544 888 ) (0 -3544 888 ) (0 -3544 56 ) (591 -3544 56 ) 
4 134 137 (596.705017 -3544 888 ) (591 -3544 888 ) (591 -3544 56 ) (596.704956 -3544 56 ) 
4 134 135 (0 -3528 56 ) (591 -3528 56 ) (591 -3544 56 ) (0 -3544 56 ) 
4 135 151 (0 -3528 56 ) (0 -3528 48 ) (0 -3544 48 ) (0 -3544 56 ) 
4 135 139 (0 -3544 56 ) (0 -3544 48 ) (591 -3544 48 ) (591 -3544 56 ) 
4 135 136 (591 -3544 48 ) (0 -3544 48 ) (0 -3528 48 ) (591 -3528 48 ) 
4 136 151 (0 -3528 48 ) (0 -3528 -128 ) (0 -3544 -128 ) (0 -3544 48 ) 
4 136 143 (0 -3544 -128 ) (560 -3544 -128 ) (560 -3544 -123 ) (0 -3544 -123 ) 
4 136 142 (596.705017 -3544 -123 ) (596.705017 -3544 48 ) (0 -3544 48 ) (0 -3544 -123 ) 
4 137 139 (591 -3581.841309 888 ) (591 -3544 888 ) (591 -3544 56 ) (591 -3581.841553 56 ) 
4 138 140 (1024 -3784 48 ) (704 -3784 48 ) (704 -3544 48 ) (1024 -3544 48 ) 
4 139 151 (0 -3544 888 ) (0 -3544 48 ) (0 -3784 48 ) (0 -3784 888 ) 
4 139 145 (0 -3784 56 ) (0 -3784 48 ) (560.515808 -3784 48 ) (560.515808 -3784 56 ) 
4 139 144 (0 -3784 888 ) (0 -3784 56 ) (560.515808 -3784 56 ) (560.515808 -3784 888 ) 
5 139 142 (560.515808 -3784 48 ) (0 -3784 48 ) (0 -3544 48 ) (591 -3544 48 ) (591 -3581.841553 48 ) 
4 140 141 (664 -3544 -123 ) (664 -3784 -123 ) (664 -3784 48 ) (664 -3544 48 ) 
4 141 142 (654 -3544 -123 ) (654 -3784 -123 ) (654 -3784 48 ) (654 -3544 48 ) 
4 142 151 (0 -3544 48 ) (0 -3544 -123 ) (0 -3784 -123 ) (0 -3784 48 ) 
4 142 146 (0 -3784 48 ) (0 -3784 -123 ) (560.515747 -3784 -123 ) (560.515747 -3784 48 ) 
4 142 143 (560 -3784 -123 ) (0 -3784 -123 ) (0 -3544 -123 ) (560 -3544 -123 ) 
4 143 151 (0 -3544 -123 ) (0 -3544 -128 ) (0 -3784 -128 ) (0 -3784 -123 ) 
4 143 146 (0 -3784 -123 ) (0 -3784 -128 ) (560 -3784 -128 ) (560 -3784 -123 ) 
4 144 161 (513.468262 -4096 888 ) (0 -4096 888 ) (0 -4096 56 ) (513.468201 -4096 56 ) 
4 144 151 (0 -4096 56 ) (0 -4096 888 ) (0 -3784 888 ) (0 -3784 56 ) 
4 144 145 (0 -3784 56 ) (560.515747 -3784 56 ) (513.468262 -4096 56 ) (0 -4096 56 ) 
4 145 161 (0 -4096 56 ) (0 -4096 48 ) (513.468201 -4096 48 ) (513.468201 -4096 56 ) 
4 145 151 (0 -4096 48 ) (0 -4096 56 ) (0 -3784 56 ) (0 -3784 48 ) 
4 145 146 (0 -3784 48 ) (560.515808 -3784 48 ) (513.468201 -4096 48 ) (0 -4096 48 ) 
4 146 161 (513.468262 -4096 48 ) (0 -4096 48 ) (0 -4096 -128 ) (513.468201 -4096 -128 ) 
4 146 151 (0 -4096 -128 ) (0 -4096 48 ) (0 -3784 48 ) (0 -3784 -128 ) 
4 147 150 (0 -3072 -116.179138 ) (0 -3072 888 ) (-35.179077 -3072 888 ) (-35.179077 -3072 -116.179199 ) 
4 147 149 (0 -3072 888 ) (0 -3072 909.014893 ) (-35.179077 -3072 909.014893 ) (-35.179077 -3072 888 ) 
4 147 148 (-199 -2232.004639 -56 ) (-199 -2048 -42.817871 ) (0 -2048 -42.817871 ) (0 -2232 -56 ) 
3 149 151 (0 -3207.640625 888 ) (0 -3237 888 ) (-3 -3237 888 ) 
4 149 150 (-35.179077 -3072 888 ) (0 -3072 888 ) (0 -3207.640625 888 ) (-3 -3237 888 ) 
4 150 151 (0 -3207.638184 888 ) (-3 -3237 888 ) (-3 -3237 -128 ) (0 -3207.638184 -125.896484 ) 
4 151 162 (0 -4096 -128 ) (0 -4096 888 ) (-90.774818 -4096 888 ) (-90.774796 -4096 -128 ) 
4 152 153 (1848 -4320 51 ) (1848 -4320 -123 ) (1848 -4568 -123 ) (1848 -4568 51 ) 
4 153 154 (1840 -4320 51 ) (1840 -4320 -123 ) (1840 -4568 -123 ) (1840 -4568 51 ) 
4 154 155 (1824 -4568 51 ) (1824 -4320 51 ) (1824 -4320 -123 ) (1824 -4568 -123 ) 
4 155 158 (1761 -4096 -120 ) (1761 -4096 -123 ) (1761 -4736 -123 ) (1761 -4736 -120 ) 
4 155 157 (1761 -4096 -112 ) (1761 -4096 -120 ) (1761 -4736 -120 ) (1761 -4736 -112 ) 
4 155 156 (1761 -4096 51 ) (1761 -4096 -112 ) (1761 -4736 -112 ) (1761 -4736 51 ) 
4 156 159 (1656 -4096 51 ) (1656 -4096 -112 ) (1656 -4736 -112 ) (1656 -4736 51 ) 
4 156 157 (1656 -4736 -112 ) (1656 -4096 -112 ) (1761 -4096 -112 ) (1761 -4736 -112 ) 
4 157 159 (1656 -4736 -112 ) (1656 -4096 -112 ) (1656 -4096 -120 ) (1656 -4736 -120 ) 
4 157 158 (1656 -4736 -120 ) (1656 -4096 -120 ) (1761 -4096 -120 ) (1761 -4736 -120 ) 
4 158 159 (1656 -4736 -123 ) (1656 -4736 -120 ) (1656 -4096 -120 ) (1656 -4096 -123 ) 
4 160 161 (491 -4245.003418 -128 ) (397.659180 -4864 -128 ) (397.659180 -4864 888 ) (491 -4245.002930 888 ) 
4 161 164 (0 -4448 -128 ) (0 -4864 -128 ) (0 -4864 888 ) (0 -4448 888 ) 
4 161 163 (0 -4245 -128 ) (0 -4448 -128 ) (0 -4448 888 ) (0 -4245 888 ) 
4 161 162 (0 -4096 888 ) (0 -4096 -128 ) (0 -4245 -128 ) (0 -4245 888 ) 
4 162 163 (0 -4245 -128 ) (0 -4245 888 ) (-98 -4245 888 ) (-98 -4245 -128 ) 
4 163 164 (0 -4448 888 ) (-98 -4448 888 ) (-98 -4448 -128 ) (0 -4448 -128 ) 
