PRT1
123
321
4 0 56 (584 0 311 ) (0 0 311 ) (0 0 136 ) (584 0 136 ) 
4 0 37 (0 0 136 ) (0 0 311 ) (0 128 311 ) (0 128 136 ) 
4 0 36 (0 128 311 ) (0 206 311 ) (0 206 136 ) (0 128 136 ) 
4 0 23 (0 206 311 ) (0 250 311 ) (0 250 136 ) (0 206 136 ) 
4 0 22 (0 250 311 ) (0 349.044037 311 ) (0 349.044037 136 ) (0 250 136 ) 
4 0 4 (0 349.044037 136 ) (80 349.044037 136 ) (80 128 136 ) (0 128 136 ) 
4 0 3 (80 349.044037 136 ) (120 349.044037 136 ) (120 0 136 ) (80 0 136 ) 
4 0 2 (120 349.044037 136 ) (320 349.044037 136 ) (320 32 136 ) (120 32 136 ) 
4 0 1 (320 349.044037 136 ) (584 349.044037 136 ) (584 0 136 ) (320 0 136 ) 
4 1 57 (320 0 128 ) (584 0 128 ) (584 0 136 ) (320 0 136 ) 
4 1 5 (584 0 128 ) (320 0 128 ) (320 349.044037 128 ) (584 349.044037 128 ) 
4 1 2 (320 32 136 ) (320 349.044037 136 ) (320 349.044037 128 ) (320 32 128 ) 
4 2 7 (120 32 128 ) (120 349.044037 128 ) (312 349.044037 128 ) (312 32 128 ) 
4 2 6 (312 349.044037 128 ) (320 349.044037 128 ) (320 32 128 ) (312 32 128 ) 
4 2 3 (120 32 136 ) (120 349.044037 136 ) (120 349.044037 128 ) (120 32 128 ) 
4 3 58 (80 0 128 ) (120 0 128 ) (120 0 136 ) (80 0 136 ) 
4 3 11 (120 0 128 ) (80 0 128 ) (80 24 128 ) (120 24 128 ) 
4 3 8 (80 24 128 ) (80 349.044037 128 ) (120 349.044037 128 ) (120 24 128 ) 
4 3 4 (80 128 136 ) (80 349.044037 136 ) (80 349.044037 128 ) (80 128 128 ) 
4 4 36 (0 128 136 ) (0 206 136 ) (0 206 128 ) (0 128 128 ) 
4 4 23 (0 206 136 ) (0 250 136 ) (0 250 128 ) (0 206 128 ) 
4 4 22 (0 250 136 ) (0 349.044037 136 ) (0 349.044037 128 ) (0 250 128 ) 
4 4 13 (0 128 128 ) (0 349.044037 128 ) (26 349.044037 128 ) (26 128 128 ) 
4 4 12 (26 349.044037 128 ) (72 349.044037 128 ) (72 128 128 ) (26 128 128 ) 
4 4 9 (72 349.044037 128 ) (80 349.044037 128 ) (80 128 128 ) (72 128 128 ) 
4 5 63 (584 0 128 ) (320 0 128 ) (320 0 -32 ) (584 0 -32 ) 
4 5 21 (584 349.044037 -32 ) (584 0 -32 ) (320 0 -32 ) (320 349.044037 -32 ) 
4 5 6 (320 349.044037 128 ) (320 349.044037 -32 ) (320 32 -32 ) (320 32 128 ) 
4 6 21 (312 32 -32 ) (312 349.044037 -32 ) (320 349.044037 -32 ) (320 32 -32 ) 
4 6 7 (312 349.044037 -32 ) (312 32 -32 ) (312 32 128 ) (312 349.044037 128 ) 
4 7 21 (312 349.044037 -32 ) (312 32 -32 ) (120 32 -32 ) (120 349.044037 -32 ) 
4 7 8 (120 349.044037 128 ) (120 349.044037 -32 ) (120 32 -32 ) (120 32 128 ) 
4 8 21 (120 24 -32 ) (80 24 -32 ) (80 349.044037 -32 ) (120 349.044037 -32 ) 
4 8 11 (80 24 -32 ) (120 24 -32 ) (120 24 128 ) (80 24 128 ) 
4 8 9 (80 349.044037 128 ) (80 349.044037 -32 ) (80 128 -32 ) (80 128 128 ) 
4 9 21 (72 128 -32 ) (72 349.044037 -32 ) (80 349.044037 -32 ) (80 128 -32 ) 
4 9 12 (72 349.044037 -32 ) (72 128 -32 ) (72 128 128 ) (72 349.044037 128 ) 
4 10 64 (312 0 128 ) (128 0 128 ) (128 0 0 ) (312 0 0 ) 
4 11 65 (120 0 128 ) (80 0 128 ) (80 0 -32 ) (120 0 -32 ) 
4 11 21 (120 0 -32 ) (80 0 -32 ) (80 24 -32 ) (120 24 -32 ) 
4 12 21 (72 349.044037 -32 ) (72 128 -32 ) (26 128 -32 ) (26 349.044037 -32 ) 
4 12 16 (26 129 -32 ) (26 128 -32 ) (26 128 86 ) (26 129 86 ) 
4 12 15 (26 128 86 ) (26 128 110 ) (26 129 110 ) (26 129 86 ) 
4 12 14 (26 349.044037 -32 ) (26 129 -32 ) (26 129 110 ) (26 349.044037 110 ) 
4 12 13 (26 128 110 ) (26 128 128 ) (26 349.044037 128 ) (26 349.044037 110 ) 
4 13 39 (0 128 128 ) (0 206 128 ) (0 206 110 ) (0 128 110 ) 
4 13 23 (0 206 128 ) (0 250 128 ) (0 250 110 ) (0 206 110 ) 
4 13 22 (0 250 128 ) (0 349.044037 128 ) (0 349.044037 110 ) (0 250 110 ) 
4 13 15 (26 129 110 ) (26 128 110 ) (0 128 110 ) (0 129 110 ) 
4 13 14 (26 349.044037 110 ) (26 129 110 ) (0 129 110 ) (0 349.044037 110 ) 
4 14 49 (0 206 -32 ) (0 129 -32 ) (0 129 0 ) (0 206 0 ) 
4 14 45 (0 129 0 ) (0 129 38 ) (0 206 38 ) (0 206 0 ) 
4 14 41 (0 129 38 ) (0 129 110 ) (0 206 110 ) (0 206 38 ) 
4 14 32 (0 349.044037 -32 ) (0 206 -32 ) (0 206 0 ) (0 349.044037 0 ) 
4 14 27 (0 206 0 ) (0 206 96 ) (0 250 96 ) (0 250 0 ) 
4 14 26 (0 250 96 ) (0 349.044037 96 ) (0 349.044037 0 ) (0 250 0 ) 
4 14 23 (0 206 96 ) (0 206 110 ) (0 250 110 ) (0 250 96 ) 
4 14 22 (0 250 110 ) (0 349.044037 110 ) (0 349.044037 96 ) (0 250 96 ) 
4 14 21 (0 129 -32 ) (0 349.044037 -32 ) (26 349.044037 -32 ) (26 129 -32 ) 
4 14 16 (0 129 -32 ) (26 129 -32 ) (26 129 86 ) (0 129 86 ) 
4 14 15 (26 129 86 ) (26 129 110 ) (0 129 110 ) (0 129 86 ) 
4 15 42 (0 128 86 ) (0 128 110 ) (0 129 110 ) (0 129 86 ) 
4 15 17 (26 128 86 ) (26 128 110 ) (0 128 110 ) (0 128 86 ) 
4 15 16 (26 128 86 ) (0 128 86 ) (0 129 86 ) (26 129 86 ) 
4 16 49 (0 129 -32 ) (0 128 -32 ) (0 128 0 ) (0 129 0 ) 
4 16 45 (0 128 0 ) (0 128 38 ) (0 129 38 ) (0 129 0 ) 
4 16 44 (0 128 38 ) (0 128 86 ) (0 129 86 ) (0 129 38 ) 
4 16 21 (0 128 -32 ) (0 129 -32 ) (26 129 -32 ) (26 128 -32 ) 
4 16 19 (26 128 38 ) (26 128 86 ) (0 128 86 ) (0 128 38 ) 
4 17 42 (0 127 110 ) (0 128 110 ) (0 128 86 ) (0 127 86 ) 
4 17 19 (0 128 86 ) (26 128 86 ) (26 127 86 ) (0 127 86 ) 
4 17 18 (0 127 86 ) (26 127 86 ) (26 127 110 ) (0 127 110 ) 
4 18 43 (0 120 86 ) (0 120 110 ) (0 127 110 ) (0 127 86 ) 
4 18 20 (26 120 86 ) (26 120 110 ) (0 120 110 ) (0 120 86 ) 
4 18 19 (26 127 86 ) (26 120 86 ) (0 120 86 ) (0 127 86 ) 
4 19 44 (0 120 38 ) (0 120 86 ) (0 128 86 ) (0 128 38 ) 
4 19 20 (26 120 38 ) (26 120 86 ) (0 120 86 ) (0 120 38 ) 
4 20 66 (72 0 128 ) (0 0 128 ) (0 0 0 ) (72 0 0 ) 
4 20 46 (0 0 0 ) (0 0 38 ) (0 120 38 ) (0 120 0 ) 
4 20 43 (0 0 86 ) (0 0 110 ) (0 120 110 ) (0 120 86 ) 
4 20 44 (0 0 38 ) (0 0 86 ) (0 120 86 ) (0 120 38 ) 
4 20 40 (0 0 110 ) (0 0 128 ) (0 120 128 ) (0 120 110 ) 
4 21 90 (584 0 -32 ) (0 0 -32 ) (0 0 -116 ) (584 0 -116 ) 
4 21 50 (0 0 -116 ) (0 0 -32 ) (0 206 -32 ) (0 206 -116 ) 
4 21 32 (0 206 -32 ) (0 349.044037 -32 ) (0 349.044037 -116 ) (0 206 -116 ) 
4 22 30 (-452 250 96 ) (-452 349.044037 96 ) (-360 349.044037 96 ) (-360 250 96 ) 
4 22 28 (-360 349.044037 96 ) (-320 349.044037 96 ) (-320 250 96 ) (-360 250 96 ) 
4 22 26 (-320 349.044037 96 ) (0 349.044037 96 ) (0 250 96 ) (-320 250 96 ) 
4 22 24 (-318 250 98 ) (-318 250 311 ) (-362 250 311 ) (-362 250 98 ) 
4 22 23 (-318 250 96 ) (0 250 96 ) (0 250 311 ) (-318 250 311 ) 
4 22 25 (-452 250 311 ) (-452 250 96 ) (-362 250 96 ) (-362 250 311 ) 
4 23 51 (-128 206 128 ) (-136 206 128 ) (-136 206 96 ) (-128 206 96 ) 
4 23 53 (-136 206 128 ) (-318 206 128 ) (-318 206 96 ) (-136 206 96 ) 
4 23 47 (-14 206 128 ) (-128 206 128 ) (-128 206 96 ) (-14 206 96 ) 
4 23 41 (0 206 96 ) (0 206 110 ) (-14 206 110 ) (-14 206 96 ) 
4 23 39 (0 206 110 ) (0 206 128 ) (-14 206 128 ) (-14 206 110 ) 
4 23 36 (0 206 128 ) (0 206 311 ) (-136 206 311 ) (-136 206 128 ) 
4 23 38 (-136 206 311 ) (-318 206 311 ) (-318 206 128 ) (-136 206 128 ) 
4 23 27 (0 206 96 ) (-318 206 96 ) (-318 250 96 ) (0 250 96 ) 
4 23 24 (-318 250 311 ) (-318 250 98 ) (-318 206 98 ) (-318 206 311 ) 
4 24 53 (-362 206 128 ) (-362 206 98 ) (-318 206 98 ) (-318 206 128 ) 
4 24 38 (-318 206 311 ) (-362 206 311 ) (-362 206 128 ) (-318 206 128 ) 
4 24 25 (-362 250 311 ) (-362 250 98 ) (-362 206 98 ) (-362 206 311 ) 
4 25 53 (-452 206 128 ) (-452 206 96 ) (-362 206 96 ) (-362 206 128 ) 
4 25 38 (-362 206 311 ) (-452 206 311 ) (-452 206 128 ) (-362 206 128 ) 
4 25 31 (-362 206 96 ) (-452 206 96 ) (-452 250 96 ) (-362 250 96 ) 
4 26 33 (-320 250 0 ) (-320 349.044037 0 ) (-318 349.044037 0 ) (-318 250 0 ) 
4 26 32 (-318 349.044037 0 ) (0 349.044037 0 ) (0 250 0 ) (-318 250 0 ) 
4 26 28 (-320 349.044037 0 ) (-320 250 0 ) (-320 250 96 ) (-320 349.044037 96 ) 
4 26 27 (-318 250 0 ) (0 250 0 ) (0 250 96 ) (-318 250 96 ) 
4 27 51 (-128 206 96 ) (-136 206 96 ) (-136 206 0 ) (-128 206 0 ) 
4 27 53 (-136 206 96 ) (-318 206 96 ) (-318 206 0 ) (-136 206 0 ) 
4 27 47 (-14 206 96 ) (-128 206 96 ) (-128 206 0 ) (-14 206 0 ) 
4 27 45 (0 206 0 ) (0 206 38 ) (-14 206 38 ) (-14 206 0 ) 
4 27 41 (0 206 38 ) (0 206 96 ) (-14 206 96 ) (-14 206 38 ) 
4 27 32 (0 206 0 ) (-318 206 0 ) (-318 250 0 ) (0 250 0 ) 
4 28 33 (-360 250 0 ) (-360 349.044037 0 ) (-320 349.044037 0 ) (-320 250 0 ) 
4 28 30 (-360 349.044037 0 ) (-360 250 0 ) (-360 250 96 ) (-360 349.044037 96 ) 
4 30 33 (-362 349.044037 0 ) (-360 349.044037 0 ) (-360 250 0 ) (-362 250 0 ) 
4 30 35 (-452 250 0 ) (-452 349.044037 0 ) (-362 349.044037 0 ) (-362 250 0 ) 
4 30 31 (-452 250 96 ) (-452 250 0 ) (-362 250 0 ) (-362 250 96 ) 
4 31 53 (-362 206 96 ) (-452 206 96 ) (-452 206 0 ) (-362 206 0 ) 
4 31 35 (-362 206 0 ) (-452 206 0 ) (-452 250 0 ) (-362 250 0 ) 
4 32 51 (-128 206 0 ) (-136 206 0 ) (-136 206 -116 ) (-128 206 -116 ) 
4 32 53 (-136 206 0 ) (-318 206 0 ) (-318 206 -116 ) (-136 206 -116 ) 
4 32 50 (0 206 -116 ) (0 206 -32 ) (-128 206 -32 ) (-128 206 -116 ) 
4 32 49 (0 206 -32 ) (0 206 0 ) (-128 206 0 ) (-128 206 -32 ) 
4 32 34 (-318 250 -116 ) (-318 206 -116 ) (-318 206 -2 ) (-318 250 -2 ) 
4 32 33 (-318 349.044037 0 ) (-318 349.044037 -116 ) (-318 250 -116 ) (-318 250 0 ) 
4 33 34 (-362 250 -2 ) (-362 250 -116 ) (-318 250 -116 ) (-318 250 -2 ) 
4 33 35 (-362 349.044037 0 ) (-362 349.044037 -116 ) (-362 250 -116 ) (-362 250 0 ) 
4 34 53 (-362 206 -2 ) (-362 206 -116 ) (-318 206 -116 ) (-318 206 -2 ) 
4 34 35 (-362 250 -116 ) (-362 206 -116 ) (-362 206 -2 ) (-362 250 -2 ) 
4 35 53 (-362 206 0 ) (-452 206 0 ) (-452 206 -116 ) (-362 206 -116 ) 
4 36 51 (-136 128 128 ) (-136 206 128 ) (-128 206 128 ) (-128 128 128 ) 
4 36 47 (-128 206 128 ) (-14 206 128 ) (-14 128 128 ) (-128 128 128 ) 
4 36 39 (-14 206 128 ) (0 206 128 ) (0 128 128 ) (-14 128 128 ) 
4 36 37 (-136 128 311 ) (-136 128 136 ) (0 128 136 ) (0 128 311 ) 
4 36 38 (-136 206 128 ) (-136 128 128 ) (-136 128 311 ) (-136 206 311 ) 
4 37 91 (0 0 136 ) (0 0 311 ) (-136 0 311 ) (-136 0 136 ) 
4 37 38 (-136 0 136 ) (-136 0 311 ) (-136 128 311 ) (-136 128 136 ) 
4 38 96 (-312 0 311 ) (-452 0 311 ) (-452 0 128 ) (-312 0 128 ) 
4 38 94 (-200 0 311 ) (-312 0 311 ) (-312 0 128 ) (-200 0 128 ) 
4 38 92 (-136 0 311 ) (-200 0 311 ) (-200 0 128 ) (-136 0 128 ) 
4 38 55 (-224 0 128 ) (-452 0 128 ) (-452 4 128 ) (-224 4 128 ) 
4 38 53 (-452 4 128 ) (-452 206 128 ) (-136 206 128 ) (-136 4 128 ) 
4 39 47 (-14 128 128 ) (-14 206 128 ) (-14 206 110 ) (-14 128 110 ) 
4 39 42 (-14 128 110 ) (-14 129 110 ) (0 129 110 ) (0 128 110 ) 
4 39 41 (-14 129 110 ) (-14 206 110 ) (0 206 110 ) (0 129 110 ) 
4 40 100 (0 0 110 ) (0 0 128 ) (-14 0 128 ) (-14 0 110 ) 
4 40 48 (-14 0 110 ) (-14 0 128 ) (-14 120 128 ) (-14 120 110 ) 
4 40 43 (0 0 110 ) (-14 0 110 ) (-14 120 110 ) (0 120 110 ) 
4 41 47 (-14 129 110 ) (-14 206 110 ) (-14 206 38 ) (-14 129 38 ) 
4 41 45 (-14 129 38 ) (-14 206 38 ) (0 206 38 ) (0 129 38 ) 
4 41 42 (0 129 86 ) (0 129 110 ) (-14 129 110 ) (-14 129 86 ) 
4 41 44 (-14 129 38 ) (0 129 38 ) (0 129 86 ) (-14 129 86 ) 
4 42 47 (-14 128 110 ) (-14 129 110 ) (-14 129 86 ) (-14 128 86 ) 
4 42 44 (-14 127 86 ) (-14 129 86 ) (0 129 86 ) (0 127 86 ) 
4 42 43 (-14 127 86 ) (0 127 86 ) (0 127 110 ) (-14 127 110 ) 
4 43 100 (0 0 86 ) (0 0 110 ) (-14 0 110 ) (-14 0 86 ) 
4 43 48 (-14 0 86 ) (-14 0 110 ) (-14 120 110 ) (-14 120 86 ) 
4 43 44 (-14 0 86 ) (-14 127 86 ) (0 127 86 ) (0 0 86 ) 
4 44 100 (0 0 38 ) (0 0 86 ) (-14 0 86 ) (-14 0 38 ) 
4 44 47 (-14 128 86 ) (-14 129 86 ) (-14 129 38 ) (-14 128 38 ) 
4 44 48 (-14 0 38 ) (-14 0 86 ) (-14 120 86 ) (-14 120 38 ) 
4 44 45 (-14 128 38 ) (-14 129 38 ) (0 129 38 ) (0 128 38 ) 
4 44 46 (-14 0 38 ) (-14 120 38 ) (0 120 38 ) (0 0 38 ) 
4 45 49 (-14 128 0 ) (-14 206 0 ) (0 206 0 ) (0 128 0 ) 
4 45 47 (-14 206 0 ) (-14 128 0 ) (-14 128 38 ) (-14 206 38 ) 
4 46 100 (0 0 0 ) (0 0 38 ) (-14 0 38 ) (-14 0 0 ) 
4 46 48 (-14 120 0 ) (-14 0 0 ) (-14 0 38 ) (-14 120 38 ) 
4 47 51 (-128 128 128 ) (-128 206 128 ) (-128 206 0 ) (-128 128 0 ) 
4 47 49 (-128 128 0 ) (-128 206 0 ) (-14 206 0 ) (-14 128 0 ) 
4 48 100 (-14 0 128 ) (-128 0 128 ) (-128 0 0 ) (-14 0 0 ) 
4 49 51 (-128 128 0 ) (-128 206 0 ) (-128 206 -32 ) (-128 128 -32 ) 
4 49 50 (-128 128 -32 ) (-128 206 -32 ) (0 206 -32 ) (0 128 -32 ) 
4 50 122 (0 0 -116 ) (0 0 -32 ) (-128 0 -32 ) (-128 0 -116 ) 
4 50 54 (-128 0 -116 ) (-128 0 -32 ) (-128 4 -32 ) (-128 4 -116 ) 
4 50 52 (-128 4 -32 ) (-128 128 -32 ) (-128 128 -116 ) (-128 4 -116 ) 
4 50 51 (-128 128 -32 ) (-128 206 -32 ) (-128 206 -116 ) (-128 128 -116 ) 
4 51 52 (-136 128 -32 ) (-136 128 -116 ) (-128 128 -116 ) (-128 128 -32 ) 
4 51 53 (-136 206 -116 ) (-136 128 -116 ) (-136 128 128 ) (-136 206 128 ) 
4 52 54 (-136 4 -116 ) (-128 4 -116 ) (-128 4 -32 ) (-136 4 -32 ) 
4 52 53 (-136 128 -116 ) (-136 4 -116 ) (-136 4 -32 ) (-136 128 -32 ) 
4 53 54 (-224 4 -116 ) (-136 4 -116 ) (-136 4 -32 ) (-224 4 -32 ) 
4 53 55 (-452 4 -116 ) (-224 4 -116 ) (-224 4 128 ) (-452 4 128 ) 
4 54 122 (-128 0 -116 ) (-128 0 -32 ) (-224 0 -32 ) (-224 0 -116 ) 
4 54 55 (-224 4 -32 ) (-224 4 -116 ) (-224 0 -116 ) (-224 0 -32 ) 
4 55 122 (-452 0 -32 ) (-452 0 -116 ) (-224 0 -116 ) (-224 0 -32 ) 
4 55 115 (-224 0 128 ) (-452 0 128 ) (-452 0 -32 ) (-224 0 -32 ) 
4 56 99 (0 -504 136 ) (0 -688.044067 136 ) (0 -688.044067 311 ) (0 -504 311 ) 
4 56 97 (0 -256 136 ) (0 -504 136 ) (0 -504 311 ) (0 -256 311 ) 
4 56 93 (0 -136 136 ) (0 -256 136 ) (0 -256 311 ) (0 -136 311 ) 
4 56 91 (0 0 311 ) (0 0 136 ) (0 -136 136 ) (0 -136 311 ) 
4 56 62 (0 -688.044067 136 ) (0 -504 136 ) (232 -504 136 ) (232 -688.044067 136 ) 
4 56 61 (344 -416 136 ) (344 -688.044067 136 ) (232 -688.044067 136 ) (232 -416 136 ) 
4 56 60 (480 -528 136 ) (480 -688.044067 136 ) (344 -688.044067 136 ) (344 -528 136 ) 
4 56 59 (480 -136 136 ) (584 -136 136 ) (584 -688.044067 136 ) (480 -688.044067 136 ) 
4 56 58 (80 0 136 ) (120 0 136 ) (120 -136 136 ) (80 -136 136 ) 
4 56 57 (320 0 136 ) (584 0 136 ) (584 -136 136 ) (320 -136 136 ) 
4 57 63 (320 0 128 ) (584 0 128 ) (584 -136 128 ) (320 -136 128 ) 
4 57 59 (480 -136 128 ) (584 -136 128 ) (584 -136 136 ) (480 -136 136 ) 
4 58 65 (80 0 128 ) (120 0 128 ) (120 -136 128 ) (80 -136 128 ) 
4 59 67 (480 -136 128 ) (584 -136 128 ) (584 -688.044067 128 ) (480 -688.044067 128 ) 
4 59 60 (480 -528 128 ) (480 -688.044067 128 ) (480 -688.044067 136 ) (480 -528 136 ) 
4 60 70 (344 -688.044067 128 ) (344 -528 128 ) (472 -528 128 ) (472 -688.044067 128 ) 
4 60 68 (472 -528 128 ) (480 -528 128 ) (480 -688.044067 128 ) (472 -688.044067 128 ) 
4 60 61 (344 -528 128 ) (344 -688.044067 128 ) (344 -688.044067 136 ) (344 -528 136 ) 
4 61 89 (232 -688.044067 128 ) (232 -504 128 ) (336 -504 128 ) (336 -688.044067 128 ) 
4 61 82 (232 -504 128 ) (232 -496 128 ) (336 -496 128 ) (336 -504 128 ) 
4 61 78 (232 -496 128 ) (232 -416 128 ) (336 -416 128 ) (336 -496 128 ) 
4 61 72 (344 -528 128 ) (344 -688.044067 128 ) (336 -688.044067 128 ) (336 -528 128 ) 
4 61 62 (232 -504 128 ) (232 -688.044067 128 ) (232 -688.044067 136 ) (232 -504 136 ) 
4 62 99 (0 -504 128 ) (0 -688.044067 128 ) (0 -688.044067 136 ) (0 -504 136 ) 
4 62 89 (0 -688.044067 128 ) (0 -504 128 ) (232 -504 128 ) (232 -688.044067 128 ) 
4 63 90 (320 0 -32 ) (584 0 -32 ) (584 -136 -32 ) (320 -136 -32 ) 
4 63 67 (480 -136 -32 ) (584 -136 -32 ) (584 -136 128 ) (480 -136 128 ) 
4 64 73 (200 -136 108 ) (200 -136 0 ) (248 -136 0 ) (248 -136 108 ) 
4 65 90 (80 0 -32 ) (120 0 -32 ) (120 -136 -32 ) (80 -136 -32 ) 
4 66 100 (0 0 128 ) (0 0 0 ) (0 -136 0 ) (0 -136 128 ) 
4 67 90 (480 -136 -32 ) (584 -136 -32 ) (584 -688.044067 -32 ) (480 -688.044067 -32 ) 
4 67 68 (480 -528 -32 ) (480 -688.044067 -32 ) (480 -688.044067 128 ) (480 -528 128 ) 
4 68 90 (480 -528 -32 ) (480 -688.044067 -32 ) (472 -688.044067 -32 ) (472 -528 -32 ) 
4 68 70 (472 -528 -32 ) (472 -688.044067 -32 ) (472 -688.044067 128 ) (472 -528 128 ) 
4 69 71 (344 -248 108 ) (344 -248 0 ) (344 -296 0 ) (344 -296 108 ) 
4 70 90 (472 -528 -32 ) (472 -688.044067 -32 ) (344 -688.044067 -32 ) (344 -528 -32 ) 
4 70 72 (344 -528 -32 ) (344 -688.044067 -32 ) (344 -688.044067 128 ) (344 -528 128 ) 
4 71 77 (336 -296 0 ) (336 -296 108 ) (336 -256 108 ) (336 -256 0 ) 
4 71 75 (336 -256 108 ) (336 -248 108 ) (336 -248 0 ) (336 -256 0 ) 
4 72 90 (344 -528 -32 ) (344 -688.044067 -32 ) (336 -688.044067 -32 ) (336 -528 -32 ) 
4 72 89 (336 -528 -32 ) (336 -688.044067 -32 ) (336 -688.044067 128 ) (336 -528 128 ) 
4 73 74 (248 -144 0 ) (248 -144 108 ) (200 -144 108 ) (200 -144 0 ) 
4 74 105 (0 -248 0 ) (0 -248 128 ) (0 -144 128 ) (0 -144 0 ) 
4 74 76 (80 -248 112 ) (80 -248 0 ) (186 -248 0 ) (186 -248 112 ) 
4 74 75 (336 -248 0 ) (336 -248 128 ) (200 -248 128 ) (200 -248 0 ) 
4 75 79 (232 -256 128 ) (200 -256 128 ) (200 -256 0 ) (232 -256 0 ) 
4 75 77 (336 -256 0 ) (336 -256 128 ) (232 -256 128 ) (232 -256 0 ) 
4 76 80 (80 -256 112 ) (80 -256 0 ) (186 -256 0 ) (186 -256 112 ) 
4 77 79 (232 -256 128 ) (232 -256 0 ) (232 -288 0 ) (232 -288 128 ) 
4 78 90 (336 -416 -32 ) (336 -496 -32 ) (232 -496 -32 ) (232 -416 -32 ) 
4 78 82 (232 -496 -32 ) (336 -496 -32 ) (336 -496 128 ) (232 -496 128 ) 
4 80 107 (0 -288 0 ) (0 -288 128 ) (0 -256 128 ) (0 -256 0 ) 
4 80 81 (192 -288 0 ) (192 -288 128 ) (0 -288 128 ) (0 -288 0 ) 
4 81 107 (0 -496 0 ) (0 -496 128 ) (0 -288 128 ) (0 -288 0 ) 
4 81 86 (0 -496 109.874008 ) (0 -496 38 ) (40 -496 38 ) (40 -496 109.874008 ) 
4 81 83 (120 -496 109.874008 ) (120 -496 38 ) (160 -496 38 ) (160 -496 109.874008 ) 
4 82 90 (232 -496 -32 ) (336 -496 -32 ) (336 -504 -32 ) (232 -504 -32 ) 
4 82 89 (232 -504 -32 ) (336 -504 -32 ) (336 -504 128 ) (232 -504 128 ) 
4 83 84 (120 -503 38 ) (160 -503 38 ) (160 -503 109.874008 ) (120 -503 109.874008 ) 
4 84 89 (160 -504 38 ) (160 -504 109.874008 ) (120 -504 109.874008 ) (120 -504 38 ) 
4 85 90 (120 -496 -32 ) (160 -496 -32 ) (160 -504 -32 ) (120 -504 -32 ) 
4 85 89 (120 -504 -32 ) (160 -504 -32 ) (160 -504 0 ) (120 -504 0 ) 
4 86 87 (0 -503 38 ) (40 -503 38 ) (40 -503 109.874008 ) (0 -503 109.874008 ) 
4 87 89 (40 -504 38 ) (40 -504 109.874008 ) (0 -504 109.874008 ) (0 -504 38 ) 
4 88 90 (0 -504 -32 ) (0 -496 -32 ) (40 -496 -32 ) (40 -504 -32 ) 
4 88 89 (0 -504 -32 ) (40 -504 -32 ) (40 -504 0 ) (0 -504 0 ) 
4 89 110 (0 -504 -32 ) (0 -688.044067 -32 ) (0 -688.044067 128 ) (0 -504 128 ) 
4 89 90 (0 -688.044067 -32 ) (0 -504 -32 ) (336 -504 -32 ) (336 -688.044067 -32 ) 
4 90 122 (0 0 -32 ) (0 0 -116 ) (0 -688.044067 -116 ) (0 -688.044067 -32 ) 
4 91 93 (0 -136 136 ) (0 -136 311 ) (-136 -136 311 ) (-136 -136 136 ) 
4 91 92 (-136 -136 136 ) (-136 -136 311 ) (-136 0 311 ) (-136 0 136 ) 
4 92 104 (-136 -114 128 ) (-136 -136 128 ) (-192 -136 128 ) (-192 -114 128 ) 
4 92 95 (-200 -136 136 ) (-200 -136 311 ) (-200 -114 311 ) (-200 -114 136 ) 
4 92 94 (-200 0 128 ) (-200 -114 128 ) (-200 -114 311 ) (-200 0 311 ) 
4 92 93 (-200 -136 311 ) (-200 -136 136 ) (-136 -136 136 ) (-136 -136 311 ) 
4 93 97 (0 -256 136 ) (0 -256 311 ) (-192 -256 311 ) (-192 -256 136 ) 
4 93 98 (-192 -256 311 ) (-200 -256 311 ) (-200 -256 136 ) (-192 -256 136 ) 
4 93 95 (-200 -256 136 ) (-200 -256 311 ) (-200 -136 311 ) (-200 -136 136 ) 
4 94 119 (-304 -114 128 ) (-312 -114 128 ) (-312 -110 128 ) (-304 -110 128 ) 
4 94 116 (-224 -114 128 ) (-304 -114 128 ) (-304 -110 128 ) (-224 -110 128 ) 
4 94 115 (-312 0 128 ) (-224 0 128 ) (-224 -110 128 ) (-312 -110 128 ) 
4 94 96 (-312 0 128 ) (-312 -114 128 ) (-312 -114 311 ) (-312 0 311 ) 
4 94 95 (-312 -114 311 ) (-312 -114 136 ) (-200 -114 136 ) (-200 -114 311 ) 
4 95 98 (-200 -256 136 ) (-200 -256 311 ) (-312 -256 311 ) (-312 -256 136 ) 
4 95 96 (-312 -256 136 ) (-312 -256 311 ) (-312 -114 311 ) (-312 -114 136 ) 
4 96 120 (-312 -110 128 ) (-312 -256 128 ) (-452 -256 128 ) (-452 -110 128 ) 
4 96 115 (-452 0 128 ) (-312 0 128 ) (-312 -110 128 ) (-452 -110 128 ) 
4 96 98 (-452 -256 128 ) (-312 -256 128 ) (-312 -256 311 ) (-452 -256 311 ) 
4 97 99 (0 -504 136 ) (0 -504 311 ) (-192 -504 311 ) (-192 -504 136 ) 
4 97 98 (-192 -256 311 ) (-192 -256 136 ) (-192 -504 136 ) (-192 -504 311 ) 
4 98 121 (-452 -504 128 ) (-452 -256 128 ) (-304 -256 128 ) (-304 -504 128 ) 
4 98 118 (-304 -256 128 ) (-200 -256 128 ) (-200 -504 128 ) (-304 -504 128 ) 
4 98 109 (-192 -496 128 ) (-192 -504 128 ) (-200 -504 128 ) (-200 -496 128 ) 
4 98 108 (-200 -256 128 ) (-192 -256 128 ) (-192 -496 128 ) (-200 -496 128 ) 
4 98 99 (-452 -504 311 ) (-452 -504 128 ) (-192 -504 128 ) (-192 -504 311 ) 
4 99 121 (-452 -688.044067 128 ) (-452 -504 128 ) (-304 -504 128 ) (-304 -688.044067 128 ) 
4 99 118 (-304 -504 128 ) (-200 -504 128 ) (-200 -688.044067 128 ) (-304 -688.044067 128 ) 
4 99 110 (-200 -504 128 ) (0 -504 128 ) (0 -688.044067 128 ) (-200 -688.044067 128 ) 
4 100 102 (-128 0 104 ) (-128 0 0 ) (-128 -110 0 ) (-128 -110 104 ) 
4 100 101 (-64 -136 0 ) (-16 -136 0 ) (-16 -136 108 ) (-64 -136 108 ) 
4 101 105 (-16 -144 0 ) (-16 -144 108 ) (-64 -144 108 ) (-64 -144 0 ) 
4 102 103 (-133 -110 0 ) (-133 -110 104 ) (-133 0 104 ) (-133 0 0 ) 
4 103 112 (-200 -110 0 ) (-200 -110 88 ) (-200 0 88 ) (-200 0 0 ) 
4 103 111 (-200 -110 88 ) (-200 -110 96.369232 ) (-200 0 96.369232 ) (-200 0 88 ) 
4 104 122 (-192 -114 -32 ) (-136 -114 -32 ) (-136 -136 -32 ) (-192 -136 -32 ) 
4 105 106 (-196 -173 0 ) (-196 -221 0 ) (-196 -221 108 ) (-196 -173 108 ) 
4 106 117 (-200 -173 108 ) (-200 -173 0 ) (-200 -221 0 ) (-200 -221 108 ) 
4 108 122 (-192 -496 -32 ) (-200 -496 -32 ) (-200 -256 -32 ) (-192 -256 -32 ) 
4 108 118 (-200 -256 -32 ) (-200 -496 -32 ) (-200 -496 128 ) (-200 -256 128 ) 
4 108 109 (-200 -496 128 ) (-200 -496 -32 ) (-192 -496 -32 ) (-192 -496 128 ) 
4 109 122 (-192 -504 -32 ) (-200 -504 -32 ) (-200 -496 -32 ) (-192 -496 -32 ) 
4 109 118 (-200 -496 -32 ) (-200 -504 -32 ) (-200 -504 128 ) (-200 -496 128 ) 
4 109 110 (-200 -504 128 ) (-200 -504 -32 ) (-192 -504 -32 ) (-192 -504 128 ) 
4 110 122 (0 -504 -32 ) (0 -688.044067 -32 ) (-200 -688.044067 -32 ) (-200 -504 -32 ) 
4 110 118 (-200 -504 -32 ) (-200 -688.044067 -32 ) (-200 -688.044067 128 ) (-200 -504 128 ) 
4 111 112 (-200 -110 88 ) (-217 -110 88 ) (-217 0 88 ) (-200 0 88 ) 
4 112 113 (-217 0 0 ) (-217 -46 0 ) (-217 -46 88 ) (-217 0 88 ) 
4 112 114 (-217 -64 0 ) (-217 -110 0 ) (-217 -110 88 ) (-217 -64 88 ) 
4 115 122 (-452 0 -32 ) (-224 0 -32 ) (-224 -110 -32 ) (-452 -110 -32 ) 
4 115 119 (-312 -110 -32 ) (-304 -110 -32 ) (-304 -110 128 ) (-312 -110 128 ) 
4 115 120 (-452 -110 -32 ) (-312 -110 -32 ) (-312 -110 128 ) (-452 -110 128 ) 
4 115 116 (-304 -110 -32 ) (-224 -110 -32 ) (-224 -110 128 ) (-304 -110 128 ) 
4 116 122 (-304 -110 -32 ) (-224 -110 -32 ) (-224 -114 -32 ) (-304 -114 -32 ) 
4 116 119 (-304 -110 128 ) (-304 -110 -32 ) (-304 -114 -32 ) (-304 -114 128 ) 
4 118 122 (-200 -256 -32 ) (-200 -688.044067 -32 ) (-304 -688.044067 -32 ) (-304 -256 -32 ) 
4 118 121 (-304 -256 -32 ) (-304 -688.044067 -32 ) (-304 -688.044067 128 ) (-304 -256 128 ) 
4 119 122 (-312 -110 -32 ) (-304 -110 -32 ) (-304 -114 -32 ) (-312 -114 -32 ) 
4 119 120 (-312 -110 128 ) (-312 -110 -32 ) (-312 -114 -32 ) (-312 -114 128 ) 
4 120 122 (-452 -110 -32 ) (-312 -110 -32 ) (-312 -256 -32 ) (-452 -256 -32 ) 
4 120 121 (-452 -256 128 ) (-452 -256 -32 ) (-312 -256 -32 ) (-312 -256 128 ) 
4 121 122 (-304 -256 -32 ) (-304 -688.044067 -32 ) (-452 -688.044067 -32 ) (-452 -256 -32 ) 
