PRT1
196
459
4 0 16 (0 2048 101 ) (0 2048 -53 ) (80 2048 -53 ) (80 2048 101 ) 
4 0 15 (80 2048 979 ) (0 2048 979 ) (0 2048 101 ) (80 2048 101 ) 
4 0 10 (232 2048 979 ) (80 2048 979 ) (80 2048 -53 ) (232 2048 -53 ) 
4 0 9 (368 2048 979 ) (232 2048 979 ) (232 2048 -53 ) (368 2048 -53 ) 
4 0 4 (0 2048 -53 ) (0 2048 979 ) (0 2206 979 ) (0 2206 -53 ) 
4 0 3 (0 2206 979 ) (0 2408 979 ) (0 2408 -53 ) (0 2206 -53 ) 
4 0 2 (0 2408 979 ) (0 2997 979 ) (0 2997 -53 ) (0 2408 -53 ) 
4 1 39 (-874 2048 1024 ) (-1024 2048 1024 ) (-1024 2048 979 ) (-874 2048 979 ) 
4 1 26 (-770 2048 1024 ) (-874 2048 1024 ) (-874 2048 979 ) (-770 2048 979 ) 
4 1 8 (-1024 2048 979 ) (-1024 2048 1024 ) (-1024 2206 1024 ) (-1024 2206 979 ) 
4 1 5 (-770 2048 979 ) (-1024 2048 979 ) (-1024 2206 979 ) (-730.500000 2206 979 ) 
4 2 3 (-48 2408 -53 ) (0 2408 -53 ) (0 2408 979 ) (-48 2408 979 ) 
4 3 4 (-48 2206 -53 ) (0 2206 -53 ) (0 2206 979 ) (-48 2206 979 ) 
4 4 23 (0 2048 -53 ) (0 2048 979 ) (-48 2048 979 ) (-48 2048 -53 ) 
4 5 39 (-874 2048 979 ) (-1024 2048 979 ) (-1024 2048 0 ) (-874 2048 0 ) 
4 5 28 (-874 2048 150 ) (-874 2048 0 ) (-770 2048 0 ) (-770 2048 150 ) 
4 5 27 (-874 2048 171.291626 ) (-874 2048 150 ) (-770 2048 150 ) (-770 2048 156.124985 ) 
4 5 26 (-770 2048 979 ) (-874 2048 979 ) (-874 2048 171.291626 ) (-770 2048 156.124985 ) 
4 5 8 (-1024 2048 0 ) (-1024 2048 979 ) (-1024 2206 979 ) (-1024 2206 0 ) 
4 5 6 (-1024 2206 0 ) (-944.500000 2206 0 ) (-984 2048 0 ) (-1024 2048 0 ) 
4 6 40 (-1024 2048 0 ) (-1024 2048 -53 ) (-984 2048 -53 ) (-984 2048 0 ) 
4 6 8 (-1024 2048 -53 ) (-1024 2048 0 ) (-1024 2206 0 ) (-1024 2206 -53 ) 
4 6 7 (-984 2048 -53 ) (-1024 2048 -53 ) (-1024 2206 -53 ) (-944.500000 2206 -53 ) 
4 7 40 (-984 2048 -53 ) (-1024 2048 -53 ) (-1024 2048 -2712 ) (-984 2048 -2712 ) 
4 7 8 (-1024 2048 -2712 ) (-1024 2048 -53 ) (-1024 2206 -53 ) (-1024 2206 -2712 ) 
4 8 78 (-2048 2048 -2712 ) (-2048 2048 1024 ) (-2048 2206 1024 ) (-2048 2206 -2712 ) 
4 8 51 (-1350 2048 0 ) (-1351 2048 0 ) (-1351 2048 -2712 ) (-1350 2048 -2712 ) 
4 8 55 (-1351 2048 0 ) (-2048 2048 0 ) (-2048 2048 -2712 ) (-1351 2048 -2712 ) 
4 8 48 (-1350 2048 -155 ) (-1350 2048 -193 ) (-1349 2048 -193 ) (-1349 2048 -155 ) 
4 8 47 (-1349 2048 -193 ) (-1180 2048 -193 ) (-1180 2048 -155 ) (-1349 2048 -155 ) 
4 8 45 (-1180 2048 -193 ) (-1179 2048 -193 ) (-1179 2048 -155 ) (-1180 2048 -155 ) 
4 8 44 (-1179 2048 0 ) (-1350 2048 0 ) (-1350 2048 -155 ) (-1179 2048 -155 ) 
4 8 50 (-1350 2048 -193 ) (-1350 2048 -2712 ) (-1179 2048 -2712 ) (-1179 2048 -193 ) 
4 8 42 (-1024 2048 -2712 ) (-1024 2048 0 ) (-1088 2048 0 ) (-1088 2048 -2712 ) 
4 8 43 (-1088 2048 0 ) (-1179 2048 0 ) (-1179 2048 -2712 ) (-1088 2048 -2712 ) 
4 8 41 (-1024 2048 0 ) (-1024 2048 1024 ) (-2048 2048 1024 ) (-2048 2048 0 ) 
4 9 10 (232 1920 979 ) (232 2048 979 ) (232 2048 -53 ) (232 1920 -53 ) 
4 10 16 (80 1920 -53 ) (80 1920 101 ) (80 2048 101 ) (80 2048 -53 ) 
4 10 15 (80 1920 101 ) (80 1920 979 ) (80 2048 979 ) (80 2048 101 ) 
4 10 11 (232 1920 -29 ) (232 1920 101 ) (80 1920 101 ) (80 1920 -29 ) 
4 11 12 (80 1912 101 ) (80 1912 -29 ) (232 1912 -29 ) (232 1912 101 ) 
4 12 17 (80 1434 -51 ) (80 1434 101 ) (80 1586 101 ) (80 1586 -51 ) 
4 13 21 (408 1024 -85 ) (408 1024 67 ) (232 1024 85.243896 ) (232 1024 -66.756104 ) 
4 13 14 (232 1141.804932 -66.755821 ) (232 1024 -66.755829 ) (232 1024 85.243896 ) (232 1141.804932 85.243896 ) 
4 14 21 (130.461639 1024 95.769218 ) (130.461639 1024 -56.230789 ) (232 1024 -66.756104 ) (232 1024 85.243912 ) 
4 14 18 (80 1040 -51 ) (80 1040 101 ) (80 1190 101 ) (80 1190 -51 ) 
4 15 23 (0 2048 979 ) (0 2048 101 ) (0 1920 101 ) (0 1920 979 ) 
4 15 16 (0 1920 101 ) (0 2048 101 ) (80 2048 101 ) (80 1920 101 ) 
4 16 23 (0 2048 101 ) (0 2048 -53 ) (0 1920 -53 ) (0 1920 101 ) 
4 17 24 (0 1386.682739 -51 ) (0 1386.682739 101 ) (0 1538.682983 101 ) (0 1538.682983 -51 ) 
4 18 25 (0 1040 -51 ) (0 1040 101 ) (0 1192 101 ) (0 1192 -51 ) 
4 19 87 (66 0 1058 ) (26 0 1058 ) (26 0 962 ) (66 0 962 ) 
4 20 88 (0 0 1036.610107 ) (0 0 964.609070 ) (8 0 964.609070 ) (8 0 1036.610107 ) 
4 20 56 (0 0 964.609070 ) (0 0 1036.610107 ) (0 42 1036.610107 ) (0 42 964.609070 ) 
4 22 89 (480 0 -800 ) (480 0 800 ) (0 0 800 ) (0 0 -800 ) 
4 22 57 (0 0 -800 ) (0 0 800 ) (0 304 800 ) (0 304 -800 ) 
4 24 34 (-248 1240 -51 ) (-248 1240 101 ) (-248 1392 101 ) (-248 1392 -51 ) 
4 25 38 (-248 1098.285645 101 ) (-248 1192 101 ) (-248 1192 -51 ) (-248 1098.285645 -51 ) 
4 25 37 (-248 1040 -51 ) (-248 1040 -2 ) (-248 1098.285645 -2 ) (-248 1098.285645 -51 ) 
4 25 36 (-248 1040 -2 ) (-248 1040 101 ) (-248 1098.285645 101 ) (-248 1098.285645 -2 ) 
4 26 39 (-874 1632 1024 ) (-874 2048 1024 ) (-874 2048 171.291687 ) (-874 1632 171.291656 ) 
3 26 27 (-874 1632 171.292084 ) (-874 2048 171.292084 ) (-770 2048 156.125427 ) 
4 27 39 (-874 2048 171.291687 ) (-874 2048 150 ) (-874 1632 150 ) (-874 1632 171.291656 ) 
3 27 28 (-874 1632 150 ) (-874 2048 150 ) (-770 2048 150 ) 
4 28 39 (-874 2048 150 ) (-874 2048 0 ) (-874 1632 0 ) (-874 1632 150 ) 
4 29 38 (-728 1224 -2 ) (-500 1224 -35.250000 ) (-500 1224 101 ) (-728 1224 101 ) 
4 29 35 (-500 1224 101 ) (-500 1224 116.750000 ) (-728 1224 150 ) (-728 1224 101 ) 
4 29 34 (-500 1224 101 ) (-500 1224 -35.249985 ) (-392 1296 -51 ) (-392 1296 101 ) 
3 29 33 (-500 1224 116.750000 ) (-500 1224 101 ) (-392 1296 101 ) 
4 29 31 (-872 1384 19 ) (-728 1384 -2 ) (-728 1224 -2 ) (-872 1224 19 ) 
4 29 30 (-872 1384 18.998087 ) (-872 1224 18.998083 ) (-872 1224 150 ) (-872 1384 150 ) 
4 30 39 (-874 1224 19.291748 ) (-874 1224 150 ) (-874 1384 150 ) (-874 1384 19.291656 ) 
4 30 32 (-874 1384 19.291748 ) (-872 1384 19 ) (-872 1224 19 ) (-874 1224 19.291748 ) 
4 31 32 (-872 1384 -2 ) (-872 1224 -2 ) (-872 1224 18.998013 ) (-872 1384 18.998009 ) 
4 32 39 (-874 1224 0 ) (-874 1224 19.291748 ) (-874 1384 19.291656 ) (-874 1384 0 ) 
3 33 35 (-500 1224 116.750000 ) (-500 1224 101 ) (-392 1224 101 ) 
3 33 34 (-392 1224 101 ) (-500.003906 1224 101 ) (-392 1296.002563 101 ) 
5 34 38 (-248 1224 -51 ) (-248 1224 101 ) (-500 1224 101 ) (-500 1224 -35.250000 ) (-392 1224 -51 ) 
3 35 38 (-728 1224 101 ) (-392 1224 101 ) (-392 1136 101 ) 
4 36 38 (-391.997284 1135.998291 101 ) (-248 1098.284668 101 ) (-248 1098.284790 -2 ) (-391.997620 1135.998413 -2 ) 
3 36 37 (-391.997284 1135.998291 -2 ) (-248 1098.284668 -2 ) (-248 1040 -2 ) 
4 37 38 (-391.997620 1135.998413 -2 ) (-248 1098.284790 -2 ) (-248 1098.284790 -51 ) (-391.997620 1135.998413 -51 ) 
4 39 60 (-1024 1024 214 ) (-1024 1024 0 ) (-884.500000 1024 0 ) (-884.500000 1024 214 ) 
4 39 59 (-884.500000 1024 1024 ) (-1024 1024 1024 ) (-1024 1024 214 ) (-884.500000 1024 214 ) 
4 39 41 (-1024 2048 1024 ) (-1024 2048 0 ) (-1024 1024 0 ) (-1024 1024 1024 ) 
3 39 40 (-1024 2048 0 ) (-984 2048 0 ) (-1024 1888 0 ) 
4 40 42 (-1024 2048 0 ) (-1024 2048 -2712 ) (-1024 1888 -2712 ) (-1024 1888 0 ) 
4 41 81 (-2048 1024 0 ) (-2048 1024 1024 ) (-2048 2048 1024 ) (-2048 2048 0 ) 
4 41 74 (-1193.391357 1024 0 ) (-1090 1024 0 ) (-1090 1024 65 ) (-1193.391235 1024 65 ) 
4 41 73 (-2048 1024 65 ) (-2048 1024 0 ) (-1193.391357 1024 0 ) (-1193.391235 1024 65 ) 
4 41 72 (-1090 1024 1024 ) (-2048 1024 1024 ) (-2048 1024 65 ) (-1090 1024 65 ) 
4 41 71 (-1090 1024 213 ) (-1090 1024 0 ) (-1088 1024 0 ) (-1088 1024 213 ) 
4 41 69 (-1088 1024 1024 ) (-1090 1024 1024 ) (-1090 1024 213 ) (-1088 1024 213 ) 
4 41 68 (-1024 1024 0 ) (-1024 1024 73 ) (-1088 1024 73 ) (-1088 1024 0 ) 
4 41 65 (-1024 1024 73 ) (-1024 1024 214 ) (-1088 1024 214 ) (-1088 1024 73 ) 
4 41 63 (-1024 1024 214 ) (-1024 1024 1024 ) (-1088 1024 1024 ) (-1088 1024 214 ) 
4 41 52 (-1351 1400 0 ) (-1351 1401 0 ) (-1350 1401 0 ) (-1350 1400 0 ) 
4 41 51 (-1351 1401 0 ) (-1351 2048 0 ) (-1350 2048 0 ) (-1350 1401 0 ) 
4 41 54 (-1350 1024 0 ) (-1351 1024 0 ) (-1351 1400 0 ) (-1350 1400 0 ) 
4 41 55 (-1351 1024 0 ) (-2048 1024 0 ) (-2048 2048 0 ) (-1351 2048 0 ) 
4 41 44 (-1179 1024 0 ) (-1350 1024 0 ) (-1350 2048 0 ) (-1179 2048 0 ) 
4 41 42 (-1024 2048 0 ) (-1024 1888 0 ) (-1088 1632 0 ) (-1088 2048 0 ) 
5 41 43 (-1088 1055.997437 0 ) (-1098.499146 1024 0 ) (-1179 1024 0 ) (-1179 2048 0 ) (-1088 2048 0 ) 
4 42 43 (-1088 2048 -2712 ) (-1088 1632 -2712 ) (-1088 1632 0 ) (-1088 2048 0 ) 
4 43 76 (-1179 1024 -84.782600 ) (-1179 1024 -2712 ) (-1098.499146 1024 -2712 ) (-1098.499146 1024 -84.782715 ) 
4 43 75 (-1098.499146 1024 0 ) (-1179 1024 0 ) (-1179 1024 -84.782600 ) (-1098.499146 1024 -84.782715 ) 
4 43 45 (-1179 1678 -155 ) (-1179 2048 -155 ) (-1179 2048 -193 ) (-1179 1678 -193 ) 
4 43 46 (-1179 1024 -193 ) (-1179 1024 -155 ) (-1179 1677 -155 ) (-1179 1677 -193 ) 
4 43 44 (-1179 1024 -155 ) (-1179 1024 0 ) (-1179 2048 0 ) (-1179 2048 -155 ) 
4 43 50 (-1179 2048 -2712 ) (-1179 1024 -2712 ) (-1179 1024 -193 ) (-1179 2048 -193 ) 
4 44 76 (-1193.391235 1024 -84.782608 ) (-1193.391235 1024 -155 ) (-1179 1024 -155 ) (-1179 1024 -84.782608 ) 
4 44 75 (-1179 1024 0 ) (-1193.391235 1024 0 ) (-1193.391235 1024 -84.782608 ) (-1179 1024 -84.782608 ) 
4 44 73 (-1193.391235 1024 0 ) (-1350 1024 0 ) (-1350 1024 -155 ) (-1193.391235 1024 -155 ) 
4 44 52 (-1350 1400 0 ) (-1350 1401 0 ) (-1350 1401 -155 ) (-1350 1400 -155 ) 
4 44 51 (-1350 1401 0 ) (-1350 2048 0 ) (-1350 2048 -155 ) (-1350 1401 -155 ) 
4 44 54 (-1350 1024 -155 ) (-1350 1024 0 ) (-1350 1400 0 ) (-1350 1400 -155 ) 
4 44 48 (-1350 1335 -155 ) (-1350 2048 -155 ) (-1349 2048 -155 ) (-1349 1335 -155 ) 
4 44 49 (-1350 1024 -155 ) (-1350 1334 -155 ) (-1349 1334 -155 ) (-1349 1024 -155 ) 
4 44 47 (-1349 2048 -155 ) (-1180 2048 -155 ) (-1180 1024 -155 ) (-1349 1024 -155 ) 
4 44 45 (-1180 2048 -155 ) (-1179 2048 -155 ) (-1179 1678 -155 ) (-1180 1678 -155 ) 
4 44 46 (-1179 1677 -155 ) (-1179 1024 -155 ) (-1180 1024 -155 ) (-1180 1677 -155 ) 
4 45 47 (-1180 2048 -193 ) (-1180 1678 -193 ) (-1180 1678 -155 ) (-1180 2048 -155 ) 
4 45 50 (-1180 2048 -193 ) (-1179 2048 -193 ) (-1179 1678 -193 ) (-1180 1678 -193 ) 
4 46 76 (-1180 1024 -193 ) (-1179 1024 -193 ) (-1179 1024 -155 ) (-1180 1024 -155 ) 
4 46 47 (-1180 1677 -193 ) (-1180 1024 -193 ) (-1180 1024 -155 ) (-1180 1677 -155 ) 
4 46 50 (-1179 1677 -193 ) (-1179 1024 -193 ) (-1180 1024 -193 ) (-1180 1677 -193 ) 
4 47 76 (-1193.391357 1024 -193 ) (-1180 1024 -193 ) (-1180 1024 -155 ) (-1193.391235 1024 -155 ) 
4 47 73 (-1349 1024 -193 ) (-1193.391357 1024 -193 ) (-1193.391235 1024 -155 ) (-1349 1024 -155 ) 
4 47 48 (-1349 2048 -193 ) (-1349 1335 -193 ) (-1349 1335 -155 ) (-1349 2048 -155 ) 
4 47 49 (-1349 1334 -193 ) (-1349 1024 -193 ) (-1349 1024 -155 ) (-1349 1334 -155 ) 
4 47 50 (-1349 2048 -193 ) (-1180 2048 -193 ) (-1180 1024 -193 ) (-1349 1024 -193 ) 
4 48 51 (-1350 1401 -155 ) (-1350 2048 -155 ) (-1350 2048 -193 ) (-1350 1401 -193 ) 
4 48 54 (-1350 1335 -155 ) (-1350 1400 -155 ) (-1350 1400 -193 ) (-1350 1335 -193 ) 
4 48 50 (-1350 1335 -193 ) (-1350 2048 -193 ) (-1349 2048 -193 ) (-1349 1335 -193 ) 
4 49 73 (-1350 1024 -155 ) (-1350 1024 -193 ) (-1349 1024 -193 ) (-1349 1024 -155 ) 
4 49 54 (-1350 1024 -193 ) (-1350 1024 -155 ) (-1350 1334 -155 ) (-1350 1334 -193 ) 
4 49 50 (-1350 1024 -193 ) (-1350 1334 -193 ) (-1349 1334 -193 ) (-1349 1024 -193 ) 
4 50 76 (-1193.391235 1024 -2712 ) (-1179 1024 -2712 ) (-1179 1024 -193 ) (-1193.391235 1024 -193 ) 
4 50 73 (-1350 1024 -193 ) (-1350 1024 -2712 ) (-1193.391235 1024 -2712 ) (-1193.391235 1024 -193 ) 
4 50 53 (-1350 1401 -2712 ) (-1350 1400 -2712 ) (-1350 1400 -193 ) (-1350 1401 -193 ) 
4 50 51 (-1350 2048 -2712 ) (-1350 1401 -2712 ) (-1350 1401 -193 ) (-1350 2048 -193 ) 
4 50 54 (-1350 1400 -2712 ) (-1350 1024 -2712 ) (-1350 1024 -193 ) (-1350 1400 -193 ) 
4 51 52 (-1351 1401 0 ) (-1351 1401 -155 ) (-1350 1401 -155 ) (-1350 1401 0 ) 
4 51 53 (-1351 1401 -193 ) (-1351 1401 -2712 ) (-1350 1401 -2712 ) (-1350 1401 -193 ) 
4 51 55 (-1351 2048 -2712 ) (-1351 1401 -2712 ) (-1351 1401 0 ) (-1351 2048 0 ) 
4 52 54 (-1351 1400 0 ) (-1351 1400 -155 ) (-1350 1400 -155 ) (-1350 1400 0 ) 
4 52 55 (-1351 1400 -155 ) (-1351 1400 0 ) (-1351 1401 0 ) (-1351 1401 -155 ) 
4 53 55 (-1351 1401 -2712 ) (-1351 1400 -2712 ) (-1351 1400 -193 ) (-1351 1401 -193 ) 
4 53 54 (-1351 1400 -193 ) (-1351 1400 -2712 ) (-1350 1400 -2712 ) (-1350 1400 -193 ) 
4 54 73 (-1350 1024 0 ) (-1351 1024 0 ) (-1351 1024 -2712 ) (-1350 1024 -2712 ) 
4 54 55 (-1351 1400 -2712 ) (-1351 1024 -2712 ) (-1351 1024 0 ) (-1351 1400 0 ) 
4 55 81 (-2048 1024 -2712 ) (-2048 1024 0 ) (-2048 2048 0 ) (-2048 2048 -2712 ) 
4 55 73 (-1351 1024 0 ) (-2048 1024 0 ) (-2048 1024 -2712 ) (-1351 1024 -2712 ) 
4 56 94 (0 0 964.609070 ) (0 0 1036.610107 ) (-72 0 1036.610107 ) (-72 0 964.609070 ) 
4 57 112 (0 0 -800 ) (0 0 73 ) (-464 0 73 ) (-464 0 -800 ) 
4 57 110 (0 0 73 ) (0 0 136 ) (-464 0 136 ) (-464 0 73 ) 
4 57 103 (0 0 136 ) (0 0 213 ) (-464 0 213 ) (-464 0 136 ) 
4 57 102 (0 0 213 ) (0 0 270 ) (-464 0 270 ) (-464 0 213 ) 
4 57 101 (-192 0 271 ) (-464 0 271 ) (-464 0 270 ) (-192 0 270 ) 
4 57 99 (-184 0 271 ) (-192 0 271 ) (-192 0 270 ) (-184 0 270 ) 
4 57 97 (0 0 270 ) (0 0 271 ) (-184 0 271 ) (-184 0 270 ) 
4 57 95 (0 0 271 ) (0 0 800 ) (-464 0 800 ) (-464 0 271 ) 
4 57 58 (-464 88 73 ) (-464 0 73 ) (-464 0 213 ) (-464 88 213 ) 
4 58 110 (-464 0 73 ) (-464 0 136 ) (-472 0 136 ) (-472 0 73 ) 
4 58 104 (-464 0 136 ) (-464 0 213 ) (-472 0 213 ) (-472 0 136 ) 
4 58 61 (-472 0 73 ) (-472 0 213 ) (-472 88 213 ) (-472 88 73 ) 
4 59 63 (-1024 1024 1024 ) (-1024 1024 214 ) (-1024 598.857056 214 ) (-1024 598.857056 1024 ) 
3 59 60 (-1024 598.857056 214 ) (-1024 1024 214 ) (-884.500000 1024 214 ) 
4 60 68 (-1024 1024 73 ) (-1024 1024 0 ) (-1024 598.857056 0 ) (-1024 598.857056 73 ) 
4 60 65 (-1024 1024 214 ) (-1024 1024 73 ) (-1024 598.857056 73 ) (-1024 598.857056 214 ) 
4 61 110 (-472 0 73 ) (-472 0 136 ) (-1024 0 136 ) (-1024 0 73 ) 
4 61 105 (-472 0 136 ) (-472 0 214 ) (-1024 0 214 ) (-1024 0 136 ) 
4 61 66 (-1024 0 73 ) (-1024 0 214 ) (-1024 88 214 ) (-1024 88 73 ) 
4 62 69 (-1088 191.332794 1024 ) (-1088 403.809540 1024 ) (-1088 403.809509 214 ) (-1088 191.332764 214 ) 
3 62 64 (-1088 191.332794 214 ) (-1088 403.809540 214 ) (-1042 544 214 ) 
4 62 63 (-1042 544.004272 214 ) (-1088 403.812500 214 ) (-1088 403.812439 1024 ) (-1042 544.005188 1024 ) 
4 63 69 (-1088 403.809540 1024 ) (-1088 1024 1024 ) (-1088 1024 214 ) (-1088 403.809509 214 ) 
4 63 65 (-1088 403.809540 214 ) (-1088 1024 214 ) (-1024 1024 214 ) (-1024 598.857056 214 ) 
4 64 71 (-1088 403.809540 213 ) (-1088 403.809570 73 ) (-1088 191.332870 73 ) (-1088 191.332855 213 ) 
4 64 69 (-1088 191.332855 214 ) (-1088 403.809540 214 ) (-1088 403.809540 213 ) (-1088 191.332855 213 ) 
3 64 67 (-1088 191.332855 73 ) (-1088 403.809540 73 ) (-1042 544 73 ) 
4 64 65 (-1042 544 73 ) (-1088 403.808594 73 ) (-1088 403.812500 214 ) (-1042 544.005249 214 ) 
4 65 71 (-1088 1024 213 ) (-1088 1024 73 ) (-1088 403.809570 73 ) (-1088 403.809540 213 ) 
4 65 69 (-1088 403.809540 214 ) (-1088 1024 214 ) (-1088 1024 213 ) (-1088 403.809540 213 ) 
4 65 68 (-1088 403.809540 73 ) (-1088 1024 73 ) (-1024 1024 73 ) (-1024 598.857056 73 ) 
4 66 118 (-1024 0 73 ) (-1024 0 213 ) (-1088 0 213 ) (-1088 0 73 ) 
4 66 117 (-1024 0 213 ) (-1024 0 214 ) (-1088 0 214 ) (-1088 0 213 ) 
4 66 70 (-1088 0 73 ) (-1088 0 213 ) (-1088 78 213 ) (-1088 78 73 ) 
4 67 71 (-1088 191.332794 73 ) (-1088 403.809540 73 ) (-1088 403.809540 24.761902 ) (-1088 191.332794 62.291992 ) 
4 67 68 (-1088 403.808655 24.761963 ) (-1088 403.808594 73 ) (-1042 543.998901 73 ) (-1042 544 0 ) 
5 68 71 (-1088 403.809540 73 ) (-1088 1024 73 ) (-1088 1024 0 ) (-1088 544 0 ) (-1088 403.809540 24.761963 ) 
4 69 72 (-1090 176 1024 ) (-1090 1024 1024 ) (-1090 1024 213 ) (-1090 176 213 ) 
4 69 71 (-1090 176 213 ) (-1090 1024 213 ) (-1088 1024 213 ) (-1088 191.332764 213 ) 
4 70 119 (-1088 0 73 ) (-1088 0 213 ) (-1090 0 213 ) (-1090 0 73 ) 
4 70 72 (-1090 0 73 ) (-1090 0 213 ) (-1090 78 213 ) (-1090 78 73 ) 
4 71 74 (-1090 1024 65 ) (-1090 1024 0 ) (-1090 544 0 ) (-1090 176 65 ) 
4 71 72 (-1090 176 213 ) (-1090 1024 213 ) (-1090 1024 65 ) (-1090 176 65 ) 
4 72 126 (-1090 0 65 ) (-1090 0 99 ) (-1520 0 99 ) (-1520 0 65 ) 
4 72 129 (-1520 0 99 ) (-2048 0 99 ) (-2048 0 65 ) (-1520 0 65 ) 
4 72 122 (-2048 0 120 ) (-2048 0 119 ) (-1306 0 119 ) (-1306 0 120 ) 
4 72 121 (-1306 0 1024 ) (-2048 0 1024 ) (-2048 0 120 ) (-1306 0 120 ) 
4 72 125 (-2048 0 119 ) (-2048 0 99 ) (-1306 0 99 ) (-1306 0 119 ) 
4 72 120 (-1090 0 99 ) (-1090 0 1024 ) (-1306 0 1024 ) (-1306 0 99 ) 
4 72 83 (-2048 0 65 ) (-2048 0 1024 ) (-2048 1024 1024 ) (-2048 1024 65 ) 
3 72 77 (-1304 0 65 ) (-1326.956543 0 65 ) (-1304 176 65 ) 
4 72 74 (-1090 1024 65 ) (-1090 176 65 ) (-1304 176 65 ) (-1193.391357 1024 65 ) 
4 72 73 (-1326.956543 0 65 ) (-2048 0 65 ) (-2048 1024 65 ) (-1193.391357 1024 65 ) 
4 73 128 (-1326.956543 0 65 ) (-1520 0 65 ) (-1520 0 -2712 ) (-1326.956543 0 -2712 ) 
4 73 129 (-1520 0 65 ) (-2048 0 65 ) (-2048 0 -2712 ) (-1520 0 -2712 ) 
4 73 83 (-2048 0 -2712 ) (-2048 0 65 ) (-2048 1024 65 ) (-2048 1024 -2712 ) 
4 73 76 (-1256 544 -2712 ) (-1193.390625 1024 -2712 ) (-1193.390991 1024 -84.782715 ) (-1256 544 0 ) 
4 73 77 (-1326.955811 0 -2712 ) (-1304 175.994583 -2712 ) (-1304 176 65 ) (-1326.956177 0 65 ) 
3 73 75 (-1193.390991 1024 -84.782715 ) (-1193.390991 1024 0 ) (-1256 544 0 ) 
4 73 74 (-1193.390991 1024 0 ) (-1193.390991 1024 65 ) (-1304 176 65 ) (-1256 544 0 ) 
3 74 75 (-1255.993652 544.016846 0 ) (-1193.387207 1024 0 ) (-1098.499023 1024 0 ) 
4 75 76 (-1256.002930 543.996094 0 ) (-1193.393799 1024 -84.783279 ) (-1098.499023 1024 -84.783279 ) (-1256 543.996094 0 ) 
4 77 128 (-1304 0 65 ) (-1326.956543 0 65 ) (-1326.956543 0 -2712 ) (-1304 0 -2712 ) 
4 78 81 (-2048 2048 -2712 ) (-2048 2048 1024 ) (-3072 2048 1024 ) (-3072 2048 -2712 ) 
4 78 79 (-3072 2048 -2712 ) (-3072 2048 1024 ) (-3072 2206 1024 ) (-3072 2206 -2712 ) 
4 79 82 (-3072 2048 -2712 ) (-3072 2048 1024 ) (-4096 2048 1024 ) (-4096 2048 -2712 ) 
4 79 80 (-4096 2048 -2712 ) (-4096 2048 1024 ) (-4096 2206 1024 ) (-4096 2206 -2712 ) 
4 80 85 (-4096 2048 -2712 ) (-4096 2048 1024 ) (-4664 2048 1024 ) (-4664 2048 -2712 ) 
4 81 83 (-2048 1024 -2712 ) (-2048 1024 1024 ) (-3072 1024 1024 ) (-3072 1024 -2712 ) 
4 81 82 (-3072 2048 1024 ) (-3072 2048 -2712 ) (-3072 1024 -2712 ) (-3072 1024 1024 ) 
4 82 85 (-4096 2048 1024 ) (-4096 2048 -2712 ) (-4096 1024 -2712 ) (-4096 1024 1024 ) 
4 82 84 (-3072 1024 -2712 ) (-3072 1024 1024 ) (-4096 1024 1024 ) (-4096 1024 -2712 ) 
4 83 184 (-2048 0 -2712 ) (-2048 0 1024 ) (-3072 0 1024 ) (-3072 0 -2712 ) 
4 83 84 (-3072 1024 1024 ) (-3072 1024 -2712 ) (-3072 0 -2712 ) (-3072 0 1024 ) 
4 84 185 (-3072 0 -2712 ) (-3072 0 1024 ) (-4096 0 1024 ) (-4096 0 -2712 ) 
4 84 86 (-4096 0 -2712 ) (-4096 0 1024 ) (-4096 1024 1024 ) (-4096 1024 -2712 ) 
4 85 86 (-4096 1024 -2712 ) (-4096 1024 1024 ) (-4664 1024 1024 ) (-4664 1024 -2712 ) 
4 86 188 (-4096 0 -2712 ) (-4096 0 1024 ) (-4664 0 1024 ) (-4664 0 -2712 ) 
4 88 94 (0 0 1036.610107 ) (0 0 964.609070 ) (0 -44 964.609070 ) (0 -44 1036.610107 ) 
4 89 112 (0 0 73 ) (0 0 -800 ) (0 -318 -800 ) (0 -318 73 ) 
4 89 111 (0 -96 73 ) (0 -318 73 ) (0 -318 136 ) (0 -96 136 ) 
4 89 110 (0 0 136 ) (0 0 73 ) (0 -96 73 ) (0 -96 136 ) 
4 89 103 (0 0 213 ) (0 0 136 ) (0 -318 136 ) (0 -318 213 ) 
4 89 102 (0 0 270 ) (0 0 213 ) (0 -318 213 ) (0 -318 270 ) 
4 89 97 (0 0 271 ) (0 0 270 ) (0 -318 270 ) (0 -318 271 ) 
4 89 95 (0 0 800 ) (0 0 271 ) (0 -318 271 ) (0 -318 800 ) 
4 90 115 (0 -1024 130 ) (0 -1024 136 ) (0 -840 136 ) (0 -840 130 ) 
4 90 113 (0 -840 136 ) (0 -836 136 ) (0 -836 130 ) (0 -840 130 ) 
4 90 106 (0 -1024 136 ) (0 -1024 270 ) (0 -836 270 ) (0 -836 136 ) 
4 90 98 (0 -1024 270 ) (0 -1024 271 ) (0 -836 271 ) (0 -836 270 ) 
4 90 96 (0 -1024 271 ) (0 -1024 409 ) (0 -836 409 ) (0 -836 271 ) 
4 90 92 (32 -1024 130 ) (32 -1024 409 ) (0 -1024 409 ) (0 -1024 130 ) 
4 91 130 (0 -1232 410 ) (0 -1232 979 ) (0 -1230 979 ) (0 -1230 410 ) 
4 91 93 (32 -1232 410 ) (32 -1232 979 ) (0 -1232 979 ) (0 -1232 410 ) 
4 92 131 (0 -1232 130 ) (0 -1232 409 ) (0 -1024 409 ) (0 -1024 130 ) 
4 92 93 (32 -1232 130 ) (32 -1232 409 ) (0 -1232 409 ) (0 -1232 130 ) 
4 93 132 (0 -1400 979 ) (0 -1232 979 ) (0 -1232 -424 ) (0 -1400 -424 ) 
4 95 101 (-464 0 271 ) (-192 0 271 ) (-192 -318 271 ) (-464 -318 271 ) 
4 95 99 (-192 0 271 ) (-184 0 271 ) (-184 -318 271 ) (-192 -318 271 ) 
4 95 97 (-184 0 271 ) (0 0 271 ) (0 -318 271 ) (-184 -318 271 ) 
4 96 133 (-192 -1024 409 ) (-292 -1024 409 ) (-292 -1024 271 ) (-192 -1024 271 ) 
4 96 131 (0 -1024 271 ) (0 -1024 409 ) (-192 -1024 409 ) (-192 -1024 271 ) 
4 96 100 (-184 -1024 271 ) (-192 -1024 271 ) (-192 -840 271 ) (-184 -840 271 ) 
4 96 98 (0 -1024 271 ) (-184 -1024 271 ) (-184 -836 271 ) (0 -836 271 ) 
4 97 102 (-184 0 270 ) (0 0 270 ) (0 -318 270 ) (-184 -318 270 ) 
4 97 99 (-184 0 270 ) (-184 -318 270 ) (-184 -318 271 ) (-184 0 271 ) 
4 98 131 (0 -1024 270 ) (0 -1024 271 ) (-184 -1024 271 ) (-184 -1024 270 ) 
4 98 106 (0 -836 270 ) (0 -1024 270 ) (-184 -1024 270 ) (-184 -836 270 ) 
4 98 100 (-184 -840 270 ) (-184 -1024 270 ) (-184 -1024 271 ) (-184 -840 271 ) 
4 99 102 (-192 0 270 ) (-184 0 270 ) (-184 -318 270 ) (-192 -318 270 ) 
4 99 101 (-192 0 270 ) (-192 -318 270 ) (-192 -318 271 ) (-192 0 271 ) 
4 100 131 (-184 -1024 271 ) (-192 -1024 271 ) (-192 -1024 270 ) (-184 -1024 270 ) 
4 100 107 (-184 -840 270 ) (-184 -1024 270 ) (-192 -1024 270 ) (-192 -840 270 ) 
4 101 102 (-464 0 270 ) (-192 0 270 ) (-192 -318 270 ) (-464 -318 270 ) 
4 102 103 (0 -318 213 ) (-464 -318 213 ) (-464 0 213 ) (0 0 213 ) 
4 103 111 (0 -96 136 ) (0 -318 136 ) (-464 -318 136 ) (-464 -96 136 ) 
4 103 110 (-464 0 136 ) (0 0 136 ) (0 -96 136 ) (-464 -96 136 ) 
4 103 104 (-464 0 136 ) (-464 -96 136 ) (-464 -96 213 ) (-464 0 213 ) 
4 104 110 (-472 0 136 ) (-464 0 136 ) (-464 -96 136 ) (-472 -96 136 ) 
4 104 105 (-472 0 136 ) (-472 -96 136 ) (-472 -96 213 ) (-472 0 213 ) 
4 105 118 (-1024 0 213 ) (-1024 0 136 ) (-1024 -96 136 ) (-1024 -96 213 ) 
4 105 117 (-1024 0 214 ) (-1024 0 213 ) (-1024 -96 213 ) (-1024 -96 214 ) 
4 105 110 (-1024 -96 136 ) (-1024 0 136 ) (-472 0 136 ) (-472 -96 136 ) 
4 106 131 (0 -1024 136 ) (0 -1024 270 ) (-184 -1024 270 ) (-184 -1024 136 ) 
4 106 115 (0 -1024 136 ) (-184 -1024 136 ) (-184 -840 136 ) (0 -840 136 ) 
4 106 113 (-184 -840 136 ) (-184 -836 136 ) (0 -836 136 ) (0 -840 136 ) 
4 106 107 (-184 -840 136 ) (-184 -1024 136 ) (-184 -1024 270 ) (-184 -840 270 ) 
4 107 140 (-192 -1024 270 ) (-288 -1024 270 ) (-288 -1024 136 ) (-192 -1024 136 ) 
4 107 131 (-184 -1024 270 ) (-192 -1024 270 ) (-192 -1024 136 ) (-184 -1024 136 ) 
4 107 116 (-288 -976 136 ) (-288 -840 136 ) (-192 -840 136 ) (-192 -976 136 ) 
4 107 115 (-184 -1024 136 ) (-192 -1024 136 ) (-192 -840 136 ) (-184 -840 136 ) 
4 107 108 (-288 -840 136 ) (-288 -1024 136 ) (-288 -1024 270 ) (-288 -840 270 ) 
4 108 140 (-288 -1024 270 ) (-449 -1024 270 ) (-449 -1024 136 ) (-288 -1024 136 ) 
4 108 116 (-449 -976 136 ) (-449 -840 136 ) (-288 -840 136 ) (-288 -976 136 ) 
4 108 114 (-449 -840 136 ) (-449 -704 136 ) (-288 -704 136 ) (-288 -840 136 ) 
4 108 109 (-449 -984 136 ) (-449 -1024 136 ) (-449 -1024 270 ) (-449 -984 270 ) 
4 109 140 (-449 -1024 270 ) (-528 -1024 270 ) (-528 -1024 136 ) (-449 -1024 136 ) 
4 110 118 (-1024 0 136 ) (-1024 0 73 ) (-1024 -96 73 ) (-1024 -96 136 ) 
4 110 112 (-464 0 73 ) (0 0 73 ) (0 -96 73 ) (-464 -96 73 ) 
4 110 111 (-464 -96 73 ) (0 -96 73 ) (0 -96 136 ) (-464 -96 136 ) 
4 111 112 (0 -318 73 ) (-464 -318 73 ) (-464 -96 73 ) (0 -96 73 ) 
4 113 115 (0 -840 130 ) (0 -840 136 ) (-184 -840 136 ) (-184 -840 130 ) 
4 114 116 (-288 -840 130 ) (-288 -840 136 ) (-449 -840 136 ) (-449 -840 130 ) 
4 115 131 (0 -1024 130 ) (0 -1024 136 ) (-192 -1024 136 ) (-192 -1024 130 ) 
4 115 116 (-192 -840 136 ) (-192 -840 130 ) (-192 -976 130 ) (-192 -976 136 ) 
4 117 118 (-1088 -96 213 ) (-1088 0 213 ) (-1024 0 213 ) (-1024 -96 213 ) 
4 118 119 (-1088 0 73 ) (-1088 -82 73 ) (-1088 -82 213 ) (-1088 0 213 ) 
4 119 126 (-1090 0 99 ) (-1090 0 73 ) (-1090 -82 73 ) (-1090 -82 99 ) 
4 119 120 (-1090 -82 213 ) (-1090 0 213 ) (-1090 0 99 ) (-1090 -82 99 ) 
5 120 126 (-1306 0 99 ) (-1090 0 99 ) (-1090 -208 99 ) (-1138 -576 99 ) (-1306 -576 99 ) 
4 120 122 (-1306 -960 119 ) (-1306 -960 120 ) (-1306 0 120 ) (-1306 0 119 ) 
4 120 121 (-1306 -960 120 ) (-1306 -960 1024 ) (-1306 0 1024 ) (-1306 0 120 ) 
4 120 125 (-1306 0 99 ) (-1306 -960 99 ) (-1306 -960 119 ) (-1306 0 119 ) 
4 121 184 (-2048 0 1024 ) (-2048 0 120 ) (-2048 -1024 120 ) (-2048 -1024 1024 ) 
4 121 163 (-1306 -1024 1024 ) (-2048 -1024 1024 ) (-2048 -1024 120 ) (-1306 -1024 120 ) 
4 121 124 (-2048 -960.824036 120 ) (-2048 -489.895996 120 ) (-1517.229980 -842.085449 120 ) (-1518.010254 -852 120 ) 
5 121 123 (-1306 -982.245789 120 ) (-1306 -1024 120 ) (-2048 -1024 120 ) (-2048 -960.824036 120 ) (-1506.003540 -849.534607 120 ) 
4 121 122 (-2048 0 120 ) (-1306 0 120 ) (-1306 -982.245789 120 ) (-2048 -489.895996 120 ) 
4 122 184 (-2048 0 120 ) (-2048 0 119 ) (-2048 -489.893982 119 ) (-2048 -489.895996 120 ) 
4 122 124 (-2048 -489.894531 119 ) (-1517.220093 -842.091675 119 ) (-1517.229858 -842.085693 120 ) (-2048 -489.896301 120 ) 
4 122 123 (-1506 -849.536133 119 ) (-1306 -982.246094 119 ) (-1306 -982.246094 120 ) (-1506.003906 -849.534668 120 ) 
4 122 125 (-2048 -489.893982 119 ) (-2048 0 119 ) (-1306 0 119 ) (-1306 -982.243713 119 ) 
4 123 184 (-2048 -960.826172 119 ) (-2048 -1024 119 ) (-2048 -1024 120 ) (-2048 -960.824036 120 ) 
4 123 163 (-2048 -1024 120 ) (-2048 -1024 119 ) (-1306 -1024 119 ) (-1306 -1024 120 ) 
4 123 124 (-1518 -852 119 ) (-2048 -960.826233 119 ) (-2048 -960.823669 120 ) (-1518.010254 -852 120 ) 
5 123 125 (-2048 -1024 119 ) (-2048 -960.826111 119 ) (-1505.998779 -849.535706 119 ) (-1306 -982.243713 119 ) (-1306 -1024 119 ) 
4 124 184 (-2048 -489.893982 119 ) (-2048 -960.826172 119 ) (-2048 -960.824036 120 ) (-2048 -489.895996 120 ) 
4 124 125 (-2048 -960.826111 119 ) (-2048 -489.893982 119 ) (-1517.219971 -842.089966 119 ) (-1518 -852 119 ) 
4 125 184 (-2048 0 119 ) (-2048 0 99 ) (-2048 -1024 99 ) (-2048 -1024 119 ) 
4 125 163 (-2048 -1024 119 ) (-2048 -1024 99 ) (-1306 -1024 99 ) (-1306 -1024 119 ) 
3 125 127 (-1520 -960 99 ) (-1520 -576 99 ) (-1352 -576 99 ) 
4 125 126 (-1520 0 99 ) (-1306 0 99 ) (-1306 -576 99 ) (-1520 -576 99 ) 
4 125 129 (-2048 0 99 ) (-1520 0 99 ) (-1520 -1024 99 ) (-2048 -1024 99 ) 
4 126 128 (-1304 -208 65 ) (-1520 -208 65 ) (-1520 0 65 ) (-1304 0 65 ) 
4 126 127 (-1520 -208.001907 65 ) (-1304 -208.001923 65 ) (-1352 -576.002197 99 ) (-1520 -576.001953 99 ) 
4 126 129 (-1520 -576 99 ) (-1520 0 99 ) (-1520 0 65 ) (-1520 -208 65 ) 
4 127 128 (-1520 -960 65 ) (-1520 -208 65 ) (-1304 -208 65 ) (-1352 -576 65 ) 
4 127 129 (-1520 -960 99 ) (-1520 -576 99 ) (-1520 -208 65 ) (-1520 -960 65 ) 
4 128 129 (-1520 0 -2712 ) (-1520 -960 -2712 ) (-1520 -960 65 ) (-1520 0 65 ) 
4 129 184 (-2048 0 99 ) (-2048 0 -2712 ) (-2048 -1024 -2712 ) (-2048 -1024 99 ) 
4 129 169 (-2048 -1024 68 ) (-2048 -1024 -2712 ) (-1520 -1024 -2712 ) (-1520 -1024 68 ) 
4 129 164 (-1520 -1024 99 ) (-2048 -1024 99 ) (-2048 -1024 68 ) (-1520 -1024 68 ) 
4 130 132 (0 -1232 410 ) (0 -1232 979 ) (-184 -1232 979 ) (-184 -1232 410 ) 
4 131 140 (-192 -1232 136 ) (-192 -1232 270 ) (-192 -1024 270 ) (-192 -1024 136 ) 
4 131 133 (-192 -1232 271 ) (-192 -1232 409 ) (-192 -1024 409 ) (-192 -1024 271 ) 
4 131 132 (0 -1232 130 ) (0 -1232 409 ) (-184 -1232 409 ) (-184 -1232 130 ) 
4 133 134 (-292 -1232 409 ) (-292 -1232 271 ) (-192 -1232 271 ) (-192 -1232 409 ) 
4 135 137 (-381 -1407 271 ) (-381 -1407 384 ) (-389 -1407 384 ) (-389 -1407 271 ) 
4 135 138 (-389 -1407 384 ) (-535 -1407 384 ) (-535 -1407 271 ) (-389 -1407 271 ) 
4 135 136 (-535 -1194 384 ) (-535 -1194 271 ) (-535 -1407 271 ) (-535 -1407 384 ) 
4 136 146 (-536 -1194 270 ) (-536 -1407 270 ) (-536 -1407 384 ) (-536 -1194 384 ) 
4 136 138 (-536 -1407 270 ) (-535 -1407 270 ) (-535 -1407 384 ) (-536 -1407 384 ) 
4 137 139 (-381 -1520 271 ) (-381 -1520 384 ) (-389 -1520 384 ) (-389 -1520 271 ) 
4 137 138 (-389 -1407 384 ) (-389 -1407 271 ) (-389 -1520 271 ) (-389 -1520 384 ) 
4 138 146 (-536 -1407 270 ) (-536 -1520 270 ) (-536 -1520 384 ) (-536 -1407 384 ) 
4 138 143 (-536 -1520 270 ) (-536 -1408 270 ) (-390 -1408 270 ) (-390 -1520 270 ) 
4 138 139 (-536 -1520 270 ) (-389 -1520 270 ) (-389 -1520 384 ) (-536 -1520 384 ) 
4 139 146 (-536 -1520 270 ) (-536 -1896 270 ) (-536 -1896 384 ) (-536 -1520 384 ) 
4 139 144 (-536 -1896 270 ) (-536 -1520 270 ) (-381 -1520 270 ) (-381 -1896 270 ) 
4 140 142 (-504 -1400 136 ) (-416 -1400 136 ) (-416 -1400 246 ) (-504 -1400 246 ) 
4 140 141 (-528 -1359 174 ) (-528 -1359 246 ) (-528 -1263 246 ) (-528 -1263 174 ) 
4 141 147 (-536 -1359 174 ) (-536 -1359 246 ) (-536 -1263 246 ) (-536 -1263 174 ) 
4 142 143 (-504 -1408 136 ) (-416 -1408 136 ) (-416 -1408 246 ) (-504 -1408 246 ) 
4 143 147 (-536 -1408 136 ) (-536 -1520 136 ) (-536 -1520 249 ) (-536 -1408 249 ) 
4 143 146 (-536 -1520 249 ) (-536 -1520 270 ) (-536 -1408 270 ) (-536 -1408 249 ) 
4 143 144 (-536 -1520 136 ) (-390 -1520 136 ) (-390 -1520 270 ) (-536 -1520 270 ) 
4 144 149 (-536 -1520 136 ) (-536 -1896 136 ) (-536 -1896 249 ) (-536 -1520 249 ) 
4 144 146 (-536 -1896 249 ) (-536 -1896 270 ) (-536 -1520 270 ) (-536 -1520 249 ) 
4 144 145 (-536 -1896 136 ) (-536 -1520 136 ) (-381 -1520 136 ) (-381 -1896 136 ) 
4 145 149 (-536 -1520 97 ) (-536 -1896 97 ) (-536 -1896 136 ) (-536 -1520 136 ) 
4 146 147 (-536 -1194 249 ) (-536 -1520 249 ) (-632 -1520 249 ) (-632 -1194 249 ) 
4 146 149 (-536 -1520 249 ) (-536 -1896 249 ) (-632 -1896 249 ) (-632 -1520 249 ) 
4 146 150 (-632 -1896 249 ) (-757 -1896 249 ) (-757 -1194 249 ) (-632 -1194 249 ) 
3 147 148 (-552 -1520 136 ) (-632 -1520 136 ) (-632 -1456 136 ) 
4 147 149 (-632 -1520 249 ) (-632 -1520 136 ) (-536 -1520 136 ) (-536 -1520 249 ) 
4 147 150 (-632 -1194 249 ) (-632 -1194 136 ) (-632 -1520 136 ) (-632 -1520 249 ) 
4 148 150 (-632 -1456 97 ) (-632 -1520 97 ) (-632 -1520 136 ) (-632 -1456 136 ) 
4 148 149 (-632 -1520 136 ) (-632 -1520 97 ) (-552 -1520 97 ) (-552 -1520 136 ) 
4 149 150 (-632 -1520 97 ) (-632 -1896 97 ) (-632 -1896 249 ) (-632 -1520 249 ) 
4 150 153 (-757 -1606.848389 249 ) (-757 -1592 249 ) (-757 -1592 97 ) (-757 -1606.848389 97 ) 
4 150 151 (-757 -1752 249 ) (-757 -1606.848389 249 ) (-757 -1606.848389 97 ) (-757 -1752 97 ) 
4 151 153 (-757 -1606.849243 249 ) (-757 -1606.849243 97 ) (-759 -1606 97 ) (-759 -1606 249 ) 
4 151 152 (-759 -1606.001953 249 ) (-759 -1606.001953 97 ) (-759 -1752 97 ) (-759 -1752 249 ) 
4 152 157 (-1024 -1640 97 ) (-1024 -1653.575684 97 ) (-1024 -1653.575684 249 ) (-1024 -1640 249 ) 
4 152 156 (-1024 -1493.575684 97 ) (-1024 -1640 97 ) (-1024 -1640 249 ) (-1024 -1493.575684 249 ) 
4 152 154 (-759 -1606 97 ) (-792.001709 -1592 97 ) (-792.001709 -1592 249 ) (-759 -1606 249 ) 
4 153 154 (-759 -1592 249 ) (-759 -1592 97 ) (-759 -1606 97 ) (-759 -1606 249 ) 
4 155 171 (-1112 -2048 1024 ) (-1304 -2048 1024 ) (-1304 -2048 249 ) (-1112 -2048 249 ) 
4 155 162 (-1304 -2048 249 ) (-1304 -2048 1024 ) (-1304 -1680 1024 ) (-1304 -1680 249 ) 
4 155 159 (-1112 -2048 249 ) (-1304 -2048 249 ) (-1304 -1680 249 ) (-1112 -1680 249 ) 
4 156 158 (-1112 -1480 97 ) (-1112 -1640 97 ) (-1112 -1640 249 ) (-1112 -1480 249 ) 
4 156 157 (-1056 -1640 97 ) (-1024 -1640 97 ) (-1024 -1640 249 ) (-1056 -1640 249 ) 
4 158 161 (-1304 -1640 249 ) (-1304 -1480 249 ) (-1304 -1480 99 ) (-1304 -1640 99 ) 
4 159 171 (-1112 -2048 249 ) (-1304 -2048 249 ) (-1304 -2048 99 ) (-1112 -2048 99 ) 
4 159 162 (-1304 -2048 99 ) (-1304 -2048 249 ) (-1304 -1680 249 ) (-1304 -1680 99 ) 
4 160 178 (-1304 -2048 68 ) (-1304 -2048 -2712 ) (-1112 -2048 -2712 ) (-1112 -2048 68 ) 
4 160 172 (-1304 -2048 96 ) (-1304 -2048 68 ) (-1112 -2048 68 ) (-1112 -2048 96 ) 
4 160 167 (-1304 -2048 -2712 ) (-1304 -2048 68 ) (-1304 -1680 68 ) (-1304 -1680 -2712 ) 
4 160 166 (-1304 -2048 68 ) (-1304 -2048 96 ) (-1304 -1976 96 ) (-1304 -1976 68 ) 
4 161 163 (-1306 -1480 99 ) (-1306 -1640 99 ) (-1306 -1640 249 ) (-1306 -1480 249 ) 
4 162 174 (-1304.666748 -2048 1024 ) (-1306 -2048 1024 ) (-1306 -2048 99 ) (-1304.666748 -2048 99 ) 
4 162 171 (-1304 -2048 99 ) (-1304 -2048 1024 ) (-1304.666748 -2048 1024 ) (-1304.666748 -2048 99 ) 
4 162 163 (-1306 -1680 99 ) (-1306 -2048 99 ) (-1306 -2048 1024 ) (-1306 -1680 1024 ) 
4 163 186 (-2048 -2048 99 ) (-2048 -2048 1024 ) (-2048 -1024 1024 ) (-2048 -1024 99 ) 
4 163 175 (-1306 -2048 1024 ) (-2048 -2048 1024 ) (-2048 -2048 99 ) (-1306 -2048 99 ) 
4 163 165 (-2048 -2048 99 ) (-2048 -1976 99 ) (-1520 -1976 99 ) (-1544.888916 -2048 99 ) 
4 163 164 (-2048 -1976 99 ) (-2048 -1024 99 ) (-1520 -1024 99 ) (-1520 -1976 99 ) 
4 164 186 (-2048 -1976 99 ) (-2048 -1024 99 ) (-2048 -1024 68 ) (-2048 -1976 68 ) 
4 164 169 (-1520 -1976 68 ) (-2048 -1976 68 ) (-2048 -1024 68 ) (-1520 -1024 68 ) 
4 164 165 (-2048 -1976 68 ) (-1520 -1976 68 ) (-1520 -1976 99 ) (-2048 -1976 99 ) 
4 165 186 (-2048 -2048 68 ) (-2048 -2048 99 ) (-2048 -1976 99 ) (-2048 -1976 68 ) 
4 165 176 (-1544.888916 -2048 99 ) (-2048 -2048 99 ) (-2048 -2048 68 ) (-1544.888916 -2048 68 ) 
4 165 169 (-1544.888916 -2048 68 ) (-2048 -2048 68 ) (-2048 -1976 68 ) (-1520 -1976 68 ) 
4 166 172 (-1304 -2048 68 ) (-1304 -2048 96 ) (-1304.666748 -2048 96 ) (-1304.666748 -2048 68 ) 
4 166 167 (-1304 -1976 68 ) (-1304 -2048 68 ) (-1304.666748 -2048 68 ) (-1304.666748 -1976 68 ) 
4 167 178 (-1304 -2048 -2712 ) (-1304 -2048 68 ) (-1518 -2048 68 ) (-1518 -2048 -2712 ) 
4 167 168 (-1518 -1976 -2712 ) (-1518 -2048 -2712 ) (-1518 -2048 68 ) (-1518 -1976 68 ) 
4 168 178 (-1518 -2048 68 ) (-1520 -2048 68 ) (-1520 -2048 -2712 ) (-1518 -2048 -2712 ) 
4 168 170 (-1520 -1981.785645 -2712 ) (-1520 -2048 -2712 ) (-1520 -2048 68 ) (-1520 -1981.785645 68 ) 
4 169 186 (-2048 -2048 -2712 ) (-2048 -2048 68 ) (-2048 -1024 68 ) (-2048 -1024 -2712 ) 
4 169 177 (-1544.889038 -2048 68 ) (-2048 -2048 68 ) (-2048 -2048 -2712 ) (-1544.888916 -2048 -2712 ) 
4 170 178 (-1520 -2048 68 ) (-1542.888794 -2048 68 ) (-1542.888794 -2048 -2712 ) (-1520 -2048 -2712 ) 
4 171 174 (-1304.666748 -2622 99 ) (-1304.666748 -2622 1024 ) (-1304.666748 -2048 1024 ) (-1304.666748 -2048 99 ) 
4 172 178 (-1304.666748 -2622 68 ) (-1304.666748 -2048 68 ) (-1112 -2048 68 ) (-1112 -2622 68 ) 
4 172 173 (-1304.666748 -2622 96 ) (-1304.666748 -2622 68 ) (-1112 -2622 68 ) (-1112 -2622 96 ) 
4 173 178 (-1112 -2624 68 ) (-1304.666748 -2624 68 ) (-1304.666748 -2622 68 ) (-1112 -2622 68 ) 
4 174 175 (-1306 -2622 1024 ) (-1306 -2048 1024 ) (-1306 -2048 99 ) (-1306 -2622 99 ) 
4 175 190 (-2048 -2048 1024 ) (-2048 -2048 99 ) (-2048 -2624 99 ) (-2048 -2624 1024 ) 
4 175 182 (-2048 -2624 107 ) (-2048 -2624 99 ) (-1744 -2624 99 ) (-1744 -2624 107 ) 
4 175 179 (-1306 -2624 1024 ) (-2048 -2624 1024 ) (-2048 -2624 107 ) (-1306 -2624 107 ) 
4 175 176 (-2048 -2048 99 ) (-1544.888916 -2048 99 ) (-1744 -2624 99 ) (-2048 -2624 99 ) 
4 176 190 (-2048 -2048 99 ) (-2048 -2048 68 ) (-2048 -2624 68 ) (-2048 -2624 99 ) 
4 176 182 (-2048 -2624 99 ) (-2048 -2624 68 ) (-1744 -2624 68 ) (-1744 -2624 99 ) 
4 176 177 (-1744 -2624 68 ) (-2048 -2624 68 ) (-2048 -2048 68 ) (-1544.888916 -2048 68 ) 
4 177 190 (-2048 -2048 68 ) (-2048 -2048 -2712 ) (-2048 -2624 -2712 ) (-2048 -2624 68 ) 
4 177 182 (-2048 -2624 -2712 ) (-1744 -2624 -2712 ) (-1744 -2624 68 ) (-2048 -2624 68 ) 
4 178 180 (-1742 -2624 -2712 ) (-1112 -2624 -2712 ) (-1112 -2624 -701 ) (-1742 -2624 -701 ) 
4 179 190 (-2048 -3072 107 ) (-2048 -3072 1024 ) (-2048 -2624 1024 ) (-2048 -2624 107 ) 
4 179 183 (-2048 -3072 1024 ) (-2048 -3072 107 ) (-1112 -3072 107 ) (-1112 -3072 1024 ) 
4 179 181 (-1112 -2626 107 ) (-1112 -3072 107 ) (-1744 -3072 107 ) (-1744 -2626 107 ) 
4 179 182 (-2048 -3072 107 ) (-2048 -2624 107 ) (-1744 -2624 107 ) (-1744 -3072 107 ) 
4 180 181 (-1744 -2626 -701 ) (-1744 -2626 -2712 ) (-1112 -2626 -2712 ) (-1112 -2626 -701 ) 
4 180 182 (-1744 -2624 -701 ) (-1744 -2624 -2712 ) (-1744 -2626 -2712 ) (-1744 -2626 -701 ) 
4 181 183 (-1744 -3072 -2712 ) (-1112 -3072 -2712 ) (-1112 -3072 107 ) (-1744 -3072 107 ) 
4 181 182 (-1744 -3072 107 ) (-1744 -2626 107 ) (-1744 -2626 -2712 ) (-1744 -3072 -2712 ) 
4 182 190 (-2048 -3072 -2712 ) (-2048 -3072 107 ) (-2048 -2624 107 ) (-2048 -2624 -2712 ) 
4 182 183 (-2048 -3072 107 ) (-2048 -3072 -2712 ) (-1744 -3072 -2712 ) (-1744 -3072 107 ) 
4 183 192 (-2048 -3254 1024 ) (-2048 -3072 1024 ) (-2048 -3072 -2712 ) (-2048 -3254 -2712 ) 
4 184 186 (-2048 -1024 -2712 ) (-2048 -1024 1024 ) (-3072 -1024 1024 ) (-3072 -1024 -2712 ) 
4 184 185 (-3072 0 1024 ) (-3072 0 -2712 ) (-3072 -1024 -2712 ) (-3072 -1024 1024 ) 
4 185 188 (-4096 0 1024 ) (-4096 0 -2712 ) (-4096 -1024 -2712 ) (-4096 -1024 1024 ) 
4 185 187 (-3072 -1024 -2712 ) (-3072 -1024 1024 ) (-4096 -1024 1024 ) (-4096 -1024 -2712 ) 
4 186 190 (-2048 -2048 -2712 ) (-2048 -2048 1024 ) (-3072 -2048 1024 ) (-3072 -2048 -2712 ) 
4 186 187 (-3072 -1024 1024 ) (-3072 -1024 -2712 ) (-3072 -2048 -2712 ) (-3072 -2048 1024 ) 
4 187 191 (-3072 -2048 -2712 ) (-3072 -2048 1024 ) (-4096 -2048 1024 ) (-4096 -2048 -2712 ) 
4 187 189 (-4096 -2048 -2712 ) (-4096 -2048 1024 ) (-4096 -1024 1024 ) (-4096 -1024 -2712 ) 
4 188 189 (-4096 -1024 -2712 ) (-4096 -1024 1024 ) (-4664 -1024 1024 ) (-4664 -1024 -2712 ) 
4 189 194 (-4096 -2048 -2712 ) (-4096 -2048 1024 ) (-4664 -2048 1024 ) (-4664 -2048 -2712 ) 
4 190 192 (-2048 -3072 -2712 ) (-2048 -3072 1024 ) (-3072 -3072 1024 ) (-3072 -3072 -2712 ) 
4 190 191 (-3072 -2048 1024 ) (-3072 -2048 -2712 ) (-3072 -3072 -2712 ) (-3072 -3072 1024 ) 
4 191 194 (-4096 -2048 1024 ) (-4096 -2048 -2712 ) (-4096 -3072 -2712 ) (-4096 -3072 1024 ) 
4 191 193 (-3072 -3072 -2712 ) (-3072 -3072 1024 ) (-4096 -3072 1024 ) (-4096 -3072 -2712 ) 
4 192 193 (-3072 -3254 1024 ) (-3072 -3072 1024 ) (-3072 -3072 -2712 ) (-3072 -3254 -2712 ) 
4 193 195 (-4096 -3254 1024 ) (-4096 -3072 1024 ) (-4096 -3072 -2712 ) (-4096 -3254 -2712 ) 
4 194 195 (-4096 -3072 -2712 ) (-4096 -3072 1024 ) (-4664 -3072 1024 ) (-4664 -3072 -2712 ) 
