PRT1
159
393
4 0 3 (3338 576 136 ) (3338 616 136 ) (3378 616 136 ) (3378 576 136 ) 
4 1 2 (3378 626 136 ) (3378 712 136 ) (3378 712 64 ) (3378 626 64 ) 
4 2 5 (3338 626 136 ) (3338 712 136 ) (3338 712 64 ) (3338 626 64 ) 
4 3 4 (3338 576 64 ) (3338 616 64 ) (3378 616 64 ) (3378 576 64 ) 
4 6 15 (2176 -640 232 ) (2368 -640 232 ) (2368 -584 240.400009 ) (2176 -584 240.400009 ) 
4 6 15 (2144 -584 240.400009 ) (2144 -640 232 ) (2176 -640 232 ) (2176 -584 240.400009 ) 
4 6 11 (2176 -640 232 ) (2144 -640 232 ) (2144 -640 226 ) (2176 -640 226 ) 
4 6 15 (2088 -584 240.400009 ) (2088 -640 232 ) (2144 -640 232 ) (2144 -584 240.400009 ) 
4 6 12 (2144 -640 226 ) (2144 -640 231.996094 ) (2088 -640 232 ) (2088 -640 226 ) 
4 6 15 (2088 -584 240.402328 ) (2368 -584 240.402328 ) (2368 -584 528 ) (2088 -584 528 ) 
3 6 33 (2048 -640 232 ) (2048 -584 240.399979 ) (2048 -584 232 ) 
4 6 17 (2087.996094 -640 226 ) (2087.996094 -640 232 ) (2048 -640 232 ) (2048 -640 226 ) 
4 6 33 (2048 -640 528 ) (2048 -584 528 ) (2048 -584 240.399963 ) (2048 -640 232 ) 
4 6 18 (2048 -640 232.002029 ) (2088 -640 232.002029 ) (2088 -640 400 ) (2048 -640 400 ) 
4 6 33 (1736 -584 232 ) (2048 -584 232 ) (2048 -584 528 ) (1736 -584 528 ) 
4 6 35 (1808 -640 232 ) (1808 -640 226 ) (2048 -640 226 ) (2048 -640 232 ) 
4 6 37 (1808 -640 226 ) (1808 -640 232 ) (1744 -640 232 ) (1744 -640 226 ) 
4 7 14 (3072 -446 528 ) (3072 -248 528 ) (3072 -248 394 ) (3072 -446 394 ) 
4 7 8 (3304 -446 394 ) (3304 -446 528 ) (3072 -446 528 ) (3072 -446 394 ) 
4 8 6 (3072 -448 393 ) (3072 -448 394 ) (3072 -446 394 ) (3072 -446 393 ) 
4 8 14 (3072 -448 394 ) (3072 -448 528 ) (3072 -446 528 ) (3072 -446 394 ) 
4 9 6 (3072 -440 393 ) (3072 -248 393 ) (3072 -248 290.800049 ) (3072 -440 262 ) 
4 9 6 (3072 -248 290.800049 ) (3072 -248 259 ) (3072 -440 259 ) (3072 -440 262 ) 
4 10 6 (3072 -448 240 ) (3072 -448 256 ) (3072 -248 256 ) (3072 -248 240 ) 
4 11 20 (2393.599854 -1024 174.399963 ) (2144 -1024 174.399963 ) (2144 -1024 168.400024 ) (2393.599854 -1024 168.400009 ) 
4 11 16 (2144 -640 232 ) (2144 -1024 174.400009 ) (2393.599854 -1024 174.400009 ) (2368 -640 232 ) 
4 11 12 (2144 -1024 168.400024 ) (2144 -1024 174.403320 ) (2144 -640 232.003311 ) (2144 -640 226 ) 
4 12 21 (2120 -1024 174.399963 ) (2113.600098 -1024 174.399963 ) (2113.600098 -1024 168.400024 ) (2120 -1024 168.400009 ) 
4 12 20 (2144 -1024 168.399963 ) (2144 -1024 174.399963 ) (2120 -1024 174.399963 ) (2120 -1024 168.400009 ) 
4 12 16 (2088 -640 232 ) (2113.600098 -1024 174.400009 ) (2144 -1024 174.400009 ) (2144 -640 232 ) 
4 12 13 (2113.599854 -1024 174.396759 ) (2088 -640.003967 231.996216 ) (2088 -640.003967 226 ) (2113.599854 -1024 168.399963 ) 
4 13 22 (2113.600098 -1024 168.399963 ) (2113.600098 -1024 174.399963 ) (2088 -1024 174.399963 ) (2088 -1024 168.400024 ) 
4 13 17 (2088 -1024 168.399963 ) (2088 -1024 174.399963 ) (2088 -640 232 ) (2088 -640 226 ) 
3 13 16 (2088 -640 232 ) (2088 -1024 174.400009 ) (2113.600098 -1024 174.400009 ) 
4 14 6 (3072 -448 394 ) (3064 -448 394 ) (3064 -446 394 ) (3072 -446 394 ) 
4 15 6 (2088 -584 528 ) (2088 -584 240.399979 ) (2088 -640 232 ) (2088 -640 528 ) 
4 15 16 (2088 -640 232.003876 ) (2368 -640 232.003891 ) (2368 -640 400 ) (2088 -640 400 ) 
4 16 29 (2088 -1024 342.400024 ) (2088 -1024 328 ) (2120 -1024 328 ) (2120 -1024 342.400024 ) 
4 16 30 (2088 -1024 328 ) (2088 -1024 174.399963 ) (2120 -1024 174.399963 ) (2120 -1024 328 ) 
4 16 26 (2120 -1024 174.399963 ) (2393.599854 -1024 174.399963 ) (2393.599854 -1024 328 ) (2120 -1024 328 ) 
4 16 25 (2393.599854 -1024 328 ) (2393.599854 -1024 342.400024 ) (2120 -1024 342.400024 ) (2120 -1024 328 ) 
4 16 18 (2088 -1024 174.399963 ) (2088 -1024 342.400024 ) (2088 -640 400 ) (2088 -640 232 ) 
4 17 35 (2048 -1024 168.399963 ) (2048 -1024 174.399963 ) (2048 -640 232 ) (2048 -640 226 ) 
4 17 22 (2088 -1024 168.399963 ) (2088 -1024 174.399963 ) (2048 -1024 174.399963 ) (2048 -1024 168.400024 ) 
4 17 18 (2088 -1024 174.400085 ) (2088 -640 232 ) (2048 -640 232 ) (2048 -1024 174.400009 ) 
3 18 38 (2048 -1024 174.399963 ) (2048 -1024 232 ) (2048 -640 232 ) 
4 18 34 (2048 -1024 232 ) (2048 -1024 342.400024 ) (2048 -640 400 ) (2048 -640 232 ) 
4 18 29 (2088 -1024 328 ) (2088 -1024 342.400024 ) (2048 -1024 342.400024 ) (2048 -1024 328 ) 
4 18 30 (2088 -1024 174.399963 ) (2088 -1024 328 ) (2048 -1024 328 ) (2048 -1024 174.399963 ) 
4 19 75 (3592 -2048 -64 ) (3592 -2048 108 ) (3072 -2048 218.852783 ) (3072 -2048 45.844910 ) 
4 19 28 (3072 -2048 45.845032 ) (3072 -2048 154 ) (3072 -1896 154 ) (3072 -1896 45.844910 ) 
4 19 27 (3072 -2048 154 ) (3072 -2048 218.852783 ) (3072 -1896 218.852783 ) (3072 -1896 154 ) 
5 20 26 (2393.599854 -1024 174.398804 ) (2120 -1024 174.398804 ) (2120 -1159.992065 154 ) (2400 -1159.992065 154 ) (2400 -1120.001465 159.998581 ) 
3 20 24 (2120 -1160.022217 154 ) (2120 -1120 160.003296 ) (2120 -1120 154 ) 
4 20 21 (2120 -1120 160.003296 ) (2120 -1024 174.403320 ) (2120 -1024 168.399979 ) (2120 -1120 154 ) 
3 21 30 (2120 -1120 159.998718 ) (2120 -1024 174.398804 ) (2113.599854 -1024 174.398804 ) 
4 21 23 (2120 -1120.005859 154 ) (2120 -1120.005859 159.996094 ) (2119.998291 -1119.979858 160 ) (2117.333008 -1080 160 ) 
4 21 22 (2119.998291 -1119.979858 160 ) (2113.599609 -1024 174.396988 ) (2113.599609 -1024 168.400009 ) (2117.333008 -1080 160 ) 
4 22 42 (2048 -1120 160 ) (2048 -1024 174.399963 ) (2048 -1024 168.400009 ) (2048 -1080 160 ) 
4 22 30 (2120 -1119.991943 160 ) (2113.599854 -1024 174.398804 ) (2048 -1024 174.398804 ) (2048 -1119.992065 160 ) 
5 22 23 (2117.334229 -1080 160 ) (2120 -1119.988281 160 ) (2120 -1120 160 ) (2048 -1120 160 ) (2048 -1080 160 ) 
3 23 43 (2048 -1120 160 ) (2048 -1080 160 ) (2048 -1120 154 ) 
4 23 24 (2048 -1120 154 ) (2119.996094 -1120 154 ) (2119.996094 -1120 160 ) (2048 -1120 160 ) 
3 24 44 (2048 -1160 154 ) (2048 -1120 160 ) (2048 -1120 154 ) 
5 24 31 (2120 -1159.991943 154 ) (2120 -1120 159.998718 ) (2120 -1119.991943 160 ) (2048 -1119.992065 160 ) (2048 -1159.992065 154 ) 
3 25 29 (2120 -1024 342.400024 ) (2120 -1024 328 ) (2120 -1120 328 ) 
4 25 26 (2120 -1120 328 ) (2120 -1024 328 ) (2393.599854 -1024 328 ) (2400 -1120 328 ) 
4 26 31 (2120 -1120.028687 160 ) (2120 -1160.028687 154 ) (2120 -1896 154 ) (2120 -1896 160 ) 
5 26 30 (2120 -1024 328 ) (2120 -1024 174.404297 ) (2120 -1120.028687 160 ) (2120 -1896 160 ) (2120 -1896 328 ) 
4 26 27 (2120 -1896 328 ) (2120 -1896 154 ) (2400 -1896 154 ) (2400 -1896 328 ) 
5 27 79 (3072 -2048 154 ) (3072 -2048 218.852768 ) (2560 -2048 328 ) (2120 -2048 328 ) (2120 -2048 154 ) 
4 27 32 (2120 -2048 154 ) (2120 -2048 160 ) (2120 -1896 160 ) (2120 -1896 154 ) 
4 27 30 (2120 -2048 160 ) (2120 -2048 328 ) (2120 -1896 328 ) (2120 -1896 160 ) 
4 27 28 (2560 -1896 154 ) (3072 -1896 154 ) (3072 -2048 154 ) (2560 -2048 154 ) 
3 28 80 (3072 -2048 45.844955 ) (3072 -2048 154 ) (2560 -2048 154 ) 
3 29 45 (2048 -1024 342.400024 ) (2048 -1024 328 ) (2048 -1120 328 ) 
4 29 30 (2048 -1120 328 ) (2048 -1024 328 ) (2120 -1024 328 ) (2120 -1120 328 ) 
4 30 81 (2048 -2048 328 ) (2048 -2048 160 ) (2120 -2048 160 ) (2120 -2048 328 ) 
5 30 46 (2048 -2048 160 ) (2048 -2048 328 ) (2048 -1024 328 ) (2048 -1024 174.399963 ) (2048 -1120 160 ) 
4 30 32 (2120 -1896 160 ) (2120 -2048 160 ) (2048 -2048 160 ) (2048 -1896 160 ) 
4 30 31 (2048 -1119.996094 160 ) (2120 -1119.996094 160 ) (2120 -1896 160 ) (2048 -1896 160 ) 
4 31 47 (2048 -1896 160 ) (2048 -1120 160 ) (2048 -1160 154 ) (2048 -1896 154 ) 
4 31 32 (2048 -1896 154 ) (2120 -1896 154 ) (2120 -1896 160 ) (2048 -1896 160 ) 
4 32 82 (2048 -2048 160 ) (2048 -2048 154 ) (2120 -2048 154 ) (2120 -2048 160 ) 
4 32 48 (2048 -2048 154 ) (2048 -2048 160 ) (2048 -1896 160 ) (2048 -1896 154 ) 
4 33 6 (1736 -584 232 ) (1808 -584 232 ) (1808 -640 232 ) (1736 -640 232 ) 
4 33 6 (1808 -584 232 ) (2048 -584 232 ) (2048 -640 232 ) (1808 -640 232 ) 
4 33 34 (1744 -640 232 ) (2048 -640 232 ) (2048 -640 400 ) (1744 -640 400 ) 
4 34 54 (1782.400024 -1024 328 ) (1782.400024 -1024 232 ) (1792 -1024 232 ) (1792 -1024 328 ) 
4 34 53 (1792 -1024 232 ) (1856 -1024 232 ) (1856 -1024 328 ) (1792 -1024 328 ) 
4 34 52 (1856 -1024 342.400024 ) (1782.400024 -1024 342.400024 ) (1782.400024 -1024 328 ) (1856 -1024 328 ) 
4 34 45 (2048 -1024 328 ) (2048 -1024 342.400024 ) (1856 -1024 342.400024 ) (1856 -1024 328 ) 
4 34 46 (2048 -1024 232 ) (2048 -1024 328 ) (1856 -1024 328 ) (1856 -1024 232 ) 
4 34 38 (2048 -1024 232 ) (1782.400024 -1024 232 ) (1744 -640 232 ) (2048 -640 232 ) 
4 35 49 (1856 -1024 174.399963 ) (1846.400024 -1024 174.399963 ) (1846.400024 -1024 168.400024 ) (1856 -1024 168.400024 ) 
4 35 42 (2048 -1024 168.399963 ) (2048 -1024 174.399963 ) (1856 -1024 174.399963 ) (1856 -1024 168.400024 ) 
4 35 38 (2048 -639.998108 232 ) (1808 -639.998108 232 ) (1846.400024 -1024 174.399719 ) (2048 -1024 174.399719 ) 
4 35 36 (1808 -640.003906 232 ) (1808 -640.003906 226 ) (1846.399658 -1024 168.400024 ) (1846.399658 -1024 174.400604 ) 
4 36 50 (1846.400024 -1024 168.399963 ) (1846.400024 -1024 174.399963 ) (1808 -1024 174.399963 ) (1808 -1024 168.400024 ) 
3 36 38 (1808 -639.998108 232 ) (1808 -1024 174.399719 ) (1846.400024 -1024 174.399719 ) 
5 36 37 (1808 -1024 168.400024 ) (1808 -1024 174.404297 ) (1808 -640.027344 232 ) (1808 -640 232 ) (1808 -640 226 ) 
4 37 51 (1792 -1024 174.399963 ) (1782.400024 -1024 174.399963 ) (1782.400146 -1024 168.400009 ) (1792 -1024 168.400009 ) 
4 37 50 (1808 -1024 168.400009 ) (1808 -1024 174.399963 ) (1792 -1024 174.399963 ) (1792 -1024 168.400009 ) 
4 37 38 (1808 -639.998108 232 ) (1744 -639.998108 232 ) (1782.400146 -1024 174.399719 ) (1808 -1024 174.399719 ) 
4 38 54 (1792 -1024 232 ) (1782.400024 -1024 232 ) (1782.400024 -1024 174.399979 ) (1792 -1024 174.399979 ) 
4 38 53 (1856 -1024 232 ) (1792 -1024 232 ) (1792 -1024 174.399979 ) (1856 -1024 174.399979 ) 
4 38 46 (2048 -1024 174.399963 ) (2048 -1024 232 ) (1856 -1024 232 ) (1856 -1024 174.399979 ) 
4 39 72 (0 -447.048462 824 ) (0 -1024 824 ) (0 -1024 1016 ) (0 -447.048462 1016 ) 
4 39 60 (259.857117 -1024 1016 ) (0 -1024 1016 ) (0 -1024 824 ) (259.857117 -1024 824 ) 
3 39 40 (259.857117 -1024 824 ) (0 -1024 824 ) (0 -447.048462 824 ) 
4 40 72 (0 -447.048462 232 ) (0 -1024 232 ) (0 -1024 824 ) (0 -447.048462 824 ) 
4 40 60 (259.857056 -1024 824 ) (0 -1024 824 ) (0 -1024 232 ) (259.857117 -1024 232 ) 
3 40 41 (259.857056 -1024 232 ) (0 -1024 232 ) (0 -447.048462 232 ) 
4 41 72 (0 -1024 -16 ) (0 -1024 232 ) (0 -447.048462 232 ) (0 -447.048462 48.105728 ) 
4 41 60 (259.857056 -1024 232 ) (0 -1024 232 ) (0 -1024 -16 ) (259.857117 -1024 -16 ) 
4 42 49 (1856 -1120 160 ) (1856 -1024 174.399963 ) (1856 -1024 168.400009 ) (1856 -1080 160 ) 
4 42 46 (2048 -1024 174.400391 ) (1856 -1024 174.400391 ) (1856 -1120.002563 160 ) (2048 -1120.002686 160 ) 
4 42 43 (2048 -1120 160 ) (1856 -1120 160 ) (1856 -1080 160 ) (2048 -1080 160 ) 
3 43 49 (1856 -1120 160 ) (1856 -1080 160 ) (1856 -1120 154 ) 
4 43 44 (1856 -1120 154 ) (2048 -1120 154 ) (2048 -1120 160 ) (1856 -1120 160 ) 
3 44 50 (1856 -1160 154 ) (1856 -1120 160 ) (1856 -1120 154 ) 
4 44 47 (1856 -1120.002563 160 ) (1856 -1160.002563 154 ) (2048 -1160.002686 154 ) (2048 -1120.002686 160 ) 
3 45 52 (1856 -1024 342.400024 ) (1856 -1024 328 ) (1856 -1120 328 ) 
4 45 46 (1856 -1120 328 ) (1856 -1024 328 ) (2048 -1024 328 ) (2048 -1120 328 ) 
4 46 94 (2048 -2048 160 ) (2048 -2048 328 ) (1856 -2048 328 ) (1856 -2048 160 ) 
4 46 57 (1856 -2048 160 ) (1856 -2048 328 ) (1856 -1872 328 ) (1856 -1872 160 ) 
4 46 55 (1856 -1872 328 ) (1856 -1648 328 ) (1856 -1648 160 ) (1856 -1872 160 ) 
5 46 53 (1856 -1648 328 ) (1856 -1024 328 ) (1856 -1024 174.399963 ) (1856 -1120 160 ) (1856 -1648 160 ) 
4 46 48 (1856 -2048 160 ) (1856 -1896 160 ) (2048 -1896 160 ) (2048 -2048 160 ) 
4 46 47 (1856 -1896 160 ) (1856 -1120 160 ) (2048 -1120 160 ) (2048 -1896 160 ) 
4 47 57 (1856 -1896 160 ) (1856 -1872 160 ) (1856 -1872 154 ) (1856 -1896 154 ) 
4 47 55 (1856 -1872 160 ) (1856 -1648 160 ) (1856 -1648 154 ) (1856 -1872 154 ) 
4 47 53 (1856 -1648 160 ) (1856 -1120 160 ) (1856 -1160 154 ) (1856 -1648 154 ) 
4 47 48 (1856 -1896 154 ) (2048 -1896 154 ) (2048 -1896 160 ) (1856 -1896 160 ) 
4 48 95 (2048 -2048 154 ) (2048 -2048 160 ) (1856 -2048 160 ) (1856 -2048 154 ) 
4 48 57 (1856 -2048 154 ) (1856 -2048 160 ) (1856 -1896 160 ) (1856 -1896 154 ) 
3 49 53 (1856 -1120 160 ) (1856 -1024 174.399414 ) (1846.400024 -1024 174.399429 ) 
4 49 50 (1856 -1120.003906 154 ) (1856 -1120.003906 160.002930 ) (1846.399658 -1024 174.403519 ) (1846.399658 -1024 168.399994 ) 
5 50 53 (1792 -1159.996704 154 ) (1856 -1159.996216 154 ) (1856 -1120 160 ) (1846.400024 -1024 174.399429 ) (1792 -1024 174.399490 ) 
4 50 51 (1792 -1024 168.399445 ) (1792 -1119.996094 154 ) (1792 -1120 160 ) (1792 -1024 174.400146 ) 
3 51 54 (1792 -1120 160 ) (1792 -1024 174.399490 ) (1782.400024 -1024 174.399506 ) 
3 52 54 (1782.400024 -1024 328 ) (1792 -1024 328 ) (1792 -1120 328 ) 
4 52 53 (1792 -1024 328 ) (1856 -1024 328 ) (1856 -1120 328 ) (1792 -1120 328 ) 
4 53 55 (1792 -1648 154 ) (1856 -1648 154 ) (1856 -1648 328 ) (1792 -1648 328 ) 
4 53 54 (1792 -1120 328 ) (1792 -1024 328 ) (1792 -1024 174.400513 ) (1792 -1120 160 ) 
4 55 57 (1792 -1872 154 ) (1856 -1872 154 ) (1856 -1872 328 ) (1792 -1872 328 ) 
4 55 56 (1784 -1648 328 ) (1784 -1648 154 ) (1784 -1872 154 ) (1784 -1872 328 ) 
4 56 59 (1776 -1648 154 ) (1776 -1872 154 ) (1776 -1872 258.285706 ) (1776 -1648 258.285706 ) 
4 56 58 (1776 -1872 258.285706 ) (1776 -1872 328 ) (1776 -1648 328 ) (1776 -1648 258.285706 ) 
4 57 97 (1856 -2048 154 ) (1856 -2048 328 ) (1792 -2048 328 ) (1792 -2048 154 ) 
4 58 65 (1024 -1640 118.244904 ) (1024 -1880 118.244904 ) (1024 -1880 182 ) (1024 -1640 182 ) 
4 58 63 (1024 -1880 182 ) (1024 -1880 292.244904 ) (1024 -1640 292.244904 ) (1024 -1640 182 ) 
4 58 59 (1776 -1640 258.286133 ) (1776 -1880 258.286133 ) (1215.998169 -1880 154 ) (1215.998169 -1640 154 ) 
5 60 73 (0 -1624 -56 ) (0 -1624 1016 ) (0 -1024 1016 ) (0 -1024 -16 ) (0 -1384 -56 ) 
4 60 69 (396 -1624 8 ) (0 -1624 8 ) (0 -1624 -56 ) (396 -1624 -56 ) 
4 60 64 (396 -1624 182 ) (0 -1624 182 ) (0 -1624 8 ) (396 -1624 8 ) 
4 60 61 (396 -1624 1016 ) (0 -1624 1016 ) (0 -1624 182 ) (396 -1624 182 ) 
4 61 73 (0 -1640 1016 ) (0 -1624 1016 ) (0 -1624 182 ) (0 -1640 182 ) 
4 61 64 (0 -1640 182 ) (0 -1624 182 ) (396 -1624 182 ) (396 -1640 182 ) 
4 61 62 (0 -1640 182 ) (396 -1640 182 ) (396 -1640 1016 ) (0 -1640 1016 ) 
4 62 73 (0 -1896 182 ) (0 -1896 1016 ) (0 -1640 1016 ) (0 -1640 182 ) 
4 62 70 (390 -1896 1016 ) (0 -1896 1016 ) (0 -1896 182 ) (390 -1896 182 ) 
4 62 68 (396 -1896 182 ) (0 -1896 182 ) (0 -1880 182 ) (396 -1880 182 ) 
4 62 67 (0 -1880 182 ) (0 -1640 182 ) (396 -1640 182 ) (396 -1880 182 ) 
4 63 65 (432 -1880 182 ) (432 -1640 182 ) (1024 -1640 182 ) (1024 -1880 182 ) 
4 64 73 (0 -1640 182 ) (0 -1624 182 ) (0 -1624 8 ) (0 -1640 8 ) 
4 64 69 (0 -1640 8 ) (0 -1624 8 ) (396 -1624 8 ) (396 -1640 8 ) 
4 64 67 (0 -1640 8 ) (396 -1640 8 ) (396 -1640 182 ) (0 -1640 182 ) 
4 65 66 (432 -1640 182 ) (432 -1640 8 ) (432 -1880 8 ) (432 -1880 182 ) 
4 66 67 (420 -1640 182 ) (420 -1640 8 ) (420 -1880 8 ) (420 -1880 182 ) 
4 67 73 (0 -1880 182 ) (0 -1640 182 ) (0 -1640 8 ) (0 -1880 8 ) 
4 67 69 (0 -1880 8 ) (0 -1640 8 ) (396 -1640 8 ) (396 -1880 8 ) 
4 67 68 (0 -1880 8 ) (396 -1880 8 ) (396 -1880 182 ) (0 -1880 182 ) 
4 68 73 (0 -1896 8 ) (0 -1896 182 ) (0 -1880 182 ) (0 -1880 8 ) 
4 68 70 (0 -1896 182 ) (0 -1896 8 ) (390 -1896 8 ) (390 -1896 182 ) 
4 68 69 (396 -1896 8 ) (0 -1896 8 ) (0 -1880 8 ) (396 -1880 8 ) 
4 69 73 (0 -1896 -56 ) (0 -1896 8 ) (0 -1624 8 ) (0 -1624 -56 ) 
4 69 70 (0 -1896 8 ) (0 -1896 -56 ) (390 -1896 -56 ) (390 -1896 8 ) 
4 70 101 (0 -2048 -42.817871 ) (0 -2048 -56 ) (390 -2048 -56 ) (390 -2048 -42.817909 ) 
4 70 100 (390 -2048 1016 ) (0 -2048 1016 ) (0 -2048 -42.817871 ) (390 -2048 -42.817909 ) 
4 70 73 (0 -2048 -56 ) (0 -2048 1016 ) (0 -1896 1016 ) (0 -1896 -56 ) 
4 71 72 (-32 -376 1016 ) (-566 -376 1016 ) (-566 -376 56 ) (-32 -376 56 ) 
4 72 74 (-199 -1024 1016 ) (-330.071442 -1024 1016 ) (-330.071411 -1024 -16 ) (-199 -1024 -16 ) 
4 72 73 (0 -1024 -16 ) (0 -1024 1016 ) (-199 -1024 1016 ) (-199 -1024 -16 ) 
4 73 142 (0 -2048 -56 ) (0 -2048 -42.817909 ) (-199 -2048 -42.817871 ) (-199 -2048 -56 ) 
4 73 141 (0 -2048 -42.817909 ) (0 -2048 1016 ) (-199 -2048 1016 ) (-199 -2048 -42.817871 ) 
4 73 74 (-199 -1384 1016 ) (-199 -1024 1016 ) (-199 -1024 -16 ) (-199 -1384 -56 ) 
4 75 80 (3072 -2048 154 ) (3072 -2048 45.844986 ) (3072 -2176 45.845032 ) (3072 -2176 154 ) 
4 75 79 (3072 -2048 218.852783 ) (3072 -2048 154 ) (3072 -2176 154 ) (3072 -2176 218.852905 ) 
4 75 77 (3072 -2176 218.852783 ) (3072 -2176 51.844955 ) (3592 -2176 -58 ) (3592 -2176 108 ) 
4 75 76 (3072 -2176 51.844955 ) (3072 -2176 45.844986 ) (3592 -2176 -64 ) (3592 -2176 -58 ) 
4 76 86 (3072 -2368 45.844971 ) (3072 -2368 51.844971 ) (3072 -2176 51.844910 ) (3072 -2176 45.844940 ) 
4 76 78 (3592 -2368 -64 ) (3592 -2368 -58 ) (3072 -2368 51.844910 ) (3072 -2368 45.844940 ) 
4 76 77 (3592 -2176 -58 ) (3072 -2176 51.845169 ) (3072 -2368 51.845215 ) (3592 -2368 -58 ) 
4 77 88 (3072 -2368 51.844971 ) (3072 -2368 160 ) (3072 -2176 160 ) (3072 -2176 51.844910 ) 
4 77 83 (3072 -2368 160 ) (3072 -2368 218.852768 ) (3072 -2176 218.852783 ) (3072 -2176 160 ) 
4 77 78 (3072 -2368 218.852783 ) (3072 -2368 51.844910 ) (3592 -2368 -58 ) (3592 -2368 108 ) 
4 78 90 (3072 -2368 154 ) (3072 -2368 45.844910 ) (3072 -2504 45.844933 ) (3072 -2504 154 ) 
4 78 89 (3072 -2504 218.852783 ) (3072 -2368 218.852783 ) (3072 -2368 154 ) (3072 -2504 154 ) 
4 79 85 (2560 -2176 160 ) (2120 -2176 160 ) (2120 -2176 154 ) (2560 -2176 154 ) 
3 79 84 (2560 -2176 160 ) (2560 -2176 154 ) (2588.403809 -2176 154 ) 
4 79 88 (3072 -2176 154 ) (3072 -2176 160 ) (2560 -2176 160 ) (2588.403809 -2176 154 ) 
5 79 83 (3072 -2176 160 ) (3072 -2176 218.852768 ) (2560 -2176 328 ) (2120 -2176 328 ) (2120 -2176 160 ) 
4 79 82 (2120 -2176 154 ) (2120 -2176 160 ) (2120 -2048 160 ) (2120 -2048 154 ) 
4 79 81 (2120 -2176 160 ) (2120 -2176 328 ) (2120 -2048 328 ) (2120 -2048 160 ) 
4 79 80 (3072 -2176 154 ) (2560 -2176 154 ) (2560 -2048 154 ) (3072 -2048 154 ) 
4 80 86 (3072 -2176 45.844971 ) (3072 -2176 51.845001 ) (2588.404053 -2176 154 ) (2560 -2176 154 ) 
3 80 88 (3072 -2176 51.845001 ) (3072 -2176 154 ) (2588.404053 -2176 154 ) 
4 81 94 (2048 -2048 328 ) (2048 -2048 160 ) (2048 -2176 160 ) (2048 -2176 328 ) 
4 81 83 (2048 -2176 328 ) (2048 -2176 160 ) (2120 -2176 160 ) (2120 -2176 328 ) 
4 81 82 (2120 -2048 160 ) (2120 -2176 160 ) (2048 -2176 160 ) (2048 -2048 160 ) 
4 82 95 (2048 -2048 160 ) (2048 -2048 154 ) (2048 -2176 154 ) (2048 -2176 160 ) 
4 82 87 (2048 -2176 160 ) (2048 -2176 154 ) (2120 -2176 154 ) (2120 -2176 160 ) 
4 83 94 (2048 -2368 160 ) (2048 -2368 328 ) (2048 -2176 328 ) (2048 -2176 160 ) 
5 83 89 (3072 -2368 160 ) (3072 -2368 218.852783 ) (2560 -2368 328 ) (2048 -2368 328 ) (2048 -2368 160 ) 
4 83 87 (2120 -2368 160 ) (2048 -2368 160 ) (2048 -2176 160 ) (2120 -2176 160 ) 
4 83 85 (2560 -2368 160 ) (2120 -2368 160 ) (2120 -2176 160 ) (2560 -2176 160 ) 
4 83 88 (3072 -2368 160 ) (2560 -2368 160 ) (2560 -2176 160 ) (3072 -2176 160 ) 
3 84 89 (2588.403809 -2368 154 ) (2560 -2368 160 ) (2560 -2368 154 ) 
4 84 86 (2560 -2176 154 ) (2588.403076 -2176 154 ) (2588.403076 -2368 154 ) (2560 -2368 154 ) 
4 84 88 (2588.403809 -2176 154 ) (2560 -2176 160 ) (2560 -2368 160 ) (2588.403564 -2368 154 ) 
4 84 85 (2560 -2176 154 ) (2560 -2368 154 ) (2560 -2368 160 ) (2560 -2176 160 ) 
4 85 89 (2560 -2368 160 ) (2120 -2368 160 ) (2120 -2368 154 ) (2560 -2368 154 ) 
4 85 87 (2120 -2368 154 ) (2120 -2368 160 ) (2120 -2176 160 ) (2120 -2176 154 ) 
4 86 90 (3072 -2368 45.844971 ) (3072 -2368 51.844971 ) (2588.403809 -2368 154 ) (2560 -2368 154 ) 
4 86 88 (3072 -2176 51.844971 ) (2588.403809 -2176 154 ) (2588.403564 -2368 154 ) (3072 -2368 51.844963 ) 
4 87 95 (2048 -2368 154 ) (2048 -2368 160 ) (2048 -2176 160 ) (2048 -2176 154 ) 
4 87 89 (2120 -2368 154 ) (2120 -2368 160 ) (2048 -2368 160 ) (2048 -2368 154 ) 
3 88 90 (3072 -2368 51.844971 ) (3072 -2368 154 ) (2588.403809 -2368 154 ) 
4 88 89 (3072 -2368 154 ) (3072 -2368 160 ) (2560 -2368 160 ) (2588.403809 -2368 154 ) 
4 89 96 (2048 -2504 328 ) (2048 -2368 328 ) (2048 -2368 154 ) (2048 -2504 154 ) 
4 89 90 (2560 -2368 154 ) (3072 -2368 154 ) (3072 -2504 154 ) (2560 -2504 154 ) 
4 91 92 (2768 -4320 51 ) (2768 -4320 -123 ) (2768 -4568 -123 ) (2768 -4568 51 ) 
4 92 146 (2048 -4568 -123 ) (2048 -4568 51 ) (2048 -4320 51 ) (2048 -4320 -123 ) 
4 92 93 (2576 -4568 -123 ) (2256 -4568 -123 ) (2256 -4320 -123 ) (2576 -4320 -123 ) 
4 94 97 (1856 -2368 160 ) (1856 -2368 328 ) (1856 -2048 328 ) (1856 -2048 160 ) 
4 94 96 (1856 -2368 328 ) (1856 -2368 160 ) (2048 -2368 160 ) (2048 -2368 328 ) 
4 94 95 (2048 -2368 160 ) (1856 -2368 160 ) (1856 -2048 160 ) (2048 -2048 160 ) 
4 95 97 (1856 -2368 154 ) (1856 -2368 160 ) (1856 -2048 160 ) (1856 -2048 154 ) 
4 95 96 (1856 -2368 160 ) (1856 -2368 154 ) (2048 -2368 154 ) (2048 -2368 160 ) 
4 96 97 (1856 -2504 328 ) (1856 -2368 328 ) (1856 -2368 154 ) (1856 -2504 154 ) 
4 98 120 (1656 -3072 99 ) (1584 -3072 99 ) (1584 -3072 51 ) (1656 -3072 51 ) 
4 98 121 (1584 -3072 51 ) (1584 -3072 -72 ) (1656 -3072 -72 ) (1656 -3072 51 ) 
4 98 105 (1761 -3072 99 ) (1656 -3072 99 ) (1656 -3072 -72 ) (1761 -3072 -72 ) 
4 98 102 (1824 -3072 51 ) (1824 -3072 99 ) (1761 -3072 99 ) (1761 -3072 51 ) 
4 98 103 (1824 -3072 -72 ) (1824 -3072 51 ) (1761 -3072 51 ) (1761 -3072 -72 ) 
4 99 126 (641.582031 -3072 -116.179138 ) (641.582031 -3072 909.014893 ) (390 -3072 909.014893 ) (390 -3072 -116.179199 ) 
4 99 100 (390 -3072 -116.179138 ) (390 -3072 909.014160 ) (390 -2232 1016 ) (390 -2232 -56 ) 
5 100 141 (0 -2048 1016 ) (0 -2048 -42.817871 ) (0 -3072 -116.179138 ) (0 -3072 909.014893 ) (0 -2232 1016 ) 
4 100 126 (390 -3072 -116.179138 ) (390 -3072 909.014893 ) (0 -3072 909.014893 ) (0 -3072 -116.179199 ) 
4 100 101 (390 -2048 -42.817627 ) (390 -2232.003906 -56 ) (0 -2232.003906 -56 ) (0 -2048 -42.817627 ) 
3 101 142 (0 -2048 -42.817871 ) (0 -2048 -56 ) (0 -2232 -56 ) 
4 102 106 (1761 -3160 51 ) (1761 -4072 51 ) (1761 -3800 99 ) (1761 -3160 99 ) 
4 102 105 (1761 -3072 99 ) (1761 -3072 51 ) (1761 -3160 51 ) (1761 -3160 99 ) 
4 102 103 (1761 -4072 51 ) (1761 -3072 51 ) (1824 -3072 51 ) (1824 -4072 51 ) 
4 103 149 (1824 -4096 -72 ) (1824 -4096 51 ) (1761 -4096 51 ) (1761 -4096 -72 ) 
4 103 113 (1761 -3800 -72 ) (1761 -3800 -64 ) (1761 -3784 -64 ) (1761 -3784 -69.176483 ) 
3 103 112 (1761 -3784 -64 ) (1761 -3754.666504 -64 ) (1761 -3784 -69.176483 ) 
3 103 114 (1761 -3800 -72 ) (1761 -3845.333496 -72 ) (1761 -3800 -64 ) 
4 103 111 (1761 -3845.333496 -72 ) (1761 -4096 -72 ) (1761 -4096 -64 ) (1761 -3800 -64 ) 
3 103 109 (1761 -3784 -72 ) (1761 -3800 -72 ) (1761 -3784 -69.176483 ) 
5 103 108 (1761 -3160 -72 ) (1761 -3784 -72 ) (1761 -3784 -69.176483 ) (1761 -3754.666504 -64 ) (1761 -3160 -64 ) 
4 103 107 (1761 -4096 -64 ) (1761 -4096 51 ) (1761 -3160 51 ) (1761 -3160 -64 ) 
4 103 105 (1761 -3072 51 ) (1761 -3072 -72 ) (1761 -3160 -72 ) (1761 -3160 51 ) 
4 103 104 (1761 -4096 -72 ) (1761 -3784 -72 ) (1824 -3784 -72 ) (1824 -4096 -72 ) 
4 104 149 (1824 -4096 -123 ) (1824 -4096 -72 ) (1761 -4096 -72 ) (1761 -4096 -123 ) 
4 104 119 (1761 -4072 -123 ) (1761 -4096 -123 ) (1761 -4096 -120 ) (1761 -4055.058838 -120 ) 
4 104 118 (1761 -4096 -120 ) (1761 -4096 -112 ) (1761 -4072 -112 ) (1761 -4072 -120 ) 
3 104 117 (1761 -4072 -112 ) (1761 -4026.666748 -112 ) (1761 -4072 -120 ) 
4 104 116 (1761 -4026.666748 -112 ) (1761 -4009.882324 -112 ) (1761 -4055.058838 -120 ) (1761 -4072 -120 ) 
4 104 115 (1761 -3845.333252 -72 ) (1761 -3800 -72 ) (1761 -4026.666748 -112 ) (1761 -4072 -112 ) 
4 104 111 (1761 -4096 -112 ) (1761 -4096 -72 ) (1761 -3845.333252 -72 ) (1761 -4072 -112 ) 
4 104 110 (1761 -3800 -72 ) (1761 -3784 -72 ) (1761 -4009.882324 -112 ) (1761 -4026.666748 -112 ) 
4 105 120 (1656 -3160 51 ) (1656 -3160 99 ) (1656 -3072 99 ) (1656 -3072 51 ) 
4 105 121 (1656 -3160 -72 ) (1656 -3160 51 ) (1656 -3072 51 ) (1656 -3072 -72 ) 
4 105 108 (1656 -3160 -64 ) (1656 -3160 -72 ) (1761 -3160 -72 ) (1761 -3160 -64 ) 
4 105 106 (1656 -3160 99 ) (1656 -3160 51 ) (1761 -3160 51 ) (1761 -3160 99 ) 
4 105 107 (1656 -3160 51 ) (1656 -3160 -64 ) (1761 -3160 -64 ) (1761 -3160 51 ) 
4 106 120 (1656 -3800 99 ) (1656 -3160 99 ) (1656 -3160 51 ) (1656 -4072 51 ) 
4 106 107 (1656 -4072 51 ) (1656 -3160 51 ) (1761 -3160 51 ) (1761 -4072 51 ) 
4 107 150 (1761 -4096 -64 ) (1761 -4096 51 ) (1656 -4096 51 ) (1656 -4096 -64 ) 
4 107 121 (1656 -4096 -64 ) (1656 -4096 51 ) (1656 -3160 51 ) (1656 -3160 -64 ) 
4 107 113 (1656 -3800 -64 ) (1656 -3784 -64 ) (1761 -3784 -64 ) (1761 -3800 -64 ) 
4 107 112 (1656 -3784 -64 ) (1656 -3754.666504 -64 ) (1761 -3754.666504 -64 ) (1761 -3784 -64 ) 
4 107 111 (1656 -4096 -64 ) (1656 -3800 -64 ) (1761 -3800 -64 ) (1761 -4096 -64 ) 
4 107 108 (1656 -3754.666504 -64 ) (1656 -3160 -64 ) (1761 -3160 -64 ) (1761 -3754.666504 -64 ) 
5 108 121 (1656 -3754.666504 -64 ) (1656 -3160 -64 ) (1656 -3160 -72 ) (1656 -3784 -72 ) (1656 -3784 -69.176506 ) 
4 108 112 (1761 -3754.666016 -64 ) (1656 -3754.666016 -64 ) (1656 -3784 -69.176598 ) (1761 -3784 -69.176598 ) 
4 108 109 (1656 -3784 -72 ) (1761 -3784 -72 ) (1761 -3784 -69.179962 ) (1656 -3784 -69.179970 ) 
3 109 121 (1656 -3784 -72 ) (1656 -3800 -72 ) (1656 -3784 -69.176506 ) 
4 109 113 (1656 -3784 -69.176598 ) (1656 -3800 -72 ) (1761 -3800 -72 ) (1761 -3784 -69.176598 ) 
4 109 110 (1761 -3799.996094 -72 ) (1656 -3799.996094 -72 ) (1656 -3784 -72 ) (1761 -3784 -72 ) 
4 110 122 (1656 -4009.882568 -112 ) (1656 -4026.666504 -112 ) (1656 -3800 -72 ) (1656 -3784 -72 ) 
4 110 116 (1656 -4026.666504 -112 ) (1656 -4009.882568 -112 ) (1761 -4009.882568 -112 ) (1761 -4026.666504 -112 ) 
4 110 115 (1656 -3800 -72 ) (1656 -4026.666016 -112 ) (1761 -4026.666016 -112 ) (1761 -3800 -72 ) 
4 111 150 (1761 -4096 -112 ) (1761 -4096 -64 ) (1656 -4096 -64 ) (1656 -4096 -112 ) 
4 111 122 (1656 -4096 -112 ) (1656 -4096 -72 ) (1656 -3845.333252 -72 ) (1656 -4072 -112 ) 
4 111 121 (1656 -4096 -72 ) (1656 -4096 -64 ) (1656 -3800 -64 ) (1656 -3845.333252 -72 ) 
4 111 118 (1656 -4096 -112 ) (1656 -4072 -112 ) (1761 -4072 -112 ) (1761 -4096 -112 ) 
4 111 114 (1656 -3845.333252 -72 ) (1656 -3800 -64 ) (1761 -3800 -64 ) (1761 -3845.333252 -72 ) 
4 111 115 (1761 -4072 -112 ) (1656 -4072 -112 ) (1656 -3845.333252 -72 ) (1761 -3845.333252 -72 ) 
3 112 121 (1656 -3784 -64 ) (1656 -3754.666504 -64 ) (1656 -3784 -69.176506 ) 
4 112 113 (1656 -3784 -69.176521 ) (1761 -3784 -69.176521 ) (1761 -3784 -64 ) (1656 -3784 -64 ) 
4 113 121 (1656 -3800 -64 ) (1656 -3784 -64 ) (1656 -3784 -69.176506 ) (1656 -3800 -72 ) 
4 113 114 (1656 -3800 -72 ) (1761 -3800 -72 ) (1761 -3800 -64.001884 ) (1656 -3800 -64.001884 ) 
3 114 121 (1656 -3800 -64 ) (1656 -3800 -72 ) (1656 -3845.333252 -72 ) 
4 114 115 (1761 -3845.333984 -72 ) (1656 -3845.333984 -72 ) (1656 -3799.998047 -72 ) (1761 -3799.998047 -72 ) 
4 115 122 (1656 -3800 -72 ) (1656 -4026.666504 -112 ) (1656 -4072 -112 ) (1656 -3845.333252 -72 ) 
4 115 117 (1656 -4072 -112 ) (1656 -4026.666504 -112 ) (1761 -4026.666504 -112 ) (1761 -4072 -112 ) 
4 116 122 (1656 -4026.666504 -112 ) (1656 -4009.882568 -112 ) (1656 -4055.058838 -120 ) (1656 -4072 -120 ) 
4 116 119 (1656 -4072 -120 ) (1656 -4055.058838 -120 ) (1761 -4055.058838 -120 ) (1761 -4072 -120 ) 
4 116 117 (1761 -4026.666016 -112 ) (1656 -4026.666016 -112 ) (1656 -4072 -120 ) (1761 -4072 -120 ) 
3 117 122 (1656 -4072 -112 ) (1656 -4026.666504 -112 ) (1656 -4072 -120 ) 
4 117 118 (1656 -4072 -119.996094 ) (1761 -4072 -119.996094 ) (1761 -4072 -112 ) (1656 -4072 -112 ) 
4 118 151 (1761 -4096 -120 ) (1761 -4096 -112 ) (1656 -4096 -112 ) (1656 -4096 -120 ) 
4 118 122 (1656 -4096 -120 ) (1656 -4096 -112 ) (1656 -4072 -112 ) (1656 -4072 -120 ) 
4 118 119 (1656 -4096 -120 ) (1656 -4072 -120 ) (1761 -4072 -120 ) (1761 -4096 -120 ) 
4 119 152 (1761 -4096 -123 ) (1761 -4096 -120 ) (1656 -4096 -120 ) (1656 -4096 -123 ) 
4 119 122 (1656 -4096 -123 ) (1656 -4096 -120 ) (1656 -4055.058838 -120 ) (1656 -4072 -123 ) 
4 120 123 (1584 -3544 51 ) (1584 -3784 51 ) (1584 -3784 99 ) (1584 -3544 99 ) 
4 120 121 (1584 -4072 51 ) (1584 -3072 51 ) (1656 -3072 51 ) (1656 -4072 51 ) 
4 121 153 (1656 -4096 -72 ) (1656 -4096 51 ) (1584 -4096 51 ) (1584 -4096 -72 ) 
4 121 123 (1584 -3544 -72 ) (1584 -3784 -72 ) (1584 -3784 51 ) (1584 -3544 51 ) 
4 121 122 (1584 -4096 -72 ) (1584 -3784 -72 ) (1656 -3784 -72 ) (1656 -4096 -72 ) 
4 122 153 (1656 -4096 -123 ) (1656 -4096 -72 ) (1584 -4096 -72 ) (1584 -4096 -123 ) 
4 123 124 (1576 -3544 -72 ) (1576 -3784 -72 ) (1576 -3784 99 ) (1576 -3544 99 ) 
4 124 134 (1024 -3784 -72 ) (1024 -3784 48 ) (1024 -3544 48 ) (1024 -3544 -72 ) 
4 124 132 (1024 -3784 48 ) (1024 -3784 91.404266 ) (1024 -3544 91.404236 ) (1024 -3544 48 ) 
4 124 125 (1080 -3784 -72 ) (1024 -3784 -72 ) (1024 -3544 -72 ) (1080 -3544 -72 ) 
4 125 134 (1024 -3784 -79.595764 ) (1024 -3784 -72 ) (1024 -3544 -72 ) (1024 -3544 -79.595749 ) 
4 126 145 (0 -3237 -128 ) (0 -3237 888 ) (0 -3207.640625 888 ) (0 -3207.640625 -125.896652 ) 
4 126 144 (0 -3207.640625 888 ) (0 -3072 888 ) (0 -3072 -116.179138 ) (0 -3207.640625 -125.896652 ) 
3 126 143 (0 -3237 888 ) (0 -3072 909.014832 ) (0 -3072 888 ) 
4 126 127 (643 -3237 888 ) (0 -3237 888 ) (0 -3237 -128 ) (643 -3237 -128 ) 
4 127 145 (0 -3237 888 ) (0 -3237 -128 ) (0 -3528 -128 ) (0 -3528 888 ) 
4 127 130 (0 -3528 48 ) (0 -3528 -128 ) (599.117798 -3528 -128 ) (599.117798 -3528 48 ) 
4 127 129 (0 -3528 56 ) (0 -3528 48 ) (591 -3528 48 ) (591 -3528 56 ) 
4 127 128 (0 -3528 888 ) (0 -3528 56 ) (599.117798 -3528 56 ) (599.117798 -3528 888 ) 
4 128 145 (0 -3528 888 ) (0 -3528 56 ) (0 -3544 56 ) (0 -3544 888 ) 
4 128 133 (591 -3544 888 ) (0 -3544 888 ) (0 -3544 56 ) (591 -3544 56 ) 
4 128 131 (596.705017 -3544 888 ) (591 -3544 888 ) (591 -3544 56 ) (596.704956 -3544 56 ) 
4 128 129 (0 -3528 56 ) (591 -3528 56 ) (591 -3544 56 ) (0 -3544 56 ) 
4 129 145 (0 -3528 56 ) (0 -3528 48 ) (0 -3544 48 ) (0 -3544 56 ) 
4 129 133 (0 -3544 56 ) (0 -3544 48 ) (591 -3544 48 ) (591 -3544 56 ) 
4 129 130 (591 -3544 48 ) (0 -3544 48 ) (0 -3528 48 ) (591 -3528 48 ) 
4 130 145 (0 -3528 48 ) (0 -3528 -128 ) (0 -3544 -128 ) (0 -3544 48 ) 
4 130 137 (0 -3544 -128 ) (560 -3544 -128 ) (560 -3544 -123 ) (0 -3544 -123 ) 
4 130 136 (596.705017 -3544 -123 ) (596.705017 -3544 48 ) (0 -3544 48 ) (0 -3544 -123 ) 
4 131 133 (591 -3581.841309 888 ) (591 -3544 888 ) (591 -3544 56 ) (591 -3581.841553 56 ) 
4 132 134 (1024 -3784 48 ) (704 -3784 48 ) (704 -3544 48 ) (1024 -3544 48 ) 
4 133 145 (0 -3544 888 ) (0 -3544 48 ) (0 -3784 48 ) (0 -3784 888 ) 
4 133 139 (0 -3784 56 ) (0 -3784 48 ) (560.515808 -3784 48 ) (560.515808 -3784 56 ) 
4 133 138 (0 -3784 888 ) (0 -3784 56 ) (560.515808 -3784 56 ) (560.515808 -3784 888 ) 
5 133 136 (560.515808 -3784 48 ) (0 -3784 48 ) (0 -3544 48 ) (591 -3544 48 ) (591 -3581.841553 48 ) 
4 134 135 (664 -3544 -123 ) (664 -3784 -123 ) (664 -3784 48 ) (664 -3544 48 ) 
4 135 136 (654 -3544 -123 ) (654 -3784 -123 ) (654 -3784 48 ) (654 -3544 48 ) 
4 136 145 (0 -3544 48 ) (0 -3544 -123 ) (0 -3784 -123 ) (0 -3784 48 ) 
4 136 140 (0 -3784 48 ) (0 -3784 -123 ) (560.515747 -3784 -123 ) (560.515747 -3784 48 ) 
4 136 137 (560 -3784 -123 ) (0 -3784 -123 ) (0 -3544 -123 ) (560 -3544 -123 ) 
4 137 145 (0 -3544 -123 ) (0 -3544 -128 ) (0 -3784 -128 ) (0 -3784 -123 ) 
4 137 140 (0 -3784 -123 ) (0 -3784 -128 ) (560 -3784 -128 ) (560 -3784 -123 ) 
4 138 155 (513.468262 -4096 888 ) (0 -4096 888 ) (0 -4096 56 ) (513.468201 -4096 56 ) 
4 138 145 (0 -4096 56 ) (0 -4096 888 ) (0 -3784 888 ) (0 -3784 56 ) 
4 138 139 (0 -3784 56 ) (560.515747 -3784 56 ) (513.468262 -4096 56 ) (0 -4096 56 ) 
4 139 155 (0 -4096 56 ) (0 -4096 48 ) (513.468201 -4096 48 ) (513.468201 -4096 56 ) 
4 139 145 (0 -4096 48 ) (0 -4096 56 ) (0 -3784 56 ) (0 -3784 48 ) 
4 139 140 (0 -3784 48 ) (560.515808 -3784 48 ) (513.468201 -4096 48 ) (0 -4096 48 ) 
4 140 155 (513.468262 -4096 48 ) (0 -4096 48 ) (0 -4096 -128 ) (513.468201 -4096 -128 ) 
4 140 145 (0 -4096 -128 ) (0 -4096 48 ) (0 -3784 48 ) (0 -3784 -128 ) 
4 141 144 (0 -3072 -116.179138 ) (0 -3072 888 ) (-35.179077 -3072 888 ) (-35.179077 -3072 -116.179199 ) 
4 141 143 (0 -3072 888 ) (0 -3072 909.014893 ) (-35.179077 -3072 909.014893 ) (-35.179077 -3072 888 ) 
4 141 142 (-199 -2232.004639 -56 ) (-199 -2048 -42.817871 ) (0 -2048 -42.817871 ) (0 -2232 -56 ) 
3 143 145 (0 -3207.640625 888 ) (0 -3237 888 ) (-3 -3237 888 ) 
4 143 144 (-35.179077 -3072 888 ) (0 -3072 888 ) (0 -3207.640625 888 ) (-3 -3237 888 ) 
4 144 145 (0 -3207.638184 888 ) (-3 -3237 888 ) (-3 -3237 -128 ) (0 -3207.638184 -125.896484 ) 
4 145 156 (0 -4096 -128 ) (0 -4096 888 ) (-90.774818 -4096 888 ) (-90.774796 -4096 -128 ) 
4 146 147 (1848 -4320 51 ) (1848 -4320 -123 ) (1848 -4568 -123 ) (1848 -4568 51 ) 
4 147 148 (1840 -4320 51 ) (1840 -4320 -123 ) (1840 -4568 -123 ) (1840 -4568 51 ) 
4 148 149 (1824 -4568 51 ) (1824 -4320 51 ) (1824 -4320 -123 ) (1824 -4568 -123 ) 
4 149 152 (1761 -4096 -120 ) (1761 -4096 -123 ) (1761 -4736 -123 ) (1761 -4736 -120 ) 
4 149 151 (1761 -4096 -112 ) (1761 -4096 -120 ) (1761 -4736 -120 ) (1761 -4736 -112 ) 
4 149 150 (1761 -4096 51 ) (1761 -4096 -112 ) (1761 -4736 -112 ) (1761 -4736 51 ) 
4 150 153 (1656 -4096 51 ) (1656 -4096 -112 ) (1656 -4736 -112 ) (1656 -4736 51 ) 
4 150 151 (1656 -4736 -112 ) (1656 -4096 -112 ) (1761 -4096 -112 ) (1761 -4736 -112 ) 
4 151 153 (1656 -4736 -112 ) (1656 -4096 -112 ) (1656 -4096 -120 ) (1656 -4736 -120 ) 
4 151 152 (1656 -4736 -120 ) (1656 -4096 -120 ) (1761 -4096 -120 ) (1761 -4736 -120 ) 
4 152 153 (1656 -4736 -123 ) (1656 -4736 -120 ) (1656 -4096 -120 ) (1656 -4096 -123 ) 
4 154 155 (491 -4245.003418 -128 ) (397.659180 -4864 -128 ) (397.659180 -4864 888 ) (491 -4245.002930 888 ) 
4 155 158 (0 -4448 -128 ) (0 -4864 -128 ) (0 -4864 888 ) (0 -4448 888 ) 
4 155 157 (0 -4245 -128 ) (0 -4448 -128 ) (0 -4448 888 ) (0 -4245 888 ) 
4 155 156 (0 -4096 888 ) (0 -4096 -128 ) (0 -4245 -128 ) (0 -4245 888 ) 
4 156 157 (0 -4245 -128 ) (0 -4245 888 ) (-98 -4245 888 ) (-98 -4245 -128 ) 
4 157 158 (0 -4448 888 ) (-98 -4448 888 ) (-98 -4448 -128 ) (0 -4448 -128 ) 
