PRT1
277
747
4 0 24 (0 2048 101 ) (0 2048 -53 ) (80 2048 -53 ) (80 2048 101 ) 
4 0 23 (80 2048 979 ) (0 2048 979 ) (0 2048 101 ) (80 2048 101 ) 
4 0 17 (80 2048 -51 ) (80 2048 -53 ) (232 2048 -53 ) (232 2048 -51 ) 
4 0 15 (232 2048 979 ) (80 2048 979 ) (80 2048 -51 ) (232 2048 -51 ) 
4 0 14 (368 2048 979 ) (232 2048 979 ) (232 2048 -53 ) (368 2048 -53 ) 
4 0 4 (0 2048 -53 ) (0 2048 979 ) (0 2206 979 ) (0 2206 -53 ) 
4 0 3 (0 2206 979 ) (0 2408 979 ) (0 2408 -53 ) (0 2206 -53 ) 
4 0 2 (0 2408 979 ) (0 2997 979 ) (0 2997 -53 ) (0 2408 -53 ) 
4 1 67 (-1024 2048 979 ) (-1024 2048 1024 ) (-1024 2206 1024 ) (-1024 2206 979 ) 
4 1 42 (-874 2048 1024 ) (-1024 2048 1024 ) (-1024 2048 979 ) (-874 2048 979 ) 
4 1 39 (-770 2048 1024 ) (-874 2048 1024 ) (-874 2048 979 ) (-770 2048 979 ) 
4 1 5 (-770 2048 979 ) (-1024 2048 979 ) (-1024 2206 979 ) (-730.500000 2206 979 ) 
4 2 3 (-48 2408 -53 ) (0 2408 -53 ) (0 2408 979 ) (-48 2408 979 ) 
4 3 4 (-48 2206 -53 ) (0 2206 -53 ) (0 2206 979 ) (-48 2206 979 ) 
4 4 27 (0 2048 -53 ) (0 2048 979 ) (-48 2048 979 ) (-48 2048 -53 ) 
4 5 67 (-1024 2048 17 ) (-1024 2048 979 ) (-1024 2206 979 ) (-1024 2206 17 ) 
4 5 42 (-874 2048 979 ) (-1024 2048 979 ) (-1024 2048 17 ) (-874 2048 17 ) 
4 5 39 (-770 2048 979 ) (-874 2048 979 ) (-874 2048 17 ) (-770 2048 17 ) 
4 5 7 (-744.499939 2206 17 ) (-730.499023 2206 17 ) (-770 2048 17 ) (-784 2048 17 ) 
3 5 6 (-1024 2206 17 ) (-1016.500061 2206 17 ) (-1024 2176 17 ) 
4 6 68 (-1024 2176 17 ) (-1024 2206 17 ) (-1024 2206 16 ) (-1024 2176 16 ) 
3 6 9 (-1024 2206 16 ) (-1016.500061 2206 16 ) (-1024 2176 16 ) 
4 7 40 (-784 2048 16 ) (-770 2048 16 ) (-770 2048 17 ) (-784 2048 17 ) 
4 7 8 (-744.499939 2206 16 ) (-730.499023 2206 16 ) (-770 2048 16 ) (-784 2048 16 ) 
4 8 45 (-874 2048 16 ) (-982 2048 16 ) (-982 2048 0 ) (-874 2048 0 ) 
4 8 41 (-770 2048 0 ) (-770 2048 16 ) (-874 2048 16 ) (-874 2048 0 ) 
4 8 9 (-982 2048 16 ) (-942.500977 2206 16 ) (-942.500977 2206 8 ) (-982 2048 8 ) 
4 9 69 (-1024 2048 8 ) (-1024 2048 16 ) (-1024 2206 16 ) (-1024 2206 8 ) 
4 9 46 (-1024 2048 16 ) (-1024 2048 8 ) (-982 2048 8 ) (-982 2048 16 ) 
4 9 10 (-1024 2206 8 ) (-944.499939 2206 8 ) (-984 2048 8 ) (-1024 2048 8 ) 
4 10 69 (-1024 2048 -53 ) (-1024 2048 8 ) (-1024 2206 8 ) (-1024 2206 -53 ) 
4 10 47 (-1024 2048 8 ) (-1024 2048 -53 ) (-984 2048 -53 ) (-984 2048 8 ) 
4 10 11 (-984 2048 -53 ) (-1024 2048 -53 ) (-1024 2206 -53 ) (-944.499939 2206 -53 ) 
4 11 69 (-1024 2048 -701 ) (-1024 2048 -53 ) (-1024 2206 -53 ) (-1024 2206 -701 ) 
4 11 47 (-984 2048 -53 ) (-1024 2048 -53 ) (-1024 2048 -701 ) (-984 2048 -701 ) 
4 12 18 (1024 1024 -128 ) (1024 1024 160 ) (1024 1280 160 ) (1024 1280 -128 ) 
4 12 13 (1040 1024 -128 ) (1040 1024 160 ) (1024 1024 160 ) (1024 1024 -128 ) 
4 13 48 (1024 910 -128 ) (1024 910 160 ) (1024 1024 160 ) (1024 1024 -128 ) 
4 14 17 (232 2048 -51 ) (232 2048 -53 ) (232 1920 -53 ) (232 1920 -51 ) 
4 14 15 (232 1920 979 ) (232 2048 979 ) (232 2048 -51 ) (232 1920 -51 ) 
4 15 24 (80 2048 101 ) (80 2048 -51 ) (80 1920 -51 ) (80 1920 101 ) 
4 15 23 (80 1920 979 ) (80 2048 979 ) (80 2048 101 ) (80 1920 101 ) 
4 15 17 (232 2048 -51 ) (232 1920 -51 ) (80 1920 -51 ) (80 2048 -51 ) 
4 15 16 (232 1920 -29 ) (232 1920 101 ) (80 1920 101 ) (80 1920 -29 ) 
4 16 19 (80 1912 101 ) (80 1912 -29 ) (232 1912 -29 ) (232 1912 101 ) 
4 17 24 (80 1920 -51 ) (80 2048 -51 ) (80 2048 -53 ) (80 1920 -53 ) 
4 18 48 (1024 1024 -128 ) (1024 1024 160 ) (624 1024 160 ) (624 1024 -128 ) 
4 18 22 (624 1024 -85 ) (624 1024 44.609756 ) (624 1086 44.609756 ) (624 1086 -85 ) 
4 18 20 (624 1024 44.609756 ) (624 1024 67 ) (624 1086 67 ) (624 1086 44.609756 ) 
4 19 25 (80 1434 -51 ) (80 1434 101 ) (80 1586 101 ) (80 1586 -51 ) 
3 20 49 (624 1024 44.609756 ) (624 1024 67 ) (408 1024 67 ) 
4 20 22 (624 1086 44.609634 ) (624 1024 44.609634 ) (603.538635 1024 46.730629 ) (407.998840 1086 67 ) 
3 20 21 (603.538635 1024 46.730629 ) (407.998840 1024 67 ) (407.998840 1086 67 ) 
5 21 50 (603.538635 1024 46.730751 ) (130.461578 1024 95.769218 ) (130.461578 1024 -56.230766 ) (408 1024 -85 ) (603.538574 1024 -85 ) 
4 21 26 (80 1040 -51 ) (80 1040 101 ) (80 1190 101 ) (80 1190 -51 ) 
5 21 22 (407.994873 1086 67 ) (603.533508 1024 46.731506 ) (603.534241 1024 -85 ) (408 1085.998657 -85 ) (407.995789 1086 -85 ) 
4 22 50 (624 1024 -85 ) (624 1024 44.609756 ) (603.538635 1024 46.730751 ) (603.538574 1024 -85 ) 
4 23 27 (0 2048 979 ) (0 2048 101 ) (0 1920 101 ) (0 1920 979 ) 
4 23 24 (0 1920 101 ) (0 2048 101 ) (80 2048 101 ) (80 1920 101 ) 
4 24 27 (0 2048 101 ) (0 2048 -53 ) (0 1920 -53 ) (0 1920 101 ) 
4 25 28 (0 1386.682739 -51 ) (0 1386.682739 101 ) (0 1538.682983 101 ) (0 1538.682983 -51 ) 
4 26 29 (0 1040 -51 ) (0 1040 101 ) (0 1192 101 ) (0 1192 -51 ) 
4 28 38 (-248 1240 -51 ) (-248 1240 101 ) (-248 1384 101 ) (-248 1384 -51 ) 
4 28 33 (-248 1392 -2 ) (-248 1392 -51 ) (-248 1384 -51 ) (-248 1384 -2 ) 
4 28 32 (-248 1384 101 ) (-248 1392 101 ) (-248 1392 -2 ) (-248 1384 -2 ) 
4 29 38 (-248 1098.285645 101 ) (-248 1192 101 ) (-248 1192 -51 ) (-248 1098.285645 -51 ) 
4 29 35 (-248 1040 -51 ) (-248 1040 101 ) (-248 1098.285645 101 ) (-248 1098.285645 -51 ) 
4 30 42 (-874 1384 150 ) (-874 1384 101 ) (-874 1224 101 ) (-874 1224 150 ) 
3 30 38 (-392 1296 101 ) (-392 1224 101 ) (-500 1224 101 ) 
6 30 36 (-874 1262.238159 101 ) (-874 1384 101 ) (-728 1384 101 ) (-392 1296 101 ) (-500 1224 101 ) (-728 1224 101 ) 
3 30 34 (-874 1224 101 ) (-874 1262.238159 101 ) (-728 1224 101 ) 
3 30 31 (-728 1224 101 ) (-392 1224 101 ) (-728 1224 150 ) 
4 31 38 (-500 1224 101 ) (-392 1224 101 ) (-392 1136 101 ) (-564.307739 1181.128174 101 ) 
3 31 36 (-728 1224 101 ) (-500 1224 101 ) (-564.307739 1181.128174 101 ) 
4 32 38 (-248 1384 101 ) (-260 1384 101 ) (-260 1384 -2 ) (-248 1384 -2 ) 
3 32 33 (-248 1384 -2 ) (-260 1384 -2 ) (-248 1392 -2 ) 
4 33 38 (-248 1384 -51 ) (-248 1384 -2 ) (-260 1384 -2 ) (-260 1384 -51 ) 
4 34 45 (-874 1262.238159 16 ) (-874 1262.238159 0 ) (-874 1224 0 ) (-874 1224 16 ) 
4 34 44 (-874 1262.238159 17 ) (-874 1262.238159 16 ) (-874 1224 16 ) (-874 1224 17 ) 
4 34 42 (-874 1224 101 ) (-874 1262.238159 101 ) (-874 1262.238159 17 ) (-874 1224 17 ) 
3 34 37 (-874 1262.238403 -2 ) (-874 1262.238403 19.291676 ) (-727.998901 1224 -2 ) 
4 34 36 (-874 1262.238403 19.291676 ) (-874 1262.238281 101 ) (-728 1224 101 ) (-727.998901 1224 -2 ) 
4 35 38 (-392 1136 -51 ) (-392 1136 101 ) (-248 1098.285889 101 ) (-248 1098.285889 -51 ) 
4 36 42 (-874 1262.238159 101 ) (-874 1384 101 ) (-874 1384 19.291672 ) (-874 1262.238159 19.291626 ) 
4 36 38 (-564.308594 1181.128906 101 ) (-564.308594 1181.128906 -25.871651 ) (-392.001862 1296 -51 ) (-392.001862 1296 101 ) 
4 36 37 (-728 1384 -2 ) (-728 1224 -2 ) (-874 1262.238037 19.291674 ) (-874 1384 19.291666 ) 
4 37 45 (-874 1384 16 ) (-874 1384 0 ) (-874 1262.238159 0 ) (-874 1262.238159 16 ) 
4 37 44 (-874 1384 17 ) (-874 1384 16 ) (-874 1262.238159 16 ) (-874 1262.238159 17 ) 
4 37 42 (-874 1384 19.291672 ) (-874 1384 17 ) (-874 1262.238159 17 ) (-874 1262.238159 19.291626 ) 
4 39 42 (-874 1632 1024 ) (-874 2048 1024 ) (-874 2048 17 ) (-874 1632 17 ) 
4 39 40 (-770 2048 17 ) (-874 1632 17 ) (-874 1688 17 ) (-784 2048 17 ) 
4 40 44 (-874 1688 16 ) (-874 1632 16 ) (-874 1632 17 ) (-874 1688 17 ) 
4 40 41 (-770 2048 16 ) (-874 1632 16 ) (-874 1688 16 ) (-784 2048 16 ) 
4 41 45 (-874 2048 16 ) (-874 2048 0 ) (-874 1632 0 ) (-874 1632 16 ) 
4 42 71 (-1024 1024 17 ) (-1024 1024 1024 ) (-1024 2048 1024 ) (-1024 2048 17 ) 
4 42 63 (-1024 1024 73 ) (-1024 1024 17 ) (-1000 1024 17 ) (-1000 1024 73 ) 
4 42 62 (-1024 1024 214 ) (-1024 1024 73 ) (-1000 1024 73 ) (-1000 1024 214 ) 
4 42 61 (-1000 1024 1024 ) (-1024 1024 1024 ) (-1024 1024 214 ) (-1000 1024 214 ) 
4 42 59 (-1000 1024 73 ) (-1000 1024 17 ) (-884.500000 1024 17 ) (-884.500000 1024 73 ) 
4 42 58 (-884.500000 1024 1024 ) (-1000 1024 1024 ) (-1000 1024 73 ) (-884.500000 1024 73 ) 
4 42 44 (-874 1688 17 ) (-874 1098.666992 17 ) (-888 1056 17 ) (-888 1632 17 ) 
4 42 43 (-874 1098.666992 17 ) (-874 1056 17 ) (-884.500000 1024 17 ) (-898.500061 1024 17 ) 
4 43 65 (-884.500000 1024 17 ) (-898.500061 1024 17 ) (-898.500061 1024 16 ) (-884.500000 1024 16 ) 
4 43 45 (-874 1098.666992 16 ) (-874 1056 16 ) (-884.500000 1024 16 ) (-898.500061 1024 16 ) 
4 43 44 (-874 1098.667969 16 ) (-888 1056.001343 16 ) (-888 1056 17 ) (-874 1098.667969 17 ) 
4 44 45 (-874 1688 16 ) (-874 1098.666992 16 ) (-888 1056 16 ) (-888 1632 16 ) 
4 45 75 (-1024 1024 0 ) (-1024 1024 8 ) (-1024 1880 8 ) (-1024 1880 0 ) 
4 45 74 (-1024 1024 8 ) (-1024 1024 16 ) (-1024 1880 16 ) (-1024 1880 8 ) 
4 45 66 (-884.500000 1024 16 ) (-1024 1024 16 ) (-1024 1024 0 ) (-884.500000 1024 0 ) 
4 45 46 (-1024 1880.002441 8 ) (-1024 1880.002441 16 ) (-982 2048 16 ) (-982 2048 8 ) 
4 46 74 (-1024 1880 16 ) (-1024 2048 16 ) (-1024 2048 8 ) (-1024 1880 8 ) 
3 46 47 (-1024 2048 8 ) (-984 2048 8 ) (-1024 1888 8 ) 
4 47 76 (-1024 2048 8 ) (-1024 2048 -701 ) (-1024 1888 -701 ) (-1024 1888 8 ) 
4 48 50 (624 1024 44.609756 ) (624 1024 -85 ) (624 936 -85 ) (624 936 44.609756 ) 
4 48 49 (624 1024 67 ) (624 1024 44.609756 ) (624 936 44.609756 ) (624 936 67 ) 
4 49 50 (624 936 44.609741 ) (408 936 67 ) (408 1024 67 ) (624 1024 44.609741 ) 
4 51 138 (66 0 1058 ) (26 0 1058 ) (26 0 962 ) (66 0 962 ) 
4 52 139 (0 0 1036.610107 ) (0 0 964.609070 ) (8 0 964.609070 ) (8 0 1036.610107 ) 
4 52 54 (0 0 964.609070 ) (0 0 1036.610107 ) (0 42 1036.610107 ) (0 42 964.609070 ) 
4 53 140 (480 0 -800 ) (480 0 800 ) (0 0 800 ) (0 0 -800 ) 
4 53 55 (0 0 -800 ) (0 0 800 ) (0 304 800 ) (0 304 -800 ) 
4 54 142 (0 0 964.609070 ) (0 0 1036.610107 ) (-72 0 1036.610107 ) (-72 0 964.609070 ) 
4 55 143 (0 0 -800 ) (0 0 800 ) (-464 0 800 ) (-464 0 -800 ) 
4 55 56 (-464 78 80 ) (-464 0 80 ) (-464 0 213 ) (-464 78 213 ) 
4 56 144 (-464 0 80 ) (-464 0 213 ) (-472 0 213 ) (-472 0 80 ) 
4 56 57 (-472 0 80 ) (-472 0 213 ) (-472 78 213 ) (-472 78 80 ) 
4 57 145 (-472 0 73 ) (-472 0 214 ) (-730 0 214 ) (-730 0 73 ) 
4 57 60 (-730 0 73 ) (-730 0 214 ) (-730 78 214 ) (-730 78 73 ) 
4 58 62 (-1000 1024 214 ) (-1000 1024 73 ) (-1000 672 73 ) (-1000 672 214 ) 
4 58 61 (-1000 672 1024 ) (-1000 1024 1024 ) (-1000 1024 214 ) (-1000 672 214 ) 
3 58 59 (-1000 672 73 ) (-1000 1024 73 ) (-884.500000 1024 73 ) 
4 59 65 (-898.500061 1024 17 ) (-884.500000 1024 17 ) (-1000 672 17 ) (-1000 714.666504 17 ) 
4 59 63 (-1000 1024 17 ) (-1000 672 17 ) (-1000 672 73 ) (-1000 1024 73 ) 
4 60 146 (-730 0 73 ) (-730 0 214 ) (-1000 0 214 ) (-1000 0 73 ) 
4 60 64 (-1000 0 73 ) (-1000 0 214 ) (-1000 78 214 ) (-1000 78 73 ) 
4 61 82 (-1024 598.857056 1024 ) (-1024 1024 1024 ) (-1024 1024 214 ) (-1024 598.857056 214 ) 
4 61 62 (-1024 598.857056 214 ) (-1024 1024 214 ) (-1000 1024 214 ) (-1000 672 214 ) 
4 62 99 (-1024 1024 82 ) (-1024 1024 73 ) (-1024 641.523865 73 ) (-1024 641.523865 82 ) 
4 62 97 (-1024 641.523865 73 ) (-1024 598.857056 73 ) (-1024 598.857056 82 ) (-1024 641.523865 82 ) 
4 62 89 (-1024 1024 213 ) (-1024 1024 82 ) (-1024 598.857056 82 ) (-1024 598.857056 213 ) 
4 62 84 (-1024 1024 214 ) (-1024 1024 213 ) (-1024 598.857056 213 ) (-1024 598.857056 214 ) 
4 62 63 (-1024 598.857056 73 ) (-1024 1024 73 ) (-1000 1024 73 ) (-1000 672 73 ) 
4 63 99 (-1024 1024 73 ) (-1024 1024 17 ) (-1024 641.523865 17 ) (-1024 641.523865 73 ) 
4 63 97 (-1024 641.523865 17 ) (-1024 598.857056 17 ) (-1024 598.857056 73 ) (-1024 641.523865 73 ) 
4 63 65 (-1024 598.857056 17 ) (-1024 641.523865 17 ) (-1000 714.666809 17 ) (-1000 672 17 ) 
4 64 147 (-1024 0 214 ) (-1024 0 73 ) (-1000 0 73 ) (-1000 0 214 ) 
4 64 126 (-1024 0 73 ) (-1024 0 82 ) (-1024 78 82 ) (-1024 78 73 ) 
4 64 91 (-1024 0 82 ) (-1024 0 213 ) (-1024 78 213 ) (-1024 78 82 ) 
4 64 85 (-1024 0 213 ) (-1024 0 214 ) (-1024 78 214 ) (-1024 78 213 ) 
4 65 97 (-1024 598.857056 17 ) (-1024 641.523865 17 ) (-1024 641.523865 16 ) (-1024 598.857056 16 ) 
4 65 66 (-884.499451 1024 16 ) (-1024 598.855408 16 ) (-1024 641.523804 16 ) (-898.500000 1024 16 ) 
4 66 112 (-1024 1024 8 ) (-1024 1024 0 ) (-1024 598.857056 0 ) (-1024 598.857056 8 ) 
4 66 102 (-1024 1024 16 ) (-1024 1024 8 ) (-1024 598.857056 8 ) (-1024 598.857056 16 ) 
4 67 71 (-1024 2048 17 ) (-1024 2048 1024 ) (-2048 2048 1024 ) (-2048 2048 17 ) 
4 67 70 (-2048 2048 17 ) (-2048 2048 1024 ) (-2048 2206 1024 ) (-2048 2206 17 ) 
5 67 68 (-2048 2206 17 ) (-1024 2206 17 ) (-1024 2176 17 ) (-1056 2048 17 ) (-2048 2048 17 ) 
4 68 72 (-1056 2048 17 ) (-2048 2048 17 ) (-2048 2048 16 ) (-1056 2048 16 ) 
4 68 70 (-2048 2048 16 ) (-2048 2048 17 ) (-2048 2206 17 ) (-2048 2206 16 ) 
5 68 69 (-1056 2048 16 ) (-2048 2048 16 ) (-2048 2206 16 ) (-1024 2206 16 ) (-1024 2176 16 ) 
4 69 78 (-1086 2048 8 ) (-1088 2048 8 ) (-1088 2048 -701 ) (-1086 2048 -701 ) 
4 69 79 (-1088 2048 8 ) (-2048 2048 8 ) (-2048 2048 -701 ) (-1088 2048 -701 ) 
4 69 76 (-1024 2048 -701 ) (-1024 2048 8 ) (-1086 2048 8 ) (-1086 2048 -701 ) 
4 69 74 (-1024 2048 8 ) (-1024 2048 16 ) (-2048 2048 16 ) (-2048 2048 8 ) 
4 69 70 (-2048 2048 -701 ) (-2048 2048 16 ) (-2048 2206 16 ) (-2048 2206 -701 ) 
4 70 132 (-3072 2048 -701 ) (-3072 2048 1024 ) (-3072 2206 1024 ) (-3072 2206 -701 ) 
4 70 80 (-2048 2048 -701 ) (-2048 2048 1024 ) (-3072 2048 1024 ) (-3072 2048 -701 ) 
4 71 120 (-1304 1024 82 ) (-1376 1024 82 ) (-1376 1024 17 ) (-1304 1024 17 ) 
4 71 105 (-1170.500000 1024 81 ) (-1170.500000 1024 17 ) (-1090 1024 17 ) (-1090 1024 81 ) 
4 71 104 (-1090 1024 82 ) (-1170.500000 1024 82 ) (-1170.500000 1024 81 ) (-1090 1024 81 ) 
4 71 99 (-1024 1024 17 ) (-1024 1024 82 ) (-1090 1024 82 ) (-1090 1024 17 ) 
4 71 92 (-1170.500000 1024 82 ) (-1304 1024 82 ) (-1304 1024 17 ) (-1170.500000 1024 17 ) 
4 71 89 (-1024 1024 82 ) (-1024 1024 213 ) (-1090 1024 213 ) (-1090 1024 82 ) 
4 71 90 (-1090 1024 213 ) (-1376 1024 213 ) (-1376 1024 82 ) (-1090 1024 82 ) 
4 71 86 (-1088 1024 1024 ) (-1090 1024 1024 ) (-1090 1024 213 ) (-1088 1024 213 ) 
4 71 87 (-1090 1024 1024 ) (-1376 1024 1024 ) (-1376 1024 213 ) (-1090 1024 213 ) 
4 71 84 (-1024 1024 213 ) (-1024 1024 214 ) (-1088 1024 214 ) (-1088 1024 213 ) 
4 71 82 (-1024 1024 214 ) (-1024 1024 1024 ) (-1088 1024 1024 ) (-1088 1024 214 ) 
4 71 130 (-1376 1024 1024 ) (-2048 1024 1024 ) (-2048 1024 17 ) (-1376 1024 17 ) 
4 71 80 (-2048 1024 17 ) (-2048 1024 1024 ) (-2048 2048 1024 ) (-2048 2048 17 ) 
4 71 73 (-1170.500122 1024 17 ) (-1312 1024 17 ) (-1160 1632 17 ) (-1160 1056 17 ) 
4 71 72 (-2048 1024 17 ) (-2048 2048 17 ) (-1056 2048 17 ) (-1312 1024 17 ) 
4 72 122 (-1312 1024 17 ) (-1376 1024 17 ) (-1376 1024 16 ) (-1312 1024 16 ) 
4 72 130 (-1376 1024 17 ) (-2048 1024 17 ) (-2048 1024 16 ) (-1376 1024 16 ) 
4 72 80 (-2048 1024 16 ) (-2048 1024 17 ) (-2048 2048 17 ) (-2048 2048 16 ) 
4 72 73 (-1312 1024 16 ) (-1160 1632 16 ) (-1160 1632 17 ) (-1312 1024 17 ) 
4 72 74 (-1312 1024 16 ) (-2048 1024 16 ) (-2048 2048 16 ) (-1056 2048 16 ) 
4 73 122 (-1304 1024 17 ) (-1312 1024 17 ) (-1312 1024 16 ) (-1304 1024 16 ) 
4 73 92 (-1170.500122 1024 17 ) (-1304 1024 17 ) (-1304 1024 16 ) (-1170.500122 1024 16 ) 
4 73 74 (-1170.500122 1024 16 ) (-1312 1024 16 ) (-1160 1632 16 ) (-1160 1056 16 ) 
4 74 122 (-1304 1024 16 ) (-1376 1024 16 ) (-1376 1024 8 ) (-1304 1024 8 ) 
4 74 107 (-1090 1024 16 ) (-1170.500000 1024 16 ) (-1170.500000 1024 8 ) (-1090 1024 8 ) 
4 74 102 (-1024 1024 8 ) (-1024 1024 16 ) (-1090 1024 16 ) (-1090 1024 8 ) 
4 74 92 (-1170.500000 1024 16 ) (-1304 1024 16 ) (-1304 1024 8 ) (-1170.500000 1024 8 ) 
4 74 130 (-1376 1024 16 ) (-2048 1024 16 ) (-2048 1024 8 ) (-1376 1024 8 ) 
4 74 80 (-2048 1024 8 ) (-2048 1024 16 ) (-2048 2048 16 ) (-2048 2048 8 ) 
4 74 78 (-1088 2048 8 ) (-1086 2048 8 ) (-1086 1640 8 ) (-1088 1632 8 ) 
5 74 79 (-1098.499023 1024 8 ) (-2048 1024 8 ) (-2048 2048 8 ) (-1088 2048 8 ) (-1088 1055.997192 8 ) 
3 74 77 (-1086 1024 8 ) (-1096.500000 1024 8 ) (-1086 1056 8 ) 
4 74 76 (-1086 1640 8 ) (-1086 2048 8 ) (-1024 2048 8 ) (-1024 1888 8 ) 
4 74 75 (-1024 1024 8 ) (-1086 1024 8 ) (-1086 1632 8 ) (-1024 1880 8 ) 
4 75 112 (-1024 1024 0 ) (-1024 1024 8 ) (-1086 1024 8 ) (-1086 1024 0 ) 
4 75 77 (-1086 1024 0 ) (-1086 1024 8 ) (-1086 1056 8 ) (-1086 1056 0 ) 
4 76 78 (-1086 2048 -701 ) (-1086 1640 -701 ) (-1086 1640 8 ) (-1086 2048 8 ) 
4 77 112 (-1086 1024 8 ) (-1096.500000 1024 8 ) (-1096.500000 1024 0 ) (-1086 1024 0 ) 
4 78 79 (-1088 2048 -701 ) (-1088 1632 -701 ) (-1088 1632 8 ) (-1088 2048 8 ) 
4 79 125 (-1376 1024 -68.782600 ) (-1376 1024 -701 ) (-1304 1024 -701 ) (-1304 1024 -68.782593 ) 
4 79 122 (-1304 1024 8 ) (-1376 1024 8 ) (-1376 1024 -68.782600 ) (-1304 1024 -68.782593 ) 
4 79 115 (-1170.500122 1024 -84.782600 ) (-1170.500122 1024 -701 ) (-1098.499023 1024 -701 ) (-1098.499023 1024 -84.782593 ) 
4 79 114 (-1170.500122 1024 -76.782600 ) (-1170.500122 1024 -84.782600 ) (-1098.499023 1024 -84.782593 ) (-1098.499023 1024 -76.782600 ) 
4 79 113 (-1098.499023 1024 8 ) (-1170.500122 1024 8 ) (-1170.500122 1024 -76.782600 ) (-1098.499023 1024 -76.782600 ) 
4 79 92 (-1170.500122 1024 8 ) (-1304 1024 8 ) (-1304 1024 -701 ) (-1170.500122 1024 -701 ) 
4 79 130 (-1376 1024 8 ) (-2048 1024 8 ) (-2048 1024 -701 ) (-1376 1024 -701 ) 
4 79 80 (-2048 1024 -701 ) (-2048 1024 8 ) (-2048 2048 8 ) (-2048 2048 -701 ) 
4 80 134 (-3072 1024 -701 ) (-3072 1024 1024 ) (-3072 2048 1024 ) (-3072 2048 -701 ) 
4 80 131 (-3072 1024 1024 ) (-3072 1024 -701 ) (-2048 1024 -701 ) (-2048 1024 1024 ) 
4 81 86 (-1088 191.332794 1024 ) (-1088 403.809540 1024 ) (-1088 403.809509 214 ) (-1088 191.332764 214 ) 
3 81 83 (-1088 191.332794 214 ) (-1088 403.809540 214 ) (-1042 544 214 ) 
4 81 82 (-1042 544.004272 214 ) (-1088 403.812500 214 ) (-1088 403.812439 1024 ) (-1042 544.005188 1024 ) 
4 82 86 (-1088 403.809540 1024 ) (-1088 1024 1024 ) (-1088 1024 214 ) (-1088 403.809509 214 ) 
4 82 84 (-1088 403.809540 214 ) (-1088 1024 214 ) (-1024 1024 214 ) (-1024 598.857056 214 ) 
3 83 88 (-1088 191.332550 213 ) (-1088 403.809479 213 ) (-1042 544 213 ) 
4 83 86 (-1088 403.809509 213 ) (-1088 191.332550 213 ) (-1088 191.332550 214 ) (-1088 403.809479 214 ) 
4 83 84 (-1042 544.006409 213 ) (-1088 403.812500 213 ) (-1088 403.812500 214 ) (-1042 544.005249 214 ) 
4 84 89 (-1088 403.809479 213 ) (-1088 1024 213 ) (-1024 1024 213 ) (-1024 598.857056 213 ) 
4 84 86 (-1088 1024 213 ) (-1088 403.809509 213 ) (-1088 403.809479 214 ) (-1088 1024 214 ) 
4 85 198 (-1024 0 213 ) (-1024 0 214 ) (-1088 0 214 ) (-1088 0 213 ) 
4 85 91 (-1024 0 213 ) (-1088 0 213 ) (-1088 78 213 ) (-1024 78 213 ) 
4 86 88 (-1090 176 213 ) (-1090 397.713928 213 ) (-1088 403.809631 213 ) (-1088 191.332764 213 ) 
4 86 89 (-1090 397.713928 213 ) (-1090 1024 213 ) (-1088 1024 213 ) (-1088 403.809631 213 ) 
4 86 87 (-1090 1024 213 ) (-1090 176 213 ) (-1090 176 1024 ) (-1090 1024 1024 ) 
4 87 202 (-1104 0 1024 ) (-1306 0 1024 ) (-1306 0 213 ) (-1104 0 213 ) 
4 87 203 (-1306 0 1024 ) (-1376 0 1024 ) (-1376 0 213 ) (-1306 0 213 ) 
4 87 200 (-1090 0 1024 ) (-1104 0 1024 ) (-1104 0 213 ) (-1090 0 213 ) 
4 87 90 (-1376 78 213 ) (-1376 1024 213 ) (-1090 1024 213 ) (-1090 78 213 ) 
4 87 91 (-1090 0 213 ) (-1376 0 213 ) (-1376 78 213 ) (-1090 78 213 ) 
4 87 130 (-1376 0 213 ) (-1376 0 1024 ) (-1376 1024 1024 ) (-1376 1024 213 ) 
3 88 98 (-1090 283.333038 82 ) (-1090 397.713989 82 ) (-1065.237183 473.181793 82 ) 
4 88 96 (-1090 176 82 ) (-1090 283.333038 82 ) (-1065.237183 473.181793 82 ) (-1042 544 82 ) 
4 88 89 (-1042 544 82 ) (-1090 397.714844 82 ) (-1090 397.714844 213 ) (-1042 544 213 ) 
4 88 90 (-1090 397.713989 82 ) (-1090 176 82 ) (-1090 176 213 ) (-1090 397.713989 213 ) 
4 89 99 (-1090 1024 82 ) (-1024 1024 82 ) (-1024 641.523865 82 ) (-1090 440.380829 82 ) 
4 89 98 (-1065.237183 473.181793 82 ) (-1090 397.713989 82 ) (-1090 440.380829 82 ) (-1056 544 82 ) 
4 89 97 (-1024 641.523865 82 ) (-1024 598.857056 82 ) (-1065.237183 473.181793 82 ) (-1056 544 82 ) 
4 89 90 (-1090 1024 82 ) (-1090 397.713989 82 ) (-1090 397.713989 213 ) (-1090 1024 213 ) 
4 90 120 (-1376 176 82 ) (-1376 1024 82 ) (-1304 1024 82 ) (-1304 176 82 ) 
3 90 116 (-1304 176 82 ) (-1302 191.332840 82 ) (-1302 176 82 ) 
7 90 104 (-1170.500122 1024 82 ) (-1090 1024 82 ) (-1090 283.333130 82 ) (-1104 176 82 ) (-1302 176 82 ) (-1302 191.332840 82 ) (-1208.494629 908.206970 82 ) 
4 90 103 (-1090 283.333130 82 ) (-1090 78 82 ) (-1104 78 82 ) (-1104 176 82 ) 
3 90 93 (-1304 176 82 ) (-1304 617.143066 82 ) (-1208.494629 908.206970 82 ) 
3 90 92 (-1304 1024 82 ) (-1170.500122 1024 82 ) (-1304 617.143066 82 ) 
4 90 91 (-1376 78 82 ) (-1090 78 82 ) (-1090 78 213 ) (-1376 78 213 ) 
4 90 130 (-1376 78 213 ) (-1376 1024 213 ) (-1376 1024 82 ) (-1376 78 82 ) 
4 91 217 (-1376 0 107 ) (-1376 0 82 ) (-1104 0 82 ) (-1104 0 107 ) 
4 91 206 (-1376 0 116 ) (-1376 0 107 ) (-1104 0 107 ) (-1104 0 116 ) 
4 91 202 (-1104 0 213 ) (-1306 0 213 ) (-1306 0 116 ) (-1104 0 116 ) 
4 91 203 (-1306 0 213 ) (-1376 0 213 ) (-1376 0 116 ) (-1306 0 116 ) 
4 91 200 (-1090 0 213 ) (-1104 0 213 ) (-1104 0 82 ) (-1090 0 82 ) 
4 91 199 (-1088 0 213 ) (-1090 0 213 ) (-1090 0 82 ) (-1088 0 82 ) 
4 91 198 (-1024 0 82 ) (-1024 0 213 ) (-1088 0 213 ) (-1088 0 82 ) 
4 91 126 (-1104 78 82 ) (-1024 78 82 ) (-1024 0 82 ) (-1104 0 82 ) 
4 91 130 (-1376 0 82 ) (-1376 0 213 ) (-1376 78 213 ) (-1376 78 82 ) 
4 92 125 (-1304 1024 -701 ) (-1304 617.143066 -701 ) (-1304 617.143066 3.080688 ) (-1304 1024 -68.782593 ) 
4 92 123 (-1304 617.143066 16 ) (-1304 617.143066 17 ) (-1304 728 17 ) (-1304 728 16 ) 
4 92 124 (-1304 617.143066 3.080688 ) (-1304 617.143066 16 ) (-1304 728 16 ) (-1304 728 -16.499989 ) 
4 92 122 (-1304 728 17 ) (-1304 1024 17 ) (-1304 1024 -68.782593 ) (-1304 728 -16.499989 ) 
4 92 120 (-1304 617.143066 17 ) (-1304 617.143066 82 ) (-1304 1024 82 ) (-1304 1024 17 ) 
4 92 115 (-1208.494873 908.205811 -701 ) (-1170.499878 1024 -701 ) (-1170.500000 1024 -84.782593 ) (-1208.494751 908.206116 -64.329887 ) 
4 92 114 (-1170.500000 1024 -84.782593 ) (-1170.500000 1024 -76.782600 ) (-1208.494751 908.206116 -56.329872 ) (-1208.494751 908.206116 -64.329887 ) 
4 92 113 (-1170.500000 1024 -76.782600 ) (-1170.500000 1024 8 ) (-1208.494751 908.206177 8 ) (-1208.494751 908.206116 -56.329872 ) 
4 92 105 (-1170.500000 1024 17 ) (-1170.500000 1024 81 ) (-1208.494751 908.206238 81 ) (-1208.494751 908.206177 17 ) 
4 92 107 (-1170.500000 1024 8 ) (-1170.500000 1024 16 ) (-1208.494751 908.206177 16 ) (-1208.494751 908.206177 8 ) 
4 92 104 (-1170.500000 1024 81 ) (-1170.500000 1024 82 ) (-1208.494751 908.206238 82 ) (-1208.494751 908.206238 81 ) 
4 92 93 (-1304 617.142578 82 ) (-1304 617.142578 17 ) (-1208.494751 908.206177 17 ) (-1208.494751 908.206238 82 ) 
4 92 95 (-1304 617.142578 16 ) (-1304 617.142578 -701 ) (-1208.494873 908.205811 -701 ) (-1208.494751 908.206177 16 ) 
4 93 120 (-1304 176 82 ) (-1304 617.143066 82 ) (-1304 617.143066 17 ) (-1304 544 17 ) 
3 93 117 (-1303.261597 181.661148 81 ) (-1302 191.332916 79.291672 ) (-1302 191.332932 81 ) 
4 93 116 (-1304 176 82 ) (-1303.261597 181.661148 81 ) (-1302 191.332932 81 ) (-1302 191.332947 82 ) 
5 93 105 (-1302 191.332916 79.291672 ) (-1256 544 17 ) (-1208.494385 908.208984 17 ) (-1208.494385 908.208984 81 ) (-1302 191.332932 81 ) 
4 93 104 (-1208.494385 908.208984 81 ) (-1208.494385 908.208984 82 ) (-1302 191.332947 82 ) (-1302 191.332932 81 ) 
3 94 125 (-1304 176 16 ) (-1304 176 81 ) (-1304 544 16 ) 
3 94 119 (-1304 176 73 ) (-1302 191.332916 70.291740 ) (-1302 191.332916 73 ) 
4 94 118 (-1304 176 81 ) (-1304 176 73 ) (-1302 191.332916 73 ) (-1302 191.332916 78.291740 ) 
4 94 108 (-1261.907593 498.707703 16 ) (-1256 544 16 ) (-1302 191.332916 78.291740 ) (-1302 191.332916 70.291740 ) 
3 94 95 (-1256 544 16 ) (-1304 176.002808 16 ) (-1304 544 16 ) 
5 95 125 (-1304 617.143066 -701 ) (-1304 176 -701 ) (-1304 176 16 ) (-1304 544 16 ) (-1304 617.143066 3.080709 ) 
3 95 124 (-1304 544 16 ) (-1304 617.143066 16 ) (-1304 617.143066 3.080709 ) 
4 95 115 (-1256 543.995544 -701 ) (-1208.494385 908.208984 -701 ) (-1208.494385 908.208984 -64.330444 ) (-1256 543.995605 0 ) 
4 95 114 (-1208.494385 908.208984 -64.330444 ) (-1208.494385 908.208984 -56.330383 ) (-1256 544 8 ) (-1256 543.995605 0 ) 
3 95 113 (-1208.494385 908.208984 -56.330383 ) (-1208.494385 908.208984 8 ) (-1256 544 8 ) 
4 95 108 (-1256 544 16 ) (-1261.907593 498.707703 16 ) (-1256 544 8 ) (-1250.092285 589.292297 8 ) 
4 95 107 (-1208.494385 908.208984 8 ) (-1208.494385 908.208984 16 ) (-1256 544 16 ) (-1250.092285 589.292297 8 ) 
4 96 106 (-1090 283.333191 63.041687 ) (-1090 283.333191 62.041691 ) (-1090 176 81 ) (-1090 181.660965 81 ) 
3 96 105 (-1090 283.333313 81 ) (-1090 283.333191 63.041687 ) (-1090 181.660965 81 ) 
4 96 103 (-1090 176 82 ) (-1090 283.333313 82 ) (-1090 283.333313 81 ) (-1090 176 81 ) 
4 96 100 (-1090 176 81 ) (-1090 283.333252 62.042263 ) (-1065.236572 473.183777 28.508717 ) (-1042 544.002014 16 ) 
4 96 98 (-1090 283.337158 63.040993 ) (-1090 283.337158 82 ) (-1065.238037 473.179260 82 ) (-1065.238037 473.179260 29.509094 ) 
5 96 97 (-1042 544.007263 16 ) (-1042.007813 543.980469 16 ) (-1065.236328 473.187500 28.503906 ) (-1065.236328 473.187500 82 ) (-1042 544.005127 82 ) 
4 97 102 (-1024 641.523804 16 ) (-1024 598.856995 16 ) (-1042 544 16 ) (-1056 544 16 ) 
3 97 100 (-1065.236572 473.183777 28.508717 ) (-1056 544.002014 16 ) (-1042 544.002014 16 ) 
4 97 99 (-1056 544 17 ) (-1056 544 82 ) (-1024 641.523621 82 ) (-1024 641.523682 17 ) 
4 97 98 (-1056 544.001953 82 ) (-1056 544.001953 17 ) (-1065.238037 473.179260 29.509096 ) (-1065.238037 473.179260 82 ) 
4 98 105 (-1090 440.381073 81 ) (-1090 440.380829 35.302299 ) (-1090 283.333191 63.041691 ) (-1090 283.333313 81 ) 
4 98 104 (-1090 283.333313 82 ) (-1090 440.381073 82 ) (-1090 440.381073 81 ) (-1090 283.333313 81 ) 
4 98 99 (-1090 440.380768 35.302315 ) (-1090 440.380768 82 ) (-1056 544 82 ) (-1056 544 17 ) 
5 99 105 (-1090 1024 81 ) (-1090 1024 17 ) (-1090 544 17 ) (-1090 440.380829 35.302299 ) (-1090 440.381073 81 ) 
4 99 104 (-1090 440.381073 82 ) (-1090 1024 82 ) (-1090 1024 81 ) (-1090 440.381073 81 ) 
4 100 110 (-1090 453.415405 16 ) (-1090 176 65 ) (-1090 221.292282 65 ) (-1090 498.707703 16 ) 
3 100 109 (-1090 176 65 ) (-1090 176 73 ) (-1090 221.292282 65 ) 
4 100 108 (-1090 176 73 ) (-1090 176 81 ) (-1090 544 16 ) (-1090 498.707703 16 ) 
3 100 101 (-1053.815796 453.412079 16 ) (-1071.724121 453.412079 16 ) (-1042 544 16 ) 
4 100 102 (-1071.724121 453.412079 16 ) (-1090 453.412079 16 ) (-1090 544 16 ) (-1042 544 16 ) 
3 101 111 (-1047.907715 498.707703 8 ) (-1056.861450 498.707703 8 ) (-1042 544 8 ) 
4 101 102 (-1042 544.007202 8 ) (-1056.861328 498.710938 8 ) (-1071.722656 453.417969 16 ) (-1042 544.002319 16 ) 
5 102 112 (-1090 498.707672 8 ) (-1090 1024 8 ) (-1024 1024 8 ) (-1024 598.857117 8 ) (-1056.861450 498.707703 8 ) 
4 102 110 (-1090 544 8 ) (-1090 498.707703 8 ) (-1090 453.415405 16 ) (-1090 498.707703 16 ) 
4 102 108 (-1090 589.292358 8 ) (-1090 544 8 ) (-1090 498.707703 16 ) (-1090 544 16 ) 
4 102 107 (-1090 1024 8 ) (-1090 589.292358 8 ) (-1090 544 16 ) (-1090 1024 16 ) 
4 103 126 (-1090 78 82 ) (-1104 78 82 ) (-1104 78 81 ) (-1090 78 81 ) 
4 103 109 (-1090 130.707703 81 ) (-1090 78 81 ) (-1104 78 81 ) (-1104 130.707687 81 ) 
4 103 108 (-1090 176 81 ) (-1090 130.707703 81 ) (-1104 130.707687 81 ) (-1104 176 81 ) 
4 103 106 (-1090 181.661530 81 ) (-1090 176 81 ) (-1104 176 81 ) (-1103.261475 181.661560 81 ) 
3 103 105 (-1090 283.333130 81 ) (-1090 181.661530 81 ) (-1103.261475 181.661560 81 ) 
4 103 104 (-1090 283.335938 82 ) (-1090 283.335938 81 ) (-1103.261841 181.661545 81 ) (-1104 176.002655 82 ) 
4 104 116 (-1302 191.333984 82 ) (-1302 191.333984 81 ) (-1302 181.661545 81 ) (-1302 176 82 ) 
7 104 105 (-1302 181.661530 81 ) (-1302 191.332031 81 ) (-1208.494385 908.208130 81 ) (-1170.500122 1024 81 ) (-1090 1024 81 ) (-1090 283.333130 81 ) (-1103.261597 181.661530 81 ) 
3 105 117 (-1302 191.333984 81 ) (-1302 191.333984 79.291550 ) (-1302 181.661545 81 ) 
3 105 106 (-1090 181.662766 81 ) (-1103.261353 181.662766 81 ) (-1090 283.333679 63.041859 ) 
3 106 108 (-1090 176.005890 81 ) (-1104 176.005890 81 ) (-1090 283.333862 62.042736 ) 
5 107 113 (-1250.092163 589.292358 8 ) (-1208.494507 908.207764 8 ) (-1170.500244 1024 8 ) (-1098.499023 1024 8 ) (-1241.137573 589.292358 8 ) 
4 107 112 (-1096.500000 1024 8 ) (-1090 1024 8 ) (-1090 589.292297 8 ) (-1239.138428 589.292358 8 ) 
4 107 108 (-1255.998901 544.008179 16 ) (-1250.091187 589.300781 8 ) (-1090 589.300781 8 ) (-1090 544.008179 16 ) 
3 108 119 (-1302 191.333984 73 ) (-1302 191.333984 70.291542 ) (-1302 176 73 ) 
5 108 118 (-1302 191.333984 78.291550 ) (-1302 191.333984 73 ) (-1302 176 73 ) (-1302 130.707703 81 ) (-1302 176 81 ) 
3 108 113 (-1256 544 8 ) (-1250.092163 589.292358 8 ) (-1241.137573 589.292358 8 ) 
4 108 112 (-1239.138550 589.292358 8 ) (-1090 589.292297 8 ) (-1090 544 8 ) (-1254 544 8 ) 
4 108 110 (-1254 544 8 ) (-1090 544 8 ) (-1090 221.291779 65 ) (-1296.092285 221.291763 65 ) 
5 108 109 (-1090 130.707031 81 ) (-1302 130.707031 81 ) (-1302 176 73 ) (-1296.092285 221.291763 65 ) (-1090 221.291779 65 ) 
4 109 128 (-1302 78 73 ) (-1302 78 65 ) (-1104 78 65 ) (-1104 78 73 ) 
4 109 127 (-1302 78 81 ) (-1302 78 73 ) (-1104 78 73 ) (-1104 78 81 ) 
4 109 126 (-1104 78 73 ) (-1090 78 73 ) (-1090 78 81 ) (-1104 78 81 ) 
4 109 118 (-1302 78 73 ) (-1302 78 81 ) (-1302 130.707703 81 ) (-1302 176 73 ) 
4 109 110 (-1302 176 65 ) (-1296.092651 221.288986 65 ) (-1090 221.289001 65 ) (-1090 176 65 ) 
4 110 112 (-1259.907593 498.707703 8 ) (-1254 544 8 ) (-1090 544 8 ) (-1090 498.707703 8 ) 
3 111 112 (-1056.863525 498.707703 8 ) (-1041.998657 544.010132 8 ) (-1041.998657 544.010132 -0.001788 ) 
4 113 114 (-1256 543.996094 8 ) (-1208.494751 908.206421 -56.330620 ) (-1170.500000 1024 -76.783287 ) (-1098.499023 1024 -76.783325 ) 
4 114 115 (-1256 543.994202 0.001242 ) (-1208.495239 908.205261 -64.329514 ) (-1170.500122 1024 -84.782394 ) (-1098.499023 1024 -84.782349 ) 
3 116 117 (-1303.261353 181.661575 81 ) (-1302 191.335938 81 ) (-1302 181.661545 81 ) 
4 118 127 (-1304 78 81 ) (-1304 78 73 ) (-1302 78 73 ) (-1302 78 81 ) 
4 118 125 (-1304 78 73 ) (-1304 78 81 ) (-1304 176 81 ) (-1304 176 73 ) 
3 118 119 (-1304 175.996094 73 ) (-1302 191.335938 73 ) (-1302 176 73 ) 
3 120 123 (-1304 728 17 ) (-1304 617.143372 17 ) (-1328 544 17 ) 
5 120 122 (-1376 544 17 ) (-1376 1024 17 ) (-1304 1024 17 ) (-1304 728 17 ) (-1328 544 17 ) 
3 120 121 (-1376 544.001892 17 ) (-1328 544.001892 17 ) (-1376 176.001892 82 ) 
4 120 130 (-1376 176 82 ) (-1376 1024 82 ) (-1376 1024 17 ) (-1376 544 17 ) 
3 121 125 (-1376 176 81 ) (-1376 538.343750 17 ) (-1328.737793 538.343750 17 ) 
4 121 122 (-1328.739014 538.333923 17 ) (-1376 538.333923 17 ) (-1376 544 17 ) (-1328 544 17 ) 
4 121 130 (-1376 176 82 ) (-1376 544 17 ) (-1376 538.338501 17 ) (-1376 176 81 ) 
5 122 125 (-1304 1024 -68.781677 ) (-1304 728 -16.499092 ) (-1328.737793 538.343750 17 ) (-1376 538.343750 17 ) (-1376 1024 -68.781662 ) 
4 122 123 (-1304 728.011719 17 ) (-1328.001587 543.995605 17 ) (-1328.001343 543.997498 16 ) (-1304 728.011597 16 ) 
3 122 124 (-1328.001343 543.997498 16 ) (-1304 728.007324 -16.501728 ) (-1304 728.011597 16 ) 
3 122 130 (-1376 1024 17 ) (-1376 1024 -68.782593 ) (-1376 538.338501 17 ) 
3 123 124 (-1328 543.996094 16 ) (-1304 728.003601 16 ) (-1304 617.143311 16 ) 
3 124 125 (-1304 728 -16.499092 ) (-1304 544.005310 16 ) (-1328 544.005310 16 ) 
4 125 129 (-1376 78 73 ) (-1376 78 -701 ) (-1304 78 -701 ) (-1304 78 73 ) 
4 125 127 (-1376 78 81 ) (-1376 78 73 ) (-1304 78 73 ) (-1304 78 81 ) 
5 125 130 (-1376 1024 -701 ) (-1376 78 -701 ) (-1376 78 81 ) (-1376 176 81 ) (-1376 1024 -68.782593 ) 
4 126 200 (-1090 0 82 ) (-1104 0 82 ) (-1104 0 73 ) (-1090 0 73 ) 
4 126 199 (-1088 0 82 ) (-1090 0 82 ) (-1090 0 73 ) (-1088 0 73 ) 
4 126 198 (-1024 0 73 ) (-1024 0 82 ) (-1088 0 82 ) (-1088 0 73 ) 
4 126 127 (-1104 78 81 ) (-1104 78 73 ) (-1104 0 73 ) (-1104 0 81 ) 
4 127 220 (-1376 0 81 ) (-1376 0 73 ) (-1104 0 73 ) (-1104 0 81 ) 
4 127 129 (-1376 0 73 ) (-1376 78 73 ) (-1304 78 73 ) (-1304 0 73 ) 
4 127 128 (-1302 78 73 ) (-1104 78 73 ) (-1104 0 73 ) (-1302 0 73 ) 
4 127 130 (-1376 0 73 ) (-1376 0 81 ) (-1376 78 81 ) (-1376 78 73 ) 
4 128 221 (-1104 0 73 ) (-1302 0 73 ) (-1302 0 65 ) (-1104 0 65 ) 
4 129 225 (-1376 0 53.782608 ) (-1376 0 -701 ) (-1304 0 -701 ) (-1304 0 53.782654 ) 
4 129 222 (-1304 0 73 ) (-1376 0 73 ) (-1376 0 53.782608 ) (-1304 0 53.782654 ) 
4 129 130 (-1376 78 -701 ) (-1376 0 -701 ) (-1376 0 73 ) (-1376 78 73 ) 
4 130 232 (-1592 0 116 ) (-1592 0 115 ) (-1520 0 115 ) (-1520 0 116 ) 
4 130 233 (-1592 0 115 ) (-1592 0 -701 ) (-1520 0 -701 ) (-1520 0 115 ) 
4 130 231 (-1520 0 -701 ) (-1518 0 -701 ) (-1518 0 107 ) (-1520 0 107 ) 
4 130 225 (-1518 0 -701 ) (-1376 0 -701 ) (-1376 0 53.782593 ) (-1518 0 53.782608 ) 
4 130 222 (-1376 0 53.782593 ) (-1376 0 73 ) (-1518 0 73 ) (-1518 0 53.782608 ) 
4 130 218 (-1376 0 81 ) (-1376 0 107 ) (-1518 0 107 ) (-1518 0 81 ) 
4 130 220 (-1376 0 73 ) (-1376 0 81 ) (-1518 0 81 ) (-1518 0 73 ) 
4 130 206 (-1376 0 107 ) (-1376 0 116 ) (-1520 0 116 ) (-1520 0 107 ) 
4 130 203 (-1376 0 1024 ) (-1592 0 1024 ) (-1592 0 116 ) (-1376 0 116 ) 
4 130 234 (-1592 0 1024 ) (-2048 0 1024 ) (-2048 0 -701 ) (-1592 0 -701 ) 
4 130 131 (-2048 1024 1024 ) (-2048 1024 -701 ) (-2048 0 -701 ) (-2048 0 1024 ) 
4 131 235 (-2048 0 -701 ) (-2048 0 1024 ) (-3072 0 1024 ) (-3072 0 -701 ) 
4 131 135 (-3072 0 -701 ) (-3072 0 1024 ) (-3072 1024 1024 ) (-3072 1024 -701 ) 
4 132 134 (-3072 2048 -701 ) (-3072 2048 1024 ) (-4096 2048 1024 ) (-4096 2048 -701 ) 
4 132 133 (-4096 2048 -701 ) (-4096 2048 1024 ) (-4096 2206 1024 ) (-4096 2206 -701 ) 
4 133 136 (-4096 2048 -701 ) (-4096 2048 1024 ) (-4664 2048 1024 ) (-4664 2048 -701 ) 
4 134 136 (-4096 2048 1024 ) (-4096 2048 -701 ) (-4096 1024 -701 ) (-4096 1024 1024 ) 
4 134 135 (-3072 1024 -701 ) (-3072 1024 1024 ) (-4096 1024 1024 ) (-4096 1024 -701 ) 
4 135 256 (-3072 0 -701 ) (-3072 0 1024 ) (-4096 0 1024 ) (-4096 0 -701 ) 
4 135 137 (-4096 0 -701 ) (-4096 0 1024 ) (-4096 1024 1024 ) (-4096 1024 -701 ) 
4 136 137 (-4096 1024 -701 ) (-4096 1024 1024 ) (-4664 1024 1024 ) (-4664 1024 -701 ) 
4 137 258 (-4096 0 -701 ) (-4096 0 1024 ) (-4664 0 1024 ) (-4664 0 -701 ) 
4 139 142 (0 0 1036.610107 ) (0 0 964.609070 ) (0 -44 964.609070 ) (0 -44 1036.610107 ) 
4 140 143 (0 0 800 ) (0 0 -800 ) (0 -318 -800 ) (0 -318 800 ) 
4 141 161 (32 -1024 270 ) (0 -1024 270 ) (0 -1024 130 ) (32 -1024 130 ) 
4 141 157 (0 -1024 130 ) (0 -1024 270 ) (0 -840 270 ) (0 -840 130 ) 
4 141 148 (0 -840 270 ) (0 -836 270 ) (0 -836 130 ) (0 -840 130 ) 
4 143 144 (-464 0 213 ) (-464 0 80 ) (-464 -82 80 ) (-464 -82 213 ) 
4 144 145 (-472 0 213 ) (-472 0 80 ) (-472 -82 80 ) (-472 -82 213 ) 
4 145 146 (-730 -82 73 ) (-730 -82 214 ) (-730 0 214 ) (-730 0 73 ) 
4 146 147 (-1000 0 214 ) (-1000 0 73 ) (-1000 -82 73 ) (-1000 -82 214 ) 
4 147 198 (-1024 0 214 ) (-1024 0 73 ) (-1024 -82 73 ) (-1024 -82 214 ) 
4 148 157 (0 -840 130 ) (0 -840 270 ) (-184 -840 270 ) (-184 -840 130 ) 
4 149 158 (-444 -840 238 ) (-288 -840 238 ) (-288 -840 270 ) (-444 -840 270 ) 
4 149 153 (-288 -704 238 ) (-288 -840 238 ) (-444 -840 238 ) (-444 -704 238 ) 
4 149 151 (-444 -800 240 ) (-444 -800 270 ) (-444 -748 270 ) (-444 -748 240 ) 
4 149 150 (-444 -704 238 ) (-444 -748 238 ) (-444 -748 270 ) (-444 -704 270 ) 
4 149 152 (-444 -800 238 ) (-444 -840 238 ) (-444 -840 270 ) (-444 -800 270 ) 
4 150 154 (-449 -748 238 ) (-449 -704 238 ) (-444 -704 238 ) (-444 -748 238 ) 
4 150 151 (-449 -748 270 ) (-449 -748 240 ) (-444 -748 240 ) (-444 -748 270 ) 
4 151 152 (-449 -800 270 ) (-449 -800 240 ) (-444 -800 240 ) (-444 -800 270 ) 
4 152 158 (-449 -840 270 ) (-449 -840 238 ) (-444 -840 238 ) (-444 -840 270 ) 
4 152 156 (-444 -840 238 ) (-449 -840 238 ) (-449 -800 238 ) (-444 -800 238 ) 
4 153 158 (-444 -840 130 ) (-288 -840 130 ) (-288 -840 238 ) (-444 -840 238 ) 
4 153 156 (-444 -800 130 ) (-444 -840 130 ) (-444 -840 238 ) (-444 -800 238 ) 
4 153 154 (-444 -704 130 ) (-444 -748 130 ) (-444 -748 238 ) (-444 -704 238 ) 
4 153 155 (-444 -750 130 ) (-444 -798 130 ) (-444 -798 238 ) (-444 -750 238 ) 
4 156 158 (-449 -840 238 ) (-449 -840 130 ) (-444 -840 130 ) (-444 -840 238 ) 
4 157 173 (0 -1024 130 ) (0 -1024 131 ) (-192 -1024 131 ) (-192 -1024 130 ) 
4 157 166 (0 -1024 131 ) (0 -1024 168 ) (-192 -1024 168 ) (-192 -1024 131 ) 
4 157 164 (0 -1024 168 ) (0 -1024 169 ) (-192 -1024 169 ) (-192 -1024 168 ) 
4 157 163 (0 -1024 169 ) (0 -1024 270 ) (-192 -1024 270 ) (-192 -1024 169 ) 
4 157 159 (-192 -1024 136 ) (-192 -1024 270 ) (-192 -976 270 ) (-192 -976 136 ) 
4 157 158 (-192 -840 270 ) (-192 -840 130 ) (-192 -976 130 ) (-192 -976 270 ) 
4 158 159 (-449 -976 270 ) (-449 -976 136 ) (-192 -976 136 ) (-192 -976 270 ) 
4 159 183 (-192 -1024 136 ) (-192 -1024 270 ) (-449 -1024 270 ) (-449 -1024 136 ) 
4 159 160 (-449 -1024 136 ) (-449 -1024 270 ) (-449 -984 270 ) (-449 -984 136 ) 
4 160 183 (-449 -1024 136 ) (-449 -1024 270 ) (-528 -1024 270 ) (-528 -1024 136 ) 
4 161 176 (0 -1230 130 ) (0 -1232 130 ) (0 -1232 270 ) (0 -1230 270 ) 
4 161 173 (0 -1024 131 ) (0 -1024 130 ) (0 -1227 130 ) (0 -1227 131 ) 
4 161 175 (0 -1229 130 ) (0 -1230 130 ) (0 -1230 131 ) (0 -1229 131 ) 
4 161 166 (0 -1024 168 ) (0 -1024 131 ) (0 -1228 131 ) (0 -1228 168 ) 
4 161 172 (0 -1229 131 ) (0 -1230 131 ) (0 -1230 168 ) (0 -1229 168 ) 
4 161 164 (0 -1024 169 ) (0 -1024 168 ) (0 -1227 168 ) (0 -1227 169 ) 
4 161 163 (0 -1024 270 ) (0 -1024 169 ) (0 -1230 169 ) (0 -1230 270 ) 
4 161 162 (32 -1232 130 ) (32 -1232 270 ) (0 -1232 270 ) (0 -1232 130 ) 
4 162 177 (0 -1232 -424 ) (0 -1400 -424 ) (0 -1400 270 ) (0 -1232 270 ) 
4 163 183 (-192 -1230 169 ) (-192 -1230 270 ) (-192 -1024 270 ) (-192 -1024 169 ) 
4 163 176 (-192 -1230 270 ) (-192 -1230 169 ) (0 -1230 169 ) (0 -1230 270 ) 
4 163 165 (-51 -1230 169 ) (-122 -1230 169 ) (-122 -1227 169 ) (-51 -1227 169 ) 
4 163 164 (-192 -1227 169 ) (-192 -1024 169 ) (0 -1024 169 ) (0 -1227 169 ) 
4 164 183 (-192 -1227 169 ) (-192 -1024 169 ) (-192 -1024 168 ) (-192 -1227 168 ) 
4 164 166 (-192 -1227 168 ) (-192 -1024 168 ) (0 -1024 168 ) (0 -1227 168 ) 
4 164 165 (-122 -1227 168 ) (-51 -1227 168 ) (-51 -1227 169 ) (-122 -1227 169 ) 
4 165 176 (-122 -1230 168 ) (-51 -1230 168 ) (-51 -1230 169 ) (-122 -1230 169 ) 
4 165 169 (-122 -1229 168 ) (-122 -1228 168 ) (-51 -1228 168 ) (-51 -1229 168 ) 
4 165 166 (-122 -1228 168 ) (-122 -1227 168 ) (-51 -1227 168 ) (-51 -1228 168 ) 
4 165 172 (-51 -1230 168 ) (-122 -1230 168 ) (-122 -1229 168 ) (-51 -1229 168 ) 
4 166 183 (-192 -1228 168 ) (-192 -1024 168 ) (-192 -1024 136 ) (-192 -1228 136 ) 
4 166 174 (-122 -1227 131 ) (-51 -1227 131 ) (-51 -1228 131 ) (-122 -1228 131 ) 
4 166 173 (-192 -1227 131 ) (-192 -1024 131 ) (0 -1024 131 ) (0 -1227 131 ) 
4 166 170 (-123 -1228 150 ) (-123 -1228 168 ) (-191 -1228 168 ) (-191 -1228 150 ) 
4 166 171 (-191 -1228 131 ) (-123 -1228 131 ) (-123 -1228 149 ) (-191 -1228 149 ) 
4 166 169 (-122 -1228 131 ) (-51 -1228 131 ) (-51 -1228 168 ) (-122 -1228 168 ) 
4 166 167 (-1 -1228 150 ) (-1 -1228 168 ) (-50 -1228 168 ) (-50 -1228 150 ) 
4 166 168 (-50 -1228 131 ) (-1 -1228 131 ) (-1 -1228 149 ) (-50 -1228 149 ) 
4 167 172 (-1 -1229 150 ) (-1 -1229 168 ) (-50 -1229 168 ) (-50 -1229 150 ) 
4 168 172 (-50 -1229 131 ) (-1 -1229 131 ) (-1 -1229 149 ) (-50 -1229 149 ) 
4 169 174 (-122 -1228 131 ) (-51 -1228 131 ) (-51 -1229 131 ) (-122 -1229 131 ) 
4 169 172 (-122 -1229 131 ) (-51 -1229 131 ) (-51 -1229 168 ) (-122 -1229 168 ) 
4 170 172 (-123 -1229 150 ) (-123 -1229 168 ) (-191 -1229 168 ) (-191 -1229 150 ) 
4 171 172 (-191 -1229 131 ) (-123 -1229 131 ) (-123 -1229 149 ) (-191 -1229 149 ) 
4 172 183 (-192 -1230 136 ) (-192 -1230 168 ) (-192 -1229 168 ) (-192 -1229 136 ) 
4 172 176 (-192 -1230 168 ) (-192 -1230 131 ) (0 -1230 131 ) (0 -1230 168 ) 
4 172 175 (0 -1230 131 ) (-192 -1230 131 ) (-192 -1229 131 ) (0 -1229 131 ) 
4 173 174 (-122 -1227 130 ) (-51 -1227 130 ) (-51 -1227 131 ) (-122 -1227 131 ) 
4 174 175 (-122 -1229 130 ) (-51 -1229 130 ) (-51 -1229 131 ) (-122 -1229 131 ) 
4 175 176 (-192 -1230 131 ) (-192 -1230 130 ) (0 -1230 130 ) (0 -1230 131 ) 
4 176 183 (-192 -1232 270 ) (-192 -1230 270 ) (-192 -1230 136 ) (-192 -1232 136 ) 
4 176 177 (0 -1232 130 ) (0 -1232 270 ) (-184 -1232 270 ) (-184 -1232 130 ) 
4 178 180 (-381 -1407 271 ) (-381 -1407 384 ) (-389 -1407 384 ) (-389 -1407 271 ) 
4 178 181 (-389 -1407 384 ) (-535 -1407 384 ) (-535 -1407 271 ) (-389 -1407 271 ) 
4 178 179 (-535 -1194 384 ) (-535 -1194 271 ) (-535 -1407 271 ) (-535 -1407 384 ) 
4 179 191 (-536 -1194 270 ) (-536 -1407 270 ) (-536 -1407 384 ) (-536 -1194 384 ) 
4 179 181 (-536 -1407 270 ) (-535 -1407 270 ) (-535 -1407 384 ) (-536 -1407 384 ) 
4 180 182 (-381 -1520 271 ) (-381 -1520 384 ) (-389 -1520 384 ) (-389 -1520 271 ) 
4 180 181 (-389 -1407 384 ) (-389 -1407 271 ) (-389 -1520 271 ) (-389 -1520 384 ) 
4 181 191 (-536 -1407 270 ) (-536 -1520 270 ) (-536 -1520 384 ) (-536 -1407 384 ) 
4 181 188 (-536 -1520 270 ) (-536 -1408 270 ) (-390 -1408 270 ) (-390 -1520 270 ) 
4 181 182 (-536 -1520 270 ) (-389 -1520 270 ) (-389 -1520 384 ) (-536 -1520 384 ) 
4 182 191 (-536 -1520 270 ) (-536 -1896 270 ) (-536 -1896 384 ) (-536 -1520 384 ) 
4 182 189 (-536 -1896 270 ) (-536 -1520 270 ) (-381 -1520 270 ) (-381 -1896 270 ) 
4 183 187 (-504 -1400 136 ) (-416 -1400 136 ) (-416 -1400 246 ) (-504 -1400 246 ) 
4 183 184 (-528 -1359 174 ) (-528 -1359 246 ) (-528 -1263 246 ) (-528 -1263 174 ) 
4 184 185 (-530 -1263 174 ) (-530 -1359 174 ) (-530 -1359 246 ) (-530 -1263 246 ) 
4 185 186 (-534 -1263 174 ) (-534 -1359 174 ) (-534 -1359 246 ) (-534 -1263 246 ) 
4 186 192 (-536 -1359 174 ) (-536 -1359 246 ) (-536 -1263 246 ) (-536 -1263 174 ) 
4 187 188 (-504 -1408 136 ) (-416 -1408 136 ) (-416 -1408 246 ) (-504 -1408 246 ) 
4 188 192 (-536 -1408 136 ) (-536 -1520 136 ) (-536 -1520 249 ) (-536 -1408 249 ) 
4 188 191 (-536 -1520 249 ) (-536 -1520 270 ) (-536 -1408 270 ) (-536 -1408 249 ) 
4 188 189 (-536 -1520 136 ) (-390 -1520 136 ) (-390 -1520 270 ) (-536 -1520 270 ) 
4 189 194 (-536 -1520 136 ) (-536 -1896 136 ) (-536 -1896 249 ) (-536 -1520 249 ) 
4 189 191 (-536 -1896 249 ) (-536 -1896 270 ) (-536 -1520 270 ) (-536 -1520 249 ) 
4 189 190 (-536 -1896 136 ) (-536 -1520 136 ) (-381 -1520 136 ) (-381 -1896 136 ) 
4 190 194 (-536 -1520 97 ) (-536 -1896 97 ) (-536 -1896 136 ) (-536 -1520 136 ) 
4 191 192 (-536 -1194 249 ) (-536 -1520 249 ) (-632 -1520 249 ) (-632 -1194 249 ) 
4 191 194 (-536 -1520 249 ) (-536 -1896 249 ) (-632 -1896 249 ) (-632 -1520 249 ) 
4 191 195 (-632 -1896 249 ) (-757 -1896 249 ) (-757 -1194 249 ) (-632 -1194 249 ) 
3 192 193 (-552 -1520 136 ) (-632 -1520 136 ) (-632 -1456 136 ) 
4 192 194 (-632 -1520 249 ) (-632 -1520 136 ) (-536 -1520 136 ) (-536 -1520 249 ) 
4 192 195 (-632 -1194 249 ) (-632 -1194 136 ) (-632 -1520 136 ) (-632 -1520 249 ) 
4 193 195 (-632 -1456 97 ) (-632 -1520 97 ) (-632 -1520 136 ) (-632 -1456 136 ) 
4 193 194 (-632 -1520 136 ) (-632 -1520 97 ) (-552 -1520 97 ) (-552 -1520 136 ) 
4 194 195 (-632 -1520 97 ) (-632 -1896 97 ) (-632 -1896 249 ) (-632 -1520 249 ) 
4 195 197 (-757 -1606.848389 249 ) (-757 -1592 249 ) (-757 -1592 97 ) (-757 -1606.848389 97 ) 
4 195 196 (-757 -1752 249 ) (-757 -1606.848389 249 ) (-757 -1606.848389 97 ) (-757 -1752 97 ) 
4 196 240 (-1024 -1653.575684 249 ) (-1024 -1640 249 ) (-1024 -1640 97 ) (-1024 -1653.575684 97 ) 
4 196 239 (-1024 -1640 249 ) (-1024 -1493.575684 249 ) (-1024 -1493.575684 97 ) (-1024 -1640 97 ) 
4 196 197 (-757 -1606.849243 249 ) (-757 -1606.849243 97 ) (-792.001770 -1592 97 ) (-792.001770 -1592 249 ) 
4 198 199 (-1088 -82 73 ) (-1088 -82 213 ) (-1088 0 213 ) (-1088 0 73 ) 
4 199 200 (-1090 -82 73 ) (-1090 -82 213 ) (-1090 0 213 ) (-1090 0 73 ) 
4 200 217 (-1104 -208 107 ) (-1104 0 107 ) (-1104 0 82 ) (-1104 -208 82 ) 
4 200 220 (-1104 0 81 ) (-1104 0 73 ) (-1104 -208 73 ) (-1104 -208 81 ) 
5 200 215 (-1104 -315.333862 74.916748 ) (-1104 -315.333862 99 ) (-1104 -208 99 ) (-1104 -208 73 ) (-1104 -294.587952 73 ) 
4 200 214 (-1104 -315.333862 99 ) (-1104 -315.333862 107 ) (-1104 -208 107 ) (-1104 -208 99 ) 
4 200 206 (-1104 -315.333862 107 ) (-1104 -315.333862 116 ) (-1104 0 116 ) (-1104 0 107 ) 
4 200 202 (-1104 -315.333862 116 ) (-1104 -315.333862 1024 ) (-1104 0 1024 ) (-1104 0 116 ) 
5 200 201 (-1101.292969 -294.585999 73 ) (-1104 -294.585999 73 ) (-1104 -82 73 ) (-1090 -82 73 ) (-1090 -208.011719 73 ) 
3 201 224 (-1104 -121.411774 65 ) (-1104 -208 65 ) (-1104 -208 73 ) 
4 201 221 (-1104 -82 65 ) (-1104 -121.411774 65 ) (-1104 -208 73 ) (-1104 -82 73 ) 
3 201 215 (-1104 -208 65 ) (-1104 -294.587952 73 ) (-1104 -208 73 ) 
4 202 207 (-1138 -576 116 ) (-1306 -960 116 ) (-1306 -927.614624 116 ) (-1154 -576 116 ) 
5 202 206 (-1306 0 116 ) (-1104 0 116 ) (-1104 -315.333893 116 ) (-1138 -576 116 ) (-1306 -576 116 ) 
4 202 203 (-1306 0 116 ) (-1306 -960 116 ) (-1306 -960 1024 ) (-1306 0 1024 ) 
4 203 247 (-1306 -1024 1024 ) (-1592 -1024 1024 ) (-1592 -1024 116 ) (-1306 -1024 116 ) 
4 203 232 (-1592 -960 116 ) (-1592 0 116 ) (-1520 0 116 ) (-1520 -795.428589 116 ) 
4 203 212 (-1520 -586.823547 116 ) (-1520 -576 116 ) (-1424 -576 116 ) (-1428.735352 -586.823547 116 ) 
3 203 211 (-1520 -795.428528 116 ) (-1520 -586.823547 116 ) (-1428.735352 -586.823547 116 ) 
4 203 207 (-1306 -927.614624 116 ) (-1306 -960 116 ) (-1320 -992 116 ) (-1320 -960 116 ) 
4 203 206 (-1520 0 116 ) (-1306 0 116 ) (-1306 -576 116 ) (-1520 -576 116 ) 
4 203 204 (-1306 -960 116 ) (-1306 -1024 116 ) (-1320 -1024 116 ) (-1320 -992 116 ) 
4 203 234 (-1592 -1024 116 ) (-1592 -1024 1024 ) (-1592 0 1024 ) (-1592 0 116 ) 
4 204 252 (-1306 -1024 99 ) (-1306 -1024 107 ) (-1320 -1024 107 ) (-1320 -1024 99 ) 
4 204 248 (-1306 -1024 115 ) (-1306 -1024 116 ) (-1320 -1024 116 ) (-1320 -1024 115 ) 
4 204 251 (-1306 -1024 107 ) (-1306 -1024 115 ) (-1320 -1024 115 ) (-1320 -1024 107 ) 
4 204 227 (-1306 -960.001038 107 ) (-1306 -960.001038 99 ) (-1320 -992.001099 99 ) (-1320 -992.001099 107 ) 
4 204 207 (-1320 -992.001099 116 ) (-1306 -960.001038 116 ) (-1306 -960.001038 107 ) (-1320 -992.001099 107 ) 
4 204 205 (-1320 -991.996094 115 ) (-1320 -991.996094 99 ) (-1320 -1024 99 ) (-1320 -1024 115 ) 
4 205 252 (-1334 -1024 107 ) (-1334 -1024 99 ) (-1320 -1024 99 ) (-1320 -1024 107 ) 
4 205 251 (-1334 -1024 115 ) (-1334 -1024 107 ) (-1320 -1024 107 ) (-1320 -1024 115 ) 
4 205 227 (-1334 -1024 99 ) (-1334 -1024 107 ) (-1320 -992.001099 107 ) (-1320 -992.001099 99 ) 
4 205 213 (-1334 -1024 107 ) (-1334 -1024 115 ) (-1320 -992.001099 115 ) (-1320 -992.001099 107 ) 
4 206 232 (-1520 -576 116 ) (-1520 0 116 ) (-1520 0 115 ) (-1520 -565.176453 115 ) 
4 206 233 (-1520 0 115 ) (-1520 0 107 ) (-1520 -478.588257 107 ) (-1520 -565.176453 115 ) 
4 206 231 (-1518 -478.588257 107 ) (-1520 -478.588257 107 ) (-1520 0 107 ) (-1518 0 107 ) 
4 206 218 (-1376 -478.588257 107 ) (-1518 -478.588257 107 ) (-1518 0 107 ) (-1376 0 107 ) 
5 206 217 (-1104 0 107 ) (-1104 -208 107 ) (-1140.764771 -478.588226 107 ) (-1376 -478.588257 107 ) (-1376 0 107 ) 
4 206 214 (-1104 -208 107 ) (-1104 -315.324219 107 ) (-1125.294922 -478.588226 107 ) (-1140.764771 -478.588226 107 ) 
5 206 212 (-1520 -478.591827 107 ) (-1411.294556 -478.591827 107 ) (-1424 -576 116 ) (-1424.001587 -576.003540 116 ) (-1520 -576.003601 116 ) 
5 206 210 (-1140.765259 -478.591827 107 ) (-1125.294434 -478.591827 107 ) (-1131.086060 -522.994080 111.102386 ) (-1149.322632 -565.180054 115 ) (-1152.529907 -565.180054 115 ) 
3 206 208 (-1149.322632 -565.180054 115 ) (-1154.001465 -576.003235 116 ) (-1152.529907 -565.180054 115 ) 
3 206 207 (-1131.086060 -522.994080 111.102386 ) (-1138 -576.003235 116 ) (-1154.001465 -576.003235 116 ) 
4 207 227 (-1302 -950.842590 107 ) (-1320 -991.985474 107 ) (-1320 -960 107 ) (-1302 -918.361328 107 ) 
4 207 223 (-1161.204224 -629.023315 107 ) (-1302 -950.842590 107 ) (-1302 -918.361328 107 ) (-1154 -576 107 ) 
4 207 214 (-1131.087280 -522.997009 107 ) (-1137.998047 -575.980469 107 ) (-1161.204224 -629.023315 107 ) (-1154 -576 107 ) 
4 207 213 (-1320 -960 107 ) (-1320 -992 107 ) (-1320 -992 115 ) (-1320 -960 115 ) 
4 207 210 (-1154 -576 115 ) (-1149.347168 -565.236877 115 ) (-1131.086182 -522.994507 111.097176 ) (-1131.086182 -522.994507 110.102745 ) 
5 207 209 (-1320 -960 107 ) (-1320 -960 115 ) (-1154 -576 115 ) (-1131.086182 -522.994507 110.102745 ) (-1131.086182 -522.994507 107 ) 
3 207 208 (-1154 -576 115.994431 ) (-1149.347168 -565.236877 115 ) (-1154 -576 115 ) 
3 208 210 (-1149.322266 -565.175781 115 ) (-1154 -575.994995 115 ) (-1152.529297 -565.175781 115 ) 
4 209 227 (-1302 -918.361328 107 ) (-1320 -960 107 ) (-1320 -576 107 ) (-1302 -576 107 ) 
3 209 223 (-1154 -576 107 ) (-1302 -918.361328 107 ) (-1302 -576 107 ) 
4 209 216 (-1154 -576 107 ) (-1320 -576 107 ) (-1320 -489.411835 107 ) (-1142.235229 -489.411835 107 ) 
4 209 214 (-1126.706665 -489.411835 107 ) (-1131.087280 -522.997009 107 ) (-1154 -576 107 ) (-1142.235229 -489.411835 107 ) 
4 209 213 (-1320 -489.411804 107 ) (-1320 -960 107 ) (-1320 -960 115 ) (-1320 -576 115 ) 
4 209 210 (-1154 -575.996033 115 ) (-1131.085449 -522.988953 110.102608 ) (-1126.705200 -489.407715 107 ) (-1142.234741 -489.407593 107 ) 
4 210 214 (-1125.294922 -478.588226 107 ) (-1126.706665 -489.411835 107 ) (-1142.235229 -489.411835 107 ) (-1140.764771 -478.588226 107 ) 
4 211 232 (-1520 -795.428528 116 ) (-1520 -586.823547 116 ) (-1520 -576 115 ) (-1520 -795.428528 115 ) 
4 211 233 (-1520 -576 115 ) (-1520 -489.411804 107 ) (-1520 -795.428650 107 ) (-1520 -795.428528 115 ) 
4 211 231 (-1520 -795.428589 107 ) (-1520 -489.411804 107 ) (-1518 -489.411804 107 ) (-1518 -790.857178 107 ) 
3 211 225 (-1424 -576 107 ) (-1518 -790.857178 107 ) (-1518 -576 107 ) 
4 211 216 (-1518 -489.411804 107 ) (-1386.117676 -489.411835 107 ) (-1424 -576 107 ) (-1518 -576 107 ) 
4 211 213 (-1520 -795.429688 107 ) (-1386.117188 -489.411804 107 ) (-1424 -576 115 ) (-1520 -795.429749 115 ) 
5 211 212 (-1428.734741 -586.822266 116 ) (-1424 -576 115 ) (-1412.705688 -489.410156 107 ) (-1520 -489.410156 107 ) (-1520 -586.822266 116 ) 
4 212 232 (-1520 -586.823547 116 ) (-1520 -576 116 ) (-1520 -565.176453 115 ) (-1520 -576 115 ) 
4 212 233 (-1520 -565.176453 115 ) (-1520 -478.588257 107 ) (-1520 -489.411804 107 ) (-1520 -576 115 ) 
4 212 231 (-1520 -489.411804 107 ) (-1520 -478.588257 107 ) (-1518 -478.588257 107 ) (-1518 -489.411804 107 ) 
4 212 219 (-1518 -478.588257 107 ) (-1411.294067 -478.588226 107 ) (-1412.705933 -489.411835 107 ) (-1518 -489.411804 107 ) 
4 213 251 (-1334 -1024 107 ) (-1334 -1024 115 ) (-1520 -1024 115 ) (-1520 -1024 107 ) 
4 213 233 (-1520 -1024 107 ) (-1520 -1024 115 ) (-1520 -795.428528 115 ) (-1520 -795.428650 107 ) 
4 213 231 (-1520 -960 107 ) (-1520 -795.428589 107 ) (-1518 -790.857178 107 ) (-1518 -955.428650 107 ) 
6 213 227 (-1320 -991.985474 107 ) (-1334.006348 -1024 107 ) (-1518 -1024 107 ) (-1518 -960 107 ) (-1350 -576 107 ) (-1320 -576 107 ) 
4 213 225 (-1518 -955.428650 107 ) (-1518 -790.857178 107 ) (-1424 -576 107 ) (-1352 -576 107 ) 
4 213 216 (-1424 -576 107 ) (-1386.117676 -489.411835 107 ) (-1320 -489.411835 107 ) (-1320 -576 107 ) 
4 214 223 (-1161.206787 -629.043945 99 ) (-1161.206787 -629.043945 107 ) (-1154 -576 107 ) (-1142.234985 -489.411774 99 ) 
4 214 217 (-1140.764526 -478.588226 107 ) (-1104 -208.001953 107 ) (-1104 -208.001953 99 ) (-1129 -392 99 ) 
4 214 216 (-1154 -576 107 ) (-1142.235107 -489.411835 107 ) (-1130.470337 -402.823608 99 ) (-1142.234985 -489.411774 99 ) 
4 214 215 (-1154 -576 99 ) (-1104 -208.005280 99 ) (-1104 -315.329590 99 ) (-1138 -575.996094 99 ) 
4 215 224 (-1154 -576 99 ) (-1142.234985 -489.411774 99 ) (-1104 -208.001953 73 ) (-1104 -208.001953 65 ) 
3 215 217 (-1129 -392 99 ) (-1104 -208.001953 99 ) (-1104 -208.001953 82 ) 
4 215 216 (-1142.234985 -489.411774 99 ) (-1130.470337 -402.823608 99 ) (-1104 -208.001953 81 ) (-1115.764404 -294.588226 81 ) 
3 215 220 (-1104 -208.001953 81 ) (-1104 -208.001953 73 ) (-1115.764404 -294.588226 81 ) 
4 216 231 (-1518 -576 107 ) (-1518 -489.411804 107 ) (-1518 -208 81 ) (-1518 -294.588226 81 ) 
4 216 230 (-1314.122070 -489.421814 99 ) (-1302 -461.714294 96.440056 ) (-1302 -466.285614 96.862404 ) (-1312.122070 -489.421844 99 ) 
3 216 229 (-1302 -466.285614 96.862404 ) (-1302 -489.421936 99 ) (-1312.122070 -489.421844 99 ) 
4 216 228 (-1349.150391 -569.486633 106.397316 ) (-1314.122070 -489.421814 99 ) (-1312.122070 -489.421844 99 ) (-1350 -576 107 ) 
4 216 227 (-1302 -576.010254 107 ) (-1350.004272 -576.009766 107 ) (-1312.122070 -489.421844 99 ) (-1302 -489.421936 99 ) 
4 216 226 (-1313.295410 -294.598206 81 ) (-1302 -294.598297 81 ) (-1302 -461.714294 96.440056 ) (-1349.150513 -569.487000 106.397354 ) 
5 216 225 (-1352.004272 -576.009766 107 ) (-1518 -576.008057 107 ) (-1518 -294.596252 81 ) (-1315.295410 -294.598175 81 ) (-1352 -576 107 ) 
4 216 224 (-1115.765625 -294.600037 81 ) (-1142.236206 -489.423523 99 ) (-1302 -489.421967 99 ) (-1302 -294.598297 81 ) 
4 216 223 (-1142.236206 -489.423523 99 ) (-1154 -576.011719 107 ) (-1302 -576.010254 107 ) (-1302 -489.421967 99 ) 
4 216 219 (-1376 -208 81 ) (-1518 -208 81 ) (-1518 -489.412109 107 ) (-1412.705933 -489.412109 107 ) 
5 216 220 (-1115.761719 -294.582031 81 ) (-1518 -294.582031 81 ) (-1518 -208 81 ) (-1104 -208 81 ) (-1104 -208.015625 81 ) 
4 217 218 (-1376 -208 82 ) (-1376 -478.588257 107 ) (-1376 0 107 ) (-1376 0 82 ) 
4 218 231 (-1518 -478.588257 107 ) (-1518 0 107 ) (-1518 0 81 ) (-1518 -197.176529 81 ) 
5 218 219 (-1518 -197.183578 81 ) (-1376 -197.183594 81 ) (-1376 -208 82 ) (-1411.295044 -478.595367 107 ) (-1518 -478.595459 107 ) 
4 218 220 (-1518 -197.176514 81 ) (-1518 0 81 ) (-1376 0 81 ) (-1376 -197.176514 81 ) 
4 219 231 (-1518 -489.411804 107 ) (-1518 -478.588257 107 ) (-1518 -197.176529 81 ) (-1518 -208 81 ) 
4 219 220 (-1518 -208 81 ) (-1518 -197.176514 81 ) (-1376 -197.176514 81 ) (-1376 -208 81 ) 
4 220 231 (-1518 0 81 ) (-1518 0 73 ) (-1518 -208 73 ) (-1518 -294.588226 81 ) 
3 220 226 (-1302 -294.598297 81 ) (-1313.295410 -294.598206 81 ) (-1302 -208.006393 73 ) 
4 220 225 (-1315.295410 -294.598175 81 ) (-1518 -294.596252 81 ) (-1518 -208.008026 73 ) (-1304 -208.006409 73 ) 
4 220 224 (-1104 -208.004883 73 ) (-1115.765625 -294.600037 81 ) (-1302 -294.598297 81 ) (-1302 -208.006393 73 ) 
4 220 222 (-1304 -207.998077 73 ) (-1518 -207.998093 73 ) (-1518 0 73 ) (-1304 0 73 ) 
4 220 221 (-1104 -207.998077 73 ) (-1302 -207.998077 73 ) (-1302 0 73 ) (-1104 0 73 ) 
4 221 224 (-1104 -121.423409 65 ) (-1104 -208.004883 73 ) (-1302 -208.006393 73 ) (-1302 -121.421692 65 ) 
3 222 231 (-1518 0 73 ) (-1518 0 53.782608 ) (-1518 -208 73 ) 
4 222 225 (-1304 -208.006409 73 ) (-1518 -208.008026 73 ) (-1518 0 53.781868 ) (-1304 0 53.781704 ) 
4 223 227 (-1302 -950.856995 99 ) (-1302 -950.856995 107 ) (-1302 -576.014404 107 ) (-1302 -489.426086 99 ) 
4 223 224 (-1302 -576 99 ) (-1302 -489.410156 99 ) (-1142.234985 -489.410126 99 ) (-1154 -576 99 ) 
4 224 230 (-1302 -466.285583 96.862022 ) (-1302 -461.714264 96.439674 ) (-1302 -461.714264 88.440994 ) (-1302 -466.285583 88.863342 ) 
4 224 229 (-1302 -576 99 ) (-1302 -489.426086 99 ) (-1302 -466.285583 96.862022 ) (-1302 -466.285583 88.863342 ) 
4 224 226 (-1302 -461.714264 96.439674 ) (-1302 -208 72.998734 ) (-1302 -208 65 ) (-1302 -461.714264 88.440994 ) 
5 225 231 (-1518 0 -701 ) (-1518 -955.428650 -701 ) (-1518 -955.428711 107 ) (-1518 -576 107 ) (-1518 0 53.782608 ) 
5 226 230 (-1302 -461.714844 88.441040 ) (-1302 -461.714844 96.433594 ) (-1314.152588 -489.492371 99 ) (-1349.150635 -569.487915 99 ) (-1349.150635 -569.487915 98.398338 ) 
3 226 228 (-1314.152588 -489.492371 99 ) (-1349.150635 -569.487915 106.390907 ) (-1349.150635 -569.487915 99 ) 
4 227 252 (-1334 -1024 99 ) (-1334 -1024 107 ) (-1518 -1024 107 ) (-1518 -1024 99 ) 
4 227 229 (-1312.118530 -489.413696 99 ) (-1302 -489.411774 99 ) (-1302 -576 99 ) (-1350 -576 99 ) 
3 227 228 (-1312.117920 -489.411774 99 ) (-1350 -576 99 ) (-1350 -576 107 ) 
4 228 230 (-1349.151001 -569.490845 99 ) (-1314.117188 -489.414063 99 ) (-1312.118530 -489.413696 99 ) (-1350 -576 99 ) 
4 229 230 (-1350 -576 99 ) (-1312.116821 -489.411774 99 ) (-1302 -466.287659 96.863533 ) (-1302 -466.287659 88.863525 ) 
4 231 233 (-1520 0 -701 ) (-1520 -960 -701 ) (-1520 -960 107 ) (-1520 0 107 ) 
4 232 233 (-1520 0 115 ) (-1520 -795.428589 115 ) (-1592 -960 115 ) (-1592 0 115 ) 
4 232 234 (-1592 -960 116 ) (-1592 0 116 ) (-1592 0 115 ) (-1592 -960 115 ) 
4 233 254 (-1592 -1024 107 ) (-1592 -1024 -701 ) (-1520 -1024 -701 ) (-1520 -1024 107 ) 
4 233 251 (-1592 -1024 115 ) (-1592 -1024 107 ) (-1520 -1024 107 ) (-1520 -1024 115 ) 
4 233 234 (-1592 0 -701 ) (-1592 -1024 -701 ) (-1592 -1024 115 ) (-1592 0 115 ) 
4 234 254 (-2048 -1024 107 ) (-2048 -1024 -701 ) (-1592 -1024 -701 ) (-1592 -1024 107 ) 
4 234 250 (-2048 -1024 116 ) (-2048 -1024 115 ) (-1592 -1024 115 ) (-1592 -1024 116 ) 
4 234 251 (-2048 -1024 115 ) (-2048 -1024 107 ) (-1592 -1024 107 ) (-1592 -1024 115 ) 
4 234 247 (-1592 -1024 1024 ) (-2048 -1024 1024 ) (-2048 -1024 116 ) (-1592 -1024 116 ) 
4 234 235 (-2048 0 1024 ) (-2048 0 -701 ) (-2048 -1024 -701 ) (-2048 -1024 1024 ) 
4 235 256 (-3072 0 1024 ) (-3072 0 -701 ) (-3072 -1024 -701 ) (-3072 -1024 1024 ) 
4 235 255 (-2048 -1024 -701 ) (-2048 -1024 1024 ) (-3072 -1024 1024 ) (-3072 -1024 -701 ) 
4 236 260 (-1112 -2048 1024 ) (-1160 -2048 1024 ) (-1160 -2048 249 ) (-1112 -2048 249 ) 
4 236 242 (-1112 -2048 249 ) (-1160 -2048 249 ) (-1160 -1680 249 ) (-1112 -1680 249 ) 
4 236 237 (-1160 -1680 1024 ) (-1160 -1680 250 ) (-1160 -1682 250 ) (-1160 -1682 1024 ) 
4 236 238 (-1160 -1682 249 ) (-1160 -2048 249 ) (-1160 -2048 1024 ) (-1160 -1682 1024 ) 
4 237 246 (-1304 -1682 1024 ) (-1304 -1680 1024 ) (-1304 -1680 250 ) (-1304 -1682 250 ) 
4 237 238 (-1160 -1682 250 ) (-1160 -1682 1024 ) (-1304 -1682 1024 ) (-1304 -1682 250 ) 
4 238 260 (-1160 -2048 1024 ) (-1304 -2048 1024 ) (-1304 -2048 249 ) (-1160 -2048 249 ) 
4 238 246 (-1304 -2048 249 ) (-1304 -2048 1024 ) (-1304 -1682 1024 ) (-1304 -1682 249 ) 
4 238 243 (-1160 -2048 249 ) (-1304 -2048 249 ) (-1304 -1682 249 ) (-1160 -1682 249 ) 
4 239 244 (-1112 -1480 97 ) (-1112 -1640 97 ) (-1112 -1640 99 ) (-1112 -1480 99 ) 
4 239 241 (-1112 -1640 99 ) (-1112 -1640 249 ) (-1112 -1480 249 ) (-1112 -1480 99 ) 
4 239 240 (-1056 -1640 97 ) (-1024 -1640 97 ) (-1024 -1640 249 ) (-1056 -1640 249 ) 
4 241 245 (-1304 -1640 249 ) (-1304 -1480 249 ) (-1304 -1480 99 ) (-1304 -1640 99 ) 
4 241 244 (-1304 -1640 99 ) (-1304 -1480 99 ) (-1112 -1480 99 ) (-1112 -1640 99 ) 
4 242 260 (-1112 -2048 249 ) (-1160 -2048 249 ) (-1160 -2048 99 ) (-1112 -2048 99 ) 
4 242 243 (-1160 -1682 99 ) (-1160 -2048 99 ) (-1160 -2048 249 ) (-1160 -1682 249 ) 
4 243 260 (-1160 -2048 249 ) (-1304 -2048 249 ) (-1304 -2048 99 ) (-1160 -2048 99 ) 
4 243 246 (-1304 -2048 99 ) (-1304 -2048 249 ) (-1304 -1682 249 ) (-1304 -1682 99 ) 
4 244 245 (-1304 -1640 99 ) (-1304 -1480 99 ) (-1304 -1480 97 ) (-1304 -1640 97 ) 
4 245 252 (-1306 -1640 99 ) (-1306 -1640 107 ) (-1306 -1480 107 ) (-1306 -1480 99 ) 
4 245 248 (-1306 -1640 115 ) (-1306 -1640 116 ) (-1306 -1480 116 ) (-1306 -1480 115 ) 
4 245 251 (-1306 -1640 107 ) (-1306 -1640 115 ) (-1306 -1480 115 ) (-1306 -1480 107 ) 
4 245 247 (-1306 -1640 116 ) (-1306 -1640 249 ) (-1306 -1480 249 ) (-1306 -1480 116 ) 
4 246 260 (-1304 -2048 99 ) (-1304 -2048 1024 ) (-1306 -2048 1024 ) (-1306 -2048 99 ) 
4 246 252 (-1306 -2048 99 ) (-1306 -2048 107 ) (-1306 -1680 107 ) (-1306 -1680 99 ) 
4 246 248 (-1306 -2048 115 ) (-1306 -2048 116 ) (-1306 -1680 116 ) (-1306 -1680 115 ) 
4 246 251 (-1306 -2048 107 ) (-1306 -2048 115 ) (-1306 -1680 115 ) (-1306 -1680 107 ) 
4 246 247 (-1306 -2048 116 ) (-1306 -2048 1024 ) (-1306 -1680 1024 ) (-1306 -1680 116 ) 
4 247 261 (-1306 -2048 116 ) (-1306 -2048 1024 ) (-2048 -2048 1024 ) (-2048 -2048 116 ) 
4 247 255 (-2048 -1024 1024 ) (-2048 -1024 116 ) (-2048 -2048 116 ) (-2048 -2048 1024 ) 
5 247 250 (-2048 -1024 116 ) (-1592 -1024 116 ) (-1592 -1976 116 ) (-1616.888916 -2048 116 ) (-2048 -2048 116 ) 
3 247 249 (-1320 -1976 116 ) (-1320 -2048 116 ) (-1344.888794 -2048 116 ) 
4 247 248 (-1320 -1024 116 ) (-1306 -1024 116 ) (-1306 -2048 116 ) (-1320 -2048 116 ) 
4 248 263 (-1306 -2048 115 ) (-1306 -2048 116 ) (-1320 -2048 116 ) (-1320 -2048 115 ) 
4 248 249 (-1320 -1976 115 ) (-1320 -2048 115 ) (-1320 -2048 116 ) (-1320 -1976 116 ) 
4 248 251 (-1320 -1024 115 ) (-1306 -1024 115 ) (-1306 -2048 115 ) (-1320 -2048 115 ) 
4 249 263 (-1320 -2048 116 ) (-1344.888794 -2048 116 ) (-1344.888916 -2048 115 ) (-1320 -2048 115 ) 
3 249 251 (-1320 -1976 115 ) (-1320 -2048 115 ) (-1344.888794 -2048 115 ) 
4 250 262 (-1616.888916 -2048 116 ) (-2048 -2048 116 ) (-2048 -2048 115 ) (-1616.888916 -2048 115 ) 
4 250 255 (-2048 -1024 116 ) (-2048 -1024 115 ) (-2048 -2048 115 ) (-2048 -2048 116 ) 
5 250 251 (-2048 -2048 115 ) (-2048 -1024 115 ) (-1592 -1024 115 ) (-1592 -1976 115 ) (-1616.888916 -2048 115 ) 
4 251 265 (-1542.888916 -2048 115 ) (-2048 -2048 115 ) (-2048 -2048 107 ) (-1542.888916 -2048 107 ) 
4 251 264 (-1306 -2048 107 ) (-1306 -2048 115 ) (-1542.888916 -2048 115 ) (-1542.888916 -2048 107 ) 
4 251 255 (-2048 -1024 115 ) (-2048 -1024 107 ) (-2048 -2048 107 ) (-2048 -2048 115 ) 
5 251 254 (-2048 -2048 107 ) (-2048 -1024 107 ) (-1520 -1024 107 ) (-1520 -1976 107 ) (-1544.888916 -2048 107 ) 
3 251 253 (-1518 -1976 107 ) (-1518 -2048 107 ) (-1542.888916 -2048 107 ) 
4 251 252 (-1518 -1024 107 ) (-1306 -1024 107 ) (-1306 -2048 107 ) (-1518 -2048 107 ) 
4 252 264 (-1306 -2048 99 ) (-1306 -2048 107 ) (-1518 -2048 107 ) (-1518 -2048 99 ) 
4 252 253 (-1518 -2048 99 ) (-1518 -2048 107 ) (-1518 -1976 107 ) (-1518 -1976 99 ) 
4 253 264 (-1518 -2048 107 ) (-1542.888916 -2048 107 ) (-1542.888916 -2048 99 ) (-1518 -2048 99 ) 
4 254 266 (-1544.888916 -2048 107 ) (-2048 -2048 107 ) (-2048 -2048 -701 ) (-1544.888916 -2048 -701 ) 
4 254 255 (-2048 -1024 107 ) (-2048 -1024 -701 ) (-2048 -2048 -701 ) (-2048 -2048 107 ) 
4 255 270 (-2048 -2048 -701 ) (-2048 -2048 1024 ) (-3072 -2048 1024 ) (-3072 -2048 -701 ) 
4 255 257 (-3072 -2048 -701 ) (-3072 -2048 1024 ) (-3072 -1024 1024 ) (-3072 -1024 -701 ) 
4 256 258 (-4096 -1024 -701 ) (-4096 -1024 1024 ) (-4096 0 1024 ) (-4096 0 -701 ) 
4 256 257 (-3072 -1024 -701 ) (-3072 -1024 1024 ) (-4096 -1024 1024 ) (-4096 -1024 -701 ) 
4 257 273 (-3072 -2048 -701 ) (-3072 -2048 1024 ) (-4096 -2048 1024 ) (-4096 -2048 -701 ) 
4 257 259 (-4096 -2048 -701 ) (-4096 -2048 1024 ) (-4096 -1024 1024 ) (-4096 -1024 -701 ) 
4 258 259 (-4096 -1024 -701 ) (-4096 -1024 1024 ) (-4664 -1024 1024 ) (-4664 -1024 -701 ) 
4 259 274 (-4096 -2048 -701 ) (-4096 -2048 1024 ) (-4664 -2048 1024 ) (-4664 -2048 -701 ) 
4 260 264 (-1306 -2622 99 ) (-1306 -2622 115 ) (-1306 -2048 115 ) (-1306 -2048 99 ) 
4 260 263 (-1306 -2622 115 ) (-1306 -2622 116 ) (-1306 -2048 116 ) (-1306 -2048 115 ) 
4 260 261 (-1306 -2622 116 ) (-1306 -2622 1024 ) (-1306 -2048 1024 ) (-1306 -2048 116 ) 
4 261 270 (-2048 -2048 1024 ) (-2048 -2048 116 ) (-2048 -2624 116 ) (-2048 -2624 1024 ) 
4 261 267 (-1744 -2624 116 ) (-1306 -2624 116 ) (-1306 -2624 1024 ) (-1744 -2624 1024 ) 
4 261 269 (-2048 -2624 1024 ) (-2048 -2624 116 ) (-1744 -2624 116 ) (-1744 -2624 1024 ) 
4 261 263 (-1344.888794 -2048 116 ) (-1306 -2048 116 ) (-1306 -2624 116 ) (-1544 -2624 116 ) 
4 261 262 (-2048 -2048 116 ) (-1616.888916 -2048 116 ) (-1816 -2624 116 ) (-2048 -2624 116 ) 
4 262 270 (-2048 -2048 116 ) (-2048 -2048 115 ) (-2048 -2624 115 ) (-2048 -2624 116 ) 
4 262 269 (-2048 -2624 116 ) (-2048 -2624 115 ) (-1816 -2624 115 ) (-1816 -2624 116 ) 
4 262 265 (-1816 -2624 115 ) (-2048 -2624 115 ) (-2048 -2048 115 ) (-1616.888916 -2048 115 ) 
4 263 267 (-1544 -2624 115 ) (-1306 -2624 115 ) (-1306 -2624 116 ) (-1544 -2624 116 ) 
4 263 264 (-1306 -2048 115 ) (-1306 -2624 115 ) (-1544 -2624 115 ) (-1344.888794 -2048 115 ) 
4 264 267 (-1306 -2624 107 ) (-1306 -2624 115 ) (-1742 -2624 115 ) (-1742 -2624 107 ) 
4 264 265 (-1742 -2624 107 ) (-1742 -2624 115 ) (-1542.888794 -2048 115 ) (-1542.888794 -2048 107 ) 
4 265 270 (-2048 -2048 115 ) (-2048 -2048 107 ) (-2048 -2624 107 ) (-2048 -2624 115 ) 
4 265 267 (-1744 -2624 107 ) (-1742 -2624 107 ) (-1742 -2624 115 ) (-1744 -2624 115 ) 
4 265 269 (-2048 -2624 115 ) (-2048 -2624 107 ) (-1744 -2624 107 ) (-1744 -2624 115 ) 
4 265 266 (-1744 -2624 107 ) (-2048 -2624 107 ) (-2048 -2048 107 ) (-1544.888794 -2048 107 ) 
4 266 270 (-2048 -2048 107 ) (-2048 -2048 -701 ) (-2048 -2624 -701 ) (-2048 -2624 107 ) 
4 266 269 (-2048 -2624 107 ) (-2048 -2624 -701 ) (-1744 -2624 -701 ) (-1744 -2624 107 ) 
4 267 268 (-1744 -2626 1024 ) (-1744 -2626 107 ) (-1112 -2626 107 ) (-1112 -2626 1024 ) 
4 267 269 (-1744 -2626 1024 ) (-1744 -2624 1024 ) (-1744 -2624 107 ) (-1744 -2626 107 ) 
4 268 271 (-1112 -3072 1024 ) (-1744 -3072 1024 ) (-1744 -3072 -701 ) (-1112 -3072 -701 ) 
4 268 269 (-1744 -3072 1024 ) (-1744 -2626 1024 ) (-1744 -2626 -701 ) (-1744 -3072 -701 ) 
4 269 271 (-1744 -3072 1024 ) (-2048 -3072 1024 ) (-2048 -3072 -701 ) (-1744 -3072 -701 ) 
4 269 270 (-2048 -2624 -701 ) (-2048 -3072 -701 ) (-2048 -3072 1024 ) (-2048 -2624 1024 ) 
4 270 273 (-3072 -2048 1024 ) (-3072 -2048 -701 ) (-3072 -3072 -701 ) (-3072 -3072 1024 ) 
4 270 272 (-2048 -3072 -701 ) (-2048 -3072 1024 ) (-3072 -3072 1024 ) (-3072 -3072 -701 ) 
4 271 272 (-2048 -3254 1024 ) (-2048 -3072 1024 ) (-2048 -3072 -701 ) (-2048 -3254 -701 ) 
4 272 275 (-3072 -3254 1024 ) (-3072 -3072 1024 ) (-3072 -3072 -701 ) (-3072 -3254 -701 ) 
4 273 275 (-3072 -3072 -701 ) (-3072 -3072 1024 ) (-4096 -3072 1024 ) (-4096 -3072 -701 ) 
4 273 274 (-4096 -2048 1024 ) (-4096 -2048 -701 ) (-4096 -3072 -701 ) (-4096 -3072 1024 ) 
4 274 276 (-4096 -3072 -701 ) (-4096 -3072 1024 ) (-4664 -3072 1024 ) (-4664 -3072 -701 ) 
4 275 276 (-4096 -3072 1024 ) (-4096 -3072 -701 ) (-4096 -3254 -701 ) (-4096 -3254 1024 ) 
