d:\alyxstory\src\game\client\debug_mod_episodic\client.pch
d:\alyxstory\src\game\client\debug_mod_episodic\vc120.pdb
d:\alyxstory\src\game\client\debug_mod_episodic\vc120.idb
d:\alyxstory\src\game\client\debug_mod_episodic\stdafx.obj
d:\alyxstory\src\game\client\debug_mod_episodic\achievements_hlx.obj
d:\alyxstory\src\game\client\debug_mod_episodic\animatedtextureproxy.obj
d:\alyxstory\src\game\client\debug_mod_episodic\animation.obj
d:\alyxstory\src\game\client\debug_mod_episodic\baseentity_shared.obj
d:\alyxstory\src\game\client\debug_mod_episodic\basepresence.obj
d:\alyxstory\src\game\client\debug_mod_episodic\beamdraw.obj
d:\alyxstory\src\game\client\debug_mod_episodic\c_ai_basehumanoid.obj
d:\alyxstory\src\game\client\debug_mod_episodic\c_ai_basenpc.obj
d:\alyxstory\src\game\client\debug_mod_episodic\c_basecombatweapon.obj
d:\alyxstory\src\game\client\debug_mod_episodic\c_dynamiclight.obj
d:\alyxstory\src\game\client\debug_mod_episodic\c_env_particlescript.obj
d:\alyxstory\src\game\client\debug_mod_episodic\c_func_areaportalwindow.obj
d:\alyxstory\src\game\client\debug_mod_episodic\c_func_dust.obj
d:\alyxstory\src\game\client\debug_mod_episodic\c_hairball.obj
d:\alyxstory\src\game\client\debug_mod_episodic\c_physicsprop.obj
d:\alyxstory\src\game\client\debug_mod_episodic\c_rumble.obj
d:\alyxstory\src\game\client\debug_mod_episodic\c_sceneentity.obj
d:\alyxstory\src\game\client\debug_mod_episodic\clientsideeffects.obj
d:\alyxstory\src\game\client\debug_mod_episodic\clientsteamcontext.obj
d:\alyxstory\src\game\client\debug_mod_episodic\dummyproxy.obj
d:\alyxstory\src\game\client\debug_mod_episodic\effectsclient.obj
d:\alyxstory\src\game\client\debug_mod_episodic\entityoriginmaterialproxy.obj
d:\alyxstory\src\game\client\debug_mod_episodic\env_detail_controller.obj
d:\alyxstory\src\game\client\debug_mod_episodic\func_ladder.obj
d:\alyxstory\src\game\client\debug_mod_episodic\fx_impact.obj
d:\alyxstory\src\game\client\debug_mod_episodic\gamemovement.obj
d:\alyxstory\src\game\client\debug_mod_episodic\glow_overlay.obj
d:\alyxstory\src\game\client\debug_mod_episodic\haptic_utils.obj
d:\alyxstory\src\game\client\debug_mod_episodic\hud.obj
d:\alyxstory\src\game\client\debug_mod_episodic\hud_msg.obj
d:\alyxstory\src\game\client\debug_mod_episodic\hud_vehicle.obj
d:\alyxstory\src\game\client\debug_mod_episodic\mp_shareddefs.obj
d:\alyxstory\src\game\client\debug_mod_episodic\multiplay_gamerules.obj
d:\alyxstory\src\game\client\debug_mod_episodic\particle_simple3d.obj
d:\alyxstory\src\game\client\debug_mod_episodic\particles_new.obj
d:\alyxstory\src\game\client\debug_mod_episodic\physics_main_shared.obj
d:\alyxstory\src\game\client\debug_mod_episodic\sprite.obj
d:\alyxstory\src\game\client\debug_mod_episodic\text_message.obj
d:\alyxstory\src\game\client\debug_mod_episodic\vehicle_viewblend_shared.obj
d:\alyxstory\src\game\client\debug_mod_episodic\vgui_bitmapbutton.obj
d:\alyxstory\src\game\client\debug_mod_episodic\vgui_int.obj
d:\alyxstory\src\game\client\debug_mod_episodic\view_beams.obj
d:\alyxstory\src\game\client\debug_mod_episodic\viewdebug.obj
d:\alyxstory\src\game\client\debug_mod_episodic\waterlodmaterialproxy.obj
d:\alyxstory\src\game\client\debug_mod_episodic\weapon_parse_default.obj
d:\alyxstory\src\game\client\debug_mod_episodic\worlddimsproxy.obj
d:\alyxstory\src\game\client\debug_mod_episodic\basemodel_panel.obj
d:\alyxstory\src\game\client\debug_mod_episodic\mapoverview.obj
d:\alyxstory\src\game\client\debug_mod_episodic\basehlcombatweapon_shared.obj
d:\alyxstory\src\game\client\debug_mod_episodic\c_antlion_dust.obj
d:\alyxstory\src\game\client\debug_mod_episodic\c_ar2_explosion.obj
d:\alyxstory\src\game\client\debug_mod_episodic\c_basehelicopter.obj
d:\alyxstory\src\game\client\debug_mod_episodic\c_env_alyxtemp.obj
d:\alyxstory\src\game\client\debug_mod_episodic\c_npc_advisor.obj
d:\alyxstory\src\game\client\debug_mod_episodic\c_npc_combinegunship.obj
d:\alyxstory\src\game\client\debug_mod_episodic\c_te_flare.obj
d:\alyxstory\src\game\client\debug_mod_episodic\c_vort_charge_token.obj
d:\alyxstory\src\game\client\debug_mod_episodic\c_weapon_stunstick.obj
d:\alyxstory\src\game\client\debug_mod_episodic\hl2_gamerules.obj
d:\alyxstory\src\game\client\debug_mod_episodic\hud_ammo.obj
d:\alyxstory\src\game\client\debug_mod_episodic\hud_poisondamageindicator.obj
d:\alyxstory\src\game\client\debug_mod_episodic\hud_zoom.obj
d:\alyxstory\src\game\client\debug_mod_episodic\c_te.obj
d:\alyxstory\src\game\client\debug_mod_episodic\c_te_basebeam.obj
d:\alyxstory\src\game\client\debug_mod_episodic\c_te_beamfollow.obj
d:\alyxstory\src\game\client\debug_mod_episodic\c_te_bloodstream.obj
d:\alyxstory\src\game\client\debug_mod_episodic\c_te_decal.obj
d:\alyxstory\src\game\client\debug_mod_episodic\c_te_glassshatter.obj
d:\alyxstory\src\game\client\debug_mod_episodic\c_te_showline.obj
d:\alyxstory\src\game\client\debug_mod_episodic\c_te_worlddecal.obj
d:\alyxstory\src\game\client\debug_mod_episodic\fx_line.obj
d:\alyxstory\src\game\client\debug_mod_episodic\entity_client_tools.obj
d:\alyxstory\src\game\client\debug_mod_episodic\replaycamera.obj
d:\alyxstory\src\game\client\debug_mod_episodic\ammodef.obj
d:\alyxstory\src\game\client\debug_mod_episodic\animatespecifictextureproxy.obj
d:\alyxstory\src\game\client\debug_mod_episodic\baseclientrendertargets.obj
d:\alyxstory\src\game\client\debug_mod_episodic\basecombatweapon_shared.obj
d:\alyxstory\src\game\client\debug_mod_episodic\baseprojectile.obj
d:\alyxstory\src\game\client\debug_mod_episodic\bone_accessor.obj
d:\alyxstory\src\game\client\debug_mod_episodic\bone_merge_cache.obj
d:\alyxstory\src\game\client\debug_mod_episodic\c_baseanimatingoverlay.obj
d:\alyxstory\src\game\client\debug_mod_episodic\c_baseflex.obj
d:\alyxstory\src\game\client\debug_mod_episodic\c_plasma.obj
d:\alyxstory\src\game\client\debug_mod_episodic\c_shadowcontrol.obj
d:\alyxstory\src\game\client\debug_mod_episodic\c_sprite.obj
d:\alyxstory\src\game\client\debug_mod_episodic\c_vehicle_choreo_generic.obj
d:\alyxstory\src\game\client\debug_mod_episodic\cam_thirdperson.obj
d:\alyxstory\src\game\client\debug_mod_episodic\cdll_bounded_cvars.obj
d:\alyxstory\src\game\client\debug_mod_episodic\cl_mat_stub.obj
d:\alyxstory\src\game\client\debug_mod_episodic\client_factorylist.obj
d:\alyxstory\src\game\client\debug_mod_episodic\client_thinklist.obj
d:\alyxstory\src\game\client\debug_mod_episodic\cliententitylist.obj
d:\alyxstory\src\game\client\debug_mod_episodic\clientmode_shared.obj
d:\alyxstory\src\game\client\debug_mod_episodic\hud_bitmapnumericdisplay.obj
d:\alyxstory\src\game\client\debug_mod_episodic\hud_hintdisplay.obj
d:\alyxstory\src\game\client\debug_mod_episodic\in_main.obj
d:\alyxstory\src\game\client\debug_mod_episodic\perfvisualbenchmark.obj
d:\alyxstory\src\game\client\debug_mod_episodic\physics_main_client.obj
d:\alyxstory\src\game\client\debug_mod_episodic\physics_saverestore.obj
d:\alyxstory\src\game\client\debug_mod_episodic\rope_helpers.obj
d:\alyxstory\src\game\client\debug_mod_episodic\sceneentity_shared.obj
d:\alyxstory\src\game\client\debug_mod_episodic\sequence_transitioner.obj
d:\alyxstory\src\game\client\debug_mod_episodic\simple_keys.obj
d:\alyxstory\src\game\client\debug_mod_episodic\simtimer.obj
d:\alyxstory\src\game\client\debug_mod_episodic\soundenvelope.obj
d:\alyxstory\src\game\client\debug_mod_episodic\teamplay_gamerules.obj
d:\alyxstory\src\game\client\debug_mod_episodic\toggletextureproxy.obj
d:\alyxstory\src\game\client\debug_mod_episodic\util_shared.obj
d:\alyxstory\src\game\client\debug_mod_episodic\vgui_bitmappanel.obj
d:\alyxstory\src\game\client\debug_mod_episodic\vgui_grid.obj
d:\alyxstory\src\game\client\debug_mod_episodic\vgui_video.obj
d:\alyxstory\src\game\client\debug_mod_episodic\viewrender.obj
d:\alyxstory\src\game\client\debug_mod_episodic\c_barnacle.obj
d:\alyxstory\src\game\client\debug_mod_episodic\c_corpse.obj
d:\alyxstory\src\game\client\debug_mod_episodic\c_hl2_playerlocaldata.obj
d:\alyxstory\src\game\client\debug_mod_episodic\c_npc_antlionguard.obj
d:\alyxstory\src\game\client\debug_mod_episodic\c_plasma_beam_node.obj
d:\alyxstory\src\game\client\debug_mod_episodic\c_strider.obj
d:\alyxstory\src\game\client\debug_mod_episodic\episodic_screenspaceeffects.obj
d:\alyxstory\src\game\client\debug_mod_episodic\fx_antlion.obj
d:\alyxstory\src\game\client\debug_mod_episodic\hl_gamemovement.obj
d:\alyxstory\src\game\client\debug_mod_episodic\hud_flashlight.obj
d:\alyxstory\src\game\client\debug_mod_episodic\hud_posture.obj
d:\alyxstory\src\game\client\debug_mod_episodic\vgui_rootpanel_hl2.obj
d:\alyxstory\src\game\client\debug_mod_episodic\sixense_convars.obj
d:\alyxstory\src\game\client\debug_mod_episodic\c_effects.obj
d:\alyxstory\src\game\client\debug_mod_episodic\c_te_beamentpoint.obj
d:\alyxstory\src\game\client\debug_mod_episodic\c_te_beamring.obj
d:\alyxstory\src\game\client\debug_mod_episodic\c_te_bubbles.obj
d:\alyxstory\src\game\client\debug_mod_episodic\c_te_explosion.obj
d:\alyxstory\src\game\client\debug_mod_episodic\c_te_playerdecal.obj
d:\alyxstory\src\game\client\debug_mod_episodic\cdll_replay.obj
d:\alyxstory\src\game\client\debug_mod_episodic\alphamaterialproxy.obj
d:\alyxstory\src\game\client\debug_mod_episodic\baseanimatedtextureproxy.obj
d:\alyxstory\src\game\client\debug_mod_episodic\basecombatcharacter_shared.obj
d:\alyxstory\src\game\client\debug_mod_episodic\basegrenade_shared.obj
d:\alyxstory\src\game\client\debug_mod_episodic\baseviewmodel_shared.obj
d:\alyxstory\src\game\client\debug_mod_episodic\c_baseanimating.obj
d:\alyxstory\src\game\client\debug_mod_episodic\c_info_overlay_accessor.obj
d:\alyxstory\src\game\client\debug_mod_episodic\c_particle_system.obj
d:\alyxstory\src\game\client\debug_mod_episodic\c_point_commentary_node.obj
d:\alyxstory\src\game\client\debug_mod_episodic\clienteffectprecachesystem.obj
d:\alyxstory\src\game\client\debug_mod_episodic\clientleafsystem.obj
d:\alyxstory\src\game\client\debug_mod_episodic\decals.obj
d:\alyxstory\src\game\client\debug_mod_episodic\functionproxy.obj
d:\alyxstory\src\game\client\debug_mod_episodic\fx_blood.obj
d:\alyxstory\src\game\client\debug_mod_episodic\fx_staticline.obj
d:\alyxstory\src\game\client\debug_mod_episodic\fx_water.obj
d:\alyxstory\src\game\client\debug_mod_episodic\gametrace_client.obj
d:\alyxstory\src\game\client\debug_mod_episodic\gamevars_shared.obj
d:\alyxstory\src\game\client\debug_mod_episodic\geiger.obj
d:\alyxstory\src\game\client\debug_mod_episodic\hud_autoaim.obj
d:\alyxstory\src\game\client\debug_mod_episodic\hud_element_helper.obj
d:\alyxstory\src\game\client\debug_mod_episodic\hud_filmdemo.obj
d:\alyxstory\src\game\client\debug_mod_episodic\hud_pdump.obj
d:\alyxstory\src\game\client\debug_mod_episodic\panelmetaclassmgr.obj
d:\alyxstory\src\game\client\debug_mod_episodic\playerspawncache.obj
d:\alyxstory\src\game\client\debug_mod_episodic\point_bonusmaps_accessor.obj
d:\alyxstory\src\game\client\debug_mod_episodic\precache_register.obj
d:\alyxstory\src\game\client\debug_mod_episodic\predictableid.obj
d:\alyxstory\src\game\client\debug_mod_episodic\predictioncopy.obj
d:\alyxstory\src\game\client\debug_mod_episodic\proxypupil.obj
d:\alyxstory\src\game\client\debug_mod_episodic\recvproxy.obj
d:\alyxstory\src\game\client\debug_mod_episodic\saverestore.obj
d:\alyxstory\src\game\client\debug_mod_episodic\teamplayroundbased_gamerules.obj
d:\alyxstory\src\game\client\debug_mod_episodic\vgui_fpspanel.obj
d:\alyxstory\src\game\client\debug_mod_episodic\view_scene.obj
d:\alyxstory\src\game\client\debug_mod_episodic\viewconeimage.obj
d:\alyxstory\src\game\client\debug_mod_episodic\baseviewport.obj
d:\alyxstory\src\game\client\debug_mod_episodic\c_barney.obj
d:\alyxstory\src\game\client\debug_mod_episodic\c_basehlcombatweapon.obj
d:\alyxstory\src\game\client\debug_mod_episodic\c_env_headcrabcanister.obj
d:\alyxstory\src\game\client\debug_mod_episodic\c_npc_rollermine.obj
d:\alyxstory\src\game\client\debug_mod_episodic\c_thumper_dust.obj
d:\alyxstory\src\game\client\debug_mod_episodic\c_vehicle_prisoner_pod.obj
d:\alyxstory\src\game\client\debug_mod_episodic\c_weapon_hopwire.obj
d:\alyxstory\src\game\client\debug_mod_episodic\death.obj
d:\alyxstory\src\game\client\debug_mod_episodic\hud_damageindicator.obj
d:\alyxstory\src\game\client\debug_mod_episodic\hud_quickinfo.obj
d:\alyxstory\src\game\client\debug_mod_episodic\in_sixense.obj
d:\alyxstory\src\game\client\debug_mod_episodic\in_sixense_gesture_bindings.obj
d:\alyxstory\src\game\client\debug_mod_episodic\c_basetempentity.obj
d:\alyxstory\src\game\client\debug_mod_episodic\c_impact_effects.obj
d:\alyxstory\src\game\client\debug_mod_episodic\c_recipientfilter.obj
d:\alyxstory\src\game\client\debug_mod_episodic\c_steamjet.obj
d:\alyxstory\src\game\client\debug_mod_episodic\c_te_armorricochet.obj
d:\alyxstory\src\game\client\debug_mod_episodic\c_te_beamringpoint.obj
d:\alyxstory\src\game\client\debug_mod_episodic\c_te_bubbletrail.obj
d:\alyxstory\src\game\client\debug_mod_episodic\c_te_fizz.obj
d:\alyxstory\src\game\client\debug_mod_episodic\c_te_killplayerattachments.obj
d:\alyxstory\src\game\client\debug_mod_episodic\c_te_projecteddecal.obj
d:\alyxstory\src\game\client\debug_mod_episodic\c_testtraceline.obj
d:\alyxstory\src\game\client\debug_mod_episodic\fx_sparks.obj
d:\alyxstory\src\game\client\debug_mod_episodic\mp3player.obj
d:\alyxstory\src\game\client\debug_mod_episodic\animatedentitytextureproxy.obj
d:\alyxstory\src\game\client\debug_mod_episodic\base_playeranimstate.obj
d:\alyxstory\src\game\client\debug_mod_episodic\baseplayer_shared.obj
d:\alyxstory\src\game\client\debug_mod_episodic\c_basecombatcharacter.obj
d:\alyxstory\src\game\client\debug_mod_episodic\c_basedoor.obj
d:\alyxstory\src\game\client\debug_mod_episodic\c_baseentity.obj
d:\alyxstory\src\game\client\debug_mod_episodic\c_func_breakablesurf.obj
d:\alyxstory\src\game\client\debug_mod_episodic\c_func_reflective_glass.obj
d:\alyxstory\src\game\client\debug_mod_episodic\c_func_tracktrain.obj
d:\alyxstory\src\game\client\debug_mod_episodic\c_materialmodifycontrol.obj
d:\alyxstory\src\game\client\debug_mod_episodic\c_point_camera.obj
d:\alyxstory\src\game\client\debug_mod_episodic\c_rope.obj
d:\alyxstory\src\game\client\debug_mod_episodic\c_waterbullet.obj
d:\alyxstory\src\game\client\debug_mod_episodic\camomaterialproxy.obj
d:\alyxstory\src\game\client\debug_mod_episodic\cdll_util.obj
d:\alyxstory\src\game\client\debug_mod_episodic\clientshadowmgr.obj
d:\alyxstory\src\game\client\debug_mod_episodic\eventlist.obj
d:\alyxstory\src\game\client\debug_mod_episodic\flashlighteffect.obj
d:\alyxstory\src\game\client\debug_mod_episodic\fx_fleck.obj
d:\alyxstory\src\game\client\debug_mod_episodic\fx_interpvalue.obj
d:\alyxstory\src\game\client\debug_mod_episodic\fx_shelleject.obj
d:\alyxstory\src\game\client\debug_mod_episodic\fx_tracer.obj
d:\alyxstory\src\game\client\debug_mod_episodic\gamerules.obj
d:\alyxstory\src\game\client\debug_mod_episodic\hintmessage.obj
d:\alyxstory\src\game\client\debug_mod_episodic\history_resource.obj
d:\alyxstory\src\game\client\debug_mod_episodic\hud_chat.obj
d:\alyxstory\src\game\client\debug_mod_episodic\igamesystem.obj
d:\alyxstory\src\game\client\debug_mod_episodic\in_camera.obj
d:\alyxstory\src\game\client\debug_mod_episodic\interpolatedvar.obj
d:\alyxstory\src\game\client\debug_mod_episodic\mapentities_shared.obj
d:\alyxstory\src\game\client\debug_mod_episodic\mathproxy.obj
d:\alyxstory\src\game\client\debug_mod_episodic\particle_collision.obj
d:\alyxstory\src\game\client\debug_mod_episodic\particle_parse.obj
d:\alyxstory\src\game\client\debug_mod_episodic\particles_localspace.obj
d:\alyxstory\src\game\client\debug_mod_episodic\particles_simple.obj
d:\alyxstory\src\game\client\debug_mod_episodic\physics_shared.obj
d:\alyxstory\src\game\client\debug_mod_episodic\prediction.obj
d:\alyxstory\src\game\client\debug_mod_episodic\takedamageinfo.obj
d:\alyxstory\src\game\client\debug_mod_episodic\test_ehandle.obj
d:\alyxstory\src\game\client\debug_mod_episodic\timematerialproxy.obj
d:\alyxstory\src\game\client\debug_mod_episodic\usercmd.obj
d:\alyxstory\src\game\client\debug_mod_episodic\vgui_avatarimage.obj
d:\alyxstory\src\game\client\debug_mod_episodic\vgui_schemevisualizer.obj
d:\alyxstory\src\game\client\debug_mod_episodic\voice_banmgr.obj
d:\alyxstory\src\game\client\debug_mod_episodic\weapon_selection.obj
d:\alyxstory\src\game\client\debug_mod_episodic\intromenu.obj
d:\alyxstory\src\game\client\debug_mod_episodic\achievements_ep1.obj
d:\alyxstory\src\game\client\debug_mod_episodic\c_citadel_effects.obj
d:\alyxstory\src\game\client\debug_mod_episodic\c_env_starfield.obj
d:\alyxstory\src\game\client\debug_mod_episodic\c_npc_puppet.obj
d:\alyxstory\src\game\client\debug_mod_episodic\c_rotorwash.obj
d:\alyxstory\src\game\client\debug_mod_episodic\c_vehicle_crane.obj
d:\alyxstory\src\game\client\debug_mod_episodic\c_weapon__stubs_hl2.obj
d:\alyxstory\src\game\client\debug_mod_episodic\env_headcrabcanister_shared.obj
d:\alyxstory\src\game\client\debug_mod_episodic\fx_bugbait.obj
d:\alyxstory\src\game\client\debug_mod_episodic\hl2_clientmode.obj
d:\alyxstory\src\game\client\debug_mod_episodic\hud_weaponselection.obj
d:\alyxstory\src\game\client\debug_mod_episodic\c_te_beaments.obj
d:\alyxstory\src\game\client\debug_mod_episodic\c_te_beamspline.obj
d:\alyxstory\src\game\client\debug_mod_episodic\c_te_clientprojectile.obj
d:\alyxstory\src\game\client\debug_mod_episodic\c_te_footprint.obj
d:\alyxstory\src\game\client\debug_mod_episodic\c_te_legacytempents.obj
d:\alyxstory\src\game\client\debug_mod_episodic\achievement_notification_panel.obj
d:\alyxstory\src\game\client\debug_mod_episodic\c_breakableprop.obj
d:\alyxstory\src\game\client\debug_mod_episodic\c_colorcorrectionvolume.obj
d:\alyxstory\src\game\client\debug_mod_episodic\c_env_fog_controller.obj
d:\alyxstory\src\game\client\debug_mod_episodic\c_env_projectedtexture.obj
d:\alyxstory\src\game\client\debug_mod_episodic\c_fire_smoke.obj
d:\alyxstory\src\game\client\debug_mod_episodic\c_gib.obj
d:\alyxstory\src\game\client\debug_mod_episodic\c_physbox.obj
d:\alyxstory\src\game\client\debug_mod_episodic\c_playerresource.obj
d:\alyxstory\src\game\client\debug_mod_episodic\c_ragdoll_manager.obj
d:\alyxstory\src\game\client\debug_mod_episodic\c_soundscape.obj
d:\alyxstory\src\game\client\debug_mod_episodic\c_tesla.obj
d:\alyxstory\src\game\client\debug_mod_episodic\c_vote_controller.obj
d:\alyxstory\src\game\client\debug_mod_episodic\clientsideeffects_test.obj
d:\alyxstory\src\game\client\debug_mod_episodic\colorcorrectionmgr.obj
d:\alyxstory\src\game\client\debug_mod_episodic\death_pose.obj
d:\alyxstory\src\game\client\debug_mod_episodic\debugoverlay_shared.obj
d:\alyxstory\src\game\client\debug_mod_episodic\effect_dispatch_data.obj
d:\alyxstory\src\game\client\debug_mod_episodic\ehandle.obj
d:\alyxstory\src\game\client\debug_mod_episodic\entitylist_base.obj
d:\alyxstory\src\game\client\debug_mod_episodic\entityparticletrail_shared.obj
d:\alyxstory\src\game\client\debug_mod_episodic\env_wind_shared.obj
d:\alyxstory\src\game\client\debug_mod_episodic\fx_cube.obj
d:\alyxstory\src\game\client\debug_mod_episodic\fx_explosion.obj
d:\alyxstory\src\game\client\debug_mod_episodic\gamerules_register.obj
d:\alyxstory\src\game\client\debug_mod_episodic\gamestats.obj
d:\alyxstory\src\game\client\debug_mod_episodic\hud_basetimer.obj
d:\alyxstory\src\game\client\debug_mod_episodic\hud_hdrdemo.obj
d:\alyxstory\src\game\client\debug_mod_episodic\hud_weapon.obj
d:\alyxstory\src\game\client\debug_mod_episodic\movehelper_client.obj
d:\alyxstory\src\game\client\debug_mod_episodic\particle_proxies.obj
d:\alyxstory\src\game\client\debug_mod_episodic\particles_attractor.obj
d:\alyxstory\src\game\client\debug_mod_episodic\particles_ez.obj
d:\alyxstory\src\game\client\debug_mod_episodic\particlesystemquery.obj
d:\alyxstory\src\game\client\debug_mod_episodic\physics.obj
d:\alyxstory\src\game\client\debug_mod_episodic\proxyentity.obj
d:\alyxstory\src\game\client\debug_mod_episodic\proxyhealth.obj
d:\alyxstory\src\game\client\debug_mod_episodic\ragdoll.obj
d:\alyxstory\src\game\client\debug_mod_episodic\spritetrail.obj
d:\alyxstory\src\game\client\debug_mod_episodic\train.obj
d:\alyxstory\src\game\client\debug_mod_episodic\vgui_consolepanel.obj
d:\alyxstory\src\game\client\debug_mod_episodic\vgui_debugoverlaypanel.obj
d:\alyxstory\src\game\client\debug_mod_episodic\vgui_slideshow_display_screen.obj
d:\alyxstory\src\game\client\debug_mod_episodic\viewangleanim.obj
d:\alyxstory\src\game\client\debug_mod_episodic\weapon_parse.obj
d:\alyxstory\src\game\client\debug_mod_episodic\clientscoreboarddialog.obj
d:\alyxstory\src\game\client\debug_mod_episodic\vguitextwindow.obj
d:\alyxstory\src\game\client\debug_mod_episodic\c_vehicle_airboat.obj
d:\alyxstory\src\game\client\debug_mod_episodic\clientmode_hlnormal.obj
d:\alyxstory\src\game\client\debug_mod_episodic\hud_suitpower.obj
d:\alyxstory\src\game\client\debug_mod_episodic\c_smokestack.obj
d:\alyxstory\src\game\client\debug_mod_episodic\c_te_beamlaser.obj
d:\alyxstory\src\game\client\debug_mod_episodic\c_te_breakmodel.obj
d:\alyxstory\src\game\client\debug_mod_episodic\c_te_energysplash.obj
d:\alyxstory\src\game\client\debug_mod_episodic\c_te_impact.obj
d:\alyxstory\src\game\client\debug_mod_episodic\c_te_particlesystem.obj
d:\alyxstory\src\game\client\debug_mod_episodic\c_te_smoke.obj
d:\alyxstory\src\game\client\debug_mod_episodic\fx.obj
d:\alyxstory\src\game\client\debug_mod_episodic\achievementmgr.obj
d:\alyxstory\src\game\client\debug_mod_episodic\c_entitydissolve.obj
d:\alyxstory\src\game\client\debug_mod_episodic\c_fish.obj
d:\alyxstory\src\game\client\debug_mod_episodic\c_func_lod.obj
d:\alyxstory\src\game\client\debug_mod_episodic\c_func_occluder.obj
d:\alyxstory\src\game\client\debug_mod_episodic\c_func_smokevolume.obj
d:\alyxstory\src\game\client\debug_mod_episodic\c_physmagnet.obj
d:\alyxstory\src\game\client\debug_mod_episodic\c_props.obj
d:\alyxstory\src\game\client\debug_mod_episodic\c_spotlight_end.obj
d:\alyxstory\src\game\client\debug_mod_episodic\c_sun.obj
d:\alyxstory\src\game\client\debug_mod_episodic\c_team_objectiveresource.obj
d:\alyxstory\src\game\client\debug_mod_episodic\c_waterlodcontrol.obj
d:\alyxstory\src\game\client\debug_mod_episodic\cdll_client_int.obj
d:\alyxstory\src\game\client\debug_mod_episodic\hud_closecaption.obj
d:\alyxstory\src\game\client\debug_mod_episodic\in_joystick.obj
d:\alyxstory\src\game\client\debug_mod_episodic\lampbeamproxy.obj
d:\alyxstory\src\game\client\debug_mod_episodic\matrixproxy.obj
d:\alyxstory\src\game\client\debug_mod_episodic\movevars_shared.obj
d:\alyxstory\src\game\client\debug_mod_episodic\obstacle_pushaway.obj
d:\alyxstory\src\game\client\debug_mod_episodic\particle_litsmokeemitter.obj
d:\alyxstory\src\game\client\debug_mod_episodic\particle_property.obj
d:\alyxstory\src\game\client\debug_mod_episodic\particlemgr.obj
d:\alyxstory\src\game\client\debug_mod_episodic\proxyplayer.obj
d:\alyxstory\src\game\client\debug_mod_episodic\screenspaceeffects.obj
d:\alyxstory\src\game\client\debug_mod_episodic\soundparametersinternal.obj
d:\alyxstory\src\game\client\debug_mod_episodic\splinepatch.obj
d:\alyxstory\src\game\client\debug_mod_episodic\spritemodel.obj
d:\alyxstory\src\game\client\debug_mod_episodic\texturescrollmaterialproxy.obj
d:\alyxstory\src\game\client\debug_mod_episodic\usermessages.obj
d:\alyxstory\src\game\client\debug_mod_episodic\vgui_bitmapimage.obj
d:\alyxstory\src\game\client\debug_mod_episodic\vgui_game_viewport.obj
d:\alyxstory\src\game\client\debug_mod_episodic\vgui_loadingdiscpanel.obj
d:\alyxstory\src\game\client\debug_mod_episodic\view.obj
d:\alyxstory\src\game\client\debug_mod_episodic\voice_status.obj
d:\alyxstory\src\game\client\debug_mod_episodic\iconpanel.obj
d:\alyxstory\src\game\client\debug_mod_episodic\navprogress.obj
d:\alyxstory\src\game\client\debug_mod_episodic\achievements_ep2.obj
d:\alyxstory\src\game\client\debug_mod_episodic\achievements_epx.obj
d:\alyxstory\src\game\client\debug_mod_episodic\c_func_tankmortar.obj
d:\alyxstory\src\game\client\debug_mod_episodic\c_npc_manhack.obj
d:\alyxstory\src\game\client\debug_mod_episodic\c_prop_scalable.obj
d:\alyxstory\src\game\client\debug_mod_episodic\c_script_intro.obj
d:\alyxstory\src\game\client\debug_mod_episodic\c_vehicle_jeep_episodic.obj
d:\alyxstory\src\game\client\debug_mod_episodic\fx_hl2_tracers.obj
d:\alyxstory\src\game\client\debug_mod_episodic\hl_in_main.obj
d:\alyxstory\src\game\client\debug_mod_episodic\hud_battery.obj
d:\alyxstory\src\game\client\debug_mod_episodic\hud_locator.obj
d:\alyxstory\src\game\client\debug_mod_episodic\script_intro_shared.obj
d:\alyxstory\src\game\client\debug_mod_episodic\shieldproxy.obj
d:\alyxstory\src\game\client\debug_mod_episodic\survival_gamerules.obj
d:\alyxstory\src\game\client\debug_mod_episodic\c_movie_explosion.obj
d:\alyxstory\src\game\client\debug_mod_episodic\c_prop_vehicle.obj
d:\alyxstory\src\game\client\debug_mod_episodic\c_te_muzzleflash.obj
d:\alyxstory\src\game\client\debug_mod_episodic\c_te_sprite.obj
d:\alyxstory\src\game\client\debug_mod_episodic\smoke_fog_overlay.obj
d:\alyxstory\src\game\client\debug_mod_episodic\achievement_saverestore.obj
d:\alyxstory\src\game\client\debug_mod_episodic\animatedoffsettextureproxy.obj
d:\alyxstory\src\game\client\debug_mod_episodic\baseachievement.obj
d:\alyxstory\src\game\client\debug_mod_episodic\c_baseviewmodel.obj
d:\alyxstory\src\game\client\debug_mod_episodic\c_colorcorrection.obj
d:\alyxstory\src\game\client\debug_mod_episodic\c_entityparticletrail.obj
d:\alyxstory\src\game\client\debug_mod_episodic\c_env_screenoverlay.obj
d:\alyxstory\src\game\client\debug_mod_episodic\c_env_tonemap_controller.obj
d:\alyxstory\src\game\client\debug_mod_episodic\c_func_conveyor.obj
d:\alyxstory\src\game\client\debug_mod_episodic\c_func_monitor.obj
d:\alyxstory\src\game\client\debug_mod_episodic\c_func_rotating.obj
d:\alyxstory\src\game\client\debug_mod_episodic\c_lightglow.obj
d:\alyxstory\src\game\client\debug_mod_episodic\c_pixel_visibility.obj
d:\alyxstory\src\game\client\debug_mod_episodic\c_sprite_perfmonitor.obj
d:\alyxstory\src\game\client\debug_mod_episodic\c_team.obj
d:\alyxstory\src\game\client\debug_mod_episodic\c_test_proxytoggle.obj
d:\alyxstory\src\game\client\debug_mod_episodic\c_vehicle_jeep.obj
d:\alyxstory\src\game\client\debug_mod_episodic\c_world.obj
d:\alyxstory\src\game\client\debug_mod_episodic\classmap.obj
d:\alyxstory\src\game\client\debug_mod_episodic\client_virtualreality.obj
d:\alyxstory\src\game\client\debug_mod_episodic\collisionproperty.obj
d:\alyxstory\src\game\client\debug_mod_episodic\detailobjectsystem.obj
d:\alyxstory\src\game\client\debug_mod_episodic\fx_quad.obj
d:\alyxstory\src\game\client\debug_mod_episodic\fx_trail.obj
d:\alyxstory\src\game\client\debug_mod_episodic\gamestringpool.obj
d:\alyxstory\src\game\client\debug_mod_episodic\glow_outline_effect.obj
d:\alyxstory\src\game\client\debug_mod_episodic\haptic_msgs.obj
d:\alyxstory\src\game\client\debug_mod_episodic\hintsystem.obj
d:\alyxstory\src\game\client\debug_mod_episodic\hltvcamera.obj
d:\alyxstory\src\game\client\debug_mod_episodic\hud_animationinfo.obj
d:\alyxstory\src\game\client\debug_mod_episodic\hud_crosshair.obj
d:\alyxstory\src\game\client\debug_mod_episodic\hud_numericdisplay.obj
d:\alyxstory\src\game\client\debug_mod_episodic\initializer.obj
d:\alyxstory\src\game\client\debug_mod_episodic\isnpcproxy.obj
d:\alyxstory\src\game\client\debug_mod_episodic\lamphaloproxy.obj
d:\alyxstory\src\game\client\debug_mod_episodic\menu.obj
d:\alyxstory\src\game\client\debug_mod_episodic\playerandobjectenumerator.obj
d:\alyxstory\src\game\client\debug_mod_episodic\point_posecontroller.obj
d:\alyxstory\src\game\client\debug_mod_episodic\props_shared.obj
d:\alyxstory\src\game\client\debug_mod_episodic\singleplay_gamerules.obj
d:\alyxstory\src\game\client\debug_mod_episodic\soundemittersystem.obj
d:\alyxstory\src\game\client\debug_mod_episodic\vgui_centerstringpanel.obj
d:\alyxstory\src\game\client\debug_mod_episodic\vgui_netgraphpanel.obj
d:\alyxstory\src\game\client\debug_mod_episodic\view_effects.obj
d:\alyxstory\src\game\client\debug_mod_episodic\warp_overlay.obj
d:\alyxstory\src\game\client\debug_mod_episodic\weapons_resource.obj
d:\alyxstory\src\game\client\debug_mod_episodic\commandmenu.obj
d:\alyxstory\src\game\client\debug_mod_episodic\spectatorgui.obj
d:\alyxstory\src\game\client\debug_mod_episodic\c_basehlplayer.obj
d:\alyxstory\src\game\client\debug_mod_episodic\c_info_teleporter_countdown.obj
d:\alyxstory\src\game\client\debug_mod_episodic\hud_health.obj
d:\alyxstory\src\game\client\debug_mod_episodic\hud_squadstatus.obj
d:\alyxstory\src\game\client\debug_mod_episodic\c_particle_smokegrenade.obj
d:\alyxstory\src\game\client\debug_mod_episodic\c_stickybolt.obj
d:\alyxstory\src\game\client\debug_mod_episodic\c_te_beampoints.obj
d:\alyxstory\src\game\client\debug_mod_episodic\c_te_bspdecal.obj
d:\alyxstory\src\game\client\debug_mod_episodic\c_te_effect_dispatch.obj
d:\alyxstory\src\game\client\debug_mod_episodic\c_te_largefunnel.obj
d:\alyxstory\src\game\client\debug_mod_episodic\c_te_physicsprop.obj
d:\alyxstory\src\game\client\debug_mod_episodic\c_te_spritespray.obj
d:\alyxstory\src\game\client\debug_mod_episodic\fx_envelope.obj
d:\alyxstory\src\game\client\debug_mod_episodic\activitylist.obj
d:\alyxstory\src\game\client\debug_mod_episodic\baseparticleentity.obj
d:\alyxstory\src\game\client\debug_mod_episodic\beam_shared.obj
d:\alyxstory\src\game\client\debug_mod_episodic\c_baseplayer.obj
d:\alyxstory\src\game\client\debug_mod_episodic\c_slideshow_display.obj
d:\alyxstory\src\game\client\debug_mod_episodic\c_user_message_register.obj
d:\alyxstory\src\game\client\debug_mod_episodic\c_vguiscreen.obj
d:\alyxstory\src\game\client\debug_mod_episodic\commentary_modelviewer.obj
d:\alyxstory\src\game\client\debug_mod_episodic\hud_basechat.obj
d:\alyxstory\src\game\client\debug_mod_episodic\hud_redraw.obj
d:\alyxstory\src\game\client\debug_mod_episodic\message.obj
d:\alyxstory\src\game\client\debug_mod_episodic\physpropclientside.obj
d:\alyxstory\src\game\client\debug_mod_episodic\ragdoll_shared.obj
d:\alyxstory\src\game\client\debug_mod_episodic\studio_shared.obj
d:\alyxstory\src\game\client\debug_mod_episodic\studio_stats.obj
d:\alyxstory\src\game\client\debug_mod_episodic\vgui_basepanel.obj
d:\alyxstory\src\game\client\debug_mod_episodic\vgui_messagechars.obj
d:\alyxstory\src\game\client\debug_mod_episodic\vgui_video_player.obj
d:\alyxstory\src\game\client\debug_mod_episodic\viewpostprocess.obj
d:\alyxstory\src\game\client\debug_mod_episodic\basemodelpanel.obj
d:\alyxstory\src\game\client\debug_mod_episodic\teammenu.obj
d:\alyxstory\src\game\client\debug_mod_episodic\c_prop_combine_ball.obj
d:\alyxstory\src\game\client\debug_mod_episodic\c_te_concussiveexplosion.obj
d:\alyxstory\src\game\client\debug_mod_episodic\c_vehicle_cannon.obj
d:\alyxstory\src\game\client\debug_mod_episodic\c_weapon_crossbow.obj
d:\alyxstory\src\game\client\debug_mod_episodic\c_weapon_physcannon.obj
d:\alyxstory\src\game\client\debug_mod_episodic\flesh_internal_material_proxy.obj
d:\alyxstory\src\game\client\debug_mod_episodic\fx_hl2_impacts.obj
d:\alyxstory\src\game\client\debug_mod_episodic\hl2_usermessages.obj
d:\alyxstory\src\game\client\debug_mod_episodic\hl_prediction.obj
d:\alyxstory\src\game\client\debug_mod_episodic\hud_blood.obj
d:\alyxstory\src\game\client\debug_mod_episodic\hud_credits.obj
d:\alyxstory\src\game\client\debug_mod_episodic\hud_radar.obj
d:\alyxstory\src\game\client\debug_mod_episodic\c_particle_fire.obj
d:\alyxstory\src\game\client\debug_mod_episodic\c_smoke_trail.obj
d:\alyxstory\src\game\client\debug_mod_episodic\c_te_bloodsprite.obj
d:\alyxstory\src\game\client\debug_mod_episodic\c_te_dynamiclight.obj
d:\alyxstory\src\game\client\debug_mod_episodic\c_te_glowsprite.obj
d:\alyxstory\src\game\client\debug_mod_episodic\c_te_sparks.obj
d:\alyxstory\src\game\client\debug_mod_episodic\c_tracer.obj
d:\alyxstory\src\game\client\debug_mod_episodic\fx_discreetline.obj
d:\alyxstory\src\game\client\debug_mod_episodic\particlesphererenderer.obj
d:\alyxstory\src\game\client\debug_mod_episodic\bonelist.obj
d:\alyxstory\src\game\client\debug_mod_episodic\toolframework_client.obj
d:\alyxstory\src\game\client\debug_mod_episodic\crtmemdebug.obj
d:\alyxstory\src\game\client\debug_mod_episodic\filesystem_helpers.obj
d:\alyxstory\src\game\client\debug_mod_episodic\language.obj
d:\alyxstory\src\game\client\debug_mod_episodic\networkvar.obj
d:\alyxstory\src\game\client\debug_mod_episodic\posedebugger.obj
d:\alyxstory\src\game\client\debug_mod_episodic\simple_physics.obj
d:\alyxstory\src\game\client\debug_mod_episodic\vgui_controls.obj
d:\alyxstory\src\game\client\debug_mod_episodic\bone_setup.obj
d:\alyxstory\src\game\client\debug_mod_episodic\rendertexture.obj
d:\alyxstory\src\game\client\debug_mod_episodic\sheetsimulator.obj
d:\alyxstory\src\game\client\debug_mod_episodic\compiledcaptionswap.obj
d:\alyxstory\src\game\client\debug_mod_episodic\jigglebones.obj
d:\alyxstory\src\game\client\debug_mod_episodic\sentence.obj
d:\alyxstory\src\game\client\debug_mod_episodic\vallocator.obj
d:\alyxstory\src\game\client\debug_mod_episodic\collisionutils.obj
d:\alyxstory\src\game\client\debug_mod_episodic\interval.obj
d:\alyxstory\src\game\client\debug_mod_episodic\memoverride.obj
d:\alyxstory\src\game\client\debug_mod_episodic\renamed_recvtable_compat.obj
d:\alyxstory\src\game\client\debug_mod_episodic\scratchpad3d.obj
d:\alyxstory\src\game\client\debug_mod_episodic\stringregistry.obj
d:\alyxstory\src\game\client\debug_mod_episodic\dt_utlvector_recv.obj
d:\alyxstory\src\game\client\debug_mod_episodic\in_mouse.obj
d:\alyxstory\src\game\client\debug_mod_episodic\client_class.obj
d:\alyxstory\src\game\client\debug_mod_episodic\randoverride.obj
d:\alyxstory\src\game\client\debug_mod_episodic\rope_physics.obj
d:\alyxstory\src\game\client\debug_mod_episodic\scratchpadutils.obj
d:\alyxstory\src\game\client\debug_mod_episodic\studio.obj
d:\alyxstory\src\game\client\debug_mod_episodic\dt_utlvector_common.obj
d:\alyxstory\src\game\client\debug_mod_episodic\interpolatortypes.obj
d:\alyxstory\src\game\client\debug_mod_episodic\mumble.obj
d:\alyxstory\src\game\client\debug_mod_episodic\dt_recv.obj
d:\alyxstory\src\game\client\debug_mod_episodic\hud_lcd.obj
d:\alyxstory\src\game\client\debug_mod_episodic\pointeroverride.obj
d:\alyxstory\src\game\client\client_episodic.vpc.sentinel
d:\alyxstory\src\game\client\debug_mod_episodic\client.exp
d:\alyxstory\src\game\client\debug_mod_episodic\client.pdb
d:\alyxstory\src\game\client\debug_mod_episodic\client (.353a799f.tlog\cl.command.1.tlog
d:\alyxstory\src\game\client\debug_mod_episodic\client (.353a799f.tlog\cl.read.1.tlog
d:\alyxstory\src\game\client\debug_mod_episodic\client (.353a799f.tlog\cl.write.1.tlog
d:\alyxstory\src\game\client\debug_mod_episodic\client (.353a799f.tlog\custombuild.command.1.tlog
d:\alyxstory\src\game\client\debug_mod_episodic\client (.353a799f.tlog\custombuild.read.1.tlog
d:\alyxstory\src\game\client\debug_mod_episodic\client (.353a799f.tlog\custombuild.write.1.tlog
d:\alyxstory\src\game\client\debug_mod_episodic\client (.353a799f.tlog\link.command.1.tlog
d:\alyxstory\src\game\client\debug_mod_episodic\client (.353a799f.tlog\link.read.1.tlog
d:\alyxstory\src\game\client\debug_mod_episodic\client (.353a799f.tlog\link.write.1.tlog
