d:\alyxstory\src\utils\glview\debug\physdll.obj
d:\alyxstory\src\utils\glview\debug\memoverride.obj
d:\alyxstory\src\utils\glview\debug\filesystem_tools.obj
d:\alyxstory\src\utils\glview\debug\cmdlib.obj
d:\alyxstory\src\utils\glview\debug\filesystem_helpers.obj
d:\alyxstory\src\utils\glview\debug\filesystem_init.obj
d:\alyxstory\src\utils\glview\debug\glview.obj
d:\alyxstory\src\utils\glview\debug\vc120.pdb
d:\alyxstory\src\utils\glview\debug\pointeroverride.obj
d:\alyxstory\src\utils\glview\glview.vpc.sentinel
d:\alyxstory\src\utils\glview\debug\glview.lib
d:\alyxstory\src\utils\glview\debug\glview.exp
d:\alyxstory\src\utils\glview\debug\glview.ilk
d:\alyxstory\src\utils\glview\debug\glview.exe
d:\alyxstory\src\utils\glview\debug\glview.pdb
d:\alyxstory\src\utils\glview\debug\vc120.idb
d:\alyxstory\src\utils\glview\debug\glview.tlog\cl.command.1.tlog
d:\alyxstory\src\utils\glview\debug\glview.tlog\cl.read.1.tlog
d:\alyxstory\src\utils\glview\debug\glview.tlog\cl.write.1.tlog
d:\alyxstory\src\utils\glview\debug\glview.tlog\custombuild.command.1.tlog
d:\alyxstory\src\utils\glview\debug\glview.tlog\custombuild.read.1.tlog
d:\alyxstory\src\utils\glview\debug\glview.tlog\custombuild.write.1.tlog
d:\alyxstory\src\utils\glview\debug\glview.tlog\glview.write.1u.tlog
d:\alyxstory\src\utils\glview\debug\glview.tlog\link.command.1.tlog
d:\alyxstory\src\utils\glview\debug\glview.tlog\link.read.1.tlog
d:\alyxstory\src\utils\glview\debug\glview.tlog\link.write.1.tlog
