Build started 10/11/2016 01:16:25.
     1>Project "D:\alyxStory\src\utils\glview\glview.vcxproj" on node 8 (Build target(s)).
     1>PreBuildEvent:
         if EXIST ..\..\..\game\bin\.\glview.exe for /f "delims=" %%A in ('attrib "..\..\..\game\bin\.\glview.exe"') do set valveTmpIsReadOnly="%%A"
         set valveTmpIsReadOnlyLetter=%valveTmpIsReadOnly:~6,1%
         if "%valveTmpIsReadOnlyLetter%"=="R" del /q "D:\alyxStory\src\utils\glview\Debug\"glview.exe
         if exist "..\..\devtools\bin\vpc.exe" "..\..\devtools\bin\vpc.exe" -crc2 "glview.vcxproj"
         if ERRORLEVEL 1 exit /b 1
         
         :VCEnd
       Link:
         D:\Program Files\Microsoft Visual Studio 12.0\VC\bin\link.exe /ERRORREPORT:PROMPT /OUT:".\Debug\.\\glview.exe" /INCREMENTAL /NOLOGO shell32.lib user32.lib advapi32.lib gdi32.lib comdlg32.lib ole32.lib glu32.lib opengl32.lib odbc32.lib odbccp32.lib winmm.lib /NODEFAULTLIB:libc /NODEFAULTLIB:libcd /NODEFAULTLIB:libcmt /MANIFEST /MANIFESTUAC:"level='asInvoker' uiAccess='false'" /manifest:embed /DEBUG /PDB:".\Debug\.\/glview.pdb" /SUBSYSTEM:WINDOWS,"5.01" /TLBID:1 /DYNAMICBASE:NO /NXCOMPAT /IMPLIB:".\Debug\.\glview.lib" /MACHINE:X86 /SAFESEH:NO /NXCOMPAT /ignore:4221 .\Debug\.\\pointeroverride.obj
         .\Debug\.\/glview.obj
         .\Debug\.\/memoverride.obj
         .\Debug\.\/cmdlib.obj
         .\Debug\.\/filesystem_helpers.obj
         .\Debug\.\/filesystem_init.obj
         .\Debug\.\/filesystem_tools.obj
         .\Debug\.\/physdll.obj
         ..\..\lib\public\mathlib.lib
         ..\..\lib\public\tier0.lib
         ..\..\lib\public\tier1.lib
         ..\..\lib\public\tier2.lib
         ..\..\lib\public\vstdlib.lib
            Creating library .\Debug\.\glview.lib and object .\Debug\.\glview.exp
         glview.vcxproj -> D:\alyxStory\src\utils\glview\.\Debug\.\glview.exe
       PostBuildEvent:
         copy "D:\alyxStory\src\utils\glview\Debug\"glview.exe ..\..\..\game\bin\.\glview.exe >nul
         if ERRORLEVEL 1 goto BuildEventFailed
         if exist "D:\alyxStory\src\utils\glview\Debug\"glview.map copy "D:\alyxStory\src\utils\glview\Debug\"glview.map ..\..\..\game\bin\.\glview.map >nul
         copy "D:\alyxStory\src\utils\glview\Debug\"glview.pdb ..\..\..\game\bin\.\glview.pdb >nul
         if ERRORLEVEL 1 goto BuildEventFailed
         goto BuildEventOK
         :BuildEventFailed
         echo *** ERROR! PostBuildStep FAILED for Glview! EXE or DLL is probably running. ***
         del /q "D:\alyxStory\src\utils\glview\Debug\"glview.exe
         exit 1
         :BuildEventOK
         
         :VCEnd
     1>Done Building Project "D:\alyxStory\src\utils\glview\glview.vcxproj" (Build target(s)).

Build succeeded.

Time Elapsed 00:00:13.20
