d:\alyxstory\src\game\server\release_mod_hl2\server.pch
d:\alyxstory\src\game\server\release_mod_hl2\vc120.pdb
d:\alyxstory\src\game\server\release_mod_hl2\stdafx.obj
d:\alyxstory\src\game\server\release_mod_hl2\achievement_saverestore.obj
d:\alyxstory\src\game\server\release_mod_hl2\ai_basehumanoid.obj
d:\alyxstory\src\game\server\release_mod_hl2\ai_basenpc_schedule.obj
d:\alyxstory\src\game\server\release_mod_hl2\ai_condition.obj
d:\alyxstory\src\game\server\release_mod_hl2\ai_dynamiclink.obj
d:\alyxstory\src\game\server\release_mod_hl2\ai_hull.obj
d:\alyxstory\src\game\server\release_mod_hl2\ai_initutils.obj
d:\alyxstory\src\game\server\release_mod_hl2\ai_networkmanager.obj
d:\alyxstory\src\game\server\release_mod_hl2\ai_senses.obj
d:\alyxstory\src\game\server\release_mod_hl2\ai_task.obj
d:\alyxstory\src\game\server\release_mod_hl2\animation.obj
d:\alyxstory\src\game\server\release_mod_hl2\baseachievement.obj
d:\alyxstory\src\game\server\release_mod_hl2\baseentity_shared.obj
d:\alyxstory\src\game\server\release_mod_hl2\basemultiplayerplayer.obj
d:\alyxstory\src\game\server\release_mod_hl2\bitstring.obj
d:\alyxstory\src\game\server\release_mod_hl2\bmodels.obj
d:\alyxstory\src\game\server\release_mod_hl2\collisionproperty.obj
d:\alyxstory\src\game\server\release_mod_hl2\cplane.obj
d:\alyxstory\src\game\server\release_mod_hl2\damagemodifier.obj
d:\alyxstory\src\game\server\release_mod_hl2\death_pose.obj
d:\alyxstory\src\game\server\release_mod_hl2\decals.obj
d:\alyxstory\src\game\server\release_mod_hl2\entitylist_base.obj
d:\alyxstory\src\game\server\release_mod_hl2\env_debughistory.obj
d:\alyxstory\src\game\server\release_mod_hl2\env_particlescript.obj
d:\alyxstory\src\game\server\release_mod_hl2\env_player_surface_trigger.obj
d:\alyxstory\src\game\server\release_mod_hl2\env_tonemap_controller.obj
d:\alyxstory\src\game\server\release_mod_hl2\envmessage.obj
d:\alyxstory\src\game\server\release_mod_hl2\func_areaportal.obj
d:\alyxstory\src\game\server\release_mod_hl2\func_areaportalbase.obj
d:\alyxstory\src\game\server\release_mod_hl2\func_dust.obj
d:\alyxstory\src\game\server\release_mod_hl2\func_lod.obj
d:\alyxstory\src\game\server\release_mod_hl2\func_occluder.obj
d:\alyxstory\src\game\server\release_mod_hl2\gamerules.obj
d:\alyxstory\src\game\server\release_mod_hl2\igamesystem.obj
d:\alyxstory\src\game\server\release_mod_hl2\intermission.obj
d:\alyxstory\src\game\server\release_mod_hl2\logic_achievement.obj
d:\alyxstory\src\game\server\release_mod_hl2\logicauto.obj
d:\alyxstory\src\game\server\release_mod_hl2\materialmodifycontrol.obj
d:\alyxstory\src\game\server\release_mod_hl2\monstermaker.obj
d:\alyxstory\src\game\server\release_mod_hl2\physics.obj
d:\alyxstory\src\game\server\release_mod_hl2\player_lagcompensation.obj
d:\alyxstory\src\game\server\release_mod_hl2\point_bonusmaps_accessor.obj
d:\alyxstory\src\game\server\release_mod_hl2\env_resizeply.obj
d:\alyxstory\src\game\server\release_mod_hl2\pointanglesensor.obj
d:\alyxstory\src\game\server\release_mod_hl2\pointteleport.obj
d:\alyxstory\src\game\server\release_mod_hl2\ragdoll_manager.obj
d:\alyxstory\src\game\server\release_mod_hl2\sendproxy.obj
d:\alyxstory\src\game\server\release_mod_hl2\sequence_transitioner.obj
d:\alyxstory\src\game\server\release_mod_hl2\serverbenchmark_base.obj
d:\alyxstory\src\game\server\release_mod_hl2\soundemittersystem.obj
d:\alyxstory\src\game\server\release_mod_hl2\soundscape.obj
d:\alyxstory\src\game\server\release_mod_hl2\tanktrain.obj
d:\alyxstory\src\game\server\release_mod_hl2\tempmonster.obj
d:\alyxstory\src\game\server\release_mod_hl2\test_ehandle.obj
d:\alyxstory\src\game\server\release_mod_hl2\trains.obj
d:\alyxstory\src\game\server\release_mod_hl2\wcedit.obj
d:\alyxstory\src\game\server\release_mod_hl2\ai_goal_police.obj
d:\alyxstory\src\game\server\release_mod_hl2\antlion_dust.obj
d:\alyxstory\src\game\server\release_mod_hl2\antlion_maker.obj
d:\alyxstory\src\game\server\release_mod_hl2\grenade_frag.obj
d:\alyxstory\src\game\server\release_mod_hl2\hl2_gamerules.obj
d:\alyxstory\src\game\server\release_mod_hl2\info_teleporter_countdown.obj
d:\alyxstory\src\game\server\release_mod_hl2\item_healthkit.obj
d:\alyxstory\src\game\server\release_mod_hl2\npc_alyx.obj
d:\alyxstory\src\game\server\release_mod_hl2\npc_combine.obj
d:\alyxstory\src\game\server\release_mod_hl2\npc_eli.obj
d:\alyxstory\src\game\server\release_mod_hl2\npc_ichthyosaur.obj
d:\alyxstory\src\game\server\release_mod_hl2\npc_metropolice.obj
d:\alyxstory\src\game\server\release_mod_hl2\npc_turret_floor.obj
d:\alyxstory\src\game\server\release_mod_hl2\point_apc_controller.obj
d:\alyxstory\src\game\server\release_mod_hl2\prop_thumper.obj
d:\alyxstory\src\game\server\release_mod_hl2\vehicle_prisoner_pod.obj
d:\alyxstory\src\game\server\release_mod_hl2\weapon_bugbait.obj
d:\alyxstory\src\game\server\release_mod_hl2\grenade_homer.obj
d:\alyxstory\src\game\server\release_mod_hl2\basetempentity.obj
d:\alyxstory\src\game\server\release_mod_hl2\event_tempentity_tester.obj
d:\alyxstory\src\game\server\release_mod_hl2\particle_fire.obj
d:\alyxstory\src\game\server\release_mod_hl2\smokestack.obj
d:\alyxstory\src\game\server\release_mod_hl2\te_beamfollow.obj
d:\alyxstory\src\game\server\release_mod_hl2\te_bloodsprite.obj
d:\alyxstory\src\game\server\release_mod_hl2\te_decal.obj
d:\alyxstory\src\game\server\release_mod_hl2\te_gaussexplosion.obj
d:\alyxstory\src\game\server\release_mod_hl2\te_physicsprop.obj
d:\alyxstory\src\game\server\release_mod_hl2\toolframework_server.obj
d:\alyxstory\src\game\server\release_mod_hl2\gamedll_replay.obj
d:\alyxstory\src\game\server\release_mod_hl2\achievements_hlx.obj
d:\alyxstory\src\game\server\release_mod_hl2\ai_basenpc.obj
d:\alyxstory\src\game\server\release_mod_hl2\ai_hint.obj
d:\alyxstory\src\game\server\release_mod_hl2\ai_node.obj
d:\alyxstory\src\game\server\release_mod_hl2\ai_responsesystem.obj
d:\alyxstory\src\game\server\release_mod_hl2\ai_speechfilter.obj
d:\alyxstory\src\game\server\release_mod_hl2\baseflex.obj
d:\alyxstory\src\game\server\release_mod_hl2\effectsserver.obj
d:\alyxstory\src\game\server\release_mod_hl2\entityflame.obj
d:\alyxstory\src\game\server\release_mod_hl2\env_screenoverlay.obj
d:\alyxstory\src\game\server\release_mod_hl2\envfade.obj
d:\alyxstory\src\game\server\release_mod_hl2\envshake.obj
d:\alyxstory\src\game\server\release_mod_hl2\fire.obj
d:\alyxstory\src\game\server\release_mod_hl2\func_break.obj
d:\alyxstory\src\game\server\release_mod_hl2\func_movelinear.obj
d:\alyxstory\src\game\server\release_mod_hl2\game_ui.obj
d:\alyxstory\src\game\server\release_mod_hl2\gametrace_dll.obj
d:\alyxstory\src\game\server\release_mod_hl2\gamevars_shared.obj
d:\alyxstory\src\game\server\release_mod_hl2\gameweaponmanager.obj
d:\alyxstory\src\game\server\release_mod_hl2\globals.obj
d:\alyxstory\src\game\server\release_mod_hl2\globalstate.obj
d:\alyxstory\src\game\server\release_mod_hl2\h_cycler.obj
d:\alyxstory\src\game\server\release_mod_hl2\modelsoundscache.obj
d:\alyxstory\src\game\server\release_mod_hl2\particle_parse.obj
d:\alyxstory\src\game\server\release_mod_hl2\physics_main.obj
d:\alyxstory\src\game\server\release_mod_hl2\playerinfomanager.obj
d:\alyxstory\src\game\server\release_mod_hl2\plugin_check.obj
d:\alyxstory\src\game\server\release_mod_hl2\point_camera.obj
d:\alyxstory\src\game\server\release_mod_hl2\point_spotlight.obj
d:\alyxstory\src\game\server\release_mod_hl2\ragdoll_shared.obj
d:\alyxstory\src\game\server\release_mod_hl2\scenecache.obj
d:\alyxstory\src\game\server\release_mod_hl2\servernetworkproperty.obj
d:\alyxstory\src\game\server\release_mod_hl2\simtimer.obj
d:\alyxstory\src\game\server\release_mod_hl2\singleplay_gamerules.obj
d:\alyxstory\src\game\server\release_mod_hl2\slideshow_display.obj
d:\alyxstory\src\game\server\release_mod_hl2\spotlightend.obj
d:\alyxstory\src\game\server\release_mod_hl2\sprite_perfmonitor.obj
d:\alyxstory\src\game\server\release_mod_hl2\sun.obj
d:\alyxstory\src\game\server\release_mod_hl2\team.obj
d:\alyxstory\src\game\server\release_mod_hl2\tesla.obj
d:\alyxstory\src\game\server\release_mod_hl2\timedeventmgr.obj
d:\alyxstory\src\game\server\release_mod_hl2\util.obj
d:\alyxstory\src\game\server\release_mod_hl2\waterlodcontrol.obj
d:\alyxstory\src\game\server\release_mod_hl2\weapon_parse_default.obj
d:\alyxstory\src\game\server\release_mod_hl2\weapon_proficiency.obj
d:\alyxstory\src\game\server\release_mod_hl2\weight_button.obj
d:\alyxstory\src\game\server\release_mod_hl2\ai_allymanager.obj
d:\alyxstory\src\game\server\release_mod_hl2\env_speaker.obj
d:\alyxstory\src\game\server\release_mod_hl2\hl2_ai_network.obj
d:\alyxstory\src\game\server\release_mod_hl2\info_darknessmode_lightsource.obj
d:\alyxstory\src\game\server\release_mod_hl2\item_dynamic_resupply.obj
d:\alyxstory\src\game\server\release_mod_hl2\npc_apcdriver.obj
d:\alyxstory\src\game\server\release_mod_hl2\npc_basezombie.obj
d:\alyxstory\src\game\server\release_mod_hl2\npc_dog.obj
d:\alyxstory\src\game\server\release_mod_hl2\npc_headcrab.obj
d:\alyxstory\src\game\server\release_mod_hl2\npc_playercompanion.obj
d:\alyxstory\src\game\server\release_mod_hl2\npc_zombie.obj
d:\alyxstory\src\game\server\release_mod_hl2\rotorwash.obj
d:\alyxstory\src\game\server\release_mod_hl2\vehicle_cannon.obj
d:\alyxstory\src\game\server\release_mod_hl2\weapon_357.obj
d:\alyxstory\src\game\server\release_mod_hl2\weapon_physcannon.obj
d:\alyxstory\src\game\server\release_mod_hl2\spritetrail.obj
d:\alyxstory\src\game\server\release_mod_hl2\te_basebeam.obj
d:\alyxstory\src\game\server\release_mod_hl2\te_beamlaser.obj
d:\alyxstory\src\game\server\release_mod_hl2\te_bloodstream.obj
d:\alyxstory\src\game\server\release_mod_hl2\te_dynamiclight.obj
d:\alyxstory\src\game\server\release_mod_hl2\te_glowsprite.obj
d:\alyxstory\src\game\server\release_mod_hl2\te_playerdecal.obj
d:\alyxstory\src\game\server\release_mod_hl2\te_spritespray.obj
d:\alyxstory\src\game\server\release_mod_hl2\env_playerspeed.obj
d:\alyxstory\src\game\server\release_mod_hl2\ai_activity.obj
d:\alyxstory\src\game\server\release_mod_hl2\ai_behavior_standoff.obj
d:\alyxstory\src\game\server\release_mod_hl2\ai_interest_target.obj
d:\alyxstory\src\game\server\release_mod_hl2\ai_link.obj
d:\alyxstory\src\game\server\release_mod_hl2\ai_localnavigator.obj
d:\alyxstory\src\game\server\release_mod_hl2\ai_namespaces.obj
d:\alyxstory\src\game\server\release_mod_hl2\ai_navigator.obj
d:\alyxstory\src\game\server\release_mod_hl2\ai_sentence.obj
d:\alyxstory\src\game\server\release_mod_hl2\ai_tacticalservices.obj
d:\alyxstory\src\game\server\release_mod_hl2\baseanimatingoverlay.obj
d:\alyxstory\src\game\server\release_mod_hl2\basegrenade_contact.obj
d:\alyxstory\src\game\server\release_mod_hl2\basegrenade_timed.obj
d:\alyxstory\src\game\server\release_mod_hl2\baseplayer_shared.obj
d:\alyxstory\src\game\server\release_mod_hl2\dynamiclight.obj
d:\alyxstory\src\game\server\release_mod_hl2\ehandle.obj
d:\alyxstory\src\game\server\release_mod_hl2\entityblocker.obj
d:\alyxstory\src\game\server\release_mod_hl2\entitylist.obj
d:\alyxstory\src\game\server\release_mod_hl2\grenadethrown.obj
d:\alyxstory\src\game\server\release_mod_hl2\guntarget.obj
d:\alyxstory\src\game\server\release_mod_hl2\haptic_msgs.obj
d:\alyxstory\src\game\server\release_mod_hl2\hierarchy.obj
d:\alyxstory\src\game\server\release_mod_hl2\hltvdirector.obj
d:\alyxstory\src\game\server\release_mod_hl2\item_world.obj
d:\alyxstory\src\game\server\release_mod_hl2\mapentities_shared.obj
d:\alyxstory\src\game\server\release_mod_hl2\maprules.obj
d:\alyxstory\src\game\server\release_mod_hl2\movehelper_server.obj
d:\alyxstory\src\game\server\release_mod_hl2\ndebugoverlay.obj
d:\alyxstory\src\game\server\release_mod_hl2\obstacle_pushaway.obj
d:\alyxstory\src\game\server\release_mod_hl2\pathtrack.obj
d:\alyxstory\src\game\server\release_mod_hl2\physconstraint.obj
d:\alyxstory\src\game\server\release_mod_hl2\physics_main_shared.obj
d:\alyxstory\src\game\server\release_mod_hl2\point_devshot_camera.obj
d:\alyxstory\src\game\server\release_mod_hl2\pointhurt.obj
d:\alyxstory\src\game\server\release_mod_hl2\querycache.obj
d:\alyxstory\src\game\server\release_mod_hl2\saverestore.obj
d:\alyxstory\src\game\server\release_mod_hl2\shadowcontrol.obj
d:\alyxstory\src\game\server\release_mod_hl2\skycamera.obj
d:\alyxstory\src\game\server\release_mod_hl2\sound.obj
d:\alyxstory\src\game\server\release_mod_hl2\sprite.obj
d:\alyxstory\src\game\server\release_mod_hl2\survival_gamerules.obj
d:\alyxstory\src\game\server\release_mod_hl2\takedamageinfo.obj
d:\alyxstory\src\game\server\release_mod_hl2\teamplay_gamerules.obj
d:\alyxstory\src\game\server\release_mod_hl2\testtraceline.obj
d:\alyxstory\src\game\server\release_mod_hl2\variant_t.obj
d:\alyxstory\src\game\server\release_mod_hl2\vehicle_baseserver.obj
d:\alyxstory\src\game\server\release_mod_hl2\ai_behavior_operator.obj
d:\alyxstory\src\game\server\release_mod_hl2\basehlcombatweapon_shared.obj
d:\alyxstory\src\game\server\release_mod_hl2\cbasespriteprojectile.obj
d:\alyxstory\src\game\server\release_mod_hl2\combine_mine.obj
d:\alyxstory\src\game\server\release_mod_hl2\hl2_client.obj
d:\alyxstory\src\game\server\release_mod_hl2\hl2_playerlocaldata.obj
d:\alyxstory\src\game\server\release_mod_hl2\hl2_triggers.obj
d:\alyxstory\src\game\server\release_mod_hl2\item_ammo.obj
d:\alyxstory\src\game\server\release_mod_hl2\npc_antlion.obj
d:\alyxstory\src\game\server\release_mod_hl2\npc_citizen17.obj
d:\alyxstory\src\game\server\release_mod_hl2\npc_kleiner.obj
d:\alyxstory\src\game\server\release_mod_hl2\npc_monk.obj
d:\alyxstory\src\game\server\release_mod_hl2\npc_turret_ceiling.obj
d:\alyxstory\src\game\server\release_mod_hl2\npc_vortigaunt_episodic.obj
d:\alyxstory\src\game\server\release_mod_hl2\weapon_alyxgun.obj
d:\alyxstory\src\game\server\release_mod_hl2\weapon_frag.obj
d:\alyxstory\src\game\server\release_mod_hl2\weapon_shotgun.obj
d:\alyxstory\src\game\server\release_mod_hl2\npc_missiledefense.obj
d:\alyxstory\src\game\server\release_mod_hl2\te_beamspline.obj
d:\alyxstory\src\game\server\release_mod_hl2\te_bspdecal.obj
d:\alyxstory\src\game\server\release_mod_hl2\te_effect_dispatch.obj
d:\alyxstory\src\game\server\release_mod_hl2\te_glassshatter.obj
d:\alyxstory\src\game\server\release_mod_hl2\te_sparks.obj
d:\alyxstory\src\game\server\release_mod_hl2\env_slomo.obj
d:\alyxstory\src\game\server\release_mod_hl2\ai_baseactor.obj
d:\alyxstory\src\game\server\release_mod_hl2\ai_behavior_assault.obj
d:\alyxstory\src\game\server\release_mod_hl2\ai_concommands.obj
d:\alyxstory\src\game\server\release_mod_hl2\ai_goalentity.obj
d:\alyxstory\src\game\server\release_mod_hl2\ai_moveprobe.obj
d:\alyxstory\src\game\server\release_mod_hl2\ai_relationship.obj
d:\alyxstory\src\game\server\release_mod_hl2\ai_scriptconditions.obj
d:\alyxstory\src\game\server\release_mod_hl2\ai_squadslot.obj
d:\alyxstory\src\game\server\release_mod_hl2\ai_waypoint.obj
d:\alyxstory\src\game\server\release_mod_hl2\ammodef.obj
d:\alyxstory\src\game\server\release_mod_hl2\base_gameinterface.obj
d:\alyxstory\src\game\server\release_mod_hl2\base_transmit_proxy.obj
d:\alyxstory\src\game\server\release_mod_hl2\baseanimating.obj
d:\alyxstory\src\game\server\release_mod_hl2\beam_shared.obj
d:\alyxstory\src\game\server\release_mod_hl2\client.obj
d:\alyxstory\src\game\server\release_mod_hl2\entityparticletrail.obj
d:\alyxstory\src\game\server\release_mod_hl2\env_effectsscript.obj
d:\alyxstory\src\game\server\release_mod_hl2\env_texturetoggle.obj
d:\alyxstory\src\game\server\release_mod_hl2\env_zoom.obj
d:\alyxstory\src\game\server\release_mod_hl2\eventlist.obj
d:\alyxstory\src\game\server\release_mod_hl2\explode.obj
d:\alyxstory\src\game\server\release_mod_hl2\func_ladder_endpoint.obj
d:\alyxstory\src\game\server\release_mod_hl2\func_reflective_glass.obj
d:\alyxstory\src\game\server\release_mod_hl2\gameinterface.obj
d:\alyxstory\src\game\server\release_mod_hl2\particlesystemquery.obj
d:\alyxstory\src\game\server\release_mod_hl2\physics_prop_ragdoll.obj
d:\alyxstory\src\game\server\release_mod_hl2\recipientfilter.obj
d:\alyxstory\src\game\server\release_mod_hl2\rope_helpers.obj
d:\alyxstory\src\game\server\release_mod_hl2\saverestore_gamedll.obj
d:\alyxstory\src\game\server\release_mod_hl2\sceneentity.obj
d:\alyxstory\src\game\server\release_mod_hl2\vehicle_viewblend_shared.obj
d:\alyxstory\src\game\server\release_mod_hl2\waterbullet.obj
d:\alyxstory\src\game\server\release_mod_hl2\weapon_parse.obj
d:\alyxstory\src\game\server\release_mod_hl2\ai_behavior_actbusy.obj
d:\alyxstory\src\game\server\release_mod_hl2\grenade_ar2.obj
d:\alyxstory\src\game\server\release_mod_hl2\hl2_gamestats.obj
d:\alyxstory\src\game\server\release_mod_hl2\hl2_usermessages.obj
d:\alyxstory\src\game\server\release_mod_hl2\hl_playermove.obj
d:\alyxstory\src\game\server\release_mod_hl2\npc_barnacle.obj
d:\alyxstory\src\game\server\release_mod_hl2\npc_blob.obj
d:\alyxstory\src\game\server\release_mod_hl2\npc_combinedropship.obj
d:\alyxstory\src\game\server\release_mod_hl2\npc_gman.obj
d:\alyxstory\src\game\server\release_mod_hl2\npc_rollermine.obj
d:\alyxstory\src\game\server\release_mod_hl2\npc_turret_ground.obj
d:\alyxstory\src\game\server\release_mod_hl2\prop_combine_ball.obj
d:\alyxstory\src\game\server\release_mod_hl2\weapon_crossbow.obj
d:\alyxstory\src\game\server\release_mod_hl2\grenade_beam.obj
d:\alyxstory\src\game\server\release_mod_hl2\grenade_pathfollower.obj
d:\alyxstory\src\game\server\release_mod_hl2\weapon_flaregun.obj
d:\alyxstory\src\game\server\release_mod_hl2\smoke_trail.obj
d:\alyxstory\src\game\server\release_mod_hl2\te_breakmodel.obj
d:\alyxstory\src\game\server\release_mod_hl2\te_footprintdecal.obj
d:\alyxstory\src\game\server\release_mod_hl2\te_largefunnel.obj
d:\alyxstory\src\game\server\release_mod_hl2\te_showline.obj
d:\alyxstory\src\game\server\release_mod_hl2\entity_tools_server.obj
d:\alyxstory\src\game\server\release_mod_hl2\game_timescale_shared.obj
d:\alyxstory\src\game\server\release_mod_hl2\ai_basenpc_flyer_new.obj
d:\alyxstory\src\game\server\release_mod_hl2\ai_behavior.obj
d:\alyxstory\src\game\server\release_mod_hl2\ai_behavior_lead.obj
d:\alyxstory\src\game\server\release_mod_hl2\ai_movesolver.obj
d:\alyxstory\src\game\server\release_mod_hl2\ai_network.obj
d:\alyxstory\src\game\server\release_mod_hl2\ai_route.obj
d:\alyxstory\src\game\server\release_mod_hl2\ai_speech.obj
d:\alyxstory\src\game\server\release_mod_hl2\ai_trackpather.obj
d:\alyxstory\src\game\server\release_mod_hl2\basecombatcharacter.obj
d:\alyxstory\src\game\server\release_mod_hl2\controlentities.obj
d:\alyxstory\src\game\server\release_mod_hl2\debugoverlay_shared.obj
d:\alyxstory\src\game\server\release_mod_hl2\effect_dispatch_data.obj
d:\alyxstory\src\game\server\release_mod_hl2\effects.obj
d:\alyxstory\src\game\server\release_mod_hl2\envlaser.obj
d:\alyxstory\src\game\server\release_mod_hl2\fire_smoke.obj
d:\alyxstory\src\game\server\release_mod_hl2\fourwheelvehiclephysics.obj
d:\alyxstory\src\game\server\release_mod_hl2\gamemovement.obj
d:\alyxstory\src\game\server\release_mod_hl2\gib.obj
d:\alyxstory\src\game\server\release_mod_hl2\h_ai.obj
d:\alyxstory\src\game\server\release_mod_hl2\haptic_utils.obj
d:\alyxstory\src\game\server\release_mod_hl2\hintsystem.obj
d:\alyxstory\src\game\server\release_mod_hl2\info_overlay_accessor.obj
d:\alyxstory\src\game\server\release_mod_hl2\lights.obj
d:\alyxstory\src\game\server\release_mod_hl2\logicentities.obj
d:\alyxstory\src\game\server\release_mod_hl2\particle_light.obj
d:\alyxstory\src\game\server\release_mod_hl2\particle_system.obj
d:\alyxstory\src\game\server\release_mod_hl2\physics_impact_damage.obj
d:\alyxstory\src\game\server\release_mod_hl2\physics_saverestore.obj
d:\alyxstory\src\game\server\release_mod_hl2\player_command.obj
d:\alyxstory\src\game\server\release_mod_hl2\playerlocaldata.obj
d:\alyxstory\src\game\server\release_mod_hl2\point_posecontroller.obj
d:\alyxstory\src\game\server\release_mod_hl2\predictableid.obj
d:\alyxstory\src\game\server\release_mod_hl2\props_shared.obj
d:\alyxstory\src\game\server\release_mod_hl2\sceneentity_shared.obj
d:\alyxstory\src\game\server\release_mod_hl2\scripted.obj
d:\alyxstory\src\game\server\release_mod_hl2\soundenvelope.obj
d:\alyxstory\src\game\server\release_mod_hl2\studio_shared.obj
d:\alyxstory\src\game\server\release_mod_hl2\subs.obj
d:\alyxstory\src\game\server\release_mod_hl2\tactical_mission.obj
d:\alyxstory\src\game\server\release_mod_hl2\test_stressentities.obj
d:\alyxstory\src\game\server\release_mod_hl2\usercmd.obj
d:\alyxstory\src\game\server\release_mod_hl2\vehicle_base.obj
d:\alyxstory\src\game\server\release_mod_hl2\ai_behavior_functank.obj
d:\alyxstory\src\game\server\release_mod_hl2\ar2_explosion.obj
d:\alyxstory\src\game\server\release_mod_hl2\basehlcombatweapon.obj
d:\alyxstory\src\game\server\release_mod_hl2\env_headcrabcanister.obj
d:\alyxstory\src\game\server\release_mod_hl2\hl_gamemovement.obj
d:\alyxstory\src\game\server\release_mod_hl2\item_suit.obj
d:\alyxstory\src\game\server\release_mod_hl2\monster_dummy.obj
d:\alyxstory\src\game\server\release_mod_hl2\npc_basescanner.obj
d:\alyxstory\src\game\server\release_mod_hl2\npc_breen.obj
d:\alyxstory\src\game\server\release_mod_hl2\npc_combines.obj
d:\alyxstory\src\game\server\release_mod_hl2\npc_fisherman.obj
d:\alyxstory\src\game\server\release_mod_hl2\npc_scanner.obj
d:\alyxstory\src\game\server\release_mod_hl2\script_intro_shared.obj
d:\alyxstory\src\game\server\release_mod_hl2\vehicle_airboat.obj
d:\alyxstory\src\game\server\release_mod_hl2\vehicle_viewcontroller.obj
d:\alyxstory\src\game\server\release_mod_hl2\weapon_citizenpackage.obj
d:\alyxstory\src\game\server\release_mod_hl2\weapon_crowbar.obj
d:\alyxstory\src\game\server\release_mod_hl2\weapon_smg1.obj
d:\alyxstory\src\game\server\release_mod_hl2\weapon_cguard.obj
d:\alyxstory\src\game\server\release_mod_hl2\movie_explosion.obj
d:\alyxstory\src\game\server\release_mod_hl2\particle_smokegrenade.obj
d:\alyxstory\src\game\server\release_mod_hl2\steamjet.obj
d:\alyxstory\src\game\server\release_mod_hl2\te_armorricochet.obj
d:\alyxstory\src\game\server\release_mod_hl2\te_beaments.obj
d:\alyxstory\src\game\server\release_mod_hl2\te_beamring.obj
d:\alyxstory\src\game\server\release_mod_hl2\te_bubbles.obj
d:\alyxstory\src\game\server\release_mod_hl2\te_energysplash.obj
d:\alyxstory\src\game\server\release_mod_hl2\te_impact.obj
d:\alyxstory\src\game\server\release_mod_hl2\te_projecteddecal.obj
d:\alyxstory\src\game\server\release_mod_hl2\te_worlddecal.obj
d:\alyxstory\src\game\server\release_mod_hl2\achievementmgr.obj
d:\alyxstory\src\game\server\release_mod_hl2\ai_basenpc_movement.obj
d:\alyxstory\src\game\server\release_mod_hl2\ai_behavior_fear.obj
d:\alyxstory\src\game\server\release_mod_hl2\ai_blended_movement.obj
d:\alyxstory\src\game\server\release_mod_hl2\ai_event.obj
d:\alyxstory\src\game\server\release_mod_hl2\ai_looktarget.obj
d:\alyxstory\src\game\server\release_mod_hl2\ai_moveshoot.obj
d:\alyxstory\src\game\server\release_mod_hl2\ai_planesolver.obj
d:\alyxstory\src\game\server\release_mod_hl2\ai_saverestore.obj
d:\alyxstory\src\game\server\release_mod_hl2\baseentity.obj
d:\alyxstory\src\game\server\release_mod_hl2\entityparticletrail_shared.obj
d:\alyxstory\src\game\server\release_mod_hl2\env_detail_controller.obj
d:\alyxstory\src\game\server\release_mod_hl2\env_entity_maker.obj
d:\alyxstory\src\game\server\release_mod_hl2\env_projectedtexture.obj
d:\alyxstory\src\game\server\release_mod_hl2\envhudhint.obj
d:\alyxstory\src\game\server\release_mod_hl2\envspark.obj
d:\alyxstory\src\game\server\release_mod_hl2\filters.obj
d:\alyxstory\src\game\server\release_mod_hl2\func_smokevolume.obj
d:\alyxstory\src\game\server\release_mod_hl2\gamestringpool.obj
d:\alyxstory\src\game\server\release_mod_hl2\genericactor.obj
d:\alyxstory\src\game\server\release_mod_hl2\lightglow.obj
d:\alyxstory\src\game\server\release_mod_hl2\logic_measure_movement.obj
d:\alyxstory\src\game\server\release_mod_hl2\mapentities.obj
d:\alyxstory\src\game\server\release_mod_hl2\pathcorner.obj
d:\alyxstory\src\game\server\release_mod_hl2\phys_controller.obj
d:\alyxstory\src\game\server\release_mod_hl2\physics_bone_follower.obj
d:\alyxstory\src\game\server\release_mod_hl2\physics_fx.obj
d:\alyxstory\src\game\server\release_mod_hl2\physics_npc_solver.obj
d:\alyxstory\src\game\server\release_mod_hl2\player_pickup.obj
d:\alyxstory\src\game\server\release_mod_hl2\player_resource.obj
d:\alyxstory\src\game\server\release_mod_hl2\point_playermoveconstraint.obj
d:\alyxstory\src\game\server\release_mod_hl2\pointangularvelocitysensor.obj
d:\alyxstory\src\game\server\release_mod_hl2\precache_register.obj
d:\alyxstory\src\game\server\release_mod_hl2\props.obj
d:\alyxstory\src\game\server\release_mod_hl2\templateentities.obj
d:\alyxstory\src\game\server\release_mod_hl2\triggers.obj
d:\alyxstory\src\game\server\release_mod_hl2\ai_spotlight.obj
d:\alyxstory\src\game\server\release_mod_hl2\citadel_effects.obj
d:\alyxstory\src\game\server\release_mod_hl2\env_alyxemp.obj
d:\alyxstory\src\game\server\release_mod_hl2\env_headcrabcanister_shared.obj
d:\alyxstory\src\game\server\release_mod_hl2\env_starfield.obj
d:\alyxstory\src\game\server\release_mod_hl2\func_tank.obj
d:\alyxstory\src\game\server\release_mod_hl2\item_itemcrate.obj
d:\alyxstory\src\game\server\release_mod_hl2\npc_antlionguard.obj
d:\alyxstory\src\game\server\release_mod_hl2\npc_bullseye.obj
d:\alyxstory\src\game\server\release_mod_hl2\npc_combinegunship.obj
d:\alyxstory\src\game\server\release_mod_hl2\npc_mossman.obj
d:\alyxstory\src\game\server\release_mod_hl2\npc_talker.obj
d:\alyxstory\src\game\server\release_mod_hl2\proto_sniper.obj
d:\alyxstory\src\game\server\release_mod_hl2\weapon_annabelle.obj
d:\alyxstory\src\game\server\release_mod_hl2\weapon_pistol.obj
d:\alyxstory\src\game\server\release_mod_hl2\weapon_stunstick.obj
d:\alyxstory\src\game\server\release_mod_hl2\te_beampoints.obj
d:\alyxstory\src\game\server\release_mod_hl2\te_bubbletrail.obj
d:\alyxstory\src\game\server\release_mod_hl2\te_explosion.obj
d:\alyxstory\src\game\server\release_mod_hl2\te_muzzleflash.obj
d:\alyxstory\src\game\server\release_mod_hl2\te_sprite.obj
d:\alyxstory\src\game\server\release_mod_hl2\env_warpball.obj
d:\alyxstory\src\game\server\release_mod_hl2\ai_basenpc_physicsflyer.obj
d:\alyxstory\src\game\server\release_mod_hl2\ai_behavior_follow.obj
d:\alyxstory\src\game\server\release_mod_hl2\ai_criteria.obj
d:\alyxstory\src\game\server\release_mod_hl2\ai_default.obj
d:\alyxstory\src\game\server\release_mod_hl2\ai_memory.obj
d:\alyxstory\src\game\server\release_mod_hl2\ai_pathfinder.obj
d:\alyxstory\src\game\server\release_mod_hl2\ai_schedule.obj
d:\alyxstory\src\game\server\release_mod_hl2\ai_squad.obj
d:\alyxstory\src\game\server\release_mod_hl2\base_playeranimstate.obj
d:\alyxstory\src\game\server\release_mod_hl2\basecombatweapon.obj
d:\alyxstory\src\game\server\release_mod_hl2\baseparticleentity.obj
d:\alyxstory\src\game\server\release_mod_hl2\baseprojectile.obj
d:\alyxstory\src\game\server\release_mod_hl2\baseviewmodel.obj
d:\alyxstory\src\game\server\release_mod_hl2\cbase.obj
d:\alyxstory\src\game\server\release_mod_hl2\colorcorrectionvolume.obj
d:\alyxstory\src\game\server\release_mod_hl2\cragdollmagnet.obj
d:\alyxstory\src\game\server\release_mod_hl2\doors.obj
d:\alyxstory\src\game\server\release_mod_hl2\entitydissolve.obj
d:\alyxstory\src\game\server\release_mod_hl2\env_wind_shared.obj
d:\alyxstory\src\game\server\release_mod_hl2\envmicrophone.obj
d:\alyxstory\src\game\server\release_mod_hl2\fish.obj
d:\alyxstory\src\game\server\release_mod_hl2\func_breakablesurf.obj
d:\alyxstory\src\game\server\release_mod_hl2\genericmonster.obj
d:\alyxstory\src\game\server\release_mod_hl2\logic_navigation.obj
d:\alyxstory\src\game\server\release_mod_hl2\logic_playmovie.obj
d:\alyxstory\src\game\server\release_mod_hl2\message_entity.obj
d:\alyxstory\src\game\server\release_mod_hl2\movement.obj
d:\alyxstory\src\game\server\release_mod_hl2\npc_vehicledriver.obj
d:\alyxstory\src\game\server\release_mod_hl2\physobj.obj
d:\alyxstory\src\game\server\release_mod_hl2\point_template.obj
d:\alyxstory\src\game\server\release_mod_hl2\ragdollboogie.obj
d:\alyxstory\src\game\server\release_mod_hl2\rope.obj
d:\alyxstory\src\game\server\release_mod_hl2\scratchpad_gamedll_helpers.obj
d:\alyxstory\src\game\server\release_mod_hl2\scriptedtarget.obj
d:\alyxstory\src\game\server\release_mod_hl2\soundent.obj
d:\alyxstory\src\game\server\release_mod_hl2\soundparametersinternal.obj
d:\alyxstory\src\game\server\release_mod_hl2\soundscape_system.obj
d:\alyxstory\src\game\server\release_mod_hl2\team_spawnpoint.obj
d:\alyxstory\src\game\server\release_mod_hl2\test_proxytoggle.obj
d:\alyxstory\src\game\server\release_mod_hl2\textstatsmgr.obj
d:\alyxstory\src\game\server\release_mod_hl2\vehicle_choreo_generic.obj
d:\alyxstory\src\game\server\release_mod_hl2\world.obj
d:\alyxstory\src\game\server\release_mod_hl2\ai_behavior_holster.obj
d:\alyxstory\src\game\server\release_mod_hl2\basebludgeonweapon.obj
d:\alyxstory\src\game\server\release_mod_hl2\cbasehelicopter.obj
d:\alyxstory\src\game\server\release_mod_hl2\hl2_eventlog.obj
d:\alyxstory\src\game\server\release_mod_hl2\hl2_player.obj
d:\alyxstory\src\game\server\release_mod_hl2\npc_barney.obj
d:\alyxstory\src\game\server\release_mod_hl2\npc_cranedriver.obj
d:\alyxstory\src\game\server\release_mod_hl2\npc_fastzombie.obj
d:\alyxstory\src\game\server\release_mod_hl2\npc_manhack.obj
d:\alyxstory\src\game\server\release_mod_hl2\npc_strider.obj
d:\alyxstory\src\game\server\release_mod_hl2\vehicle_crane.obj
d:\alyxstory\src\game\server\release_mod_hl2\weapon_ar2.obj
d:\alyxstory\src\game\server\release_mod_hl2\vehicle_apc.obj
d:\alyxstory\src\game\server\release_mod_hl2\env_footsteps.obj
d:\alyxstory\src\game\server\release_mod_hl2\activitylist.obj
d:\alyxstory\src\game\server\release_mod_hl2\ai_basenpc_flyer.obj
d:\alyxstory\src\game\server\release_mod_hl2\ai_basenpc_squad.obj
d:\alyxstory\src\game\server\release_mod_hl2\ai_behavior_rappel.obj
d:\alyxstory\src\game\server\release_mod_hl2\ai_eventresponse.obj
d:\alyxstory\src\game\server\release_mod_hl2\ai_motor.obj
d:\alyxstory\src\game\server\release_mod_hl2\ai_playerally.obj
d:\alyxstory\src\game\server\release_mod_hl2\ai_utils.obj
d:\alyxstory\src\game\server\release_mod_hl2\basecombatcharacter_shared.obj
d:\alyxstory\src\game\server\release_mod_hl2\basecombatweapon_shared.obj
d:\alyxstory\src\game\server\release_mod_hl2\basegrenade_concussion.obj
d:\alyxstory\src\game\server\release_mod_hl2\basegrenade_shared.obj
d:\alyxstory\src\game\server\release_mod_hl2\baseviewmodel_shared.obj
d:\alyxstory\src\game\server\release_mod_hl2\buttons.obj
d:\alyxstory\src\game\server\release_mod_hl2\colorcorrection.obj
d:\alyxstory\src\game\server\release_mod_hl2\commentarysystem.obj
d:\alyxstory\src\game\server\release_mod_hl2\envbeam.obj
d:\alyxstory\src\game\server\release_mod_hl2\eventlog.obj
d:\alyxstory\src\game\server\release_mod_hl2\fogcontroller.obj
d:\alyxstory\src\game\server\release_mod_hl2\func_areaportalwindow.obj
d:\alyxstory\src\game\server\release_mod_hl2\func_ladder.obj
d:\alyxstory\src\game\server\release_mod_hl2\func_monitor.obj
d:\alyxstory\src\game\server\release_mod_hl2\game.obj
d:\alyxstory\src\game\server\release_mod_hl2\gamerules_register.obj
d:\alyxstory\src\game\server\release_mod_hl2\gamestats.obj
d:\alyxstory\src\game\server\release_mod_hl2\hintmessage.obj
d:\alyxstory\src\game\server\release_mod_hl2\info_camera_link.obj
d:\alyxstory\src\game\server\release_mod_hl2\logic_changemap.obj
d:\alyxstory\src\game\server\release_mod_hl2\logicrelay.obj
d:\alyxstory\src\game\server\release_mod_hl2\modelentities.obj
d:\alyxstory\src\game\server\release_mod_hl2\movevars_shared.obj
d:\alyxstory\src\game\server\release_mod_hl2\mp_shareddefs.obj
d:\alyxstory\src\game\server\release_mod_hl2\multiplay_gamerules.obj
d:\alyxstory\src\game\server\release_mod_hl2\physics_cannister.obj
d:\alyxstory\src\game\server\release_mod_hl2\physics_shared.obj
d:\alyxstory\src\game\server\release_mod_hl2\player.obj
d:\alyxstory\src\game\server\release_mod_hl2\testfunctions.obj
d:\alyxstory\src\game\server\release_mod_hl2\util_shared.obj
d:\alyxstory\src\game\server\release_mod_hl2\vguiscreen.obj
d:\alyxstory\src\game\server\release_mod_hl2\voice_gamemgr.obj
d:\alyxstory\src\game\server\release_mod_hl2\vote_controller.obj
d:\alyxstory\src\game\server\release_mod_hl2\achievements_hl2.obj
d:\alyxstory\src\game\server\release_mod_hl2\ai_behavior_police.obj
d:\alyxstory\src\game\server\release_mod_hl2\func_recharge.obj
d:\alyxstory\src\game\server\release_mod_hl2\grenade_bugbait.obj
d:\alyxstory\src\game\server\release_mod_hl2\item_battery.obj
d:\alyxstory\src\game\server\release_mod_hl2\look_door.obj
d:\alyxstory\src\game\server\release_mod_hl2\npc_attackchopper.obj
d:\alyxstory\src\game\server\release_mod_hl2\npc_combinecamera.obj
d:\alyxstory\src\game\server\release_mod_hl2\npc_crow.obj
d:\alyxstory\src\game\server\release_mod_hl2\npc_enemyfinder.obj
d:\alyxstory\src\game\server\release_mod_hl2\npc_launcher.obj
d:\alyxstory\src\game\server\release_mod_hl2\npc_poisonzombie.obj
d:\alyxstory\src\game\server\release_mod_hl2\npc_stalker.obj
d:\alyxstory\src\game\server\release_mod_hl2\script_intro.obj
d:\alyxstory\src\game\server\release_mod_hl2\vehicle_jeep.obj
d:\alyxstory\src\game\server\release_mod_hl2\weapon_cubemap.obj
d:\alyxstory\src\game\server\release_mod_hl2\weapon_rpg.obj
d:\alyxstory\src\game\server\release_mod_hl2\plasma.obj
d:\alyxstory\src\game\server\release_mod_hl2\te.obj
d:\alyxstory\src\game\server\release_mod_hl2\te_beamentpoint.obj
d:\alyxstory\src\game\server\release_mod_hl2\te_beamringpoint.obj
d:\alyxstory\src\game\server\release_mod_hl2\te_clientprojectile.obj
d:\alyxstory\src\game\server\release_mod_hl2\te_fizz.obj
d:\alyxstory\src\game\server\release_mod_hl2\te_killplayerattachments.obj
d:\alyxstory\src\game\server\release_mod_hl2\te_particlesystem.obj
d:\alyxstory\src\game\server\release_mod_hl2\te_smoke.obj
d:\alyxstory\src\game\server\release_mod_hl2\usermessages.obj
d:\alyxstory\src\game\server\release_mod_hl2\dt_send.obj
d:\alyxstory\src\game\server\release_mod_hl2\interpolatortypes.obj
d:\alyxstory\src\game\server\release_mod_hl2\networkvar.obj
d:\alyxstory\src\game\server\release_mod_hl2\randoverride.obj
d:\alyxstory\src\game\server\release_mod_hl2\scratchpadutils.obj
d:\alyxstory\src\game\server\release_mod_hl2\gamehandle.obj
d:\alyxstory\src\game\server\release_mod_hl2\gamestats_basicstatsfunctions.obj
d:\alyxstory\src\game\server\release_mod_hl2\dt_utlvector_send.obj
d:\alyxstory\src\game\server\release_mod_hl2\init_factory.obj
d:\alyxstory\src\game\server\release_mod_hl2\keyframe.obj
d:\alyxstory\src\game\server\release_mod_hl2\scratchpad3d.obj
d:\alyxstory\src\game\server\release_mod_hl2\collisionutils.obj
d:\alyxstory\src\game\server\release_mod_hl2\language.obj
d:\alyxstory\src\game\server\release_mod_hl2\registry.obj
d:\alyxstory\src\game\server\release_mod_hl2\studio.obj
d:\alyxstory\src\game\server\release_mod_hl2\filesystem_helpers.obj
d:\alyxstory\src\game\server\release_mod_hl2\interval.obj
d:\alyxstory\src\game\server\release_mod_hl2\memoverride.obj
d:\alyxstory\src\game\server\release_mod_hl2\simple_physics.obj
d:\alyxstory\src\game\server\release_mod_hl2\bone_setup.obj
d:\alyxstory\src\game\server\release_mod_hl2\sheetsimulator.obj
d:\alyxstory\src\game\server\release_mod_hl2\editor_sendcommand.obj
d:\alyxstory\src\game\server\release_mod_hl2\map_utils.obj
d:\alyxstory\src\game\server\release_mod_hl2\server_class.obj
d:\alyxstory\src\game\server\release_mod_hl2\dt_utlvector_common.obj
d:\alyxstory\src\game\server\release_mod_hl2\h_export.obj
d:\alyxstory\src\game\server\release_mod_hl2\rope_physics.obj
d:\alyxstory\src\game\server\release_mod_hl2\stringregistry.obj
d:\alyxstory\src\game\server\release_mod_hl2\pointeroverride.obj
d:\alyxstory\src\game\server\server_hl2.vpc.sentinel
d:\alyxstory\src\game\server\release_mod_hl2\server.dll
d:\alyxstory\src\game\server\release_mod_hl2\server.pdb
d:\alyxstory\src\game\server\release_mod_hl2\server.lib
d:\alyxstory\src\game\server\release_mod_hl2\server.exp
d:\alyxstory\src\game\server\.\release_mod_hl2\server.dll
d:\alyxstory\src\game\server\release_mod_hl2\server (hl2).tlog\cl.command.1.tlog
d:\alyxstory\src\game\server\release_mod_hl2\server (hl2).tlog\cl.read.1.tlog
d:\alyxstory\src\game\server\release_mod_hl2\server (hl2).tlog\cl.write.1.tlog
d:\alyxstory\src\game\server\release_mod_hl2\server (hl2).tlog\custombuild.command.1.tlog
d:\alyxstory\src\game\server\release_mod_hl2\server (hl2).tlog\custombuild.read.1.tlog
d:\alyxstory\src\game\server\release_mod_hl2\server (hl2).tlog\custombuild.write.1.tlog
d:\alyxstory\src\game\server\release_mod_hl2\server (hl2).tlog\link.command.1.tlog
d:\alyxstory\src\game\server\release_mod_hl2\server (hl2).tlog\link.read.1.tlog
d:\alyxstory\src\game\server\release_mod_hl2\server (hl2).tlog\link.write.1.tlog
d:\alyxstory\src\game\server\release_mod_hl2\server (hl2).tlog\server (hl2).write.1u.tlog
