d:\alyxstory\src\utils\qc_eyes\debug\qc_eyes.pch
d:\alyxstory\src\utils\qc_eyes\debug\vc120.pdb
d:\alyxstory\src\utils\qc_eyes\debug\vc120.idb
d:\alyxstory\src\utils\qc_eyes\debug\stdafx.obj
d:\alyxstory\src\utils\qc_eyes\debug\qc_eyes.obj
d:\alyxstory\src\utils\qc_eyes\debug\qc_eyesdlg.obj
d:\alyxstory\src\utils\qc_eyes\debug\pointeroverride.obj
d:\alyxstory\src\utils\qc_eyes\qc_eyes.vpc.sentinel
d:\alyxstory\src\utils\qc_eyes\debug\qc_eyes.res
d:\alyxstory\src\utils\qc_eyes\debug\qc_eyes.tlog\cl.command.1.tlog
d:\alyxstory\src\utils\qc_eyes\debug\qc_eyes.tlog\cl.read.1.tlog
d:\alyxstory\src\utils\qc_eyes\debug\qc_eyes.tlog\cl.write.1.tlog
d:\alyxstory\src\utils\qc_eyes\debug\qc_eyes.tlog\custombuild.command.1.tlog
d:\alyxstory\src\utils\qc_eyes\debug\qc_eyes.tlog\custombuild.read.1.tlog
d:\alyxstory\src\utils\qc_eyes\debug\qc_eyes.tlog\custombuild.write.1.tlog
d:\alyxstory\src\utils\qc_eyes\debug\qc_eyes.tlog\link.command.1.tlog
d:\alyxstory\src\utils\qc_eyes\debug\qc_eyes.tlog\link.read.1.tlog
d:\alyxstory\src\utils\qc_eyes\debug\qc_eyes.tlog\link.write.1.tlog
d:\alyxstory\src\utils\qc_eyes\debug\qc_eyes.tlog\rc.command.1.tlog
d:\alyxstory\src\utils\qc_eyes\debug\qc_eyes.tlog\rc.read.1.tlog
d:\alyxstory\src\utils\qc_eyes\debug\qc_eyes.tlog\rc.write.1.tlog
