Build started 10/11/2016 01:16:54.
     1>Project "D:\alyxStory\src\utils\vvis_launcher\vvis_launcher.vcxproj" on node 6 (Build target(s)).
     1>PreBuildEvent:
         if EXIST ..\..\..\game\bin\.\vvis.exe for /f "delims=" %%A in ('attrib "..\..\..\game\bin\.\vvis.exe"') do set valveTmpIsReadOnly="%%A"
         set valveTmpIsReadOnlyLetter=%valveTmpIsReadOnly:~6,1%
         if "%valveTmpIsReadOnlyLetter%"=="R" del /q "D:\alyxStory\src\utils\vvis_launcher\Debug\"vvis.exe
         if exist "..\..\devtools\bin\vpc.exe" "..\..\devtools\bin\vpc.exe" -crc2 "vvis_launcher.vcxproj"
         if ERRORLEVEL 1 exit /b 1
         
         :VCEnd
       Link:
         D:\Program Files\Microsoft Visual Studio 12.0\VC\bin\link.exe /ERRORREPORT:PROMPT /OUT:".\Debug\.\\vvis.exe" /INCREMENTAL /NOLOGO shell32.lib user32.lib advapi32.lib gdi32.lib comdlg32.lib ole32.lib /NODEFAULTLIB:libc /NODEFAULTLIB:libcd /NODEFAULTLIB:libcmt /MANIFEST /MANIFESTUAC:"level='asInvoker' uiAccess='false'" /manifest:embed /DEBUG /PDB:".\Debug\.\/vvis.pdb" /SUBSYSTEM:CONSOLE,"5.01" /TLBID:1 /DYNAMICBASE:NO /NXCOMPAT /IMPLIB:".\Debug\.\vvis.lib" /MACHINE:X86 /SAFESEH:NO /NXCOMPAT /ignore:4221 .\Debug\.\\pointeroverride.obj
         .\Debug\.\/memoverride.obj
         .\Debug\.\/StdAfx.obj
         .\Debug\.\/vvis_launcher.obj
         ..\..\lib\public\tier0.lib
         ..\..\lib\public\tier1.lib
         ..\..\lib\public\vstdlib.lib
            Creating library .\Debug\.\vvis.lib and object .\Debug\.\vvis.exp
         vvis_launcher.vcxproj -> D:\alyxStory\src\utils\vvis_launcher\.\Debug\.\vvis.exe
       PostBuildEvent:
         copy "D:\alyxStory\src\utils\vvis_launcher\Debug\"vvis.exe ..\..\..\game\bin\.\vvis.exe >nul
         if ERRORLEVEL 1 goto BuildEventFailed
         if exist "D:\alyxStory\src\utils\vvis_launcher\Debug\"vvis.map copy "D:\alyxStory\src\utils\vvis_launcher\Debug\"vvis.map ..\..\..\game\bin\.\vvis.map >nul
         copy "D:\alyxStory\src\utils\vvis_launcher\Debug\"vvis.pdb ..\..\..\game\bin\.\vvis.pdb >nul
         if ERRORLEVEL 1 goto BuildEventFailed
         goto BuildEventOK
         :BuildEventFailed
         echo *** ERROR! PostBuildStep FAILED for Vvis_launcher! EXE or DLL is probably running. ***
         del /q "D:\alyxStory\src\utils\vvis_launcher\Debug\"vvis.exe
         exit 1
         :BuildEventOK
         
         :VCEnd
     1>Done Building Project "D:\alyxStory\src\utils\vvis_launcher\vvis_launcher.vcxproj" (Build target(s)).

Build succeeded.

Time Elapsed 00:00:02.68
