d:\alyxstory\src\utils\vvis\debug\bsplib.obj
d:\alyxstory\src\utils\vvis\debug\collisionutils.obj
d:\alyxstory\src\utils\vvis\debug\mpivis.obj
d:\alyxstory\src\utils\vvis\debug\cmdlib.obj
d:\alyxstory\src\utils\vvis\debug\tools_minidump.obj
d:\alyxstory\src\utils\vvis\debug\vvis.obj
d:\alyxstory\src\utils\vvis\debug\filesystem_helpers.obj
d:\alyxstory\src\utils\vvis\debug\mysqldatabase.obj
d:\alyxstory\src\utils\vvis\debug\vmpi_tools_shared.obj
d:\alyxstory\src\utils\vvis\debug\flow.obj
d:\alyxstory\src\utils\vvis\debug\scratchpad_helpers.obj
d:\alyxstory\src\utils\vvis\debug\waterdist.obj
d:\alyxstory\src\utils\vvis\debug\loadcmdline.obj
d:\alyxstory\src\utils\vvis\debug\pacifier.obj
d:\alyxstory\src\utils\vvis\debug\scriplib.obj
d:\alyxstory\src\utils\vvis\debug\lumpfiles.obj
d:\alyxstory\src\utils\vvis\debug\scratchpad3d.obj
d:\alyxstory\src\utils\vvis\debug\zip_utils.obj
d:\alyxstory\src\utils\vvis\debug\mpi_stats.obj
d:\alyxstory\src\utils\vvis\debug\threads.obj
d:\alyxstory\src\utils\vvis\debug\vc120.pdb
d:\alyxstory\src\utils\vvis\debug\pointeroverride.obj
d:\alyxstory\src\utils\vvis\vvis_dll.vpc.sentinel
d:\alyxstory\src\utils\vvis\debug\vvis_dll.ilk
d:\alyxstory\src\utils\vvis\debug\vvis_dll.dll
d:\alyxstory\src\utils\vvis\debug\vvis_dll.pdb
d:\alyxstory\src\utils\vvis\debug\vvis_dll.lib
d:\alyxstory\src\utils\vvis\debug\vvis_dll.exp
d:\alyxstory\src\utils\vvis\debug\vc120.idb
d:\alyxstory\src\utils\vvis\.\debug\.\vvis_dll.dll
d:\alyxstory\src\utils\vvis\debug\vvis_dll.tlog\cl.command.1.tlog
d:\alyxstory\src\utils\vvis\debug\vvis_dll.tlog\cl.read.1.tlog
d:\alyxstory\src\utils\vvis\debug\vvis_dll.tlog\cl.write.1.tlog
d:\alyxstory\src\utils\vvis\debug\vvis_dll.tlog\custombuild.command.1.tlog
d:\alyxstory\src\utils\vvis\debug\vvis_dll.tlog\custombuild.read.1.tlog
d:\alyxstory\src\utils\vvis\debug\vvis_dll.tlog\custombuild.write.1.tlog
d:\alyxstory\src\utils\vvis\debug\vvis_dll.tlog\link.command.1.tlog
d:\alyxstory\src\utils\vvis\debug\vvis_dll.tlog\link.read.1.tlog
d:\alyxstory\src\utils\vvis\debug\vvis_dll.tlog\link.write.1.tlog
d:\alyxstory\src\utils\vvis\debug\vvis_dll.tlog\vvis_dll.write.1u.tlog
