d:\alyxstory\src\utils\vice\release\cmdlib.obj
d:\alyxstory\src\utils\vice\release\vice.obj
d:\alyxstory\src\utils\vice\release\filesystem_tools.obj
d:\alyxstory\src\utils\vice\release\memoverride.obj
d:\alyxstory\src\utils\vice\release\filesystem_helpers.obj
d:\alyxstory\src\utils\vice\release\filesystem_init.obj
d:\alyxstory\src\utils\vice\release\vc120.pdb
d:\alyxstory\src\utils\vice\release\pointeroverride.obj
d:\alyxstory\src\utils\vice\vice.vpc.sentinel
d:\alyxstory\src\utils\vice\release\vice.exe
d:\alyxstory\src\utils\vice\release\vice.pdb
d:\alyxstory\src\utils\vice\release\vice.lib
d:\alyxstory\src\utils\vice\release\vice.exp
d:\alyxstory\src\utils\vice\.\release\.\vice.exe
d:\alyxstory\src\utils\vice\release\vice.tlog\cl.command.1.tlog
d:\alyxstory\src\utils\vice\release\vice.tlog\cl.read.1.tlog
d:\alyxstory\src\utils\vice\release\vice.tlog\cl.write.1.tlog
d:\alyxstory\src\utils\vice\release\vice.tlog\custombuild.command.1.tlog
d:\alyxstory\src\utils\vice\release\vice.tlog\custombuild.read.1.tlog
d:\alyxstory\src\utils\vice\release\vice.tlog\custombuild.write.1.tlog
d:\alyxstory\src\utils\vice\release\vice.tlog\link.command.1.tlog
d:\alyxstory\src\utils\vice\release\vice.tlog\link.read.1.tlog
d:\alyxstory\src\utils\vice\release\vice.tlog\link.write.1.tlog
d:\alyxstory\src\utils\vice\release\vice.tlog\vice.write.1u.tlog
