d:\alyxstory\src\utils\motionmapper\debug\filesystem_helpers.obj
d:\alyxstory\src\utils\motionmapper\debug\cmdlib.obj
d:\alyxstory\src\utils\motionmapper\debug\filesystem_init.obj
d:\alyxstory\src\utils\motionmapper\debug\filesystem_tools.obj
d:\alyxstory\src\utils\motionmapper\debug\motionmapper.obj
d:\alyxstory\src\utils\motionmapper\debug\memoverride.obj
d:\alyxstory\src\utils\motionmapper\debug\scriplib.obj
d:\alyxstory\src\utils\motionmapper\debug\vc120.pdb
d:\alyxstory\src\utils\motionmapper\debug\pointeroverride.obj
d:\alyxstory\src\utils\motionmapper\motionmapper.vpc.sentinel
d:\alyxstory\src\utils\motionmapper\debug\motionmapper.ilk
d:\alyxstory\src\utils\motionmapper\debug\motionmapper.exe
d:\alyxstory\src\utils\motionmapper\debug\motionmapper.pdb
d:\alyxstory\src\utils\motionmapper\debug\motionmapper.lib
d:\alyxstory\src\utils\motionmapper\debug\motionmapper.exp
d:\alyxstory\src\utils\motionmapper\debug\vc120.idb
d:\alyxstory\src\utils\motionmapper\debug\motionmapper.tlog\cl.command.1.tlog
d:\alyxstory\src\utils\motionmapper\debug\motionmapper.tlog\cl.read.1.tlog
d:\alyxstory\src\utils\motionmapper\debug\motionmapper.tlog\cl.write.1.tlog
d:\alyxstory\src\utils\motionmapper\debug\motionmapper.tlog\custombuild.command.1.tlog
d:\alyxstory\src\utils\motionmapper\debug\motionmapper.tlog\custombuild.read.1.tlog
d:\alyxstory\src\utils\motionmapper\debug\motionmapper.tlog\custombuild.write.1.tlog
d:\alyxstory\src\utils\motionmapper\debug\motionmapper.tlog\link.command.1.tlog
d:\alyxstory\src\utils\motionmapper\debug\motionmapper.tlog\link.read.1.tlog
d:\alyxstory\src\utils\motionmapper\debug\motionmapper.tlog\link.write.1.tlog
d:\alyxstory\src\utils\motionmapper\debug\motionmapper.tlog\motionmapper.write.1u.tlog
