d:\alyxstory\src\utils\tgadiff\release\tgadiff.obj
d:\alyxstory\src\utils\tgadiff\release\memoverride.obj
d:\alyxstory\src\utils\tgadiff\release\vc120.pdb
d:\alyxstory\src\utils\tgadiff\release\pointeroverride.obj
d:\alyxstory\src\utils\tgadiff\tgadiff.vpc.sentinel
d:\alyxstory\src\utils\tgadiff\release\tgadiff.exe
d:\alyxstory\src\utils\tgadiff\release\tgadiff.pdb
d:\alyxstory\src\utils\tgadiff\release\tgadiff.lib
d:\alyxstory\src\utils\tgadiff\release\tgadiff.exp
d:\alyxstory\src\utils\tgadiff\.\release\.\tgadiff.exe
d:\alyxstory\src\utils\tgadiff\release\tgadiff.tlog\cl.command.1.tlog
d:\alyxstory\src\utils\tgadiff\release\tgadiff.tlog\cl.read.1.tlog
d:\alyxstory\src\utils\tgadiff\release\tgadiff.tlog\cl.write.1.tlog
d:\alyxstory\src\utils\tgadiff\release\tgadiff.tlog\custombuild.command.1.tlog
d:\alyxstory\src\utils\tgadiff\release\tgadiff.tlog\custombuild.read.1.tlog
d:\alyxstory\src\utils\tgadiff\release\tgadiff.tlog\custombuild.write.1.tlog
d:\alyxstory\src\utils\tgadiff\release\tgadiff.tlog\link.command.1.tlog
d:\alyxstory\src\utils\tgadiff\release\tgadiff.tlog\link.read.1.tlog
d:\alyxstory\src\utils\tgadiff\release\tgadiff.tlog\link.write.1.tlog
d:\alyxstory\src\utils\tgadiff\release\tgadiff.tlog\tgadiff.write.1u.tlog
