d:\alyxstory\src\utils\vvis\release\flow.obj
d:\alyxstory\src\utils\vvis\release\scratchpad_helpers.obj
d:\alyxstory\src\utils\vvis\release\waterdist.obj
d:\alyxstory\src\utils\vvis\release\mpi_stats.obj
d:\alyxstory\src\utils\vvis\release\threads.obj
d:\alyxstory\src\utils\vvis\release\lumpfiles.obj
d:\alyxstory\src\utils\vvis\release\scratchpad3d.obj
d:\alyxstory\src\utils\vvis\release\zip_utils.obj
d:\alyxstory\src\utils\vvis\release\collisionutils.obj
d:\alyxstory\src\utils\vvis\release\mpivis.obj
d:\alyxstory\src\utils\vvis\release\loadcmdline.obj
d:\alyxstory\src\utils\vvis\release\pacifier.obj
d:\alyxstory\src\utils\vvis\release\scriplib.obj
d:\alyxstory\src\utils\vvis\release\cmdlib.obj
d:\alyxstory\src\utils\vvis\release\tools_minidump.obj
d:\alyxstory\src\utils\vvis\release\vvis.obj
d:\alyxstory\src\utils\vvis\release\bsplib.obj
d:\alyxstory\src\utils\vvis\release\filesystem_helpers.obj
d:\alyxstory\src\utils\vvis\release\mysqldatabase.obj
d:\alyxstory\src\utils\vvis\release\vmpi_tools_shared.obj
d:\alyxstory\src\utils\vvis\release\vc120.pdb
d:\alyxstory\src\utils\vvis\release\pointeroverride.obj
d:\alyxstory\src\utils\vvis\vvis_dll.vpc.sentinel
d:\alyxstory\src\utils\vvis\release\vvis_dll.dll
d:\alyxstory\src\utils\vvis\release\vvis_dll.pdb
d:\alyxstory\src\utils\vvis\release\vvis_dll.lib
d:\alyxstory\src\utils\vvis\release\vvis_dll.exp
d:\alyxstory\src\utils\vvis\.\release\.\vvis_dll.dll
d:\alyxstory\src\utils\vvis\release\vvis_dll.tlog\cl.command.1.tlog
d:\alyxstory\src\utils\vvis\release\vvis_dll.tlog\cl.read.1.tlog
d:\alyxstory\src\utils\vvis\release\vvis_dll.tlog\cl.write.1.tlog
d:\alyxstory\src\utils\vvis\release\vvis_dll.tlog\custombuild.command.1.tlog
d:\alyxstory\src\utils\vvis\release\vvis_dll.tlog\custombuild.read.1.tlog
d:\alyxstory\src\utils\vvis\release\vvis_dll.tlog\custombuild.write.1.tlog
d:\alyxstory\src\utils\vvis\release\vvis_dll.tlog\link.command.1.tlog
d:\alyxstory\src\utils\vvis\release\vvis_dll.tlog\link.read.1.tlog
d:\alyxstory\src\utils\vvis\release\vvis_dll.tlog\link.write.1.tlog
d:\alyxstory\src\utils\vvis\release\vvis_dll.tlog\vvis_dll.write.1u.tlog
