d:\alyxstory\src\utils\vrad\debug\incremental.obj
d:\alyxstory\src\utils\vrad\debug\samplehash.obj
d:\alyxstory\src\utils\vrad\debug\zip_utils.obj
d:\alyxstory\src\utils\vrad\debug\builddisp.obj
d:\alyxstory\src\utils\vrad\debug\dispcoll_common.obj
d:\alyxstory\src\utils\vrad\debug\lightmap.obj
d:\alyxstory\src\utils\vrad\debug\trace.obj
d:\alyxstory\src\utils\vrad\debug\vradstaticprops.obj
d:\alyxstory\src\utils\vrad\debug\scratchpadutils.obj
d:\alyxstory\src\utils\vrad\debug\disp_powerinfo.obj
d:\alyxstory\src\utils\vrad\debug\loadcmdline.obj
d:\alyxstory\src\utils\vrad\debug\mpivrad.obj
d:\alyxstory\src\utils\vrad\debug\vraddetailprops.obj
d:\alyxstory\src\utils\vrad\debug\polylib.obj
d:\alyxstory\src\utils\vrad\debug\filesystem_helpers.obj
d:\alyxstory\src\utils\vrad\debug\disp_vrad.obj
d:\alyxstory\src\utils\vrad\debug\memoverride.obj
d:\alyxstory\src\utils\vrad\debug\mpi_stats.obj
d:\alyxstory\src\utils\vrad\debug\vmpi_tools_shared.obj
d:\alyxstory\src\utils\vrad\debug\vraddisps.obj
d:\alyxstory\src\utils\vrad\debug\map_shared.obj
d:\alyxstory\src\utils\vrad\debug\imagepacker.obj
d:\alyxstory\src\utils\vrad\debug\pacifier.obj
d:\alyxstory\src\utils\vrad\debug\physdll.obj
d:\alyxstory\src\utils\vrad\debug\vrad.obj
d:\alyxstory\src\utils\vrad\debug\chunkfile.obj
d:\alyxstory\src\utils\vrad\debug\threads.obj
d:\alyxstory\src\utils\vrad\debug\disp_common.obj
d:\alyxstory\src\utils\vrad\debug\macro_texture.obj
d:\alyxstory\src\utils\vrad\debug\utilmatlib.obj
d:\alyxstory\src\utils\vrad\debug\vrad_dispcoll.obj
d:\alyxstory\src\utils\vrad\debug\cmdlib.obj
d:\alyxstory\src\utils\vrad\debug\collisionutils.obj
d:\alyxstory\src\utils\vrad\debug\leaf_ambient_lighting.obj
d:\alyxstory\src\utils\vrad\debug\radial.obj
d:\alyxstory\src\utils\vrad\debug\vraddll.obj
d:\alyxstory\src\utils\vrad\debug\scriplib.obj
d:\alyxstory\src\utils\vrad\debug\bsptreedata.obj
d:\alyxstory\src\utils\vrad\debug\lumpfiles.obj
d:\alyxstory\src\utils\vrad\debug\mysqldatabase.obj
d:\alyxstory\src\utils\vrad\debug\vismat.obj
d:\alyxstory\src\utils\vrad\debug\bsplib.obj
d:\alyxstory\src\utils\vrad\debug\tools_minidump.obj
d:\alyxstory\src\utils\vrad\debug\scratchpad3d.obj
d:\alyxstory\src\utils\vrad\debug\vc120.pdb
d:\alyxstory\src\utils\vrad\debug\pointeroverride.obj
d:\alyxstory\src\utils\vrad\vrad_dll.vpc.sentinel
d:\alyxstory\src\utils\vrad\debug\vrad_dll.ilk
d:\alyxstory\src\utils\vrad\debug\vrad_dll.dll
d:\alyxstory\src\utils\vrad\debug\vrad_dll.pdb
d:\alyxstory\src\utils\vrad\debug\vrad_dll.lib
d:\alyxstory\src\utils\vrad\debug\vrad_dll.exp
d:\alyxstory\src\utils\vrad\debug\vc120.idb
d:\alyxstory\src\utils\vrad\.\debug\.\vrad_dll.dll
d:\alyxstory\src\utils\vrad\debug\vrad_dll.tlog\cl.command.1.tlog
d:\alyxstory\src\utils\vrad\debug\vrad_dll.tlog\cl.read.1.tlog
d:\alyxstory\src\utils\vrad\debug\vrad_dll.tlog\cl.write.1.tlog
d:\alyxstory\src\utils\vrad\debug\vrad_dll.tlog\custombuild.command.1.tlog
d:\alyxstory\src\utils\vrad\debug\vrad_dll.tlog\custombuild.read.1.tlog
d:\alyxstory\src\utils\vrad\debug\vrad_dll.tlog\custombuild.write.1.tlog
d:\alyxstory\src\utils\vrad\debug\vrad_dll.tlog\link.command.1.tlog
d:\alyxstory\src\utils\vrad\debug\vrad_dll.tlog\link.read.1.tlog
d:\alyxstory\src\utils\vrad\debug\vrad_dll.tlog\link.write.1.tlog
d:\alyxstory\src\utils\vrad\debug\vrad_dll.tlog\vrad_dll.write.1u.tlog
