Build started 10/11/2016 01:16:38.
     1>Project "D:\alyxStory\src\utils\vrad\vrad_dll.vcxproj" on node 8 (Build target(s)).
     1>PreBuildEvent:
         if EXIST ..\..\..\game\bin\.\vrad_dll.dll for /f "delims=" %%A in ('attrib "..\..\..\game\bin\.\vrad_dll.dll"') do set valveTmpIsReadOnly="%%A"
         set valveTmpIsReadOnlyLetter=%valveTmpIsReadOnly:~6,1%
         if "%valveTmpIsReadOnlyLetter%"=="R" del /q "D:\alyxStory\src\utils\vrad\Debug\"vrad_dll.dll
         if exist "..\..\devtools\bin\vpc.exe" "..\..\devtools\bin\vpc.exe" -crc2 "vrad_dll.vcxproj"
         if ERRORLEVEL 1 exit /b 1
         
         :VCEnd
       Link:
         D:\Program Files\Microsoft Visual Studio 12.0\VC\bin\link.exe /ERRORREPORT:PROMPT /OUT:".\Debug\.\\vrad_dll.dll" /INCREMENTAL /NOLOGO /LIBPATH:..\..\lib\common\. /LIBPATH:..\..\lib\public\. shell32.lib user32.lib advapi32.lib gdi32.lib comdlg32.lib ole32.lib ws2_32.lib /NODEFAULTLIB:libc /NODEFAULTLIB:libcd /NODEFAULTLIB:libcmt /MANIFEST:NO /DEBUG /PDB:".\Debug\.\/vrad_dll.pdb" /SUBSYSTEM:WINDOWS,"5.01" /TLBID:1 /DYNAMICBASE:NO /NXCOMPAT /IMPLIB:".\Debug\.\vrad_dll.lib" /MACHINE:X86 /SAFESEH:NO  /ignore:4221 /DLL .\Debug\.\\pointeroverride.obj
         .\Debug\.\/BSPTreeData.obj
         .\Debug\.\/disp_common.obj
         .\Debug\.\/disp_powerinfo.obj
         .\Debug\.\/disp_vrad.obj
         .\Debug\.\/imagepacker.obj
         .\Debug\.\/incremental.obj
         .\Debug\.\/leaf_ambient_lighting.obj
         .\Debug\.\/lightmap.obj
         .\Debug\.\/loadcmdline.obj
         .\Debug\.\/lumpfiles.obj
         .\Debug\.\/macro_texture.obj
         .\Debug\.\/memoverride.obj
         .\Debug\.\/mpi_stats.obj
         .\Debug\.\/mpivrad.obj
         .\Debug\.\/MySqlDatabase.obj
         .\Debug\.\/pacifier.obj
         .\Debug\.\/physdll.obj
         .\Debug\.\/radial.obj
         .\Debug\.\/SampleHash.obj
         .\Debug\.\/trace.obj
         .\Debug\.\/utilmatlib.obj
         .\Debug\.\/vismat.obj
         .\Debug\.\/vmpi_tools_shared.obj
         .\Debug\.\/vrad.obj
         .\Debug\.\/VRAD_DispColl.obj
         .\Debug\.\/VradDetailProps.obj
         .\Debug\.\/VRadDisps.obj
         .\Debug\.\/vraddll.obj
         .\Debug\.\/VRadStaticProps.obj
         .\Debug\.\/zip_utils.obj
         .\Debug\.\/bsplib.obj
         .\Debug\.\/builddisp.obj
         .\Debug\.\/ChunkFile.obj
         .\Debug\.\/cmdlib.obj
         .\Debug\.\/DispColl_Common.obj
         .\Debug\.\/map_shared.obj
         .\Debug\.\/polylib.obj
         .\Debug\.\/scriplib.obj
         .\Debug\.\/threads.obj
         .\Debug\.\/tools_minidump.obj
         .\Debug\.\/CollisionUtils.obj
         .\Debug\.\/filesystem_helpers.obj
         .\Debug\.\/ScratchPad3D.obj
         .\Debug\.\/ScratchPadUtils.obj
         ..\..\lib\public\bitmap.lib
         ..\..\lib\public\mathlib.lib
         ..\..\lib\public\raytrace.lib
         ..\..\lib\public\tier0.lib
         ..\..\lib\public\tier1.lib
         ..\..\lib\public\tier2.lib
         ..\..\lib\public\vmpi.lib
         ..\..\lib\public\vstdlib.lib
         ..\..\lib\public\vtf.lib
            Creating library .\Debug\.\vrad_dll.lib and object .\Debug\.\vrad_dll.exp
         vrad_dll.vcxproj -> D:\alyxStory\src\utils\vrad\.\Debug\.\vrad_dll.dll
       PostBuildEvent:
         if not exist "..\..\..\game\bin\." mkdir "..\..\..\game\bin\."
         copy "D:\alyxStory\src\utils\vrad\Debug\vrad_dll.dll" "..\..\..\game\bin\.\vrad_dll.dll"
         if ERRORLEVEL 1 goto BuildEventFailed
         if exist "D:\alyxStory\src\utils\vrad\Debug\vrad_dll.map" copy "D:\alyxStory\src\utils\vrad\Debug\vrad_dll.map" ..\..\..\game\bin\.\vrad_dll.map
         copy "D:\alyxStory\src\utils\vrad\Debug\vrad_dll.pdb" ..\..\..\game\bin\.\vrad_dll.pdb
         if ERRORLEVEL 1 goto BuildEventFailed
         goto BuildEventOK
         :BuildEventFailed
         echo *** ERROR! PostBuildStep FAILED for Vrad_dll! EXE or DLL is probably running. ***
         del /q "D:\alyxStory\src\utils\vrad\Debug\vrad_dll.dll"
         exit 1
         :BuildEventOK
         
         :VCEnd
                 1 file(s) copied.
                 1 file(s) copied.
     1>Done Building Project "D:\alyxStory\src\utils\vrad\vrad_dll.vcxproj" (Build target(s)).

Build succeeded.

Time Elapsed 00:00:32.38
