d:\alyxstory\src\materialsystem\stdshaders\debug_dx9_mod_episodic\bloom.obj
d:\alyxstory\src\materialsystem\stdshaders\debug_dx9_mod_episodic\example_model_dx9_helper.obj
d:\alyxstory\src\materialsystem\stdshaders\debug_dx9_mod_episodic\memoverride.obj
d:\alyxstory\src\materialsystem\stdshaders\debug_dx9_mod_episodic\screenspace_general.obj
d:\alyxstory\src\materialsystem\stdshaders\debug_dx9_mod_episodic\example_model_dx9.obj
d:\alyxstory\src\materialsystem\stdshaders\debug_dx9_mod_episodic\basevsshader.obj
d:\alyxstory\src\materialsystem\stdshaders\debug_dx9_mod_episodic\vc120.pdb
d:\alyxstory\src\materialsystem\stdshaders\debug_dx9_mod_episodic\pointeroverride.obj
d:\alyxstory\src\materialsystem\stdshaders\game_shader_dx9_episodic.vpc.sentinel
d:\alyxstory\src\materialsystem\stdshaders\debug_dx9_mod_episodic\game_shader_dx9.ilk
d:\alyxstory\src\materialsystem\stdshaders\debug_dx9_mod_episodic\game_shader_dx9.dll
d:\alyxstory\src\materialsystem\stdshaders\debug_dx9_mod_episodic\game_shader_dx9.pdb
d:\alyxstory\src\materialsystem\stdshaders\debug_dx9_mod_episodic\game_shader_dx9.lib
d:\alyxstory\src\materialsystem\stdshaders\debug_dx9_mod_episodic\game_shader_dx9.exp
d:\alyxstory\src\materialsystem\stdshaders\debug_dx9_mod_episodic\vc120.idb
d:\alyxstory\src\materialsystem\stdshaders\debug_dx9_mod_episodic\shaders .73f37a6e.tlog\cl.command.1.tlog
d:\alyxstory\src\materialsystem\stdshaders\debug_dx9_mod_episodic\shaders .73f37a6e.tlog\cl.read.1.tlog
d:\alyxstory\src\materialsystem\stdshaders\debug_dx9_mod_episodic\shaders .73f37a6e.tlog\cl.write.1.tlog
d:\alyxstory\src\materialsystem\stdshaders\debug_dx9_mod_episodic\shaders .73f37a6e.tlog\custombuild.command.1.tlog
d:\alyxstory\src\materialsystem\stdshaders\debug_dx9_mod_episodic\shaders .73f37a6e.tlog\custombuild.read.1.tlog
d:\alyxstory\src\materialsystem\stdshaders\debug_dx9_mod_episodic\shaders .73f37a6e.tlog\custombuild.write.1.tlog
d:\alyxstory\src\materialsystem\stdshaders\debug_dx9_mod_episodic\shaders .73f37a6e.tlog\link.command.1.tlog
d:\alyxstory\src\materialsystem\stdshaders\debug_dx9_mod_episodic\shaders .73f37a6e.tlog\link.read.1.tlog
d:\alyxstory\src\materialsystem\stdshaders\debug_dx9_mod_episodic\shaders .73f37a6e.tlog\link.write.1.tlog
d:\alyxstory\src\materialsystem\stdshaders\debug_dx9_mod_episodic\shaders .73f37a6e.tlog\shaders (episodic).write.1u.tlog
