Build started 10/11/2016 01:16:46.
     1>Project "D:\alyxStory\src\utils\vtf2tga\vtf2tga.vcxproj" on node 2 (Build target(s)).
     1>PreBuildEvent:
         if EXIST ..\..\..\game\bin\.\vtf2tga.exe for /f "delims=" %%A in ('attrib "..\..\..\game\bin\.\vtf2tga.exe"') do set valveTmpIsReadOnly="%%A"
         set valveTmpIsReadOnlyLetter=%valveTmpIsReadOnly:~6,1%
         if "%valveTmpIsReadOnlyLetter%"=="R" del /q "D:\alyxStory\src\utils\vtf2tga\Debug\"vtf2tga.exe
         if exist "..\..\devtools\bin\vpc.exe" "..\..\devtools\bin\vpc.exe" -crc2 "vtf2tga.vcxproj"
         if ERRORLEVEL 1 exit /b 1
         
         :VCEnd
       Link:
         D:\Program Files\Microsoft Visual Studio 12.0\VC\bin\link.exe /ERRORREPORT:PROMPT /OUT:".\Debug\.\\vtf2tga.exe" /INCREMENTAL /NOLOGO shell32.lib user32.lib advapi32.lib gdi32.lib comdlg32.lib ole32.lib /NODEFAULTLIB:libc /NODEFAULTLIB:libcd /NODEFAULTLIB:libcmt /MANIFEST /MANIFESTUAC:"level='asInvoker' uiAccess='false'" /manifest:embed /DEBUG /PDB:".\Debug\.\/vtf2tga.pdb" /SUBSYSTEM:CONSOLE,"5.01" /TLBID:1 /DYNAMICBASE:NO /NXCOMPAT /IMPLIB:".\Debug\.\vtf2tga.lib" /MACHINE:X86 /SAFESEH:NO /NXCOMPAT /ignore:4221 .\Debug\.\\pointeroverride.obj
         .\Debug\.\/memoverride.obj
         .\Debug\.\/vtf2tga.obj
         ..\..\lib\public\bitmap.lib
         ..\..\lib\public\mathlib.lib
         ..\..\lib\public\tier0.lib
         ..\..\lib\public\tier1.lib
         ..\..\lib\public\tier2.lib
         ..\..\lib\public\vstdlib.lib
         ..\..\lib\public\vtf.lib
            Creating library .\Debug\.\vtf2tga.lib and object .\Debug\.\vtf2tga.exp
         vtf2tga.vcxproj -> D:\alyxStory\src\utils\vtf2tga\.\Debug\.\vtf2tga.exe
       PostBuildEvent:
         copy "D:\alyxStory\src\utils\vtf2tga\Debug\"vtf2tga.exe ..\..\..\game\bin\.\vtf2tga.exe >nul
         if ERRORLEVEL 1 goto BuildEventFailed
         if exist "D:\alyxStory\src\utils\vtf2tga\Debug\"vtf2tga.map copy "D:\alyxStory\src\utils\vtf2tga\Debug\"vtf2tga.map ..\..\..\game\bin\.\vtf2tga.map >nul
         copy "D:\alyxStory\src\utils\vtf2tga\Debug\"vtf2tga.pdb ..\..\..\game\bin\.\vtf2tga.pdb >nul
         if ERRORLEVEL 1 goto BuildEventFailed
         goto BuildEventOK
         :BuildEventFailed
         echo *** ERROR! PostBuildStep FAILED for Vtf2tga! EXE or DLL is probably running. ***
         del /q "D:\alyxStory\src\utils\vtf2tga\Debug\"vtf2tga.exe
         exit 1
         :BuildEventOK
         
         :VCEnd
     1>Done Building Project "D:\alyxStory\src\utils\vtf2tga\vtf2tga.vcxproj" (Build target(s)).

Build succeeded.

Time Elapsed 00:00:07.33
