d:\alyxstory\src\utils\vrad\release\vc120.pdb
d:\alyxstory\src\utils\vrad\release\pointeroverride.obj
d:\alyxstory\src\utils\vrad\vrad_dll.vpc.sentinel
d:\alyxstory\src\utils\vrad\release\vrad_dll.dll
d:\alyxstory\src\utils\vrad\release\vrad_dll.pdb
d:\alyxstory\src\utils\vrad\release\vrad_dll.lib
d:\alyxstory\src\utils\vrad\release\vrad_dll.exp
d:\alyxstory\src\utils\vrad\release\bsplib.obj
d:\alyxstory\src\utils\vrad\release\bsptreedata.obj
d:\alyxstory\src\utils\vrad\release\builddisp.obj
d:\alyxstory\src\utils\vrad\release\chunkfile.obj
d:\alyxstory\src\utils\vrad\release\cmdlib.obj
d:\alyxstory\src\utils\vrad\release\collisionutils.obj
d:\alyxstory\src\utils\vrad\release\dispcoll_common.obj
d:\alyxstory\src\utils\vrad\release\disp_common.obj
d:\alyxstory\src\utils\vrad\release\disp_powerinfo.obj
d:\alyxstory\src\utils\vrad\release\disp_vrad.obj
d:\alyxstory\src\utils\vrad\release\filesystem_helpers.obj
d:\alyxstory\src\utils\vrad\release\imagepacker.obj
d:\alyxstory\src\utils\vrad\release\incremental.obj
d:\alyxstory\src\utils\vrad\release\leaf_ambient_lighting.obj
d:\alyxstory\src\utils\vrad\release\lightmap.obj
d:\alyxstory\src\utils\vrad\release\loadcmdline.obj
d:\alyxstory\src\utils\vrad\release\lumpfiles.obj
d:\alyxstory\src\utils\vrad\release\macro_texture.obj
d:\alyxstory\src\utils\vrad\release\map_shared.obj
d:\alyxstory\src\utils\vrad\release\memoverride.obj
d:\alyxstory\src\utils\vrad\release\mpivrad.obj
d:\alyxstory\src\utils\vrad\release\mpi_stats.obj
d:\alyxstory\src\utils\vrad\release\mysqldatabase.obj
d:\alyxstory\src\utils\vrad\release\pacifier.obj
d:\alyxstory\src\utils\vrad\release\physdll.obj
d:\alyxstory\src\utils\vrad\release\polylib.obj
d:\alyxstory\src\utils\vrad\release\radial.obj
d:\alyxstory\src\utils\vrad\release\samplehash.obj
d:\alyxstory\src\utils\vrad\release\scratchpad3d.obj
d:\alyxstory\src\utils\vrad\release\scratchpadutils.obj
d:\alyxstory\src\utils\vrad\release\scriplib.obj
d:\alyxstory\src\utils\vrad\release\threads.obj
d:\alyxstory\src\utils\vrad\release\tools_minidump.obj
d:\alyxstory\src\utils\vrad\release\trace.obj
d:\alyxstory\src\utils\vrad\release\utilmatlib.obj
d:\alyxstory\src\utils\vrad\release\vismat.obj
d:\alyxstory\src\utils\vrad\release\vmpi_tools_shared.obj
d:\alyxstory\src\utils\vrad\release\vrad.obj
d:\alyxstory\src\utils\vrad\release\vraddetailprops.obj
d:\alyxstory\src\utils\vrad\release\vraddisps.obj
d:\alyxstory\src\utils\vrad\release\vraddll.obj
d:\alyxstory\src\utils\vrad\release\vradstaticprops.obj
d:\alyxstory\src\utils\vrad\release\vrad_dispcoll.obj
d:\alyxstory\src\utils\vrad\release\zip_utils.obj
d:\alyxstory\src\utils\vrad\.\release\.\vrad_dll.dll
d:\alyxstory\src\utils\vrad\release\vrad_dll.tlog\cl.command.1.tlog
d:\alyxstory\src\utils\vrad\release\vrad_dll.tlog\cl.read.1.tlog
d:\alyxstory\src\utils\vrad\release\vrad_dll.tlog\cl.write.1.tlog
d:\alyxstory\src\utils\vrad\release\vrad_dll.tlog\custombuild.command.1.tlog
d:\alyxstory\src\utils\vrad\release\vrad_dll.tlog\custombuild.read.1.tlog
d:\alyxstory\src\utils\vrad\release\vrad_dll.tlog\custombuild.write.1.tlog
d:\alyxstory\src\utils\vrad\release\vrad_dll.tlog\link.command.1.tlog
d:\alyxstory\src\utils\vrad\release\vrad_dll.tlog\link.read.1.tlog
d:\alyxstory\src\utils\vrad\release\vrad_dll.tlog\link.write.1.tlog
d:\alyxstory\src\utils\vrad\release\vrad_dll.tlog\vrad_dll.write.1u.tlog
