d:\alyxstory\src\utils\vice\debug\memoverride.obj
d:\alyxstory\src\utils\vice\debug\filesystem_helpers.obj
d:\alyxstory\src\utils\vice\debug\filesystem_init.obj
d:\alyxstory\src\utils\vice\debug\filesystem_tools.obj
d:\alyxstory\src\utils\vice\debug\cmdlib.obj
d:\alyxstory\src\utils\vice\debug\vice.obj
d:\alyxstory\src\utils\vice\debug\vc120.pdb
d:\alyxstory\src\utils\vice\debug\pointeroverride.obj
d:\alyxstory\src\utils\vice\vice.vpc.sentinel
d:\alyxstory\src\utils\vice\debug\vice.ilk
d:\alyxstory\src\utils\vice\debug\vice.exe
d:\alyxstory\src\utils\vice\debug\vice.pdb
d:\alyxstory\src\utils\vice\debug\vice.lib
d:\alyxstory\src\utils\vice\debug\vice.exp
d:\alyxstory\src\utils\vice\debug\vc120.idb
d:\alyxstory\src\utils\vice\debug\vice.tlog\cl.command.1.tlog
d:\alyxstory\src\utils\vice\debug\vice.tlog\cl.read.1.tlog
d:\alyxstory\src\utils\vice\debug\vice.tlog\cl.write.1.tlog
d:\alyxstory\src\utils\vice\debug\vice.tlog\custombuild.command.1.tlog
d:\alyxstory\src\utils\vice\debug\vice.tlog\custombuild.read.1.tlog
d:\alyxstory\src\utils\vice\debug\vice.tlog\custombuild.write.1.tlog
d:\alyxstory\src\utils\vice\debug\vice.tlog\link.command.1.tlog
d:\alyxstory\src\utils\vice\debug\vice.tlog\link.read.1.tlog
d:\alyxstory\src\utils\vice\debug\vice.tlog\link.write.1.tlog
d:\alyxstory\src\utils\vice\debug\vice.tlog\vice.write.1u.tlog
