Build started 10/11/2016 01:16:46.
     1>Project "D:\alyxStory\src\utils\vrad_launcher\vrad_launcher.vcxproj" on node 9 (Build target(s)).
     1>PreBuildEvent:
         if EXIST ..\..\..\game\bin\.\vrad.exe for /f "delims=" %%A in ('attrib "..\..\..\game\bin\.\vrad.exe"') do set valveTmpIsReadOnly="%%A"
         set valveTmpIsReadOnlyLetter=%valveTmpIsReadOnly:~6,1%
         if "%valveTmpIsReadOnlyLetter%"=="R" del /q "D:\alyxStory\src\utils\vrad_launcher\Debug\"vrad.exe
         if exist "..\..\devtools\bin\vpc.exe" "..\..\devtools\bin\vpc.exe" -crc2 "vrad_launcher.vcxproj"
         if ERRORLEVEL 1 exit /b 1
         
         :VCEnd
       Link:
         D:\Program Files\Microsoft Visual Studio 12.0\VC\bin\link.exe /ERRORREPORT:PROMPT /OUT:".\Debug\.\\vrad.exe" /INCREMENTAL /NOLOGO shell32.lib user32.lib advapi32.lib gdi32.lib comdlg32.lib ole32.lib /NODEFAULTLIB:libc /NODEFAULTLIB:libcd /NODEFAULTLIB:libcmt /MANIFEST /MANIFESTUAC:"level='asInvoker' uiAccess='false'" /manifest:embed /DEBUG /PDB:".\Debug\.\/vrad.pdb" /SUBSYSTEM:CONSOLE,"5.01" /TLBID:1 /DYNAMICBASE:NO /NXCOMPAT /IMPLIB:".\Debug\.\vrad.lib" /MACHINE:X86 /SAFESEH:NO /NXCOMPAT /ignore:4221 .\Debug\.\\pointeroverride.obj
         .\Debug\.\/StdAfx.obj
         .\Debug\.\/vrad_launcher.obj
         ..\..\lib\public\tier0.lib
         ..\..\lib\public\tier1.lib
         ..\..\lib\public\vstdlib.lib
            Creating library .\Debug\.\vrad.lib and object .\Debug\.\vrad.exp
         vrad_launcher.vcxproj -> D:\alyxStory\src\utils\vrad_launcher\.\Debug\.\vrad.exe
       PostBuildEvent:
         copy "D:\alyxStory\src\utils\vrad_launcher\Debug\"vrad.exe ..\..\..\game\bin\.\vrad.exe >nul
         if ERRORLEVEL 1 goto BuildEventFailed
         if exist "D:\alyxStory\src\utils\vrad_launcher\Debug\"vrad.map copy "D:\alyxStory\src\utils\vrad_launcher\Debug\"vrad.map ..\..\..\game\bin\.\vrad.map >nul
         copy "D:\alyxStory\src\utils\vrad_launcher\Debug\"vrad.pdb ..\..\..\game\bin\.\vrad.pdb >nul
         if ERRORLEVEL 1 goto BuildEventFailed
         goto BuildEventOK
         :BuildEventFailed
         echo *** ERROR! PostBuildStep FAILED for Vrad_launcher! EXE or DLL is probably running. ***
         del /q "D:\alyxStory\src\utils\vrad_launcher\Debug\"vrad.exe
         exit 1
         :BuildEventOK
         
         :VCEnd
     1>Done Building Project "D:\alyxStory\src\utils\vrad_launcher\vrad_launcher.vcxproj" (Build target(s)).

Build succeeded.

Time Elapsed 00:00:07.40
