d:\alyxstory\src\utils\vrad_launcher\debug\vrad_launcher.pch
d:\alyxstory\src\utils\vrad_launcher\debug\vc120.pdb
d:\alyxstory\src\utils\vrad_launcher\debug\vc120.idb
d:\alyxstory\src\utils\vrad_launcher\debug\stdafx.obj
d:\alyxstory\src\utils\vrad_launcher\debug\vrad_launcher.obj
d:\alyxstory\src\utils\vrad_launcher\debug\pointeroverride.obj
d:\alyxstory\src\utils\vrad_launcher\vrad_launcher.vpc.sentinel
d:\alyxstory\src\utils\vrad_launcher\debug\vrad.ilk
d:\alyxstory\src\utils\vrad_launcher\debug\vrad.exe
d:\alyxstory\src\utils\vrad_launcher\debug\vrad.pdb
d:\alyxstory\src\utils\vrad_launcher\debug\vrad.lib
d:\alyxstory\src\utils\vrad_launcher\debug\vrad.exp
d:\alyxstory\src\utils\vrad_launcher\debug\vrad_launcher.tlog\cl.command.1.tlog
d:\alyxstory\src\utils\vrad_launcher\debug\vrad_launcher.tlog\cl.read.1.tlog
d:\alyxstory\src\utils\vrad_launcher\debug\vrad_launcher.tlog\cl.write.1.tlog
d:\alyxstory\src\utils\vrad_launcher\debug\vrad_launcher.tlog\custombuild.command.1.tlog
d:\alyxstory\src\utils\vrad_launcher\debug\vrad_launcher.tlog\custombuild.read.1.tlog
d:\alyxstory\src\utils\vrad_launcher\debug\vrad_launcher.tlog\custombuild.write.1.tlog
d:\alyxstory\src\utils\vrad_launcher\debug\vrad_launcher.tlog\link.command.1.tlog
d:\alyxstory\src\utils\vrad_launcher\debug\vrad_launcher.tlog\link.read.1.tlog
d:\alyxstory\src\utils\vrad_launcher\debug\vrad_launcher.tlog\link.write.1.tlog
d:\alyxstory\src\utils\vrad_launcher\debug\vrad_launcher.tlog\vrad_launcher.write.1u.tlog
