d:\alyxstory\src\utils\serverplugin_sample\release\serverplugin_empty.obj
d:\alyxstory\src\utils\serverplugin_sample\release\serverplugin_bot.obj
d:\alyxstory\src\utils\serverplugin_sample\release\memoverride.obj
d:\alyxstory\src\utils\serverplugin_sample\release\vc120.pdb
d:\alyxstory\src\utils\serverplugin_sample\release\pointeroverride.obj
d:\alyxstory\src\utils\serverplugin_sample\serverplugin_empty.vpc.sentinel
d:\alyxstory\src\utils\serverplugin_sample\release\serverplugin_empty.dll
d:\alyxstory\src\utils\serverplugin_sample\release\serverplugin_empty.pdb
d:\alyxstory\src\utils\serverplugin_sample\release\serverplugin_empty.lib
d:\alyxstory\src\utils\serverplugin_sample\release\serverplugin_empty.exp
d:\alyxstory\src\utils\serverplugin_sample\.\release\.\serverplugin_empty.dll
d:\alyxstory\src\utils\serverplugin_sample\release\serverpl.394b82b6.tlog\cl.command.1.tlog
d:\alyxstory\src\utils\serverplugin_sample\release\serverpl.394b82b6.tlog\cl.read.1.tlog
d:\alyxstory\src\utils\serverplugin_sample\release\serverpl.394b82b6.tlog\cl.write.1.tlog
d:\alyxstory\src\utils\serverplugin_sample\release\serverpl.394b82b6.tlog\custombuild.command.1.tlog
d:\alyxstory\src\utils\serverplugin_sample\release\serverpl.394b82b6.tlog\custombuild.read.1.tlog
d:\alyxstory\src\utils\serverplugin_sample\release\serverpl.394b82b6.tlog\custombuild.write.1.tlog
d:\alyxstory\src\utils\serverplugin_sample\release\serverpl.394b82b6.tlog\link.command.1.tlog
d:\alyxstory\src\utils\serverplugin_sample\release\serverpl.394b82b6.tlog\link.read.1.tlog
d:\alyxstory\src\utils\serverplugin_sample\release\serverpl.394b82b6.tlog\link.write.1.tlog
d:\alyxstory\src\utils\serverplugin_sample\release\serverpl.394b82b6.tlog\serverplugin_empty.write.1u.tlog
