d:\alyxstory\src\utils\height2normal\debug\vc120.pdb
d:\alyxstory\src\utils\height2normal\debug\vc120.idb
d:\alyxstory\src\utils\height2normal\debug\height2normal.obj
d:\alyxstory\src\utils\height2normal\debug\pointeroverride.obj
d:\alyxstory\src\utils\height2normal\height2normal.vpc.sentinel
d:\alyxstory\src\utils\height2normal\debug\height2normal.lib
d:\alyxstory\src\utils\height2normal\debug\height2normal.exp
d:\alyxstory\src\utils\height2normal\debug\height2normal.ilk
d:\alyxstory\src\utils\height2normal\debug\height2normal.exe
d:\alyxstory\src\utils\height2normal\debug\height2normal.pdb
d:\alyxstory\src\utils\height2normal\debug\height2normal.tlog\cl.command.1.tlog
d:\alyxstory\src\utils\height2normal\debug\height2normal.tlog\cl.read.1.tlog
d:\alyxstory\src\utils\height2normal\debug\height2normal.tlog\cl.write.1.tlog
d:\alyxstory\src\utils\height2normal\debug\height2normal.tlog\custombuild.command.1.tlog
d:\alyxstory\src\utils\height2normal\debug\height2normal.tlog\custombuild.read.1.tlog
d:\alyxstory\src\utils\height2normal\debug\height2normal.tlog\custombuild.write.1.tlog
d:\alyxstory\src\utils\height2normal\debug\height2normal.tlog\height2normal.write.1u.tlog
d:\alyxstory\src\utils\height2normal\debug\height2normal.tlog\link.command.1.tlog
d:\alyxstory\src\utils\height2normal\debug\height2normal.tlog\link.read.1.tlog
d:\alyxstory\src\utils\height2normal\debug\height2normal.tlog\link.write.1.tlog
