Build started 10/11/2016 01:16:25.
     1>Project "D:\alyxStory\src\utils\height2normal\height2normal.vcxproj" on node 9 (Build target(s)).
     1>PreBuildEvent:
         if EXIST ..\..\..\game\bin\.\height2normal.exe for /f "delims=" %%A in ('attrib "..\..\..\game\bin\.\height2normal.exe"') do set valveTmpIsReadOnly="%%A"
         set valveTmpIsReadOnlyLetter=%valveTmpIsReadOnly:~6,1%
         if "%valveTmpIsReadOnlyLetter%"=="R" del /q "D:\alyxStory\src\utils\height2normal\Debug\"height2normal.exe
         if exist "..\..\devtools\bin\vpc.exe" "..\..\devtools\bin\vpc.exe" -crc2 "height2normal.vcxproj"
         if ERRORLEVEL 1 exit /b 1
         
         :VCEnd
       Link:
         D:\Program Files\Microsoft Visual Studio 12.0\VC\bin\link.exe /ERRORREPORT:PROMPT /OUT:".\Debug\.\\height2normal.exe" /INCREMENTAL /NOLOGO shell32.lib user32.lib advapi32.lib gdi32.lib comdlg32.lib ole32.lib /NODEFAULTLIB:libc /NODEFAULTLIB:libcd /NODEFAULTLIB:libcmt /MANIFEST /MANIFESTUAC:"level='asInvoker' uiAccess='false'" /manifest:embed /DEBUG /PDB:".\Debug\.\/height2normal.pdb" /SUBSYSTEM:CONSOLE,"5.01" /TLBID:1 /DYNAMICBASE:NO /NXCOMPAT /IMPLIB:".\Debug\.\height2normal.lib" /MACHINE:X86 /SAFESEH:NO /NXCOMPAT /ignore:4221 .\Debug\.\\pointeroverride.obj
         .\Debug\.\/height2normal.obj
         ..\..\lib\public\bitmap.lib
         ..\..\lib\public\mathlib.lib
         ..\..\lib\public\tier0.lib
         ..\..\lib\public\tier1.lib
         ..\..\lib\public\tier2.lib
         ..\..\lib\public\vstdlib.lib
            Creating library .\Debug\.\height2normal.lib and object .\Debug\.\height2normal.exp
         height2normal.vcxproj -> D:\alyxStory\src\utils\height2normal\.\Debug\.\height2normal.exe
       PostBuildEvent:
         copy "D:\alyxStory\src\utils\height2normal\Debug\"height2normal.exe ..\..\..\game\bin\.\height2normal.exe >nul
         if ERRORLEVEL 1 goto BuildEventFailed
         if exist "D:\alyxStory\src\utils\height2normal\Debug\"height2normal.map copy "D:\alyxStory\src\utils\height2normal\Debug\"height2normal.map ..\..\..\game\bin\.\height2normal.map >nul
         copy "D:\alyxStory\src\utils\height2normal\Debug\"height2normal.pdb ..\..\..\game\bin\.\height2normal.pdb >nul
         if ERRORLEVEL 1 goto BuildEventFailed
         goto BuildEventOK
         :BuildEventFailed
         echo *** ERROR! PostBuildStep FAILED for Height2normal! EXE or DLL is probably running. ***
         del /q "D:\alyxStory\src\utils\height2normal\Debug\"height2normal.exe
         exit 1
         :BuildEventOK
         
         :VCEnd
     1>Done Building Project "D:\alyxStory\src\utils\height2normal\height2normal.vcxproj" (Build target(s)).

Build succeeded.

Time Elapsed 00:00:20.39
