d:\alyxstory\src\materialsystem\stdshaders\debug_dx9_mod_hl2\screenspace_general.obj
d:\alyxstory\src\materialsystem\stdshaders\debug_dx9_mod_hl2\basevsshader.obj
d:\alyxstory\src\materialsystem\stdshaders\debug_dx9_mod_hl2\example_model_dx9_helper.obj
d:\alyxstory\src\materialsystem\stdshaders\debug_dx9_mod_hl2\memoverride.obj
d:\alyxstory\src\materialsystem\stdshaders\debug_dx9_mod_hl2\bloom.obj
d:\alyxstory\src\materialsystem\stdshaders\debug_dx9_mod_hl2\example_model_dx9.obj
d:\alyxstory\src\materialsystem\stdshaders\debug_dx9_mod_hl2\vc120.pdb
d:\alyxstory\src\materialsystem\stdshaders\debug_dx9_mod_hl2\pointeroverride.obj
d:\alyxstory\src\materialsystem\stdshaders\game_shader_dx9_hl2.vpc.sentinel
d:\alyxstory\src\materialsystem\stdshaders\debug_dx9_mod_hl2\game_shader_dx9.ilk
d:\alyxstory\src\materialsystem\stdshaders\debug_dx9_mod_hl2\game_shader_dx9.dll
d:\alyxstory\src\materialsystem\stdshaders\debug_dx9_mod_hl2\game_shader_dx9.pdb
d:\alyxstory\src\materialsystem\stdshaders\debug_dx9_mod_hl2\game_shader_dx9.lib
d:\alyxstory\src\materialsystem\stdshaders\debug_dx9_mod_hl2\game_shader_dx9.exp
d:\alyxstory\src\materialsystem\stdshaders\debug_dx9_mod_hl2\vc120.idb
d:\alyxstory\src\materialsystem\stdshaders\debug_dx9_mod_hl2\shaders (hl2).tlog\cl.command.1.tlog
d:\alyxstory\src\materialsystem\stdshaders\debug_dx9_mod_hl2\shaders (hl2).tlog\cl.read.1.tlog
d:\alyxstory\src\materialsystem\stdshaders\debug_dx9_mod_hl2\shaders (hl2).tlog\cl.write.1.tlog
d:\alyxstory\src\materialsystem\stdshaders\debug_dx9_mod_hl2\shaders (hl2).tlog\custombuild.command.1.tlog
d:\alyxstory\src\materialsystem\stdshaders\debug_dx9_mod_hl2\shaders (hl2).tlog\custombuild.read.1.tlog
d:\alyxstory\src\materialsystem\stdshaders\debug_dx9_mod_hl2\shaders (hl2).tlog\custombuild.write.1.tlog
d:\alyxstory\src\materialsystem\stdshaders\debug_dx9_mod_hl2\shaders (hl2).tlog\link.command.1.tlog
d:\alyxstory\src\materialsystem\stdshaders\debug_dx9_mod_hl2\shaders (hl2).tlog\link.read.1.tlog
d:\alyxstory\src\materialsystem\stdshaders\debug_dx9_mod_hl2\shaders (hl2).tlog\link.write.1.tlog
d:\alyxstory\src\materialsystem\stdshaders\debug_dx9_mod_hl2\shaders (hl2).tlog\shaders (hl2).write.1u.tlog
