Build started 10/11/2016 01:16:24.
     1>Project "D:\alyxStory\src\materialsystem\stdshaders\game_shader_dx9_hl2.vcxproj" on node 4 (Build target(s)).
     1>PreBuildEvent:
         if EXIST ..\..\..\game\mod_hl2\bin\.\game_shader_dx9.dll for /f "delims=" %%A in ('attrib "..\..\..\game\mod_hl2\bin\.\game_shader_dx9.dll"') do set valveTmpIsReadOnly="%%A"
         set valveTmpIsReadOnlyLetter=%valveTmpIsReadOnly:~6,1%
         if "%valveTmpIsReadOnlyLetter%"=="R" del /q "D:\alyxStory\src\materialsystem\stdshaders\Debug_dx9_mod_hl2\"game_shader_dx9.dll
         if exist "..\..\devtools\bin\vpc.exe" "..\..\devtools\bin\vpc.exe" -crc2 "game_shader_dx9_hl2.vcxproj"
         if ERRORLEVEL 1 exit /b 1
         
         :VCEnd
       Link:
         D:\Program Files\Microsoft Visual Studio 12.0\VC\bin\link.exe /ERRORREPORT:PROMPT /OUT:"Debug_dx9_mod_hl2\\game_shader_dx9.dll" /INCREMENTAL /NOLOGO /LIBPATH:..\..\lib\common\. /LIBPATH:..\..\lib\public\. shell32.lib user32.lib advapi32.lib gdi32.lib comdlg32.lib ole32.lib version.lib winmm.lib /NODEFAULTLIB:libc /NODEFAULTLIB:libcd /NODEFAULTLIB:libcmt /MANIFEST:NO /DEBUG /PDB:"Debug_dx9_mod_hl2\/game_shader_dx9.pdb" /SUBSYSTEM:WINDOWS,"5.01" /TLBID:1 /DYNAMICBASE:NO /NXCOMPAT /IMPLIB:"Debug_dx9_mod_hl2\game_shader_dx9.lib" /MACHINE:X86 /SAFESEH:NO  /ignore:4221 /DLL Debug_dx9_mod_hl2\\pointeroverride.obj
         Debug_dx9_mod_hl2\/BaseVSShader.obj
         Debug_dx9_mod_hl2\/Bloom.obj
         Debug_dx9_mod_hl2\/example_model_dx9.obj
         Debug_dx9_mod_hl2\/example_model_dx9_helper.obj
         Debug_dx9_mod_hl2\/memoverride.obj
         Debug_dx9_mod_hl2\/screenspace_general.obj
         ..\..\lib\public\mathlib.lib
         ..\..\lib\public\shaderlib.lib
         ..\..\lib\public\tier0.lib
         ..\..\lib\public\tier1.lib
         ..\..\lib\public\vstdlib.lib
            Creating library Debug_dx9_mod_hl2\game_shader_dx9.lib and object Debug_dx9_mod_hl2\game_shader_dx9.exp
         game_shader_dx9_hl2.vcxproj -> D:\alyxStory\src\materialsystem\stdshaders\Debug_dx9_mod_hl2\game_shader_dx9.dll
       PostBuildEvent:
         if not exist "..\..\..\game\mod_hl2\bin\." mkdir "..\..\..\game\mod_hl2\bin\."
         copy "D:\alyxStory\src\materialsystem\stdshaders\Debug_dx9_mod_hl2\game_shader_dx9.dll" "..\..\..\game\mod_hl2\bin\.\game_shader_dx9.dll"
         if ERRORLEVEL 1 goto BuildEventFailed
         if exist "D:\alyxStory\src\materialsystem\stdshaders\Debug_dx9_mod_hl2\game_shader_dx9.map" copy "D:\alyxStory\src\materialsystem\stdshaders\Debug_dx9_mod_hl2\game_shader_dx9.map" ..\..\..\game\mod_hl2\bin\.\game_shader_dx9.map
         copy "D:\alyxStory\src\materialsystem\stdshaders\Debug_dx9_mod_hl2\game_shader_dx9.pdb" ..\..\..\game\mod_hl2\bin\.\game_shader_dx9.pdb
         if ERRORLEVEL 1 goto BuildEventFailed
         goto BuildEventOK
         :BuildEventFailed
         echo *** ERROR! PostBuildStep FAILED for Shaders (HL2)! EXE or DLL is probably running. ***
         del /q "D:\alyxStory\src\materialsystem\stdshaders\Debug_dx9_mod_hl2\game_shader_dx9.dll"
         exit 1
         :BuildEventOK
         
         :VCEnd
                 1 file(s) copied.
                 1 file(s) copied.
     1>Done Building Project "D:\alyxStory\src\materialsystem\stdshaders\game_shader_dx9_hl2.vcxproj" (Build target(s)).

Build succeeded.

Time Elapsed 00:00:13.77
