d:\alyxstory\src\utils\tgadiff\debug\memoverride.obj
d:\alyxstory\src\utils\tgadiff\debug\tgadiff.obj
d:\alyxstory\src\utils\tgadiff\debug\vc120.pdb
d:\alyxstory\src\utils\tgadiff\debug\pointeroverride.obj
d:\alyxstory\src\utils\tgadiff\tgadiff.vpc.sentinel
d:\alyxstory\src\utils\tgadiff\debug\tgadiff.ilk
d:\alyxstory\src\utils\tgadiff\debug\tgadiff.exe
d:\alyxstory\src\utils\tgadiff\debug\tgadiff.pdb
d:\alyxstory\src\utils\tgadiff\debug\tgadiff.lib
d:\alyxstory\src\utils\tgadiff\debug\tgadiff.exp
d:\alyxstory\src\utils\tgadiff\debug\vc120.idb
d:\alyxstory\src\utils\tgadiff\debug\tgadiff.tlog\cl.command.1.tlog
d:\alyxstory\src\utils\tgadiff\debug\tgadiff.tlog\cl.read.1.tlog
d:\alyxstory\src\utils\tgadiff\debug\tgadiff.tlog\cl.write.1.tlog
d:\alyxstory\src\utils\tgadiff\debug\tgadiff.tlog\custombuild.command.1.tlog
d:\alyxstory\src\utils\tgadiff\debug\tgadiff.tlog\custombuild.read.1.tlog
d:\alyxstory\src\utils\tgadiff\debug\tgadiff.tlog\custombuild.write.1.tlog
d:\alyxstory\src\utils\tgadiff\debug\tgadiff.tlog\link.command.1.tlog
d:\alyxstory\src\utils\tgadiff\debug\tgadiff.tlog\link.read.1.tlog
d:\alyxstory\src\utils\tgadiff\debug\tgadiff.tlog\link.write.1.tlog
d:\alyxstory\src\utils\tgadiff\debug\tgadiff.tlog\tgadiff.write.1u.tlog
