d:\alyxstory\src\utils\captioncompiler\debug\captioncompiler.lib
d:\alyxstory\src\utils\captioncompiler\debug\captioncompiler.exp
d:\alyxstory\src\utils\captioncompiler\debug\stringregistry.obj
d:\alyxstory\src\utils\captioncompiler\debug\memoverride.obj
d:\alyxstory\src\utils\captioncompiler\debug\filesystem_helpers.obj
d:\alyxstory\src\utils\captioncompiler\debug\compiledcaptionswap.obj
d:\alyxstory\src\utils\captioncompiler\debug\pacifier.obj
d:\alyxstory\src\utils\captioncompiler\debug\filesystem_tools.obj
d:\alyxstory\src\utils\captioncompiler\debug\filesystem_init.obj
d:\alyxstory\src\utils\captioncompiler\debug\captioncompiler.obj
d:\alyxstory\src\utils\captioncompiler\debug\scriplib.obj
d:\alyxstory\src\utils\captioncompiler\debug\cmdlib.obj
d:\alyxstory\src\utils\captioncompiler\debug\vc120.pdb
d:\alyxstory\src\utils\captioncompiler\debug\pointeroverride.obj
d:\alyxstory\src\utils\captioncompiler\captioncompiler.vpc.sentinel
d:\alyxstory\src\utils\captioncompiler\debug\captioncompiler.ilk
d:\alyxstory\src\utils\captioncompiler\debug\captioncompiler.exe
d:\alyxstory\src\utils\captioncompiler\debug\captioncompiler.pdb
d:\alyxstory\src\utils\captioncompiler\debug\vc120.idb
d:\alyxstory\src\utils\captioncompiler\debug\captioncompiler.tlog\captioncompiler.write.1u.tlog
d:\alyxstory\src\utils\captioncompiler\debug\captioncompiler.tlog\cl.command.1.tlog
d:\alyxstory\src\utils\captioncompiler\debug\captioncompiler.tlog\cl.read.1.tlog
d:\alyxstory\src\utils\captioncompiler\debug\captioncompiler.tlog\cl.write.1.tlog
d:\alyxstory\src\utils\captioncompiler\debug\captioncompiler.tlog\custombuild.command.1.tlog
d:\alyxstory\src\utils\captioncompiler\debug\captioncompiler.tlog\custombuild.read.1.tlog
d:\alyxstory\src\utils\captioncompiler\debug\captioncompiler.tlog\custombuild.write.1.tlog
d:\alyxstory\src\utils\captioncompiler\debug\captioncompiler.tlog\link.command.1.tlog
d:\alyxstory\src\utils\captioncompiler\debug\captioncompiler.tlog\link.read.1.tlog
d:\alyxstory\src\utils\captioncompiler\debug\captioncompiler.tlog\link.write.1.tlog
