d:\alyxstory\src\utils\vtf2tga\release\memoverride.obj
d:\alyxstory\src\utils\vtf2tga\release\vtf2tga.obj
d:\alyxstory\src\utils\vtf2tga\release\vc120.pdb
d:\alyxstory\src\utils\vtf2tga\release\pointeroverride.obj
d:\alyxstory\src\utils\vtf2tga\vtf2tga.vpc.sentinel
d:\alyxstory\src\utils\vtf2tga\release\vtf2tga.exe
d:\alyxstory\src\utils\vtf2tga\release\vtf2tga.pdb
d:\alyxstory\src\utils\vtf2tga\release\vtf2tga.lib
d:\alyxstory\src\utils\vtf2tga\release\vtf2tga.exp
d:\alyxstory\src\utils\vtf2tga\.\release\.\vtf2tga.exe
d:\alyxstory\src\utils\vtf2tga\release\vtf2tga.tlog\cl.command.1.tlog
d:\alyxstory\src\utils\vtf2tga\release\vtf2tga.tlog\cl.read.1.tlog
d:\alyxstory\src\utils\vtf2tga\release\vtf2tga.tlog\cl.write.1.tlog
d:\alyxstory\src\utils\vtf2tga\release\vtf2tga.tlog\custombuild.command.1.tlog
d:\alyxstory\src\utils\vtf2tga\release\vtf2tga.tlog\custombuild.read.1.tlog
d:\alyxstory\src\utils\vtf2tga\release\vtf2tga.tlog\custombuild.write.1.tlog
d:\alyxstory\src\utils\vtf2tga\release\vtf2tga.tlog\link.command.1.tlog
d:\alyxstory\src\utils\vtf2tga\release\vtf2tga.tlog\link.read.1.tlog
d:\alyxstory\src\utils\vtf2tga\release\vtf2tga.tlog\link.write.1.tlog
d:\alyxstory\src\utils\vtf2tga\release\vtf2tga.tlog\vtf2tga.write.1u.tlog
