d:\alyxstory\src\utils\motionmapper\release\filesystem_tools.obj
d:\alyxstory\src\utils\motionmapper\release\cmdlib.obj
d:\alyxstory\src\utils\motionmapper\release\motionmapper.obj
d:\alyxstory\src\utils\motionmapper\release\memoverride.obj
d:\alyxstory\src\utils\motionmapper\release\filesystem_init.obj
d:\alyxstory\src\utils\motionmapper\release\scriplib.obj
d:\alyxstory\src\utils\motionmapper\release\filesystem_helpers.obj
d:\alyxstory\src\utils\motionmapper\release\vc120.pdb
d:\alyxstory\src\utils\motionmapper\release\pointeroverride.obj
d:\alyxstory\src\utils\motionmapper\motionmapper.vpc.sentinel
d:\alyxstory\src\utils\motionmapper\release\motionmapper.exe
d:\alyxstory\src\utils\motionmapper\release\motionmapper.pdb
d:\alyxstory\src\utils\motionmapper\release\motionmapper.lib
d:\alyxstory\src\utils\motionmapper\release\motionmapper.exp
d:\alyxstory\src\utils\motionmapper\.\release\.\motionmapper.exe
d:\alyxstory\src\utils\motionmapper\release\motionmapper.tlog\cl.command.1.tlog
d:\alyxstory\src\utils\motionmapper\release\motionmapper.tlog\cl.read.1.tlog
d:\alyxstory\src\utils\motionmapper\release\motionmapper.tlog\cl.write.1.tlog
d:\alyxstory\src\utils\motionmapper\release\motionmapper.tlog\custombuild.command.1.tlog
d:\alyxstory\src\utils\motionmapper\release\motionmapper.tlog\custombuild.read.1.tlog
d:\alyxstory\src\utils\motionmapper\release\motionmapper.tlog\custombuild.write.1.tlog
d:\alyxstory\src\utils\motionmapper\release\motionmapper.tlog\link.command.1.tlog
d:\alyxstory\src\utils\motionmapper\release\motionmapper.tlog\link.read.1.tlog
d:\alyxstory\src\utils\motionmapper\release\motionmapper.tlog\link.write.1.tlog
d:\alyxstory\src\utils\motionmapper\release\motionmapper.tlog\motionmapper.write.1u.tlog
