d:\alyxstory\src\utils\vbsp\release\detailobjects.obj
d:\alyxstory\src\utils\vbsp\release\lumpfiles.obj
d:\alyxstory\src\utils\vbsp\release\nodraw.obj
d:\alyxstory\src\utils\vbsp\release\staticprop.obj
d:\alyxstory\src\utils\vbsp\release\cmdlib.obj
d:\alyxstory\src\utils\vbsp\release\tools_minidump.obj
d:\alyxstory\src\utils\vbsp\release\collisionutils.obj
d:\alyxstory\src\utils\vbsp\release\disp_powerinfo.obj
d:\alyxstory\src\utils\vbsp\release\glfile.obj
d:\alyxstory\src\utils\vbsp\release\materialpatch.obj
d:\alyxstory\src\utils\vbsp\release\portals.obj
d:\alyxstory\src\utils\vbsp\release\zip_utils.obj
d:\alyxstory\src\utils\vbsp\release\filesystem_tools.obj
d:\alyxstory\src\utils\vbsp\release\disp_common.obj
d:\alyxstory\src\utils\vbsp\release\disp_ivp.obj
d:\alyxstory\src\utils\vbsp\release\map.obj
d:\alyxstory\src\utils\vbsp\release\textures.obj
d:\alyxstory\src\utils\vbsp\release\chunkfile.obj
d:\alyxstory\src\utils\vbsp\release\pacifier.obj
d:\alyxstory\src\utils\vbsp\release\threads.obj
d:\alyxstory\src\utils\vbsp\release\cubemap.obj
d:\alyxstory\src\utils\vbsp\release\loadcmdline.obj
d:\alyxstory\src\utils\vbsp\release\manifest.obj
d:\alyxstory\src\utils\vbsp\release\scratchpad_helpers.obj
d:\alyxstory\src\utils\vbsp\release\vbsp.obj
d:\alyxstory\src\utils\vbsp\release\filesystem_init.obj
d:\alyxstory\src\utils\vbsp\release\brushbsp.obj
d:\alyxstory\src\utils\vbsp\release\ivp.obj
d:\alyxstory\src\utils\vbsp\release\normals.obj
d:\alyxstory\src\utils\vbsp\release\tree.obj
d:\alyxstory\src\utils\vbsp\release\builddisp.obj
d:\alyxstory\src\utils\vbsp\release\map_shared.obj
d:\alyxstory\src\utils\vbsp\release\detail.obj
d:\alyxstory\src\utils\vbsp\release\leakfile.obj
d:\alyxstory\src\utils\vbsp\release\materialsub.obj
d:\alyxstory\src\utils\vbsp\release\prtfile.obj
d:\alyxstory\src\utils\vbsp\release\writebsp.obj
d:\alyxstory\src\utils\vbsp\release\polylib.obj
d:\alyxstory\src\utils\vbsp\release\csg.obj
d:\alyxstory\src\utils\vbsp\release\disp_vbsp.obj
d:\alyxstory\src\utils\vbsp\release\mstristrip.obj
d:\alyxstory\src\utils\vbsp\release\physdll.obj
d:\alyxstory\src\utils\vbsp\release\scratchpad3d.obj
d:\alyxstory\src\utils\vbsp\release\worldvertextransitionfixup.obj
d:\alyxstory\src\utils\vbsp\release\filesystem_helpers.obj
d:\alyxstory\src\utils\vbsp\release\scriplib.obj
d:\alyxstory\src\utils\vbsp\release\boundbox.obj
d:\alyxstory\src\utils\vbsp\release\faces.obj
d:\alyxstory\src\utils\vbsp\release\memoverride.obj
d:\alyxstory\src\utils\vbsp\release\overlay.obj
d:\alyxstory\src\utils\vbsp\release\utilmatlib.obj
d:\alyxstory\src\utils\vbsp\release\bsplib.obj
d:\alyxstory\src\utils\vbsp\release\vc120.pdb
d:\alyxstory\src\utils\vbsp\release\pointeroverride.obj
d:\alyxstory\src\utils\vbsp\vbsp.vpc.sentinel
d:\alyxstory\src\utils\vbsp\release\vbsp.lib
d:\alyxstory\src\utils\vbsp\release\vbsp.exp
d:\alyxstory\src\utils\vbsp\release\vbsp.pdb
d:\alyxstory\src\utils\vbsp\release\vbsp.tlog\cl.command.1.tlog
d:\alyxstory\src\utils\vbsp\release\vbsp.tlog\cl.read.1.tlog
d:\alyxstory\src\utils\vbsp\release\vbsp.tlog\cl.write.1.tlog
d:\alyxstory\src\utils\vbsp\release\vbsp.tlog\custombuild.command.1.tlog
d:\alyxstory\src\utils\vbsp\release\vbsp.tlog\custombuild.read.1.tlog
d:\alyxstory\src\utils\vbsp\release\vbsp.tlog\custombuild.write.1.tlog
d:\alyxstory\src\utils\vbsp\release\vbsp.tlog\link-cvtres.read.1.tlog
d:\alyxstory\src\utils\vbsp\release\vbsp.tlog\link-cvtres.write.1.tlog
d:\alyxstory\src\utils\vbsp\release\vbsp.tlog\link-rc.read.1.tlog
d:\alyxstory\src\utils\vbsp\release\vbsp.tlog\link-rc.write.1.tlog
d:\alyxstory\src\utils\vbsp\release\vbsp.tlog\link.command.1.tlog
d:\alyxstory\src\utils\vbsp\release\vbsp.tlog\link.read.1.tlog
d:\alyxstory\src\utils\vbsp\release\vbsp.tlog\link.write.1.tlog
d:\alyxstory\src\utils\vbsp\release\vbsp.tlog\vbsp.write.1u.tlog
